CRITICAL - 2021-02-27 00:44:32 --> Undefined index: file
#0 C:\xampp\htdocs\korlantas\app\Views\admin\bank soal\edit.php(65): CodeIgniter\Debug\Exceptions->errorHandler(8, 'Undefined index...', 'C:\\xampp\\htdocs...', 65, Array)
#1 C:\xampp\htdocs\korlantas\vendor\codeigniter4\framework\system\View\View.php(246): include('C:\\xampp\\htdocs...')
#2 C:\xampp\htdocs\korlantas\vendor\codeigniter4\framework\system\Common.php(1119): CodeIgniter\View\View->render('admin/bank soal...', Array, true)
#3 C:\xampp\htdocs\korlantas\app\Views\admin\_partials\content.php(5): view('admin/bank soal...')
#4 C:\xampp\htdocs\korlantas\app\Views\admin\_partials\wrapper.php(10): require_once('C:\\xampp\\htdocs...')
#5 C:\xampp\htdocs\korlantas\vendor\codeigniter4\framework\system\View\View.php(246): include('C:\\xampp\\htdocs...')
#6 C:\xampp\htdocs\korlantas\vendor\codeigniter4\framework\system\Common.php(1119): CodeIgniter\View\View->render('admin/_partials...', Array, true)
#7 C:\xampp\htdocs\korlantas\app\Controllers\Bank_soal.php(96): view('admin/_partials...', Array)
#8 C:\xampp\htdocs\korlantas\vendor\codeigniter4\framework\system\CodeIgniter.php(918): App\Controllers\Bank_soal->edit('1')
#9 C:\xampp\htdocs\korlantas\vendor\codeigniter4\framework\system\CodeIgniter.php(404): CodeIgniter\CodeIgniter->runController(Object(App\Controllers\Bank_soal))
#10 C:\xampp\htdocs\korlantas\vendor\codeigniter4\framework\system\CodeIgniter.php(312): CodeIgniter\CodeIgniter->handleRequest(NULL, Object(Config\Cache), false)
#11 C:\xampp\htdocs\korlantas\public\index.php(45): CodeIgniter\CodeIgniter->run()
#12 C:\xampp\htdocs\korlantas\vendor\codeigniter4\framework\system\Commands\Server\rewrite.php(34): require_once('C:\\xampp\\htdocs...')
#13 {main}
CRITICAL - 2021-02-27 00:49:45 --> Undefined index: file
#0 C:\xampp\htdocs\korlantas\app\Views\admin\bank soal\edit.php(65): CodeIgniter\Debug\Exceptions->errorHandler(8, 'Undefined index...', 'C:\\xampp\\htdocs...', 65, Array)
#1 C:\xampp\htdocs\korlantas\vendor\codeigniter4\framework\system\View\View.php(246): include('C:\\xampp\\htdocs...')
#2 C:\xampp\htdocs\korlantas\vendor\codeigniter4\framework\system\Common.php(1119): CodeIgniter\View\View->render('admin/bank soal...', Array, true)
#3 C:\xampp\htdocs\korlantas\app\Views\admin\_partials\content.php(5): view('admin/bank soal...')
#4 C:\xampp\htdocs\korlantas\app\Views\admin\_partials\wrapper.php(10): require_once('C:\\xampp\\htdocs...')
#5 C:\xampp\htdocs\korlantas\vendor\codeigniter4\framework\system\View\View.php(246): include('C:\\xampp\\htdocs...')
#6 C:\xampp\htdocs\korlantas\vendor\codeigniter4\framework\system\Common.php(1119): CodeIgniter\View\View->render('admin/_partials...', Array, true)
#7 C:\xampp\htdocs\korlantas\app\Controllers\Bank_soal.php(96): view('admin/_partials...', Array)
#8 C:\xampp\htdocs\korlantas\vendor\codeigniter4\framework\system\CodeIgniter.php(918): App\Controllers\Bank_soal->edit('29')
#9 C:\xampp\htdocs\korlantas\vendor\codeigniter4\framework\system\CodeIgniter.php(404): CodeIgniter\CodeIgniter->runController(Object(App\Controllers\Bank_soal))
#10 C:\xampp\htdocs\korlantas\vendor\codeigniter4\framework\system\CodeIgniter.php(312): CodeIgniter\CodeIgniter->handleRequest(NULL, Object(Config\Cache), false)
#11 C:\xampp\htdocs\korlantas\public\index.php(45): CodeIgniter\CodeIgniter->run()
#12 C:\xampp\htdocs\korlantas\vendor\codeigniter4\framework\system\Commands\Server\rewrite.php(34): require_once('C:\\xampp\\htdocs...')
#13 {main}
CRITICAL - 2021-02-27 01:05:19 --> Trying to get property 'name' of non-object
#0 C:\xampp\htdocs\korlantas\app\Views\admin\_partials\navbar.php(177): CodeIgniter\Debug\Exceptions->errorHandler(8, 'Trying to get p...', 'C:\\xampp\\htdocs...', 177, Array)
#1 C:\xampp\htdocs\korlantas\app\Views\admin\_partials\wrapper.php(9): require_once('C:\\xampp\\htdocs...')
#2 C:\xampp\htdocs\korlantas\vendor\codeigniter4\framework\system\View\View.php(246): include('C:\\xampp\\htdocs...')
#3 C:\xampp\htdocs\korlantas\vendor\codeigniter4\framework\system\Common.php(1119): CodeIgniter\View\View->render('admin/_partials...', Array, true)
#4 C:\xampp\htdocs\korlantas\app\Controllers\Home.php(15): view('admin/_partials...', Array)
#5 C:\xampp\htdocs\korlantas\vendor\codeigniter4\framework\system\CodeIgniter.php(918): App\Controllers\Home->index()
#6 C:\xampp\htdocs\korlantas\vendor\codeigniter4\framework\system\CodeIgniter.php(404): CodeIgniter\CodeIgniter->runController(Object(App\Controllers\Home))
#7 C:\xampp\htdocs\korlantas\vendor\codeigniter4\framework\system\CodeIgniter.php(312): CodeIgniter\CodeIgniter->handleRequest(NULL, Object(Config\Cache), false)
#8 C:\xampp\htdocs\korlantas\public\index.php(45): CodeIgniter\CodeIgniter->run()
#9 C:\xampp\htdocs\korlantas\vendor\codeigniter4\framework\system\Commands\Server\rewrite.php(34): require_once('C:\\xampp\\htdocs...')
#10 {main}
CRITICAL - 2021-02-27 01:05:54 --> Trying to get property 'name' of non-object
#0 C:\xampp\htdocs\korlantas\app\Views\admin\_partials\navbar.php(177): CodeIgniter\Debug\Exceptions->errorHandler(8, 'Trying to get p...', 'C:\\xampp\\htdocs...', 177, Array)
#1 C:\xampp\htdocs\korlantas\app\Views\admin\_partials\wrapper.php(9): require_once('C:\\xampp\\htdocs...')
#2 C:\xampp\htdocs\korlantas\vendor\codeigniter4\framework\system\View\View.php(246): include('C:\\xampp\\htdocs...')
#3 C:\xampp\htdocs\korlantas\vendor\codeigniter4\framework\system\Common.php(1119): CodeIgniter\View\View->render('admin/_partials...', Array, true)
#4 C:\xampp\htdocs\korlantas\app\Controllers\Home.php(15): view('admin/_partials...', Array)
#5 C:\xampp\htdocs\korlantas\vendor\codeigniter4\framework\system\CodeIgniter.php(918): App\Controllers\Home->index()
#6 C:\xampp\htdocs\korlantas\vendor\codeigniter4\framework\system\CodeIgniter.php(404): CodeIgniter\CodeIgniter->runController(Object(App\Controllers\Home))
#7 C:\xampp\htdocs\korlantas\vendor\codeigniter4\framework\system\CodeIgniter.php(312): CodeIgniter\CodeIgniter->handleRequest(NULL, Object(Config\Cache), false)
#8 C:\xampp\htdocs\korlantas\public\index.php(45): CodeIgniter\CodeIgniter->run()
#9 C:\xampp\htdocs\korlantas\vendor\codeigniter4\framework\system\Commands\Server\rewrite.php(34): require_once('C:\\xampp\\htdocs...')
#10 {main}
CRITICAL - 2021-02-27 01:06:53 --> Trying to get property 'name' of non-object
#0 C:\xampp\htdocs\korlantas\app\Views\admin\_partials\navbar.php(177): CodeIgniter\Debug\Exceptions->errorHandler(8, 'Trying to get p...', 'C:\\xampp\\htdocs...', 177, Array)
#1 C:\xampp\htdocs\korlantas\app\Views\admin\_partials\wrapper.php(9): require_once('C:\\xampp\\htdocs...')
#2 C:\xampp\htdocs\korlantas\vendor\codeigniter4\framework\system\View\View.php(246): include('C:\\xampp\\htdocs...')
#3 C:\xampp\htdocs\korlantas\vendor\codeigniter4\framework\system\Common.php(1119): CodeIgniter\View\View->render('admin/_partials...', Array, true)
#4 C:\xampp\htdocs\korlantas\app\Controllers\Home.php(15): view('admin/_partials...', Array)
#5 C:\xampp\htdocs\korlantas\vendor\codeigniter4\framework\system\CodeIgniter.php(918): App\Controllers\Home->index()
#6 C:\xampp\htdocs\korlantas\vendor\codeigniter4\framework\system\CodeIgniter.php(404): CodeIgniter\CodeIgniter->runController(Object(App\Controllers\Home))
#7 C:\xampp\htdocs\korlantas\vendor\codeigniter4\framework\system\CodeIgniter.php(312): CodeIgniter\CodeIgniter->handleRequest(NULL, Object(Config\Cache), false)
#8 C:\xampp\htdocs\korlantas\public\index.php(45): CodeIgniter\CodeIgniter->run()
#9 C:\xampp\htdocs\korlantas\vendor\codeigniter4\framework\system\Commands\Server\rewrite.php(34): require_once('C:\\xampp\\htdocs...')
#10 {main}
CRITICAL - 2021-02-27 01:07:39 --> Trying to get property 'name' of non-object
#0 C:\xampp\htdocs\korlantas\app\Views\admin\_partials\navbar.php(177): CodeIgniter\Debug\Exceptions->errorHandler(8, 'Trying to get p...', 'C:\\xampp\\htdocs...', 177, Array)
#1 C:\xampp\htdocs\korlantas\app\Views\admin\_partials\wrapper.php(9): require_once('C:\\xampp\\htdocs...')
#2 C:\xampp\htdocs\korlantas\vendor\codeigniter4\framework\system\View\View.php(246): include('C:\\xampp\\htdocs...')
#3 C:\xampp\htdocs\korlantas\vendor\codeigniter4\framework\system\Common.php(1119): CodeIgniter\View\View->render('admin/_partials...', Array, true)
#4 C:\xampp\htdocs\korlantas\app\Controllers\Home.php(15): view('admin/_partials...', Array)
#5 C:\xampp\htdocs\korlantas\vendor\codeigniter4\framework\system\CodeIgniter.php(918): App\Controllers\Home->index()
#6 C:\xampp\htdocs\korlantas\vendor\codeigniter4\framework\system\CodeIgniter.php(404): CodeIgniter\CodeIgniter->runController(Object(App\Controllers\Home))
#7 C:\xampp\htdocs\korlantas\vendor\codeigniter4\framework\system\CodeIgniter.php(312): CodeIgniter\CodeIgniter->handleRequest(NULL, Object(Config\Cache), false)
#8 C:\xampp\htdocs\korlantas\public\index.php(45): CodeIgniter\CodeIgniter->run()
#9 C:\xampp\htdocs\korlantas\vendor\codeigniter4\framework\system\Commands\Server\rewrite.php(34): require_once('C:\\xampp\\htdocs...')
#10 {main}
CRITICAL - 2021-02-27 01:07:56 --> Trying to get property 'name' of non-object
#0 C:\xampp\htdocs\korlantas\app\Views\admin\_partials\navbar.php(177): CodeIgniter\Debug\Exceptions->errorHandler(8, 'Trying to get p...', 'C:\\xampp\\htdocs...', 177, Array)
#1 C:\xampp\htdocs\korlantas\app\Views\admin\_partials\wrapper.php(9): require_once('C:\\xampp\\htdocs...')
#2 C:\xampp\htdocs\korlantas\vendor\codeigniter4\framework\system\View\View.php(246): include('C:\\xampp\\htdocs...')
#3 C:\xampp\htdocs\korlantas\vendor\codeigniter4\framework\system\Common.php(1119): CodeIgniter\View\View->render('admin/_partials...', Array, true)
#4 C:\xampp\htdocs\korlantas\app\Controllers\Home.php(15): view('admin/_partials...', Array)
#5 C:\xampp\htdocs\korlantas\vendor\codeigniter4\framework\system\CodeIgniter.php(918): App\Controllers\Home->index()
#6 C:\xampp\htdocs\korlantas\vendor\codeigniter4\framework\system\CodeIgniter.php(404): CodeIgniter\CodeIgniter->runController(Object(App\Controllers\Home))
#7 C:\xampp\htdocs\korlantas\vendor\codeigniter4\framework\system\CodeIgniter.php(312): CodeIgniter\CodeIgniter->handleRequest(NULL, Object(Config\Cache), false)
#8 C:\xampp\htdocs\korlantas\public\index.php(45): CodeIgniter\CodeIgniter->run()
#9 C:\xampp\htdocs\korlantas\vendor\codeigniter4\framework\system\Commands\Server\rewrite.php(34): require_once('C:\\xampp\\htdocs...')
#10 {main}
CRITICAL - 2021-02-27 01:08:05 --> Trying to get property 'name' of non-object
#0 C:\xampp\htdocs\korlantas\app\Views\admin\_partials\navbar.php(177): CodeIgniter\Debug\Exceptions->errorHandler(8, 'Trying to get p...', 'C:\\xampp\\htdocs...', 177, Array)
#1 C:\xampp\htdocs\korlantas\app\Views\admin\_partials\wrapper.php(9): require_once('C:\\xampp\\htdocs...')
#2 C:\xampp\htdocs\korlantas\vendor\codeigniter4\framework\system\View\View.php(246): include('C:\\xampp\\htdocs...')
#3 C:\xampp\htdocs\korlantas\vendor\codeigniter4\framework\system\Common.php(1119): CodeIgniter\View\View->render('admin/_partials...', Array, true)
#4 C:\xampp\htdocs\korlantas\app\Controllers\Home.php(15): view('admin/_partials...', Array)
#5 C:\xampp\htdocs\korlantas\vendor\codeigniter4\framework\system\CodeIgniter.php(918): App\Controllers\Home->index()
#6 C:\xampp\htdocs\korlantas\vendor\codeigniter4\framework\system\CodeIgniter.php(404): CodeIgniter\CodeIgniter->runController(Object(App\Controllers\Home))
#7 C:\xampp\htdocs\korlantas\vendor\codeigniter4\framework\system\CodeIgniter.php(312): CodeIgniter\CodeIgniter->handleRequest(NULL, Object(Config\Cache), false)
#8 C:\xampp\htdocs\korlantas\public\index.php(45): CodeIgniter\CodeIgniter->run()
#9 C:\xampp\htdocs\korlantas\vendor\codeigniter4\framework\system\Commands\Server\rewrite.php(34): require_once('C:\\xampp\\htdocs...')
#10 {main}
CRITICAL - 2021-02-27 01:08:06 --> Trying to get property 'name' of non-object
#0 C:\xampp\htdocs\korlantas\app\Views\admin\_partials\navbar.php(177): CodeIgniter\Debug\Exceptions->errorHandler(8, 'Trying to get p...', 'C:\\xampp\\htdocs...', 177, Array)
#1 C:\xampp\htdocs\korlantas\app\Views\admin\_partials\wrapper.php(9): require_once('C:\\xampp\\htdocs...')
#2 C:\xampp\htdocs\korlantas\vendor\codeigniter4\framework\system\View\View.php(246): include('C:\\xampp\\htdocs...')
#3 C:\xampp\htdocs\korlantas\vendor\codeigniter4\framework\system\Common.php(1119): CodeIgniter\View\View->render('admin/_partials...', Array, true)
#4 C:\xampp\htdocs\korlantas\app\Controllers\Home.php(15): view('admin/_partials...', Array)
#5 C:\xampp\htdocs\korlantas\vendor\codeigniter4\framework\system\CodeIgniter.php(918): App\Controllers\Home->index()
#6 C:\xampp\htdocs\korlantas\vendor\codeigniter4\framework\system\CodeIgniter.php(404): CodeIgniter\CodeIgniter->runController(Object(App\Controllers\Home))
#7 C:\xampp\htdocs\korlantas\vendor\codeigniter4\framework\system\CodeIgniter.php(312): CodeIgniter\CodeIgniter->handleRequest(NULL, Object(Config\Cache), false)
#8 C:\xampp\htdocs\korlantas\public\index.php(45): CodeIgniter\CodeIgniter->run()
#9 C:\xampp\htdocs\korlantas\vendor\codeigniter4\framework\system\Commands\Server\rewrite.php(34): require_once('C:\\xampp\\htdocs...')
#10 {main}
CRITICAL - 2021-02-27 01:08:12 --> Trying to get property 'name' of non-object
#0 C:\xampp\htdocs\korlantas\app\Views\admin\_partials\navbar.php(177): CodeIgniter\Debug\Exceptions->errorHandler(8, 'Trying to get p...', 'C:\\xampp\\htdocs...', 177, Array)
#1 C:\xampp\htdocs\korlantas\app\Views\admin\_partials\wrapper.php(9): require_once('C:\\xampp\\htdocs...')
#2 C:\xampp\htdocs\korlantas\vendor\codeigniter4\framework\system\View\View.php(246): include('C:\\xampp\\htdocs...')
#3 C:\xampp\htdocs\korlantas\vendor\codeigniter4\framework\system\Common.php(1119): CodeIgniter\View\View->render('admin/_partials...', Array, true)
#4 C:\xampp\htdocs\korlantas\app\Controllers\Home.php(15): view('admin/_partials...', Array)
#5 C:\xampp\htdocs\korlantas\vendor\codeigniter4\framework\system\CodeIgniter.php(918): App\Controllers\Home->index()
#6 C:\xampp\htdocs\korlantas\vendor\codeigniter4\framework\system\CodeIgniter.php(404): CodeIgniter\CodeIgniter->runController(Object(App\Controllers\Home))
#7 C:\xampp\htdocs\korlantas\vendor\codeigniter4\framework\system\CodeIgniter.php(312): CodeIgniter\CodeIgniter->handleRequest(NULL, Object(Config\Cache), false)
#8 C:\xampp\htdocs\korlantas\public\index.php(45): CodeIgniter\CodeIgniter->run()
#9 C:\xampp\htdocs\korlantas\vendor\codeigniter4\framework\system\Commands\Server\rewrite.php(34): require_once('C:\\xampp\\htdocs...')
#10 {main}
CRITICAL - 2021-02-27 01:08:19 --> Trying to get property 'name' of non-object
#0 C:\xampp\htdocs\korlantas\app\Views\admin\_partials\navbar.php(177): CodeIgniter\Debug\Exceptions->errorHandler(8, 'Trying to get p...', 'C:\\xampp\\htdocs...', 177, Array)
#1 C:\xampp\htdocs\korlantas\app\Views\admin\_partials\wrapper.php(9): require_once('C:\\xampp\\htdocs...')
#2 C:\xampp\htdocs\korlantas\vendor\codeigniter4\framework\system\View\View.php(246): include('C:\\xampp\\htdocs...')
#3 C:\xampp\htdocs\korlantas\vendor\codeigniter4\framework\system\Common.php(1119): CodeIgniter\View\View->render('admin/_partials...', Array, true)
#4 C:\xampp\htdocs\korlantas\app\Controllers\Home.php(15): view('admin/_partials...', Array)
#5 C:\xampp\htdocs\korlantas\vendor\codeigniter4\framework\system\CodeIgniter.php(918): App\Controllers\Home->index()
#6 C:\xampp\htdocs\korlantas\vendor\codeigniter4\framework\system\CodeIgniter.php(404): CodeIgniter\CodeIgniter->runController(Object(App\Controllers\Home))
#7 C:\xampp\htdocs\korlantas\vendor\codeigniter4\framework\system\CodeIgniter.php(312): CodeIgniter\CodeIgniter->handleRequest(NULL, Object(Config\Cache), false)
#8 C:\xampp\htdocs\korlantas\public\index.php(45): CodeIgniter\CodeIgniter->run()
#9 C:\xampp\htdocs\korlantas\vendor\codeigniter4\framework\system\Commands\Server\rewrite.php(34): require_once('C:\\xampp\\htdocs...')
#10 {main}
CRITICAL - 2021-02-27 01:08:33 --> Trying to get property 'name' of non-object
#0 C:\xampp\htdocs\korlantas\app\Views\admin\_partials\navbar.php(177): CodeIgniter\Debug\Exceptions->errorHandler(8, 'Trying to get p...', 'C:\\xampp\\htdocs...', 177, Array)
#1 C:\xampp\htdocs\korlantas\app\Views\admin\_partials\wrapper.php(9): require_once('C:\\xampp\\htdocs...')
#2 C:\xampp\htdocs\korlantas\vendor\codeigniter4\framework\system\View\View.php(246): include('C:\\xampp\\htdocs...')
#3 C:\xampp\htdocs\korlantas\vendor\codeigniter4\framework\system\Common.php(1119): CodeIgniter\View\View->render('admin/_partials...', Array, true)
#4 C:\xampp\htdocs\korlantas\app\Controllers\Home.php(15): view('admin/_partials...', Array)
#5 C:\xampp\htdocs\korlantas\vendor\codeigniter4\framework\system\CodeIgniter.php(918): App\Controllers\Home->index()
#6 C:\xampp\htdocs\korlantas\vendor\codeigniter4\framework\system\CodeIgniter.php(404): CodeIgniter\CodeIgniter->runController(Object(App\Controllers\Home))
#7 C:\xampp\htdocs\korlantas\vendor\codeigniter4\framework\system\CodeIgniter.php(312): CodeIgniter\CodeIgniter->handleRequest(NULL, Object(Config\Cache), false)
#8 C:\xampp\htdocs\korlantas\public\index.php(45): CodeIgniter\CodeIgniter->run()
#9 C:\xampp\htdocs\korlantas\vendor\codeigniter4\framework\system\Commands\Server\rewrite.php(34): require_once('C:\\xampp\\htdocs...')
#10 {main}
CRITICAL - 2021-02-27 01:08:59 --> Trying to get property 'id' of non-object
#0 C:\xampp\htdocs\korlantas\app\Views\welcome_message.php(25): CodeIgniter\Debug\Exceptions->errorHandler(8, 'Trying to get p...', 'C:\\xampp\\htdocs...', 25, Array)
#1 C:\xampp\htdocs\korlantas\vendor\codeigniter4\framework\system\View\View.php(246): include('C:\\xampp\\htdocs...')
#2 C:\xampp\htdocs\korlantas\vendor\codeigniter4\framework\system\Common.php(1119): CodeIgniter\View\View->render('welcome_message', Array, true)
#3 C:\xampp\htdocs\korlantas\app\Views\admin\_partials\content.php(5): view('welcome_message')
#4 C:\xampp\htdocs\korlantas\app\Views\admin\_partials\wrapper.php(10): require_once('C:\\xampp\\htdocs...')
#5 C:\xampp\htdocs\korlantas\vendor\codeigniter4\framework\system\View\View.php(246): include('C:\\xampp\\htdocs...')
#6 C:\xampp\htdocs\korlantas\vendor\codeigniter4\framework\system\Common.php(1119): CodeIgniter\View\View->render('admin/_partials...', Array, true)
#7 C:\xampp\htdocs\korlantas\app\Controllers\Home.php(15): view('admin/_partials...', Array)
#8 C:\xampp\htdocs\korlantas\vendor\codeigniter4\framework\system\CodeIgniter.php(918): App\Controllers\Home->index()
#9 C:\xampp\htdocs\korlantas\vendor\codeigniter4\framework\system\CodeIgniter.php(404): CodeIgniter\CodeIgniter->runController(Object(App\Controllers\Home))
#10 C:\xampp\htdocs\korlantas\vendor\codeigniter4\framework\system\CodeIgniter.php(312): CodeIgniter\CodeIgniter->handleRequest(NULL, Object(Config\Cache), false)
#11 C:\xampp\htdocs\korlantas\public\index.php(45): CodeIgniter\CodeIgniter->run()
#12 C:\xampp\htdocs\korlantas\vendor\codeigniter4\framework\system\Commands\Server\rewrite.php(34): require_once('C:\\xampp\\htdocs...')
#13 {main}
CRITICAL - 2021-02-27 01:25:13 --> Trying to get property 'id' of non-object
#0 C:\xampp\htdocs\korlantas\app\ThirdParty\myth-auth\src\Models\UserModel.php(87): CodeIgniter\Debug\Exceptions->errorHandler(8, 'Trying to get p...', 'C:\\xampp\\htdocs...', 87, Array)
#1 C:\xampp\htdocs\korlantas\app\ThirdParty\myth-auth\src\Controllers\AuthController.php(195): Myth\Auth\Models\UserModel->withGroup('peserta')
#2 C:\xampp\htdocs\korlantas\vendor\codeigniter4\framework\system\CodeIgniter.php(918): Myth\Auth\Controllers\AuthController->attemptRegister()
#3 C:\xampp\htdocs\korlantas\vendor\codeigniter4\framework\system\CodeIgniter.php(404): CodeIgniter\CodeIgniter->runController(Object(Myth\Auth\Controllers\AuthController))
#4 C:\xampp\htdocs\korlantas\vendor\codeigniter4\framework\system\CodeIgniter.php(312): CodeIgniter\CodeIgniter->handleRequest(NULL, Object(Config\Cache), false)
#5 C:\xampp\htdocs\korlantas\public\index.php(45): CodeIgniter\CodeIgniter->run()
#6 C:\xampp\htdocs\korlantas\vendor\codeigniter4\framework\system\Commands\Server\rewrite.php(34): require_once('C:\\xampp\\htdocs...')
#7 {main}
CRITICAL - 2021-02-27 02:11:32 --> Undefined index: name_group
#0 C:\xampp\htdocs\korlantas\app\Views\admin\user\role.php(36): CodeIgniter\Debug\Exceptions->errorHandler(8, 'Undefined index...', 'C:\\xampp\\htdocs...', 36, Array)
#1 C:\xampp\htdocs\korlantas\vendor\codeigniter4\framework\system\View\View.php(246): include('C:\\xampp\\htdocs...')
#2 C:\xampp\htdocs\korlantas\vendor\codeigniter4\framework\system\Common.php(1119): CodeIgniter\View\View->render('admin/user/role', Array, true)
#3 C:\xampp\htdocs\korlantas\app\Views\admin\_partials\content.php(5): view('admin/user/role')
#4 C:\xampp\htdocs\korlantas\app\Views\admin\_partials\wrapper.php(10): require_once('C:\\xampp\\htdocs...')
#5 C:\xampp\htdocs\korlantas\vendor\codeigniter4\framework\system\View\View.php(246): include('C:\\xampp\\htdocs...')
#6 C:\xampp\htdocs\korlantas\vendor\codeigniter4\framework\system\Common.php(1119): CodeIgniter\View\View->render('admin/_partials...', Array, true)
#7 C:\xampp\htdocs\korlantas\app\Controllers\Role.php(16): view('admin/_partials...', Array)
#8 C:\xampp\htdocs\korlantas\vendor\codeigniter4\framework\system\CodeIgniter.php(918): App\Controllers\Role->index()
#9 C:\xampp\htdocs\korlantas\vendor\codeigniter4\framework\system\CodeIgniter.php(404): CodeIgniter\CodeIgniter->runController(Object(App\Controllers\Role))
#10 C:\xampp\htdocs\korlantas\vendor\codeigniter4\framework\system\CodeIgniter.php(312): CodeIgniter\CodeIgniter->handleRequest(NULL, Object(Config\Cache), false)
#11 C:\xampp\htdocs\korlantas\public\index.php(45): CodeIgniter\CodeIgniter->run()
#12 C:\xampp\htdocs\korlantas\vendor\codeigniter4\framework\system\Commands\Server\rewrite.php(34): require_once('C:\\xampp\\htdocs...')
#13 {main}
CRITICAL - 2021-02-27 02:34:51 --> Undefined variable: banksoal
#0 C:\xampp\htdocs\korlantas\app\Views\admin\bank soal\edit.php(46): CodeIgniter\Debug\Exceptions->errorHandler(8, 'Undefined varia...', 'C:\\xampp\\htdocs...', 46, Array)
#1 C:\xampp\htdocs\korlantas\vendor\codeigniter4\framework\system\View\View.php(246): include('C:\\xampp\\htdocs...')
#2 C:\xampp\htdocs\korlantas\vendor\codeigniter4\framework\system\Common.php(1119): CodeIgniter\View\View->render('admin/bank soal...', Array, true)
#3 C:\xampp\htdocs\korlantas\app\Views\admin\_partials\content.php(5): view('admin/bank soal...')
#4 C:\xampp\htdocs\korlantas\app\Views\admin\_partials\wrapper.php(10): require_once('C:\\xampp\\htdocs...')
#5 C:\xampp\htdocs\korlantas\vendor\codeigniter4\framework\system\View\View.php(246): include('C:\\xampp\\htdocs...')
#6 C:\xampp\htdocs\korlantas\vendor\codeigniter4\framework\system\Common.php(1119): CodeIgniter\View\View->render('admin/_partials...', Array, true)
#7 C:\xampp\htdocs\korlantas\app\Controllers\Bank_soal.php(96): view('admin/_partials...', Array)
#8 C:\xampp\htdocs\korlantas\vendor\codeigniter4\framework\system\CodeIgniter.php(918): App\Controllers\Bank_soal->edit('1')
#9 C:\xampp\htdocs\korlantas\vendor\codeigniter4\framework\system\CodeIgniter.php(404): CodeIgniter\CodeIgniter->runController(Object(App\Controllers\Bank_soal))
#10 C:\xampp\htdocs\korlantas\vendor\codeigniter4\framework\system\CodeIgniter.php(312): CodeIgniter\CodeIgniter->handleRequest(NULL, Object(Config\Cache), false)
#11 C:\xampp\htdocs\korlantas\public\index.php(45): CodeIgniter\CodeIgniter->run()
#12 C:\xampp\htdocs\korlantas\vendor\codeigniter4\framework\system\Commands\Server\rewrite.php(34): require_once('C:\\xampp\\htdocs...')
#13 {main}
CRITICAL - 2021-02-27 02:34:51 --> Undefined variable: banksoal
#0 C:\xampp\htdocs\korlantas\app\Views\admin\bank soal\edit.php(46): CodeIgniter\Debug\Exceptions->errorHandler(8, 'Undefined varia...', 'C:\\xampp\\htdocs...', 46, Array)
#1 C:\xampp\htdocs\korlantas\vendor\codeigniter4\framework\system\View\View.php(246): include('C:\\xampp\\htdocs...')
#2 C:\xampp\htdocs\korlantas\vendor\codeigniter4\framework\system\Common.php(1119): CodeIgniter\View\View->render('admin/bank soal...', Array, true)
#3 C:\xampp\htdocs\korlantas\app\Views\admin\_partials\content.php(5): view('admin/bank soal...')
#4 C:\xampp\htdocs\korlantas\app\Views\admin\_partials\wrapper.php(10): require_once('C:\\xampp\\htdocs...')
#5 C:\xampp\htdocs\korlantas\vendor\codeigniter4\framework\system\View\View.php(246): include('C:\\xampp\\htdocs...')
#6 C:\xampp\htdocs\korlantas\vendor\codeigniter4\framework\system\Common.php(1119): CodeIgniter\View\View->render('admin/_partials...', Array, true)
#7 C:\xampp\htdocs\korlantas\app\Controllers\Bank_soal.php(96): view('admin/_partials...', Array)
#8 C:\xampp\htdocs\korlantas\vendor\codeigniter4\framework\system\CodeIgniter.php(918): App\Controllers\Bank_soal->edit('img', 'korlantas.png')
#9 C:\xampp\htdocs\korlantas\vendor\codeigniter4\framework\system\CodeIgniter.php(404): CodeIgniter\CodeIgniter->runController(Object(App\Controllers\Bank_soal))
#10 C:\xampp\htdocs\korlantas\vendor\codeigniter4\framework\system\CodeIgniter.php(312): CodeIgniter\CodeIgniter->handleRequest(NULL, Object(Config\Cache), false)
#11 C:\xampp\htdocs\korlantas\public\index.php(45): CodeIgniter\CodeIgniter->run()
#12 C:\xampp\htdocs\korlantas\vendor\codeigniter4\framework\system\Commands\Server\rewrite.php(34): require_once('C:\\xampp\\htdocs...')
#13 {main}
CRITICAL - 2021-02-27 02:34:51 --> Undefined variable: banksoal
#0 C:\xampp\htdocs\korlantas\app\Views\admin\bank soal\edit.php(46): CodeIgniter\Debug\Exceptions->errorHandler(8, 'Undefined varia...', 'C:\\xampp\\htdocs...', 46, Array)
#1 C:\xampp\htdocs\korlantas\vendor\codeigniter4\framework\system\View\View.php(246): include('C:\\xampp\\htdocs...')
#2 C:\xampp\htdocs\korlantas\vendor\codeigniter4\framework\system\Common.php(1119): CodeIgniter\View\View->render('admin/bank soal...', Array, true)
#3 C:\xampp\htdocs\korlantas\app\Views\admin\_partials\content.php(5): view('admin/bank soal...')
#4 C:\xampp\htdocs\korlantas\app\Views\admin\_partials\wrapper.php(10): require_once('C:\\xampp\\htdocs...')
#5 C:\xampp\htdocs\korlantas\vendor\codeigniter4\framework\system\View\View.php(246): include('C:\\xampp\\htdocs...')
#6 C:\xampp\htdocs\korlantas\vendor\codeigniter4\framework\system\Common.php(1119): CodeIgniter\View\View->render('admin/_partials...', Array, true)
#7 C:\xampp\htdocs\korlantas\app\Controllers\Bank_soal.php(96): view('admin/_partials...', Array)
#8 C:\xampp\htdocs\korlantas\vendor\codeigniter4\framework\system\CodeIgniter.php(918): App\Controllers\Bank_soal->edit('img', 'undraw_profile....')
#9 C:\xampp\htdocs\korlantas\vendor\codeigniter4\framework\system\CodeIgniter.php(404): CodeIgniter\CodeIgniter->runController(Object(App\Controllers\Bank_soal))
#10 C:\xampp\htdocs\korlantas\vendor\codeigniter4\framework\system\CodeIgniter.php(312): CodeIgniter\CodeIgniter->handleRequest(NULL, Object(Config\Cache), false)
#11 C:\xampp\htdocs\korlantas\public\index.php(45): CodeIgniter\CodeIgniter->run()
#12 C:\xampp\htdocs\korlantas\vendor\codeigniter4\framework\system\Commands\Server\rewrite.php(34): require_once('C:\\xampp\\htdocs...')
#13 {main}
CRITICAL - 2021-02-27 02:36:07 --> Undefined index: file
#0 C:\xampp\htdocs\korlantas\app\Views\admin\bank soal\edit.php(65): CodeIgniter\Debug\Exceptions->errorHandler(8, 'Undefined index...', 'C:\\xampp\\htdocs...', 65, Array)
#1 C:\xampp\htdocs\korlantas\vendor\codeigniter4\framework\system\View\View.php(246): include('C:\\xampp\\htdocs...')
#2 C:\xampp\htdocs\korlantas\vendor\codeigniter4\framework\system\Common.php(1119): CodeIgniter\View\View->render('admin/bank soal...', Array, true)
#3 C:\xampp\htdocs\korlantas\app\Views\admin\_partials\content.php(5): view('admin/bank soal...')
#4 C:\xampp\htdocs\korlantas\app\Views\admin\_partials\wrapper.php(10): require_once('C:\\xampp\\htdocs...')
#5 C:\xampp\htdocs\korlantas\vendor\codeigniter4\framework\system\View\View.php(246): include('C:\\xampp\\htdocs...')
#6 C:\xampp\htdocs\korlantas\vendor\codeigniter4\framework\system\Common.php(1119): CodeIgniter\View\View->render('admin/_partials...', Array, true)
#7 C:\xampp\htdocs\korlantas\app\Controllers\Bank_soal.php(96): view('admin/_partials...', Array)
#8 C:\xampp\htdocs\korlantas\vendor\codeigniter4\framework\system\CodeIgniter.php(918): App\Controllers\Bank_soal->edit('1')
#9 C:\xampp\htdocs\korlantas\vendor\codeigniter4\framework\system\CodeIgniter.php(404): CodeIgniter\CodeIgniter->runController(Object(App\Controllers\Bank_soal))
#10 C:\xampp\htdocs\korlantas\vendor\codeigniter4\framework\system\CodeIgniter.php(312): CodeIgniter\CodeIgniter->handleRequest(NULL, Object(Config\Cache), false)
#11 C:\xampp\htdocs\korlantas\public\index.php(45): CodeIgniter\CodeIgniter->run()
#12 C:\xampp\htdocs\korlantas\vendor\codeigniter4\framework\system\Commands\Server\rewrite.php(34): require_once('C:\\xampp\\htdocs...')
#13 {main}
CRITICAL - 2021-02-27 02:36:18 --> Undefined index: file
#0 C:\xampp\htdocs\korlantas\app\Views\admin\bank soal\edit.php(65): CodeIgniter\Debug\Exceptions->errorHandler(8, 'Undefined index...', 'C:\\xampp\\htdocs...', 65, Array)
#1 C:\xampp\htdocs\korlantas\vendor\codeigniter4\framework\system\View\View.php(246): include('C:\\xampp\\htdocs...')
#2 C:\xampp\htdocs\korlantas\vendor\codeigniter4\framework\system\Common.php(1119): CodeIgniter\View\View->render('admin/bank soal...', Array, true)
#3 C:\xampp\htdocs\korlantas\app\Views\admin\_partials\content.php(5): view('admin/bank soal...')
#4 C:\xampp\htdocs\korlantas\app\Views\admin\_partials\wrapper.php(10): require_once('C:\\xampp\\htdocs...')
#5 C:\xampp\htdocs\korlantas\vendor\codeigniter4\framework\system\View\View.php(246): include('C:\\xampp\\htdocs...')
#6 C:\xampp\htdocs\korlantas\vendor\codeigniter4\framework\system\Common.php(1119): CodeIgniter\View\View->render('admin/_partials...', Array, true)
#7 C:\xampp\htdocs\korlantas\app\Controllers\Bank_soal.php(96): view('admin/_partials...', Array)
#8 C:\xampp\htdocs\korlantas\vendor\codeigniter4\framework\system\CodeIgniter.php(918): App\Controllers\Bank_soal->edit('1')
#9 C:\xampp\htdocs\korlantas\vendor\codeigniter4\framework\system\CodeIgniter.php(404): CodeIgniter\CodeIgniter->runController(Object(App\Controllers\Bank_soal))
#10 C:\xampp\htdocs\korlantas\vendor\codeigniter4\framework\system\CodeIgniter.php(312): CodeIgniter\CodeIgniter->handleRequest(NULL, Object(Config\Cache), false)
#11 C:\xampp\htdocs\korlantas\public\index.php(45): CodeIgniter\CodeIgniter->run()
#12 C:\xampp\htdocs\korlantas\vendor\codeigniter4\framework\system\Commands\Server\rewrite.php(34): require_once('C:\\xampp\\htdocs...')
#13 {main}
CRITICAL - 2021-02-27 02:36:52 --> Undefined variable: banksoal
#0 C:\xampp\htdocs\korlantas\app\Views\admin\bank soal\edit.php(46): CodeIgniter\Debug\Exceptions->errorHandler(8, 'Undefined varia...', 'C:\\xampp\\htdocs...', 46, Array)
#1 C:\xampp\htdocs\korlantas\vendor\codeigniter4\framework\system\View\View.php(246): include('C:\\xampp\\htdocs...')
#2 C:\xampp\htdocs\korlantas\vendor\codeigniter4\framework\system\Common.php(1119): CodeIgniter\View\View->render('admin/bank soal...', Array, true)
#3 C:\xampp\htdocs\korlantas\app\Views\admin\_partials\content.php(5): view('admin/bank soal...')
#4 C:\xampp\htdocs\korlantas\app\Views\admin\_partials\wrapper.php(10): require_once('C:\\xampp\\htdocs...')
#5 C:\xampp\htdocs\korlantas\vendor\codeigniter4\framework\system\View\View.php(246): include('C:\\xampp\\htdocs...')
#6 C:\xampp\htdocs\korlantas\vendor\codeigniter4\framework\system\Common.php(1119): CodeIgniter\View\View->render('admin/_partials...', Array, true)
#7 C:\xampp\htdocs\korlantas\app\Controllers\Bank_soal.php(96): view('admin/_partials...', Array)
#8 C:\xampp\htdocs\korlantas\vendor\codeigniter4\framework\system\CodeIgniter.php(918): App\Controllers\Bank_soal->edit('1')
#9 C:\xampp\htdocs\korlantas\vendor\codeigniter4\framework\system\CodeIgniter.php(404): CodeIgniter\CodeIgniter->runController(Object(App\Controllers\Bank_soal))
#10 C:\xampp\htdocs\korlantas\vendor\codeigniter4\framework\system\CodeIgniter.php(312): CodeIgniter\CodeIgniter->handleRequest(NULL, Object(Config\Cache), false)
#11 C:\xampp\htdocs\korlantas\public\index.php(45): CodeIgniter\CodeIgniter->run()
#12 C:\xampp\htdocs\korlantas\vendor\codeigniter4\framework\system\Commands\Server\rewrite.php(34): require_once('C:\\xampp\\htdocs...')
#13 {main}
CRITICAL - 2021-02-27 02:36:52 --> Undefined variable: banksoal
#0 C:\xampp\htdocs\korlantas\app\Views\admin\bank soal\edit.php(46): CodeIgniter\Debug\Exceptions->errorHandler(8, 'Undefined varia...', 'C:\\xampp\\htdocs...', 46, Array)
#1 C:\xampp\htdocs\korlantas\vendor\codeigniter4\framework\system\View\View.php(246): include('C:\\xampp\\htdocs...')
#2 C:\xampp\htdocs\korlantas\vendor\codeigniter4\framework\system\Common.php(1119): CodeIgniter\View\View->render('admin/bank soal...', Array, true)
#3 C:\xampp\htdocs\korlantas\app\Views\admin\_partials\content.php(5): view('admin/bank soal...')
#4 C:\xampp\htdocs\korlantas\app\Views\admin\_partials\wrapper.php(10): require_once('C:\\xampp\\htdocs...')
#5 C:\xampp\htdocs\korlantas\vendor\codeigniter4\framework\system\View\View.php(246): include('C:\\xampp\\htdocs...')
#6 C:\xampp\htdocs\korlantas\vendor\codeigniter4\framework\system\Common.php(1119): CodeIgniter\View\View->render('admin/_partials...', Array, true)
#7 C:\xampp\htdocs\korlantas\app\Controllers\Bank_soal.php(96): view('admin/_partials...', Array)
#8 C:\xampp\htdocs\korlantas\vendor\codeigniter4\framework\system\CodeIgniter.php(918): App\Controllers\Bank_soal->edit('img', 'korlantas.png')
#9 C:\xampp\htdocs\korlantas\vendor\codeigniter4\framework\system\CodeIgniter.php(404): CodeIgniter\CodeIgniter->runController(Object(App\Controllers\Bank_soal))
#10 C:\xampp\htdocs\korlantas\vendor\codeigniter4\framework\system\CodeIgniter.php(312): CodeIgniter\CodeIgniter->handleRequest(NULL, Object(Config\Cache), false)
#11 C:\xampp\htdocs\korlantas\public\index.php(45): CodeIgniter\CodeIgniter->run()
#12 C:\xampp\htdocs\korlantas\vendor\codeigniter4\framework\system\Commands\Server\rewrite.php(34): require_once('C:\\xampp\\htdocs...')
#13 {main}
CRITICAL - 2021-02-27 02:36:53 --> Undefined variable: banksoal
#0 C:\xampp\htdocs\korlantas\app\Views\admin\bank soal\edit.php(46): CodeIgniter\Debug\Exceptions->errorHandler(8, 'Undefined varia...', 'C:\\xampp\\htdocs...', 46, Array)
#1 C:\xampp\htdocs\korlantas\vendor\codeigniter4\framework\system\View\View.php(246): include('C:\\xampp\\htdocs...')
#2 C:\xampp\htdocs\korlantas\vendor\codeigniter4\framework\system\Common.php(1119): CodeIgniter\View\View->render('admin/bank soal...', Array, true)
#3 C:\xampp\htdocs\korlantas\app\Views\admin\_partials\content.php(5): view('admin/bank soal...')
#4 C:\xampp\htdocs\korlantas\app\Views\admin\_partials\wrapper.php(10): require_once('C:\\xampp\\htdocs...')
#5 C:\xampp\htdocs\korlantas\vendor\codeigniter4\framework\system\View\View.php(246): include('C:\\xampp\\htdocs...')
#6 C:\xampp\htdocs\korlantas\vendor\codeigniter4\framework\system\Common.php(1119): CodeIgniter\View\View->render('admin/_partials...', Array, true)
#7 C:\xampp\htdocs\korlantas\app\Controllers\Bank_soal.php(96): view('admin/_partials...', Array)
#8 C:\xampp\htdocs\korlantas\vendor\codeigniter4\framework\system\CodeIgniter.php(918): App\Controllers\Bank_soal->edit('img', 'undraw_profile....')
#9 C:\xampp\htdocs\korlantas\vendor\codeigniter4\framework\system\CodeIgniter.php(404): CodeIgniter\CodeIgniter->runController(Object(App\Controllers\Bank_soal))
#10 C:\xampp\htdocs\korlantas\vendor\codeigniter4\framework\system\CodeIgniter.php(312): CodeIgniter\CodeIgniter->handleRequest(NULL, Object(Config\Cache), false)
#11 C:\xampp\htdocs\korlantas\public\index.php(45): CodeIgniter\CodeIgniter->run()
#12 C:\xampp\htdocs\korlantas\vendor\codeigniter4\framework\system\Commands\Server\rewrite.php(34): require_once('C:\\xampp\\htdocs...')
#13 {main}
CRITICAL - 2021-02-27 02:37:46 --> Undefined variable: banksoal
#0 C:\xampp\htdocs\korlantas\app\Views\admin\bank soal\edit.php(46): CodeIgniter\Debug\Exceptions->errorHandler(8, 'Undefined varia...', 'C:\\xampp\\htdocs...', 46, Array)
#1 C:\xampp\htdocs\korlantas\vendor\codeigniter4\framework\system\View\View.php(246): include('C:\\xampp\\htdocs...')
#2 C:\xampp\htdocs\korlantas\vendor\codeigniter4\framework\system\Common.php(1119): CodeIgniter\View\View->render('admin/bank soal...', Array, true)
#3 C:\xampp\htdocs\korlantas\app\Views\admin\_partials\content.php(5): view('admin/bank soal...')
#4 C:\xampp\htdocs\korlantas\app\Views\admin\_partials\wrapper.php(10): require_once('C:\\xampp\\htdocs...')
#5 C:\xampp\htdocs\korlantas\vendor\codeigniter4\framework\system\View\View.php(246): include('C:\\xampp\\htdocs...')
#6 C:\xampp\htdocs\korlantas\vendor\codeigniter4\framework\system\Common.php(1119): CodeIgniter\View\View->render('admin/_partials...', Array, true)
#7 C:\xampp\htdocs\korlantas\app\Controllers\Bank_soal.php(96): view('admin/_partials...', Array)
#8 C:\xampp\htdocs\korlantas\vendor\codeigniter4\framework\system\CodeIgniter.php(918): App\Controllers\Bank_soal->edit('1')
#9 C:\xampp\htdocs\korlantas\vendor\codeigniter4\framework\system\CodeIgniter.php(404): CodeIgniter\CodeIgniter->runController(Object(App\Controllers\Bank_soal))
#10 C:\xampp\htdocs\korlantas\vendor\codeigniter4\framework\system\CodeIgniter.php(312): CodeIgniter\CodeIgniter->handleRequest(NULL, Object(Config\Cache), false)
#11 C:\xampp\htdocs\korlantas\public\index.php(45): CodeIgniter\CodeIgniter->run()
#12 C:\xampp\htdocs\korlantas\vendor\codeigniter4\framework\system\Commands\Server\rewrite.php(34): require_once('C:\\xampp\\htdocs...')
#13 {main}
CRITICAL - 2021-02-27 02:37:46 --> Undefined variable: banksoal
#0 C:\xampp\htdocs\korlantas\app\Views\admin\bank soal\edit.php(46): CodeIgniter\Debug\Exceptions->errorHandler(8, 'Undefined varia...', 'C:\\xampp\\htdocs...', 46, Array)
#1 C:\xampp\htdocs\korlantas\vendor\codeigniter4\framework\system\View\View.php(246): include('C:\\xampp\\htdocs...')
#2 C:\xampp\htdocs\korlantas\vendor\codeigniter4\framework\system\Common.php(1119): CodeIgniter\View\View->render('admin/bank soal...', Array, true)
#3 C:\xampp\htdocs\korlantas\app\Views\admin\_partials\content.php(5): view('admin/bank soal...')
#4 C:\xampp\htdocs\korlantas\app\Views\admin\_partials\wrapper.php(10): require_once('C:\\xampp\\htdocs...')
#5 C:\xampp\htdocs\korlantas\vendor\codeigniter4\framework\system\View\View.php(246): include('C:\\xampp\\htdocs...')
#6 C:\xampp\htdocs\korlantas\vendor\codeigniter4\framework\system\Common.php(1119): CodeIgniter\View\View->render('admin/_partials...', Array, true)
#7 C:\xampp\htdocs\korlantas\app\Controllers\Bank_soal.php(96): view('admin/_partials...', Array)
#8 C:\xampp\htdocs\korlantas\vendor\codeigniter4\framework\system\CodeIgniter.php(918): App\Controllers\Bank_soal->edit('img', 'korlantas.png')
#9 C:\xampp\htdocs\korlantas\vendor\codeigniter4\framework\system\CodeIgniter.php(404): CodeIgniter\CodeIgniter->runController(Object(App\Controllers\Bank_soal))
#10 C:\xampp\htdocs\korlantas\vendor\codeigniter4\framework\system\CodeIgniter.php(312): CodeIgniter\CodeIgniter->handleRequest(NULL, Object(Config\Cache), false)
#11 C:\xampp\htdocs\korlantas\public\index.php(45): CodeIgniter\CodeIgniter->run()
#12 C:\xampp\htdocs\korlantas\vendor\codeigniter4\framework\system\Commands\Server\rewrite.php(34): require_once('C:\\xampp\\htdocs...')
#13 {main}
CRITICAL - 2021-02-27 02:37:46 --> Undefined variable: banksoal
#0 C:\xampp\htdocs\korlantas\app\Views\admin\bank soal\edit.php(46): CodeIgniter\Debug\Exceptions->errorHandler(8, 'Undefined varia...', 'C:\\xampp\\htdocs...', 46, Array)
#1 C:\xampp\htdocs\korlantas\vendor\codeigniter4\framework\system\View\View.php(246): include('C:\\xampp\\htdocs...')
#2 C:\xampp\htdocs\korlantas\vendor\codeigniter4\framework\system\Common.php(1119): CodeIgniter\View\View->render('admin/bank soal...', Array, true)
#3 C:\xampp\htdocs\korlantas\app\Views\admin\_partials\content.php(5): view('admin/bank soal...')
#4 C:\xampp\htdocs\korlantas\app\Views\admin\_partials\wrapper.php(10): require_once('C:\\xampp\\htdocs...')
#5 C:\xampp\htdocs\korlantas\vendor\codeigniter4\framework\system\View\View.php(246): include('C:\\xampp\\htdocs...')
#6 C:\xampp\htdocs\korlantas\vendor\codeigniter4\framework\system\Common.php(1119): CodeIgniter\View\View->render('admin/_partials...', Array, true)
#7 C:\xampp\htdocs\korlantas\app\Controllers\Bank_soal.php(96): view('admin/_partials...', Array)
#8 C:\xampp\htdocs\korlantas\vendor\codeigniter4\framework\system\CodeIgniter.php(918): App\Controllers\Bank_soal->edit('img', 'undraw_profile....')
#9 C:\xampp\htdocs\korlantas\vendor\codeigniter4\framework\system\CodeIgniter.php(404): CodeIgniter\CodeIgniter->runController(Object(App\Controllers\Bank_soal))
#10 C:\xampp\htdocs\korlantas\vendor\codeigniter4\framework\system\CodeIgniter.php(312): CodeIgniter\CodeIgniter->handleRequest(NULL, Object(Config\Cache), false)
#11 C:\xampp\htdocs\korlantas\public\index.php(45): CodeIgniter\CodeIgniter->run()
#12 C:\xampp\htdocs\korlantas\vendor\codeigniter4\framework\system\Commands\Server\rewrite.php(34): require_once('C:\\xampp\\htdocs...')
#13 {main}
CRITICAL - 2021-02-27 02:37:59 --> Undefined variable: data
#0 C:\xampp\htdocs\korlantas\app\Views\admin\bank soal\edit.php(46): CodeIgniter\Debug\Exceptions->errorHandler(8, 'Undefined varia...', 'C:\\xampp\\htdocs...', 46, Array)
#1 C:\xampp\htdocs\korlantas\vendor\codeigniter4\framework\system\View\View.php(246): include('C:\\xampp\\htdocs...')
#2 C:\xampp\htdocs\korlantas\vendor\codeigniter4\framework\system\Common.php(1119): CodeIgniter\View\View->render('admin/bank soal...', Array, true)
#3 C:\xampp\htdocs\korlantas\app\Views\admin\_partials\content.php(5): view('admin/bank soal...')
#4 C:\xampp\htdocs\korlantas\app\Views\admin\_partials\wrapper.php(10): require_once('C:\\xampp\\htdocs...')
#5 C:\xampp\htdocs\korlantas\vendor\codeigniter4\framework\system\View\View.php(246): include('C:\\xampp\\htdocs...')
#6 C:\xampp\htdocs\korlantas\vendor\codeigniter4\framework\system\Common.php(1119): CodeIgniter\View\View->render('admin/_partials...', Array, true)
#7 C:\xampp\htdocs\korlantas\app\Controllers\Bank_soal.php(96): view('admin/_partials...', Array)
#8 C:\xampp\htdocs\korlantas\vendor\codeigniter4\framework\system\CodeIgniter.php(918): App\Controllers\Bank_soal->edit('1')
#9 C:\xampp\htdocs\korlantas\vendor\codeigniter4\framework\system\CodeIgniter.php(404): CodeIgniter\CodeIgniter->runController(Object(App\Controllers\Bank_soal))
#10 C:\xampp\htdocs\korlantas\vendor\codeigniter4\framework\system\CodeIgniter.php(312): CodeIgniter\CodeIgniter->handleRequest(NULL, Object(Config\Cache), false)
#11 C:\xampp\htdocs\korlantas\public\index.php(45): CodeIgniter\CodeIgniter->run()
#12 C:\xampp\htdocs\korlantas\vendor\codeigniter4\framework\system\Commands\Server\rewrite.php(34): require_once('C:\\xampp\\htdocs...')
#13 {main}
CRITICAL - 2021-02-27 02:37:59 --> Undefined variable: data
#0 C:\xampp\htdocs\korlantas\app\Views\admin\bank soal\edit.php(46): CodeIgniter\Debug\Exceptions->errorHandler(8, 'Undefined varia...', 'C:\\xampp\\htdocs...', 46, Array)
#1 C:\xampp\htdocs\korlantas\vendor\codeigniter4\framework\system\View\View.php(246): include('C:\\xampp\\htdocs...')
#2 C:\xampp\htdocs\korlantas\vendor\codeigniter4\framework\system\Common.php(1119): CodeIgniter\View\View->render('admin/bank soal...', Array, true)
#3 C:\xampp\htdocs\korlantas\app\Views\admin\_partials\content.php(5): view('admin/bank soal...')
#4 C:\xampp\htdocs\korlantas\app\Views\admin\_partials\wrapper.php(10): require_once('C:\\xampp\\htdocs...')
#5 C:\xampp\htdocs\korlantas\vendor\codeigniter4\framework\system\View\View.php(246): include('C:\\xampp\\htdocs...')
#6 C:\xampp\htdocs\korlantas\vendor\codeigniter4\framework\system\Common.php(1119): CodeIgniter\View\View->render('admin/_partials...', Array, true)
#7 C:\xampp\htdocs\korlantas\app\Controllers\Bank_soal.php(96): view('admin/_partials...', Array)
#8 C:\xampp\htdocs\korlantas\vendor\codeigniter4\framework\system\CodeIgniter.php(918): App\Controllers\Bank_soal->edit('img', 'korlantas.png')
#9 C:\xampp\htdocs\korlantas\vendor\codeigniter4\framework\system\CodeIgniter.php(404): CodeIgniter\CodeIgniter->runController(Object(App\Controllers\Bank_soal))
#10 C:\xampp\htdocs\korlantas\vendor\codeigniter4\framework\system\CodeIgniter.php(312): CodeIgniter\CodeIgniter->handleRequest(NULL, Object(Config\Cache), false)
#11 C:\xampp\htdocs\korlantas\public\index.php(45): CodeIgniter\CodeIgniter->run()
#12 C:\xampp\htdocs\korlantas\vendor\codeigniter4\framework\system\Commands\Server\rewrite.php(34): require_once('C:\\xampp\\htdocs...')
#13 {main}
CRITICAL - 2021-02-27 02:37:59 --> Undefined variable: data
#0 C:\xampp\htdocs\korlantas\app\Views\admin\bank soal\edit.php(46): CodeIgniter\Debug\Exceptions->errorHandler(8, 'Undefined varia...', 'C:\\xampp\\htdocs...', 46, Array)
#1 C:\xampp\htdocs\korlantas\vendor\codeigniter4\framework\system\View\View.php(246): include('C:\\xampp\\htdocs...')
#2 C:\xampp\htdocs\korlantas\vendor\codeigniter4\framework\system\Common.php(1119): CodeIgniter\View\View->render('admin/bank soal...', Array, true)
#3 C:\xampp\htdocs\korlantas\app\Views\admin\_partials\content.php(5): view('admin/bank soal...')
#4 C:\xampp\htdocs\korlantas\app\Views\admin\_partials\wrapper.php(10): require_once('C:\\xampp\\htdocs...')
#5 C:\xampp\htdocs\korlantas\vendor\codeigniter4\framework\system\View\View.php(246): include('C:\\xampp\\htdocs...')
#6 C:\xampp\htdocs\korlantas\vendor\codeigniter4\framework\system\Common.php(1119): CodeIgniter\View\View->render('admin/_partials...', Array, true)
#7 C:\xampp\htdocs\korlantas\app\Controllers\Bank_soal.php(96): view('admin/_partials...', Array)
#8 C:\xampp\htdocs\korlantas\vendor\codeigniter4\framework\system\CodeIgniter.php(918): App\Controllers\Bank_soal->edit('img', 'undraw_profile....')
#9 C:\xampp\htdocs\korlantas\vendor\codeigniter4\framework\system\CodeIgniter.php(404): CodeIgniter\CodeIgniter->runController(Object(App\Controllers\Bank_soal))
#10 C:\xampp\htdocs\korlantas\vendor\codeigniter4\framework\system\CodeIgniter.php(312): CodeIgniter\CodeIgniter->handleRequest(NULL, Object(Config\Cache), false)
#11 C:\xampp\htdocs\korlantas\public\index.php(45): CodeIgniter\CodeIgniter->run()
#12 C:\xampp\htdocs\korlantas\vendor\codeigniter4\framework\system\Commands\Server\rewrite.php(34): require_once('C:\\xampp\\htdocs...')
#13 {main}
CRITICAL - 2021-02-27 02:38:28 --> Undefined variable: banksoal
#0 C:\xampp\htdocs\korlantas\app\Views\admin\bank soal\edit.php(54): CodeIgniter\Debug\Exceptions->errorHandler(8, 'Undefined varia...', 'C:\\xampp\\htdocs...', 54, Array)
#1 C:\xampp\htdocs\korlantas\vendor\codeigniter4\framework\system\View\View.php(246): include('C:\\xampp\\htdocs...')
#2 C:\xampp\htdocs\korlantas\vendor\codeigniter4\framework\system\Common.php(1119): CodeIgniter\View\View->render('admin/bank soal...', Array, true)
#3 C:\xampp\htdocs\korlantas\app\Views\admin\_partials\content.php(5): view('admin/bank soal...')
#4 C:\xampp\htdocs\korlantas\app\Views\admin\_partials\wrapper.php(10): require_once('C:\\xampp\\htdocs...')
#5 C:\xampp\htdocs\korlantas\vendor\codeigniter4\framework\system\View\View.php(246): include('C:\\xampp\\htdocs...')
#6 C:\xampp\htdocs\korlantas\vendor\codeigniter4\framework\system\Common.php(1119): CodeIgniter\View\View->render('admin/_partials...', Array, true)
#7 C:\xampp\htdocs\korlantas\app\Controllers\Bank_soal.php(96): view('admin/_partials...', Array)
#8 C:\xampp\htdocs\korlantas\vendor\codeigniter4\framework\system\CodeIgniter.php(918): App\Controllers\Bank_soal->edit('1')
#9 C:\xampp\htdocs\korlantas\vendor\codeigniter4\framework\system\CodeIgniter.php(404): CodeIgniter\CodeIgniter->runController(Object(App\Controllers\Bank_soal))
#10 C:\xampp\htdocs\korlantas\vendor\codeigniter4\framework\system\CodeIgniter.php(312): CodeIgniter\CodeIgniter->handleRequest(NULL, Object(Config\Cache), false)
#11 C:\xampp\htdocs\korlantas\public\index.php(45): CodeIgniter\CodeIgniter->run()
#12 C:\xampp\htdocs\korlantas\vendor\codeigniter4\framework\system\Commands\Server\rewrite.php(34): require_once('C:\\xampp\\htdocs...')
#13 {main}
CRITICAL - 2021-02-27 02:38:28 --> Undefined variable: banksoal
#0 C:\xampp\htdocs\korlantas\app\Views\admin\bank soal\edit.php(54): CodeIgniter\Debug\Exceptions->errorHandler(8, 'Undefined varia...', 'C:\\xampp\\htdocs...', 54, Array)
#1 C:\xampp\htdocs\korlantas\vendor\codeigniter4\framework\system\View\View.php(246): include('C:\\xampp\\htdocs...')
#2 C:\xampp\htdocs\korlantas\vendor\codeigniter4\framework\system\Common.php(1119): CodeIgniter\View\View->render('admin/bank soal...', Array, true)
#3 C:\xampp\htdocs\korlantas\app\Views\admin\_partials\content.php(5): view('admin/bank soal...')
#4 C:\xampp\htdocs\korlantas\app\Views\admin\_partials\wrapper.php(10): require_once('C:\\xampp\\htdocs...')
#5 C:\xampp\htdocs\korlantas\vendor\codeigniter4\framework\system\View\View.php(246): include('C:\\xampp\\htdocs...')
#6 C:\xampp\htdocs\korlantas\vendor\codeigniter4\framework\system\Common.php(1119): CodeIgniter\View\View->render('admin/_partials...', Array, true)
#7 C:\xampp\htdocs\korlantas\app\Controllers\Bank_soal.php(96): view('admin/_partials...', Array)
#8 C:\xampp\htdocs\korlantas\vendor\codeigniter4\framework\system\CodeIgniter.php(918): App\Controllers\Bank_soal->edit('img', 'korlantas.png')
#9 C:\xampp\htdocs\korlantas\vendor\codeigniter4\framework\system\CodeIgniter.php(404): CodeIgniter\CodeIgniter->runController(Object(App\Controllers\Bank_soal))
#10 C:\xampp\htdocs\korlantas\vendor\codeigniter4\framework\system\CodeIgniter.php(312): CodeIgniter\CodeIgniter->handleRequest(NULL, Object(Config\Cache), false)
#11 C:\xampp\htdocs\korlantas\public\index.php(45): CodeIgniter\CodeIgniter->run()
#12 C:\xampp\htdocs\korlantas\vendor\codeigniter4\framework\system\Commands\Server\rewrite.php(34): require_once('C:\\xampp\\htdocs...')
#13 {main}
CRITICAL - 2021-02-27 02:38:28 --> Undefined variable: banksoal
#0 C:\xampp\htdocs\korlantas\app\Views\admin\bank soal\edit.php(54): CodeIgniter\Debug\Exceptions->errorHandler(8, 'Undefined varia...', 'C:\\xampp\\htdocs...', 54, Array)
#1 C:\xampp\htdocs\korlantas\vendor\codeigniter4\framework\system\View\View.php(246): include('C:\\xampp\\htdocs...')
#2 C:\xampp\htdocs\korlantas\vendor\codeigniter4\framework\system\Common.php(1119): CodeIgniter\View\View->render('admin/bank soal...', Array, true)
#3 C:\xampp\htdocs\korlantas\app\Views\admin\_partials\content.php(5): view('admin/bank soal...')
#4 C:\xampp\htdocs\korlantas\app\Views\admin\_partials\wrapper.php(10): require_once('C:\\xampp\\htdocs...')
#5 C:\xampp\htdocs\korlantas\vendor\codeigniter4\framework\system\View\View.php(246): include('C:\\xampp\\htdocs...')
#6 C:\xampp\htdocs\korlantas\vendor\codeigniter4\framework\system\Common.php(1119): CodeIgniter\View\View->render('admin/_partials...', Array, true)
#7 C:\xampp\htdocs\korlantas\app\Controllers\Bank_soal.php(96): view('admin/_partials...', Array)
#8 C:\xampp\htdocs\korlantas\vendor\codeigniter4\framework\system\CodeIgniter.php(918): App\Controllers\Bank_soal->edit('img', 'undraw_profile....')
#9 C:\xampp\htdocs\korlantas\vendor\codeigniter4\framework\system\CodeIgniter.php(404): CodeIgniter\CodeIgniter->runController(Object(App\Controllers\Bank_soal))
#10 C:\xampp\htdocs\korlantas\vendor\codeigniter4\framework\system\CodeIgniter.php(312): CodeIgniter\CodeIgniter->handleRequest(NULL, Object(Config\Cache), false)
#11 C:\xampp\htdocs\korlantas\public\index.php(45): CodeIgniter\CodeIgniter->run()
#12 C:\xampp\htdocs\korlantas\vendor\codeigniter4\framework\system\Commands\Server\rewrite.php(34): require_once('C:\\xampp\\htdocs...')
#13 {main}
CRITICAL - 2021-02-27 02:38:42 --> Undefined variable: banksoal
#0 C:\xampp\htdocs\korlantas\app\Views\admin\bank soal\edit.php(65): CodeIgniter\Debug\Exceptions->errorHandler(8, 'Undefined varia...', 'C:\\xampp\\htdocs...', 65, Array)
#1 C:\xampp\htdocs\korlantas\vendor\codeigniter4\framework\system\View\View.php(246): include('C:\\xampp\\htdocs...')
#2 C:\xampp\htdocs\korlantas\vendor\codeigniter4\framework\system\Common.php(1119): CodeIgniter\View\View->render('admin/bank soal...', Array, true)
#3 C:\xampp\htdocs\korlantas\app\Views\admin\_partials\content.php(5): view('admin/bank soal...')
#4 C:\xampp\htdocs\korlantas\app\Views\admin\_partials\wrapper.php(10): require_once('C:\\xampp\\htdocs...')
#5 C:\xampp\htdocs\korlantas\vendor\codeigniter4\framework\system\View\View.php(246): include('C:\\xampp\\htdocs...')
#6 C:\xampp\htdocs\korlantas\vendor\codeigniter4\framework\system\Common.php(1119): CodeIgniter\View\View->render('admin/_partials...', Array, true)
#7 C:\xampp\htdocs\korlantas\app\Controllers\Bank_soal.php(96): view('admin/_partials...', Array)
#8 C:\xampp\htdocs\korlantas\vendor\codeigniter4\framework\system\CodeIgniter.php(918): App\Controllers\Bank_soal->edit('1')
#9 C:\xampp\htdocs\korlantas\vendor\codeigniter4\framework\system\CodeIgniter.php(404): CodeIgniter\CodeIgniter->runController(Object(App\Controllers\Bank_soal))
#10 C:\xampp\htdocs\korlantas\vendor\codeigniter4\framework\system\CodeIgniter.php(312): CodeIgniter\CodeIgniter->handleRequest(NULL, Object(Config\Cache), false)
#11 C:\xampp\htdocs\korlantas\public\index.php(45): CodeIgniter\CodeIgniter->run()
#12 C:\xampp\htdocs\korlantas\vendor\codeigniter4\framework\system\Commands\Server\rewrite.php(34): require_once('C:\\xampp\\htdocs...')
#13 {main}
CRITICAL - 2021-02-27 02:38:42 --> Undefined variable: banksoal
#0 C:\xampp\htdocs\korlantas\app\Views\admin\bank soal\edit.php(65): CodeIgniter\Debug\Exceptions->errorHandler(8, 'Undefined varia...', 'C:\\xampp\\htdocs...', 65, Array)
#1 C:\xampp\htdocs\korlantas\vendor\codeigniter4\framework\system\View\View.php(246): include('C:\\xampp\\htdocs...')
#2 C:\xampp\htdocs\korlantas\vendor\codeigniter4\framework\system\Common.php(1119): CodeIgniter\View\View->render('admin/bank soal...', Array, true)
#3 C:\xampp\htdocs\korlantas\app\Views\admin\_partials\content.php(5): view('admin/bank soal...')
#4 C:\xampp\htdocs\korlantas\app\Views\admin\_partials\wrapper.php(10): require_once('C:\\xampp\\htdocs...')
#5 C:\xampp\htdocs\korlantas\vendor\codeigniter4\framework\system\View\View.php(246): include('C:\\xampp\\htdocs...')
#6 C:\xampp\htdocs\korlantas\vendor\codeigniter4\framework\system\Common.php(1119): CodeIgniter\View\View->render('admin/_partials...', Array, true)
#7 C:\xampp\htdocs\korlantas\app\Controllers\Bank_soal.php(96): view('admin/_partials...', Array)
#8 C:\xampp\htdocs\korlantas\vendor\codeigniter4\framework\system\CodeIgniter.php(918): App\Controllers\Bank_soal->edit('img', 'korlantas.png')
#9 C:\xampp\htdocs\korlantas\vendor\codeigniter4\framework\system\CodeIgniter.php(404): CodeIgniter\CodeIgniter->runController(Object(App\Controllers\Bank_soal))
#10 C:\xampp\htdocs\korlantas\vendor\codeigniter4\framework\system\CodeIgniter.php(312): CodeIgniter\CodeIgniter->handleRequest(NULL, Object(Config\Cache), false)
#11 C:\xampp\htdocs\korlantas\public\index.php(45): CodeIgniter\CodeIgniter->run()
#12 C:\xampp\htdocs\korlantas\vendor\codeigniter4\framework\system\Commands\Server\rewrite.php(34): require_once('C:\\xampp\\htdocs...')
#13 {main}
CRITICAL - 2021-02-27 02:38:42 --> Undefined variable: banksoal
#0 C:\xampp\htdocs\korlantas\app\Views\admin\bank soal\edit.php(65): CodeIgniter\Debug\Exceptions->errorHandler(8, 'Undefined varia...', 'C:\\xampp\\htdocs...', 65, Array)
#1 C:\xampp\htdocs\korlantas\vendor\codeigniter4\framework\system\View\View.php(246): include('C:\\xampp\\htdocs...')
#2 C:\xampp\htdocs\korlantas\vendor\codeigniter4\framework\system\Common.php(1119): CodeIgniter\View\View->render('admin/bank soal...', Array, true)
#3 C:\xampp\htdocs\korlantas\app\Views\admin\_partials\content.php(5): view('admin/bank soal...')
#4 C:\xampp\htdocs\korlantas\app\Views\admin\_partials\wrapper.php(10): require_once('C:\\xampp\\htdocs...')
#5 C:\xampp\htdocs\korlantas\vendor\codeigniter4\framework\system\View\View.php(246): include('C:\\xampp\\htdocs...')
#6 C:\xampp\htdocs\korlantas\vendor\codeigniter4\framework\system\Common.php(1119): CodeIgniter\View\View->render('admin/_partials...', Array, true)
#7 C:\xampp\htdocs\korlantas\app\Controllers\Bank_soal.php(96): view('admin/_partials...', Array)
#8 C:\xampp\htdocs\korlantas\vendor\codeigniter4\framework\system\CodeIgniter.php(918): App\Controllers\Bank_soal->edit('img', 'undraw_profile....')
#9 C:\xampp\htdocs\korlantas\vendor\codeigniter4\framework\system\CodeIgniter.php(404): CodeIgniter\CodeIgniter->runController(Object(App\Controllers\Bank_soal))
#10 C:\xampp\htdocs\korlantas\vendor\codeigniter4\framework\system\CodeIgniter.php(312): CodeIgniter\CodeIgniter->handleRequest(NULL, Object(Config\Cache), false)
#11 C:\xampp\htdocs\korlantas\public\index.php(45): CodeIgniter\CodeIgniter->run()
#12 C:\xampp\htdocs\korlantas\vendor\codeigniter4\framework\system\Commands\Server\rewrite.php(34): require_once('C:\\xampp\\htdocs...')
#13 {main}
CRITICAL - 2021-02-27 02:38:57 --> Undefined index: file
#0 C:\xampp\htdocs\korlantas\app\Views\admin\bank soal\edit.php(65): CodeIgniter\Debug\Exceptions->errorHandler(8, 'Undefined index...', 'C:\\xampp\\htdocs...', 65, Array)
#1 C:\xampp\htdocs\korlantas\vendor\codeigniter4\framework\system\View\View.php(246): include('C:\\xampp\\htdocs...')
#2 C:\xampp\htdocs\korlantas\vendor\codeigniter4\framework\system\Common.php(1119): CodeIgniter\View\View->render('admin/bank soal...', Array, true)
#3 C:\xampp\htdocs\korlantas\app\Views\admin\_partials\content.php(5): view('admin/bank soal...')
#4 C:\xampp\htdocs\korlantas\app\Views\admin\_partials\wrapper.php(10): require_once('C:\\xampp\\htdocs...')
#5 C:\xampp\htdocs\korlantas\vendor\codeigniter4\framework\system\View\View.php(246): include('C:\\xampp\\htdocs...')
#6 C:\xampp\htdocs\korlantas\vendor\codeigniter4\framework\system\Common.php(1119): CodeIgniter\View\View->render('admin/_partials...', Array, true)
#7 C:\xampp\htdocs\korlantas\app\Controllers\Bank_soal.php(96): view('admin/_partials...', Array)
#8 C:\xampp\htdocs\korlantas\vendor\codeigniter4\framework\system\CodeIgniter.php(918): App\Controllers\Bank_soal->edit('1')
#9 C:\xampp\htdocs\korlantas\vendor\codeigniter4\framework\system\CodeIgniter.php(404): CodeIgniter\CodeIgniter->runController(Object(App\Controllers\Bank_soal))
#10 C:\xampp\htdocs\korlantas\vendor\codeigniter4\framework\system\CodeIgniter.php(312): CodeIgniter\CodeIgniter->handleRequest(NULL, Object(Config\Cache), false)
#11 C:\xampp\htdocs\korlantas\public\index.php(45): CodeIgniter\CodeIgniter->run()
#12 C:\xampp\htdocs\korlantas\vendor\codeigniter4\framework\system\Commands\Server\rewrite.php(34): require_once('C:\\xampp\\htdocs...')
#13 {main}
CRITICAL - 2021-02-27 02:39:40 --> Undefined index: file_a
#0 C:\xampp\htdocs\korlantas\app\Views\admin\bank soal\edit.php(73): CodeIgniter\Debug\Exceptions->errorHandler(8, 'Undefined index...', 'C:\\xampp\\htdocs...', 73, Array)
#1 C:\xampp\htdocs\korlantas\vendor\codeigniter4\framework\system\View\View.php(246): include('C:\\xampp\\htdocs...')
#2 C:\xampp\htdocs\korlantas\vendor\codeigniter4\framework\system\Common.php(1119): CodeIgniter\View\View->render('admin/bank soal...', Array, true)
#3 C:\xampp\htdocs\korlantas\app\Views\admin\_partials\content.php(5): view('admin/bank soal...')
#4 C:\xampp\htdocs\korlantas\app\Views\admin\_partials\wrapper.php(10): require_once('C:\\xampp\\htdocs...')
#5 C:\xampp\htdocs\korlantas\vendor\codeigniter4\framework\system\View\View.php(246): include('C:\\xampp\\htdocs...')
#6 C:\xampp\htdocs\korlantas\vendor\codeigniter4\framework\system\Common.php(1119): CodeIgniter\View\View->render('admin/_partials...', Array, true)
#7 C:\xampp\htdocs\korlantas\app\Controllers\Bank_soal.php(96): view('admin/_partials...', Array)
#8 C:\xampp\htdocs\korlantas\vendor\codeigniter4\framework\system\CodeIgniter.php(918): App\Controllers\Bank_soal->edit('1')
#9 C:\xampp\htdocs\korlantas\vendor\codeigniter4\framework\system\CodeIgniter.php(404): CodeIgniter\CodeIgniter->runController(Object(App\Controllers\Bank_soal))
#10 C:\xampp\htdocs\korlantas\vendor\codeigniter4\framework\system\CodeIgniter.php(312): CodeIgniter\CodeIgniter->handleRequest(NULL, Object(Config\Cache), false)
#11 C:\xampp\htdocs\korlantas\public\index.php(45): CodeIgniter\CodeIgniter->run()
#12 C:\xampp\htdocs\korlantas\vendor\codeigniter4\framework\system\Commands\Server\rewrite.php(34): require_once('C:\\xampp\\htdocs...')
#13 {main}
CRITICAL - 2021-02-27 03:02:12 --> syntax error, unexpected '}', expecting ';'
#0 C:\xampp\htdocs\korlantas\vendor\codeigniter4\framework\system\Autoloader\Autoloader.php(296): CodeIgniter\Autoloader\Autoloader->requireFile('C:\\xampp\\htdocs...')
#1 C:\xampp\htdocs\korlantas\vendor\codeigniter4\framework\system\Autoloader\Autoloader.php(258): CodeIgniter\Autoloader\Autoloader->loadInNamespace('App\\Models\\Bank...')
#2 [internal function]: CodeIgniter\Autoloader\Autoloader->loadClass('App\\Models\\Bank...')
#3 C:\xampp\htdocs\korlantas\app\Controllers\TestUji.php(13): spl_autoload_call('App\\Models\\Bank...')
#4 C:\xampp\htdocs\korlantas\vendor\codeigniter4\framework\system\CodeIgniter.php(918): App\Controllers\TestUji->index()
#5 C:\xampp\htdocs\korlantas\vendor\codeigniter4\framework\system\CodeIgniter.php(404): CodeIgniter\CodeIgniter->runController(Object(App\Controllers\TestUji))
#6 C:\xampp\htdocs\korlantas\vendor\codeigniter4\framework\system\CodeIgniter.php(312): CodeIgniter\CodeIgniter->handleRequest(NULL, Object(Config\Cache), false)
#7 C:\xampp\htdocs\korlantas\public\index.php(45): CodeIgniter\CodeIgniter->run()
#8 C:\xampp\htdocs\korlantas\vendor\codeigniter4\framework\system\Commands\Server\rewrite.php(34): require_once('C:\\xampp\\htdocs...')
#9 {main}
CRITICAL - 2021-02-27 03:04:35 --> Undefined variable: category_id
#0 C:\xampp\htdocs\korlantas\app\Models\BankModel.php(30): CodeIgniter\Debug\Exceptions->errorHandler(8, 'Undefined varia...', 'C:\\xampp\\htdocs...', 30, Array)
#1 C:\xampp\htdocs\korlantas\app\Controllers\TestUji.php(16): App\Models\BankModel->getBank()
#2 C:\xampp\htdocs\korlantas\vendor\codeigniter4\framework\system\CodeIgniter.php(918): App\Controllers\TestUji->index()
#3 C:\xampp\htdocs\korlantas\vendor\codeigniter4\framework\system\CodeIgniter.php(404): CodeIgniter\CodeIgniter->runController(Object(App\Controllers\TestUji))
#4 C:\xampp\htdocs\korlantas\vendor\codeigniter4\framework\system\CodeIgniter.php(312): CodeIgniter\CodeIgniter->handleRequest(NULL, Object(Config\Cache), false)
#5 C:\xampp\htdocs\korlantas\public\index.php(45): CodeIgniter\CodeIgniter->run()
#6 C:\xampp\htdocs\korlantas\vendor\codeigniter4\framework\system\Commands\Server\rewrite.php(34): require_once('C:\\xampp\\htdocs...')
#7 {main}
CRITICAL - 2021-02-27 03:06:26 --> Undefined index: id_soal
#0 C:\xampp\htdocs\korlantas\app\Views\admin\testuji.php(32): CodeIgniter\Debug\Exceptions->errorHandler(8, 'Undefined index...', 'C:\\xampp\\htdocs...', 32, Array)
#1 C:\xampp\htdocs\korlantas\vendor\codeigniter4\framework\system\View\View.php(246): include('C:\\xampp\\htdocs...')
#2 C:\xampp\htdocs\korlantas\vendor\codeigniter4\framework\system\Common.php(1119): CodeIgniter\View\View->render('admin/testuji', Array, true)
#3 C:\xampp\htdocs\korlantas\app\Views\admin\_partials\content.php(5): view('admin/testuji')
#4 C:\xampp\htdocs\korlantas\app\Views\admin\_partials\wrappertest.php(9): require_once('C:\\xampp\\htdocs...')
#5 C:\xampp\htdocs\korlantas\vendor\codeigniter4\framework\system\View\View.php(246): include('C:\\xampp\\htdocs...')
#6 C:\xampp\htdocs\korlantas\vendor\codeigniter4\framework\system\Common.php(1119): CodeIgniter\View\View->render('admin/_partials...', Array, true)
#7 C:\xampp\htdocs\korlantas\app\Controllers\TestUji.php(22): view('admin/_partials...', Array)
#8 C:\xampp\htdocs\korlantas\vendor\codeigniter4\framework\system\CodeIgniter.php(918): App\Controllers\TestUji->index()
#9 C:\xampp\htdocs\korlantas\vendor\codeigniter4\framework\system\CodeIgniter.php(404): CodeIgniter\CodeIgniter->runController(Object(App\Controllers\TestUji))
#10 C:\xampp\htdocs\korlantas\vendor\codeigniter4\framework\system\CodeIgniter.php(312): CodeIgniter\CodeIgniter->handleRequest(NULL, Object(Config\Cache), false)
#11 C:\xampp\htdocs\korlantas\public\index.php(45): CodeIgniter\CodeIgniter->run()
#12 C:\xampp\htdocs\korlantas\vendor\codeigniter4\framework\system\Commands\Server\rewrite.php(34): require_once('C:\\xampp\\htdocs...')
#13 {main}
CRITICAL - 2021-02-27 03:07:01 --> Undefined variable: id_soal
#0 C:\xampp\htdocs\korlantas\app\Models\BankModel.php(30): CodeIgniter\Debug\Exceptions->errorHandler(8, 'Undefined varia...', 'C:\\xampp\\htdocs...', 30, Array)
#1 C:\xampp\htdocs\korlantas\app\Controllers\TestUji.php(16): App\Models\BankModel->getBank()
#2 C:\xampp\htdocs\korlantas\vendor\codeigniter4\framework\system\CodeIgniter.php(918): App\Controllers\TestUji->index()
#3 C:\xampp\htdocs\korlantas\vendor\codeigniter4\framework\system\CodeIgniter.php(404): CodeIgniter\CodeIgniter->runController(Object(App\Controllers\TestUji))
#4 C:\xampp\htdocs\korlantas\vendor\codeigniter4\framework\system\CodeIgniter.php(312): CodeIgniter\CodeIgniter->handleRequest(NULL, Object(Config\Cache), false)
#5 C:\xampp\htdocs\korlantas\public\index.php(45): CodeIgniter\CodeIgniter->run()
#6 C:\xampp\htdocs\korlantas\vendor\codeigniter4\framework\system\Commands\Server\rewrite.php(34): require_once('C:\\xampp\\htdocs...')
#7 {main}
CRITICAL - 2021-02-27 03:08:51 --> Illegal string offset 'category_id'
#0 C:\xampp\htdocs\korlantas\app\Views\admin\testuji.php(29): CodeIgniter\Debug\Exceptions->errorHandler(2, 'Illegal string ...', 'C:\\xampp\\htdocs...', 29, Array)
#1 C:\xampp\htdocs\korlantas\vendor\codeigniter4\framework\system\View\View.php(246): include('C:\\xampp\\htdocs...')
#2 C:\xampp\htdocs\korlantas\vendor\codeigniter4\framework\system\Common.php(1119): CodeIgniter\View\View->render('admin/testuji', Array, true)
#3 C:\xampp\htdocs\korlantas\app\Views\admin\_partials\content.php(5): view('admin/testuji')
#4 C:\xampp\htdocs\korlantas\app\Views\admin\_partials\wrappertest.php(9): require_once('C:\\xampp\\htdocs...')
#5 C:\xampp\htdocs\korlantas\vendor\codeigniter4\framework\system\View\View.php(246): include('C:\\xampp\\htdocs...')
#6 C:\xampp\htdocs\korlantas\vendor\codeigniter4\framework\system\Common.php(1119): CodeIgniter\View\View->render('admin/_partials...', Array, true)
#7 C:\xampp\htdocs\korlantas\app\Controllers\TestUji.php(22): view('admin/_partials...', Array)
#8 C:\xampp\htdocs\korlantas\vendor\codeigniter4\framework\system\CodeIgniter.php(918): App\Controllers\TestUji->index()
#9 C:\xampp\htdocs\korlantas\vendor\codeigniter4\framework\system\CodeIgniter.php(404): CodeIgniter\CodeIgniter->runController(Object(App\Controllers\TestUji))
#10 C:\xampp\htdocs\korlantas\vendor\codeigniter4\framework\system\CodeIgniter.php(312): CodeIgniter\CodeIgniter->handleRequest(NULL, Object(Config\Cache), false)
#11 C:\xampp\htdocs\korlantas\public\index.php(45): CodeIgniter\CodeIgniter->run()
#12 C:\xampp\htdocs\korlantas\vendor\codeigniter4\framework\system\Commands\Server\rewrite.php(34): require_once('C:\\xampp\\htdocs...')
#13 {main}
CRITICAL - 2021-02-27 03:16:25 --> Call to undefined method App\Models\BankModel::getBankId
#0 C:\xampp\htdocs\korlantas\app\Controllers\TestUji.php(16): CodeIgniter\Model->__call('getBankId', Array)
#1 C:\xampp\htdocs\korlantas\vendor\codeigniter4\framework\system\CodeIgniter.php(918): App\Controllers\TestUji->index()
#2 C:\xampp\htdocs\korlantas\vendor\codeigniter4\framework\system\CodeIgniter.php(404): CodeIgniter\CodeIgniter->runController(Object(App\Controllers\TestUji))
#3 C:\xampp\htdocs\korlantas\vendor\codeigniter4\framework\system\CodeIgniter.php(312): CodeIgniter\CodeIgniter->handleRequest(NULL, Object(Config\Cache), false)
#4 C:\xampp\htdocs\korlantas\public\index.php(45): CodeIgniter\CodeIgniter->run()
#5 C:\xampp\htdocs\korlantas\vendor\codeigniter4\framework\system\Commands\Server\rewrite.php(34): require_once('C:\\xampp\\htdocs...')
#6 {main}
CRITICAL - 2021-02-27 03:17:43 --> Too few arguments to function App\Models\BankModel::getBankId(), 0 passed in C:\xampp\htdocs\korlantas\app\Controllers\TestUji.php on line 16 and exactly 2 expected
#0 C:\xampp\htdocs\korlantas\app\Controllers\TestUji.php(16): App\Models\BankModel->getBankId()
#1 C:\xampp\htdocs\korlantas\vendor\codeigniter4\framework\system\CodeIgniter.php(918): App\Controllers\TestUji->index()
#2 C:\xampp\htdocs\korlantas\vendor\codeigniter4\framework\system\CodeIgniter.php(404): CodeIgniter\CodeIgniter->runController(Object(App\Controllers\TestUji))
#3 C:\xampp\htdocs\korlantas\vendor\codeigniter4\framework\system\CodeIgniter.php(312): CodeIgniter\CodeIgniter->handleRequest(NULL, Object(Config\Cache), false)
#4 C:\xampp\htdocs\korlantas\public\index.php(45): CodeIgniter\CodeIgniter->run()
#5 C:\xampp\htdocs\korlantas\vendor\codeigniter4\framework\system\Commands\Server\rewrite.php(34): require_once('C:\\xampp\\htdocs...')
#6 {main}
CRITICAL - 2021-02-27 03:17:56 --> Too few arguments to function App\Models\BankModel::getBankId(), 0 passed in C:\xampp\htdocs\korlantas\app\Controllers\TestUji.php on line 16 and exactly 2 expected
#0 C:\xampp\htdocs\korlantas\app\Controllers\TestUji.php(16): App\Models\BankModel->getBankId()
#1 C:\xampp\htdocs\korlantas\vendor\codeigniter4\framework\system\CodeIgniter.php(918): App\Controllers\TestUji->index()
#2 C:\xampp\htdocs\korlantas\vendor\codeigniter4\framework\system\CodeIgniter.php(404): CodeIgniter\CodeIgniter->runController(Object(App\Controllers\TestUji))
#3 C:\xampp\htdocs\korlantas\vendor\codeigniter4\framework\system\CodeIgniter.php(312): CodeIgniter\CodeIgniter->handleRequest(NULL, Object(Config\Cache), false)
#4 C:\xampp\htdocs\korlantas\public\index.php(45): CodeIgniter\CodeIgniter->run()
#5 C:\xampp\htdocs\korlantas\vendor\codeigniter4\framework\system\Commands\Server\rewrite.php(34): require_once('C:\\xampp\\htdocs...')
#6 {main}
CRITICAL - 2021-02-27 03:18:01 --> Too few arguments to function App\Models\BankModel::getBankId(), 0 passed in C:\xampp\htdocs\korlantas\app\Controllers\TestUji.php on line 16 and exactly 1 expected
#0 C:\xampp\htdocs\korlantas\app\Controllers\TestUji.php(16): App\Models\BankModel->getBankId()
#1 C:\xampp\htdocs\korlantas\vendor\codeigniter4\framework\system\CodeIgniter.php(918): App\Controllers\TestUji->index()
#2 C:\xampp\htdocs\korlantas\vendor\codeigniter4\framework\system\CodeIgniter.php(404): CodeIgniter\CodeIgniter->runController(Object(App\Controllers\TestUji))
#3 C:\xampp\htdocs\korlantas\vendor\codeigniter4\framework\system\CodeIgniter.php(312): CodeIgniter\CodeIgniter->handleRequest(NULL, Object(Config\Cache), false)
#4 C:\xampp\htdocs\korlantas\public\index.php(45): CodeIgniter\CodeIgniter->run()
#5 C:\xampp\htdocs\korlantas\vendor\codeigniter4\framework\system\Commands\Server\rewrite.php(34): require_once('C:\\xampp\\htdocs...')
#6 {main}
CRITICAL - 2021-02-27 03:19:47 --> Call to undefined method App\Models\BankModel::getRowArray
#0 C:\xampp\htdocs\korlantas\app\Models\BankModel.php(30): CodeIgniter\Model->__call('getRowArray', Array)
#1 C:\xampp\htdocs\korlantas\app\Controllers\TestUji.php(16): App\Models\BankModel->getBankId()
#2 C:\xampp\htdocs\korlantas\vendor\codeigniter4\framework\system\CodeIgniter.php(918): App\Controllers\TestUji->index()
#3 C:\xampp\htdocs\korlantas\vendor\codeigniter4\framework\system\CodeIgniter.php(404): CodeIgniter\CodeIgniter->runController(Object(App\Controllers\TestUji))
#4 C:\xampp\htdocs\korlantas\vendor\codeigniter4\framework\system\CodeIgniter.php(312): CodeIgniter\CodeIgniter->handleRequest(NULL, Object(Config\Cache), false)
#5 C:\xampp\htdocs\korlantas\public\index.php(45): CodeIgniter\CodeIgniter->run()
#6 C:\xampp\htdocs\korlantas\vendor\codeigniter4\framework\system\Commands\Server\rewrite.php(34): require_once('C:\\xampp\\htdocs...')
#7 {main}
CRITICAL - 2021-02-27 03:20:47 --> Too few arguments to function App\Models\BankModel::getBankId(), 0 passed in C:\xampp\htdocs\korlantas\app\Controllers\TestUji.php on line 16 and exactly 1 expected
#0 C:\xampp\htdocs\korlantas\app\Controllers\TestUji.php(16): App\Models\BankModel->getBankId()
#1 C:\xampp\htdocs\korlantas\vendor\codeigniter4\framework\system\CodeIgniter.php(918): App\Controllers\TestUji->index()
#2 C:\xampp\htdocs\korlantas\vendor\codeigniter4\framework\system\CodeIgniter.php(404): CodeIgniter\CodeIgniter->runController(Object(App\Controllers\TestUji))
#3 C:\xampp\htdocs\korlantas\vendor\codeigniter4\framework\system\CodeIgniter.php(312): CodeIgniter\CodeIgniter->handleRequest(NULL, Object(Config\Cache), false)
#4 C:\xampp\htdocs\korlantas\public\index.php(45): CodeIgniter\CodeIgniter->run()
#5 C:\xampp\htdocs\korlantas\vendor\codeigniter4\framework\system\Commands\Server\rewrite.php(34): require_once('C:\\xampp\\htdocs...')
#6 {main}
CRITICAL - 2021-02-27 03:26:00 --> Illegal string offset 'category_id'
#0 C:\xampp\htdocs\korlantas\app\Views\admin\testuji.php(29): CodeIgniter\Debug\Exceptions->errorHandler(2, 'Illegal string ...', 'C:\\xampp\\htdocs...', 29, Array)
#1 C:\xampp\htdocs\korlantas\vendor\codeigniter4\framework\system\View\View.php(246): include('C:\\xampp\\htdocs...')
#2 C:\xampp\htdocs\korlantas\vendor\codeigniter4\framework\system\Common.php(1119): CodeIgniter\View\View->render('admin/testuji', Array, true)
#3 C:\xampp\htdocs\korlantas\app\Views\admin\_partials\content.php(5): view('admin/testuji')
#4 C:\xampp\htdocs\korlantas\app\Views\admin\_partials\wrappertest.php(9): require_once('C:\\xampp\\htdocs...')
#5 C:\xampp\htdocs\korlantas\vendor\codeigniter4\framework\system\View\View.php(246): include('C:\\xampp\\htdocs...')
#6 C:\xampp\htdocs\korlantas\vendor\codeigniter4\framework\system\Common.php(1119): CodeIgniter\View\View->render('admin/_partials...', Array, true)
#7 C:\xampp\htdocs\korlantas\app\Controllers\TestUji.php(22): view('admin/_partials...', Array)
#8 C:\xampp\htdocs\korlantas\vendor\codeigniter4\framework\system\CodeIgniter.php(918): App\Controllers\TestUji->index()
#9 C:\xampp\htdocs\korlantas\vendor\codeigniter4\framework\system\CodeIgniter.php(404): CodeIgniter\CodeIgniter->runController(Object(App\Controllers\TestUji))
#10 C:\xampp\htdocs\korlantas\vendor\codeigniter4\framework\system\CodeIgniter.php(312): CodeIgniter\CodeIgniter->handleRequest(NULL, Object(Config\Cache), false)
#11 C:\xampp\htdocs\korlantas\public\index.php(45): CodeIgniter\CodeIgniter->run()
#12 C:\xampp\htdocs\korlantas\vendor\codeigniter4\framework\system\Commands\Server\rewrite.php(34): require_once('C:\\xampp\\htdocs...')
#13 {main}
CRITICAL - 2021-02-27 03:29:16 --> Call to undefined method CodeIgniter\Database\MySQLi\Connection::select()
#0 C:\xampp\htdocs\korlantas\app\Controllers\TestUji.php(16): App\Models\BankModel->nilaijoin()
#1 C:\xampp\htdocs\korlantas\vendor\codeigniter4\framework\system\CodeIgniter.php(918): App\Controllers\TestUji->index()
#2 C:\xampp\htdocs\korlantas\vendor\codeigniter4\framework\system\CodeIgniter.php(404): CodeIgniter\CodeIgniter->runController(Object(App\Controllers\TestUji))
#3 C:\xampp\htdocs\korlantas\vendor\codeigniter4\framework\system\CodeIgniter.php(312): CodeIgniter\CodeIgniter->handleRequest(NULL, Object(Config\Cache), false)
#4 C:\xampp\htdocs\korlantas\public\index.php(45): CodeIgniter\CodeIgniter->run()
#5 C:\xampp\htdocs\korlantas\vendor\codeigniter4\framework\system\Commands\Server\rewrite.php(34): require_once('C:\\xampp\\htdocs...')
#6 {main}
CRITICAL - 2021-02-27 03:29:26 --> Call to undefined method CodeIgniter\Database\MySQLi\Connection::select()
#0 C:\xampp\htdocs\korlantas\app\Controllers\TestUji.php(16): App\Models\BankModel->nilaijoin()
#1 C:\xampp\htdocs\korlantas\vendor\codeigniter4\framework\system\CodeIgniter.php(918): App\Controllers\TestUji->index()
#2 C:\xampp\htdocs\korlantas\vendor\codeigniter4\framework\system\CodeIgniter.php(404): CodeIgniter\CodeIgniter->runController(Object(App\Controllers\TestUji))
#3 C:\xampp\htdocs\korlantas\vendor\codeigniter4\framework\system\CodeIgniter.php(312): CodeIgniter\CodeIgniter->handleRequest(NULL, Object(Config\Cache), false)
#4 C:\xampp\htdocs\korlantas\public\index.php(45): CodeIgniter\CodeIgniter->run()
#5 C:\xampp\htdocs\korlantas\vendor\codeigniter4\framework\system\Commands\Server\rewrite.php(34): require_once('C:\\xampp\\htdocs...')
#6 {main}
CRITICAL - 2021-02-27 03:29:33 --> Call to undefined method CodeIgniter\Database\MySQLi\Connection::from()
#0 C:\xampp\htdocs\korlantas\app\Controllers\TestUji.php(16): App\Models\BankModel->nilaijoin()
#1 C:\xampp\htdocs\korlantas\vendor\codeigniter4\framework\system\CodeIgniter.php(918): App\Controllers\TestUji->index()
#2 C:\xampp\htdocs\korlantas\vendor\codeigniter4\framework\system\CodeIgniter.php(404): CodeIgniter\CodeIgniter->runController(Object(App\Controllers\TestUji))
#3 C:\xampp\htdocs\korlantas\vendor\codeigniter4\framework\system\CodeIgniter.php(312): CodeIgniter\CodeIgniter->handleRequest(NULL, Object(Config\Cache), false)
#4 C:\xampp\htdocs\korlantas\public\index.php(45): CodeIgniter\CodeIgniter->run()
#5 C:\xampp\htdocs\korlantas\vendor\codeigniter4\framework\system\Commands\Server\rewrite.php(34): require_once('C:\\xampp\\htdocs...')
#6 {main}
CRITICAL - 2021-02-27 03:29:42 --> Call to undefined method CodeIgniter\Database\MySQLi\Connection::get()
#0 C:\xampp\htdocs\korlantas\app\Controllers\TestUji.php(16): App\Models\BankModel->nilaijoin()
#1 C:\xampp\htdocs\korlantas\vendor\codeigniter4\framework\system\CodeIgniter.php(918): App\Controllers\TestUji->index()
#2 C:\xampp\htdocs\korlantas\vendor\codeigniter4\framework\system\CodeIgniter.php(404): CodeIgniter\CodeIgniter->runController(Object(App\Controllers\TestUji))
#3 C:\xampp\htdocs\korlantas\vendor\codeigniter4\framework\system\CodeIgniter.php(312): CodeIgniter\CodeIgniter->handleRequest(NULL, Object(Config\Cache), false)
#4 C:\xampp\htdocs\korlantas\public\index.php(45): CodeIgniter\CodeIgniter->run()
#5 C:\xampp\htdocs\korlantas\vendor\codeigniter4\framework\system\Commands\Server\rewrite.php(34): require_once('C:\\xampp\\htdocs...')
#6 {main}
CRITICAL - 2021-02-27 03:29:47 --> Call to undefined method CodeIgniter\Database\MySQLi\Result::result()
#0 C:\xampp\htdocs\korlantas\app\Controllers\TestUji.php(16): App\Models\BankModel->nilaijoin()
#1 C:\xampp\htdocs\korlantas\vendor\codeigniter4\framework\system\CodeIgniter.php(918): App\Controllers\TestUji->index()
#2 C:\xampp\htdocs\korlantas\vendor\codeigniter4\framework\system\CodeIgniter.php(404): CodeIgniter\CodeIgniter->runController(Object(App\Controllers\TestUji))
#3 C:\xampp\htdocs\korlantas\vendor\codeigniter4\framework\system\CodeIgniter.php(312): CodeIgniter\CodeIgniter->handleRequest(NULL, Object(Config\Cache), false)
#4 C:\xampp\htdocs\korlantas\public\index.php(45): CodeIgniter\CodeIgniter->run()
#5 C:\xampp\htdocs\korlantas\vendor\codeigniter4\framework\system\Commands\Server\rewrite.php(34): require_once('C:\\xampp\\htdocs...')
#6 {main}
CRITICAL - 2021-02-27 03:34:02 --> Call to undefined method App\Models\BankModel::nilaijoin
#0 C:\xampp\htdocs\korlantas\app\Controllers\TestUji.php(16): CodeIgniter\Model->__call('nilaijoin', Array)
#1 C:\xampp\htdocs\korlantas\vendor\codeigniter4\framework\system\CodeIgniter.php(918): App\Controllers\TestUji->index()
#2 C:\xampp\htdocs\korlantas\vendor\codeigniter4\framework\system\CodeIgniter.php(404): CodeIgniter\CodeIgniter->runController(Object(App\Controllers\TestUji))
#3 C:\xampp\htdocs\korlantas\vendor\codeigniter4\framework\system\CodeIgniter.php(312): CodeIgniter\CodeIgniter->handleRequest(NULL, Object(Config\Cache), false)
#4 C:\xampp\htdocs\korlantas\public\index.php(45): CodeIgniter\CodeIgniter->run()
#5 C:\xampp\htdocs\korlantas\vendor\codeigniter4\framework\system\Commands\Server\rewrite.php(34): require_once('C:\\xampp\\htdocs...')
#6 {main}
CRITICAL - 2021-02-27 03:34:09 --> Call to undefined method CodeIgniter\Database\MySQLi\Connection::get()
#0 C:\xampp\htdocs\korlantas\app\Controllers\TestUji.php(16): App\Models\BankModel->get_news()
#1 C:\xampp\htdocs\korlantas\vendor\codeigniter4\framework\system\CodeIgniter.php(918): App\Controllers\TestUji->index()
#2 C:\xampp\htdocs\korlantas\vendor\codeigniter4\framework\system\CodeIgniter.php(404): CodeIgniter\CodeIgniter->runController(Object(App\Controllers\TestUji))
#3 C:\xampp\htdocs\korlantas\vendor\codeigniter4\framework\system\CodeIgniter.php(312): CodeIgniter\CodeIgniter->handleRequest(NULL, Object(Config\Cache), false)
#4 C:\xampp\htdocs\korlantas\public\index.php(45): CodeIgniter\CodeIgniter->run()
#5 C:\xampp\htdocs\korlantas\vendor\codeigniter4\framework\system\Commands\Server\rewrite.php(34): require_once('C:\\xampp\\htdocs...')
#6 {main}
CRITICAL - 2021-02-27 03:34:19 --> Argument 1 passed to CodeIgniter\Database\BaseBuilder::get() must be of the type int or null, string given, called in C:\xampp\htdocs\korlantas\vendor\codeigniter4\framework\system\Model.php on line 1818
#0 C:\xampp\htdocs\korlantas\vendor\codeigniter4\framework\system\Model.php(1818): CodeIgniter\Database\BaseBuilder->get('tb_soal')
#1 C:\xampp\htdocs\korlantas\app\Models\BankModel.php(29): CodeIgniter\Model->__call('get', Array)
#2 C:\xampp\htdocs\korlantas\app\Controllers\TestUji.php(16): App\Models\BankModel->get_news()
#3 C:\xampp\htdocs\korlantas\vendor\codeigniter4\framework\system\CodeIgniter.php(918): App\Controllers\TestUji->index()
#4 C:\xampp\htdocs\korlantas\vendor\codeigniter4\framework\system\CodeIgniter.php(404): CodeIgniter\CodeIgniter->runController(Object(App\Controllers\TestUji))
#5 C:\xampp\htdocs\korlantas\vendor\codeigniter4\framework\system\CodeIgniter.php(312): CodeIgniter\CodeIgniter->handleRequest(NULL, Object(Config\Cache), false)
#6 C:\xampp\htdocs\korlantas\public\index.php(45): CodeIgniter\CodeIgniter->run()
#7 C:\xampp\htdocs\korlantas\vendor\codeigniter4\framework\system\Commands\Server\rewrite.php(34): require_once('C:\\xampp\\htdocs...')
#8 {main}
CRITICAL - 2021-02-27 03:38:04 --> Argument 1 passed to CodeIgniter\Database\BaseBuilder::get() must be of the type int or null, string given, called in C:\xampp\htdocs\korlantas\vendor\codeigniter4\framework\system\Model.php on line 1818
#0 C:\xampp\htdocs\korlantas\vendor\codeigniter4\framework\system\Model.php(1818): CodeIgniter\Database\BaseBuilder->get('tb_soal')
#1 C:\xampp\htdocs\korlantas\app\Models\BankModel.php(29): CodeIgniter\Model->__call('get', Array)
#2 C:\xampp\htdocs\korlantas\app\Controllers\TestUji.php(16): App\Models\BankModel->get_news()
#3 C:\xampp\htdocs\korlantas\vendor\codeigniter4\framework\system\CodeIgniter.php(918): App\Controllers\TestUji->index()
#4 C:\xampp\htdocs\korlantas\vendor\codeigniter4\framework\system\CodeIgniter.php(404): CodeIgniter\CodeIgniter->runController(Object(App\Controllers\TestUji))
#5 C:\xampp\htdocs\korlantas\vendor\codeigniter4\framework\system\CodeIgniter.php(312): CodeIgniter\CodeIgniter->handleRequest(NULL, Object(Config\Cache), false)
#6 C:\xampp\htdocs\korlantas\public\index.php(45): CodeIgniter\CodeIgniter->run()
#7 C:\xampp\htdocs\korlantas\vendor\codeigniter4\framework\system\Commands\Server\rewrite.php(34): require_once('C:\\xampp\\htdocs...')
#8 {main}
CRITICAL - 2021-02-27 03:44:10 --> Too few arguments to function App\Models\BankModel::getBankId(), 0 passed in C:\xampp\htdocs\korlantas\app\Controllers\TestUji.php on line 16 and exactly 1 expected
#0 C:\xampp\htdocs\korlantas\app\Controllers\TestUji.php(16): App\Models\BankModel->getBankId()
#1 C:\xampp\htdocs\korlantas\vendor\codeigniter4\framework\system\CodeIgniter.php(918): App\Controllers\TestUji->index()
#2 C:\xampp\htdocs\korlantas\vendor\codeigniter4\framework\system\CodeIgniter.php(404): CodeIgniter\CodeIgniter->runController(Object(App\Controllers\TestUji))
#3 C:\xampp\htdocs\korlantas\vendor\codeigniter4\framework\system\CodeIgniter.php(312): CodeIgniter\CodeIgniter->handleRequest(NULL, Object(Config\Cache), false)
#4 C:\xampp\htdocs\korlantas\public\index.php(45): CodeIgniter\CodeIgniter->run()
#5 C:\xampp\htdocs\korlantas\vendor\codeigniter4\framework\system\Commands\Server\rewrite.php(34): require_once('C:\\xampp\\htdocs...')
#6 {main}
CRITICAL - 2021-02-27 03:44:17 --> Too few arguments to function App\Models\BankModel::getBankId(), 0 passed in C:\xampp\htdocs\korlantas\app\Controllers\TestUji.php on line 16 and exactly 1 expected
#0 C:\xampp\htdocs\korlantas\app\Controllers\TestUji.php(16): App\Models\BankModel->getBankId()
#1 C:\xampp\htdocs\korlantas\vendor\codeigniter4\framework\system\CodeIgniter.php(918): App\Controllers\TestUji->index()
#2 C:\xampp\htdocs\korlantas\vendor\codeigniter4\framework\system\CodeIgniter.php(404): CodeIgniter\CodeIgniter->runController(Object(App\Controllers\TestUji))
#3 C:\xampp\htdocs\korlantas\vendor\codeigniter4\framework\system\CodeIgniter.php(312): CodeIgniter\CodeIgniter->handleRequest(NULL, Object(Config\Cache), false)
#4 C:\xampp\htdocs\korlantas\public\index.php(45): CodeIgniter\CodeIgniter->run()
#5 C:\xampp\htdocs\korlantas\vendor\codeigniter4\framework\system\Commands\Server\rewrite.php(34): require_once('C:\\xampp\\htdocs...')
#6 {main}
CRITICAL - 2021-02-27 04:02:55 --> Undefined variable: data
#0 C:\xampp\htdocs\korlantas\app\Views\admin\testuji.php(26): CodeIgniter\Debug\Exceptions->errorHandler(8, 'Undefined varia...', 'C:\\xampp\\htdocs...', 26, Array)
#1 C:\xampp\htdocs\korlantas\vendor\codeigniter4\framework\system\View\View.php(246): include('C:\\xampp\\htdocs...')
#2 C:\xampp\htdocs\korlantas\vendor\codeigniter4\framework\system\Common.php(1119): CodeIgniter\View\View->render('admin/testuji', Array, true)
#3 C:\xampp\htdocs\korlantas\app\Views\admin\_partials\content.php(5): view('admin/testuji')
#4 C:\xampp\htdocs\korlantas\app\Views\admin\_partials\wrappertest.php(9): require_once('C:\\xampp\\htdocs...')
#5 C:\xampp\htdocs\korlantas\vendor\codeigniter4\framework\system\View\View.php(246): include('C:\\xampp\\htdocs...')
#6 C:\xampp\htdocs\korlantas\vendor\codeigniter4\framework\system\Common.php(1119): CodeIgniter\View\View->render('admin/_partials...', Array, true)
#7 C:\xampp\htdocs\korlantas\app\Controllers\TestUji.php(22): view('admin/_partials...', Array)
#8 C:\xampp\htdocs\korlantas\vendor\codeigniter4\framework\system\CodeIgniter.php(918): App\Controllers\TestUji->index()
#9 C:\xampp\htdocs\korlantas\vendor\codeigniter4\framework\system\CodeIgniter.php(404): CodeIgniter\CodeIgniter->runController(Object(App\Controllers\TestUji))
#10 C:\xampp\htdocs\korlantas\vendor\codeigniter4\framework\system\CodeIgniter.php(312): CodeIgniter\CodeIgniter->handleRequest(NULL, Object(Config\Cache), false)
#11 C:\xampp\htdocs\korlantas\public\index.php(45): CodeIgniter\CodeIgniter->run()
#12 C:\xampp\htdocs\korlantas\vendor\codeigniter4\framework\system\Commands\Server\rewrite.php(34): require_once('C:\\xampp\\htdocs...')
#13 {main}
CRITICAL - 2021-02-27 04:03:09 --> Undefined variable: data
#0 C:\xampp\htdocs\korlantas\app\Views\admin\testuji.php(23): CodeIgniter\Debug\Exceptions->errorHandler(8, 'Undefined varia...', 'C:\\xampp\\htdocs...', 23, Array)
#1 C:\xampp\htdocs\korlantas\vendor\codeigniter4\framework\system\View\View.php(246): include('C:\\xampp\\htdocs...')
#2 C:\xampp\htdocs\korlantas\vendor\codeigniter4\framework\system\Common.php(1119): CodeIgniter\View\View->render('admin/testuji', Array, true)
#3 C:\xampp\htdocs\korlantas\app\Views\admin\_partials\content.php(5): view('admin/testuji')
#4 C:\xampp\htdocs\korlantas\app\Views\admin\_partials\wrappertest.php(9): require_once('C:\\xampp\\htdocs...')
#5 C:\xampp\htdocs\korlantas\vendor\codeigniter4\framework\system\View\View.php(246): include('C:\\xampp\\htdocs...')
#6 C:\xampp\htdocs\korlantas\vendor\codeigniter4\framework\system\Common.php(1119): CodeIgniter\View\View->render('admin/_partials...', Array, true)
#7 C:\xampp\htdocs\korlantas\app\Controllers\TestUji.php(22): view('admin/_partials...', Array)
#8 C:\xampp\htdocs\korlantas\vendor\codeigniter4\framework\system\CodeIgniter.php(918): App\Controllers\TestUji->index()
#9 C:\xampp\htdocs\korlantas\vendor\codeigniter4\framework\system\CodeIgniter.php(404): CodeIgniter\CodeIgniter->runController(Object(App\Controllers\TestUji))
#10 C:\xampp\htdocs\korlantas\vendor\codeigniter4\framework\system\CodeIgniter.php(312): CodeIgniter\CodeIgniter->handleRequest(NULL, Object(Config\Cache), false)
#11 C:\xampp\htdocs\korlantas\public\index.php(45): CodeIgniter\CodeIgniter->run()
#12 C:\xampp\htdocs\korlantas\vendor\codeigniter4\framework\system\Commands\Server\rewrite.php(34): require_once('C:\\xampp\\htdocs...')
#13 {main}
CRITICAL - 2021-02-27 04:04:08 --> Undefined index: file
#0 C:\xampp\htdocs\korlantas\app\Views\admin\testuji.php(31): CodeIgniter\Debug\Exceptions->errorHandler(8, 'Undefined index...', 'C:\\xampp\\htdocs...', 31, Array)
#1 C:\xampp\htdocs\korlantas\vendor\codeigniter4\framework\system\View\View.php(246): include('C:\\xampp\\htdocs...')
#2 C:\xampp\htdocs\korlantas\vendor\codeigniter4\framework\system\Common.php(1119): CodeIgniter\View\View->render('admin/testuji', Array, true)
#3 C:\xampp\htdocs\korlantas\app\Views\admin\_partials\content.php(5): view('admin/testuji')
#4 C:\xampp\htdocs\korlantas\app\Views\admin\_partials\wrappertest.php(9): require_once('C:\\xampp\\htdocs...')
#5 C:\xampp\htdocs\korlantas\vendor\codeigniter4\framework\system\View\View.php(246): include('C:\\xampp\\htdocs...')
#6 C:\xampp\htdocs\korlantas\vendor\codeigniter4\framework\system\Common.php(1119): CodeIgniter\View\View->render('admin/_partials...', Array, true)
#7 C:\xampp\htdocs\korlantas\app\Controllers\TestUji.php(22): view('admin/_partials...', Array)
#8 C:\xampp\htdocs\korlantas\vendor\codeigniter4\framework\system\CodeIgniter.php(918): App\Controllers\TestUji->index()
#9 C:\xampp\htdocs\korlantas\vendor\codeigniter4\framework\system\CodeIgniter.php(404): CodeIgniter\CodeIgniter->runController(Object(App\Controllers\TestUji))
#10 C:\xampp\htdocs\korlantas\vendor\codeigniter4\framework\system\CodeIgniter.php(312): CodeIgniter\CodeIgniter->handleRequest(NULL, Object(Config\Cache), false)
#11 C:\xampp\htdocs\korlantas\public\index.php(45): CodeIgniter\CodeIgniter->run()
#12 C:\xampp\htdocs\korlantas\vendor\codeigniter4\framework\system\Commands\Server\rewrite.php(34): require_once('C:\\xampp\\htdocs...')
#13 {main}
CRITICAL - 2021-02-27 04:07:55 --> Undefined variable: data
#0 C:\xampp\htdocs\korlantas\app\Views\admin\testuji.php(28): CodeIgniter\Debug\Exceptions->errorHandler(8, 'Undefined varia...', 'C:\\xampp\\htdocs...', 28, Array)
#1 C:\xampp\htdocs\korlantas\vendor\codeigniter4\framework\system\View\View.php(246): include('C:\\xampp\\htdocs...')
#2 C:\xampp\htdocs\korlantas\vendor\codeigniter4\framework\system\Common.php(1119): CodeIgniter\View\View->render('admin/testuji', Array, true)
#3 C:\xampp\htdocs\korlantas\app\Views\admin\_partials\content.php(5): view('admin/testuji')
#4 C:\xampp\htdocs\korlantas\app\Views\admin\_partials\wrappertest.php(9): require_once('C:\\xampp\\htdocs...')
#5 C:\xampp\htdocs\korlantas\vendor\codeigniter4\framework\system\View\View.php(246): include('C:\\xampp\\htdocs...')
#6 C:\xampp\htdocs\korlantas\vendor\codeigniter4\framework\system\Common.php(1119): CodeIgniter\View\View->render('admin/_partials...', Array, true)
#7 C:\xampp\htdocs\korlantas\app\Controllers\TestUji.php(22): view('admin/_partials...', Array)
#8 C:\xampp\htdocs\korlantas\vendor\codeigniter4\framework\system\CodeIgniter.php(918): App\Controllers\TestUji->index()
#9 C:\xampp\htdocs\korlantas\vendor\codeigniter4\framework\system\CodeIgniter.php(404): CodeIgniter\CodeIgniter->runController(Object(App\Controllers\TestUji))
#10 C:\xampp\htdocs\korlantas\vendor\codeigniter4\framework\system\CodeIgniter.php(312): CodeIgniter\CodeIgniter->handleRequest(NULL, Object(Config\Cache), false)
#11 C:\xampp\htdocs\korlantas\public\index.php(45): CodeIgniter\CodeIgniter->run()
#12 C:\xampp\htdocs\korlantas\vendor\codeigniter4\framework\system\Commands\Server\rewrite.php(34): require_once('C:\\xampp\\htdocs...')
#13 {main}
CRITICAL - 2021-02-27 04:09:37 --> Undefined variable: s
#0 C:\xampp\htdocs\korlantas\app\Views\admin\testuji.php(27): CodeIgniter\Debug\Exceptions->errorHandler(8, 'Undefined varia...', 'C:\\xampp\\htdocs...', 27, Array)
#1 C:\xampp\htdocs\korlantas\vendor\codeigniter4\framework\system\View\View.php(246): include('C:\\xampp\\htdocs...')
#2 C:\xampp\htdocs\korlantas\vendor\codeigniter4\framework\system\Common.php(1119): CodeIgniter\View\View->render('admin/testuji', Array, true)
#3 C:\xampp\htdocs\korlantas\app\Views\admin\_partials\content.php(5): view('admin/testuji')
#4 C:\xampp\htdocs\korlantas\app\Views\admin\_partials\wrappertest.php(9): require_once('C:\\xampp\\htdocs...')
#5 C:\xampp\htdocs\korlantas\vendor\codeigniter4\framework\system\View\View.php(246): include('C:\\xampp\\htdocs...')
#6 C:\xampp\htdocs\korlantas\vendor\codeigniter4\framework\system\Common.php(1119): CodeIgniter\View\View->render('admin/_partials...', Array, true)
#7 C:\xampp\htdocs\korlantas\app\Controllers\TestUji.php(22): view('admin/_partials...', Array)
#8 C:\xampp\htdocs\korlantas\vendor\codeigniter4\framework\system\CodeIgniter.php(918): App\Controllers\TestUji->index()
#9 C:\xampp\htdocs\korlantas\vendor\codeigniter4\framework\system\CodeIgniter.php(404): CodeIgniter\CodeIgniter->runController(Object(App\Controllers\TestUji))
#10 C:\xampp\htdocs\korlantas\vendor\codeigniter4\framework\system\CodeIgniter.php(312): CodeIgniter\CodeIgniter->handleRequest(NULL, Object(Config\Cache), false)
#11 C:\xampp\htdocs\korlantas\public\index.php(45): CodeIgniter\CodeIgniter->run()
#12 C:\xampp\htdocs\korlantas\vendor\codeigniter4\framework\system\Commands\Server\rewrite.php(34): require_once('C:\\xampp\\htdocs...')
#13 {main}
CRITICAL - 2021-02-27 04:33:52 --> Array to string conversion
#0 C:\xampp\htdocs\korlantas\vendor\codeigniter4\framework\system\View\View.php(246): CodeIgniter\Debug\Exceptions->errorHandler(8, 'Array to string...', 'C:\\xampp\\htdocs...', 33, Array)
#1 C:\xampp\htdocs\korlantas\vendor\codeigniter4\framework\system\View\View.php(246): include()
#2 C:\xampp\htdocs\korlantas\vendor\codeigniter4\framework\system\Common.php(1119): CodeIgniter\View\View->render('admin/testuji', Array, true)
#3 C:\xampp\htdocs\korlantas\app\Views\admin\_partials\content.php(5): view('admin/testuji')
#4 C:\xampp\htdocs\korlantas\app\Views\admin\_partials\wrappertest.php(9): require_once('C:\\xampp\\htdocs...')
#5 C:\xampp\htdocs\korlantas\vendor\codeigniter4\framework\system\View\View.php(246): include('C:\\xampp\\htdocs...')
#6 C:\xampp\htdocs\korlantas\vendor\codeigniter4\framework\system\Common.php(1119): CodeIgniter\View\View->render('admin/_partials...', Array, true)
#7 C:\xampp\htdocs\korlantas\app\Controllers\TestUji.php(22): view('admin/_partials...', Array)
#8 C:\xampp\htdocs\korlantas\vendor\codeigniter4\framework\system\CodeIgniter.php(918): App\Controllers\TestUji->index()
#9 C:\xampp\htdocs\korlantas\vendor\codeigniter4\framework\system\CodeIgniter.php(404): CodeIgniter\CodeIgniter->runController(Object(App\Controllers\TestUji))
#10 C:\xampp\htdocs\korlantas\vendor\codeigniter4\framework\system\CodeIgniter.php(312): CodeIgniter\CodeIgniter->handleRequest(NULL, Object(Config\Cache), false)
#11 C:\xampp\htdocs\korlantas\public\index.php(45): CodeIgniter\CodeIgniter->run()
#12 C:\xampp\htdocs\korlantas\vendor\codeigniter4\framework\system\Commands\Server\rewrite.php(34): require_once('C:\\xampp\\htdocs...')
#13 {main}
CRITICAL - 2021-02-27 10:24:07 --> Undefined index: name
#0 C:\xampp\htdocs\korlantas\app\Views\penguji_view.php(91): CodeIgniter\Debug\Exceptions->errorHandler(8, 'Undefined index...', 'C:\\xampp\\htdocs...', 91, Array)
#1 C:\xampp\htdocs\korlantas\vendor\codeigniter4\framework\system\View\View.php(246): include('C:\\xampp\\htdocs...')
#2 C:\xampp\htdocs\korlantas\vendor\codeigniter4\framework\system\Common.php(1119): CodeIgniter\View\View->render('penguji_view', Array, true)
#3 C:\xampp\htdocs\korlantas\app\Views\admin\_partials\content.php(5): view('penguji_view')
#4 C:\xampp\htdocs\korlantas\app\Views\admin\_partials\wrapper.php(10): require_once('C:\\xampp\\htdocs...')
#5 C:\xampp\htdocs\korlantas\vendor\codeigniter4\framework\system\View\View.php(246): include('C:\\xampp\\htdocs...')
#6 C:\xampp\htdocs\korlantas\vendor\codeigniter4\framework\system\Common.php(1119): CodeIgniter\View\View->render('admin/_partials...', Array, true)
#7 C:\xampp\htdocs\korlantas\app\Controllers\Master_data_penguji.php(26): view('admin/_partials...', Array)
#8 C:\xampp\htdocs\korlantas\vendor\codeigniter4\framework\system\CodeIgniter.php(918): App\Controllers\Master_data_penguji->index()
#9 C:\xampp\htdocs\korlantas\vendor\codeigniter4\framework\system\CodeIgniter.php(404): CodeIgniter\CodeIgniter->runController(Object(App\Controllers\Master_data_penguji))
#10 C:\xampp\htdocs\korlantas\vendor\codeigniter4\framework\system\CodeIgniter.php(312): CodeIgniter\CodeIgniter->handleRequest(NULL, Object(Config\Cache), false)
#11 C:\xampp\htdocs\korlantas\public\index.php(45): CodeIgniter\CodeIgniter->run()
#12 C:\xampp\htdocs\korlantas\vendor\codeigniter4\framework\system\Commands\Server\rewrite.php(34): require_once('C:\\xampp\\htdocs...')
#13 {main}
