CRITICAL - 2021-06-06 21:05:17 --> Unable to connect to the database.
#0 C:\xampp\htdocs\ejb\vendor\codeigniter4\framework\system\Database\BaseConnection.php(646): CodeIgniter\Database\BaseConnection->initialize()
#1 C:\xampp\htdocs\ejb\vendor\codeigniter4\framework\system\Database\BaseBuilder.php(1860): CodeIgniter\Database\BaseConnection->query('SELECT *\nFROM `...', Array, false)
#2 C:\xampp\htdocs\ejb\vendor\codeigniter4\framework\system\Model.php(1818): CodeIgniter\Database\BaseBuilder->get()
#3 C:\xampp\htdocs\ejb\app\Models\CmsModel.php(104): CodeIgniter\Model->__call('get', Array)
#4 C:\xampp\htdocs\ejb\app\Controllers\Index.php(11): App\Models\CmsModel->head()
#5 C:\xampp\htdocs\ejb\vendor\codeigniter4\framework\system\CodeIgniter.php(918): App\Controllers\Index->index()
#6 C:\xampp\htdocs\ejb\vendor\codeigniter4\framework\system\CodeIgniter.php(404): CodeIgniter\CodeIgniter->runController(Object(App\Controllers\Index))
#7 C:\xampp\htdocs\ejb\vendor\codeigniter4\framework\system\CodeIgniter.php(312): CodeIgniter\CodeIgniter->handleRequest(NULL, Object(Config\Cache), false)
#8 C:\xampp\htdocs\ejb\public\index.php(45): CodeIgniter\CodeIgniter->run()
#9 C:\xampp\htdocs\ejb\vendor\codeigniter4\framework\system\Commands\Server\rewrite.php(34): require_once('C:\\xampp\\htdocs...')
#10 {main}
CRITICAL - 2021-06-06 21:10:28 --> You do not have sufficient permissions to access that page.
#0 C:\xampp\htdocs\ejb\vendor\codeigniter4\framework\system\Filters\Filters.php(173): Myth\Auth\Filters\RoleFilter->before(Object(CodeIgniter\HTTP\IncomingRequest), Array)
#1 C:\xampp\htdocs\ejb\vendor\codeigniter4\framework\system\CodeIgniter.php(382): CodeIgniter\Filters\Filters->run('dashboard', 'before')
#2 C:\xampp\htdocs\ejb\vendor\codeigniter4\framework\system\CodeIgniter.php(312): CodeIgniter\CodeIgniter->handleRequest(NULL, Object(Config\Cache), false)
#3 C:\xampp\htdocs\ejb\public\index.php(45): CodeIgniter\CodeIgniter->run()
#4 C:\xampp\htdocs\ejb\vendor\codeigniter4\framework\system\Commands\Server\rewrite.php(34): require_once('C:\\xampp\\htdocs...')
#5 {main}
CRITICAL - 2021-06-06 21:11:40 --> You do not have sufficient permissions to access that page.
#0 C:\xampp\htdocs\ejb\vendor\codeigniter4\framework\system\Filters\Filters.php(173): Myth\Auth\Filters\RoleFilter->before(Object(CodeIgniter\HTTP\IncomingRequest), Array)
#1 C:\xampp\htdocs\ejb\vendor\codeigniter4\framework\system\CodeIgniter.php(382): CodeIgniter\Filters\Filters->run('dashboard', 'before')
#2 C:\xampp\htdocs\ejb\vendor\codeigniter4\framework\system\CodeIgniter.php(312): CodeIgniter\CodeIgniter->handleRequest(NULL, Object(Config\Cache), false)
#3 C:\xampp\htdocs\ejb\public\index.php(45): CodeIgniter\CodeIgniter->run()
#4 C:\xampp\htdocs\ejb\vendor\codeigniter4\framework\system\Commands\Server\rewrite.php(34): require_once('C:\\xampp\\htdocs...')
#5 {main}
