CRITICAL - 2021-03-07 01:31:06 --> Undefined index: user_id
#0 C:\xampp\htdocs\korlantas\app\Views\admin\praktik\p_motor.php(8): CodeIgniter\Debug\Exceptions->errorHandler(8, 'Undefined index...', 'C:\\xampp\\htdocs...', 8, Array)
#1 C:\xampp\htdocs\korlantas\vendor\codeigniter4\framework\system\View\View.php(246): include('C:\\xampp\\htdocs...')
#2 C:\xampp\htdocs\korlantas\vendor\codeigniter4\framework\system\Common.php(1119): CodeIgniter\View\View->render('admin/praktik/p...', Array, true)
#3 C:\xampp\htdocs\korlantas\app\Views\admin\_partials\content.php(5): view('admin/praktik/p...')
#4 C:\xampp\htdocs\korlantas\app\Views\admin\_partials\wrappertest.php(9): require_once('C:\\xampp\\htdocs...')
#5 C:\xampp\htdocs\korlantas\vendor\codeigniter4\framework\system\View\View.php(246): include('C:\\xampp\\htdocs...')
#6 C:\xampp\htdocs\korlantas\vendor\codeigniter4\framework\system\Common.php(1119): CodeIgniter\View\View->render('admin/_partials...', Array, true)
#7 C:\xampp\htdocs\korlantas\app\Controllers\Master_data_peserta_motor.php(41): view('admin/_partials...', Array)
#8 C:\xampp\htdocs\korlantas\vendor\codeigniter4\framework\system\CodeIgniter.php(918): App\Controllers\Master_data_peserta_motor->p2('123321')
#9 C:\xampp\htdocs\korlantas\vendor\codeigniter4\framework\system\CodeIgniter.php(404): CodeIgniter\CodeIgniter->runController(Object(App\Controllers\Master_data_peserta_motor))
#10 C:\xampp\htdocs\korlantas\vendor\codeigniter4\framework\system\CodeIgniter.php(312): CodeIgniter\CodeIgniter->handleRequest(NULL, Object(Config\Cache), false)
#11 C:\xampp\htdocs\korlantas\public\index.php(45): CodeIgniter\CodeIgniter->run()
#12 C:\xampp\htdocs\korlantas\vendor\codeigniter4\framework\system\Commands\Server\rewrite.php(34): require_once('C:\\xampp\\htdocs...')
#13 {main}
CRITICAL - 2021-03-07 01:34:46 --> Undefined index: user_id
#0 C:\xampp\htdocs\korlantas\app\Views\admin\praktik\p_motor.php(8): CodeIgniter\Debug\Exceptions->errorHandler(8, 'Undefined index...', 'C:\\xampp\\htdocs...', 8, Array)
#1 C:\xampp\htdocs\korlantas\vendor\codeigniter4\framework\system\View\View.php(246): include('C:\\xampp\\htdocs...')
#2 C:\xampp\htdocs\korlantas\vendor\codeigniter4\framework\system\Common.php(1119): CodeIgniter\View\View->render('admin/praktik/p...', Array, true)
#3 C:\xampp\htdocs\korlantas\app\Views\admin\_partials\content.php(5): view('admin/praktik/p...')
#4 C:\xampp\htdocs\korlantas\app\Views\admin\_partials\wrappertest.php(9): require_once('C:\\xampp\\htdocs...')
#5 C:\xampp\htdocs\korlantas\vendor\codeigniter4\framework\system\View\View.php(246): include('C:\\xampp\\htdocs...')
#6 C:\xampp\htdocs\korlantas\vendor\codeigniter4\framework\system\Common.php(1119): CodeIgniter\View\View->render('admin/_partials...', Array, true)
#7 C:\xampp\htdocs\korlantas\app\Controllers\Master_data_peserta_motor.php(41): view('admin/_partials...', Array)
#8 C:\xampp\htdocs\korlantas\vendor\codeigniter4\framework\system\CodeIgniter.php(918): App\Controllers\Master_data_peserta_motor->p2('123321')
#9 C:\xampp\htdocs\korlantas\vendor\codeigniter4\framework\system\CodeIgniter.php(404): CodeIgniter\CodeIgniter->runController(Object(App\Controllers\Master_data_peserta_motor))
#10 C:\xampp\htdocs\korlantas\vendor\codeigniter4\framework\system\CodeIgniter.php(312): CodeIgniter\CodeIgniter->handleRequest(NULL, Object(Config\Cache), false)
#11 C:\xampp\htdocs\korlantas\public\index.php(45): CodeIgniter\CodeIgniter->run()
#12 C:\xampp\htdocs\korlantas\vendor\codeigniter4\framework\system\Commands\Server\rewrite.php(34): require_once('C:\\xampp\\htdocs...')
#13 {main}
CRITICAL - 2021-03-07 02:00:52 --> Undefined variable: bank2
#0 C:\xampp\htdocs\korlantas\app\Views\admin\praktik\p_motor.php(7): CodeIgniter\Debug\Exceptions->errorHandler(8, 'Undefined varia...', 'C:\\xampp\\htdocs...', 7, Array)
#1 C:\xampp\htdocs\korlantas\vendor\codeigniter4\framework\system\View\View.php(246): include('C:\\xampp\\htdocs...')
#2 C:\xampp\htdocs\korlantas\vendor\codeigniter4\framework\system\Common.php(1119): CodeIgniter\View\View->render('admin/praktik/p...', Array, true)
#3 C:\xampp\htdocs\korlantas\app\Views\admin\_partials\content.php(5): view('admin/praktik/p...')
#4 C:\xampp\htdocs\korlantas\app\Views\admin\_partials\wrappertest.php(9): require_once('C:\\xampp\\htdocs...')
#5 C:\xampp\htdocs\korlantas\vendor\codeigniter4\framework\system\View\View.php(246): include('C:\\xampp\\htdocs...')
#6 C:\xampp\htdocs\korlantas\vendor\codeigniter4\framework\system\Common.php(1119): CodeIgniter\View\View->render('admin/_partials...', Array, true)
#7 C:\xampp\htdocs\korlantas\app\Controllers\Master_data_peserta_motor.php(41): view('admin/_partials...', Array)
#8 C:\xampp\htdocs\korlantas\vendor\codeigniter4\framework\system\CodeIgniter.php(918): App\Controllers\Master_data_peserta_motor->p2('123321')
#9 C:\xampp\htdocs\korlantas\vendor\codeigniter4\framework\system\CodeIgniter.php(404): CodeIgniter\CodeIgniter->runController(Object(App\Controllers\Master_data_peserta_motor))
#10 C:\xampp\htdocs\korlantas\vendor\codeigniter4\framework\system\CodeIgniter.php(312): CodeIgniter\CodeIgniter->handleRequest(NULL, Object(Config\Cache), false)
#11 C:\xampp\htdocs\korlantas\public\index.php(45): CodeIgniter\CodeIgniter->run()
#12 C:\xampp\htdocs\korlantas\vendor\codeigniter4\framework\system\Commands\Server\rewrite.php(34): require_once('C:\\xampp\\htdocs...')
#13 {main}
CRITICAL - 2021-03-07 02:00:52 --> Undefined variable: bank2
#0 C:\xampp\htdocs\korlantas\app\Views\admin\praktik\p_motor.php(7): CodeIgniter\Debug\Exceptions->errorHandler(8, 'Undefined varia...', 'C:\\xampp\\htdocs...', 7, Array)
#1 C:\xampp\htdocs\korlantas\vendor\codeigniter4\framework\system\View\View.php(246): include('C:\\xampp\\htdocs...')
#2 C:\xampp\htdocs\korlantas\vendor\codeigniter4\framework\system\Common.php(1119): CodeIgniter\View\View->render('admin/praktik/p...', Array, true)
#3 C:\xampp\htdocs\korlantas\app\Views\admin\_partials\content.php(5): view('admin/praktik/p...')
#4 C:\xampp\htdocs\korlantas\app\Views\admin\_partials\wrappertest.php(9): require_once('C:\\xampp\\htdocs...')
#5 C:\xampp\htdocs\korlantas\vendor\codeigniter4\framework\system\View\View.php(246): include('C:\\xampp\\htdocs...')
#6 C:\xampp\htdocs\korlantas\vendor\codeigniter4\framework\system\Common.php(1119): CodeIgniter\View\View->render('admin/_partials...', Array, true)
#7 C:\xampp\htdocs\korlantas\app\Controllers\Master_data_peserta_motor.php(41): view('admin/_partials...', Array)
#8 C:\xampp\htdocs\korlantas\vendor\codeigniter4\framework\system\CodeIgniter.php(918): App\Controllers\Master_data_peserta_motor->p2('img', 'undraw_profile....')
#9 C:\xampp\htdocs\korlantas\vendor\codeigniter4\framework\system\CodeIgniter.php(404): CodeIgniter\CodeIgniter->runController(Object(App\Controllers\Master_data_peserta_motor))
#10 C:\xampp\htdocs\korlantas\vendor\codeigniter4\framework\system\CodeIgniter.php(312): CodeIgniter\CodeIgniter->handleRequest(NULL, Object(Config\Cache), false)
#11 C:\xampp\htdocs\korlantas\public\index.php(45): CodeIgniter\CodeIgniter->run()
#12 C:\xampp\htdocs\korlantas\vendor\codeigniter4\framework\system\Commands\Server\rewrite.php(34): require_once('C:\\xampp\\htdocs...')
#13 {main}
CRITICAL - 2021-03-07 04:02:36 --> Undefined index: id_penguji
#0 C:\xampp\htdocs\korlantas\app\Views\admin\dt pst\choice_motor.php(47): CodeIgniter\Debug\Exceptions->errorHandler(8, 'Undefined index...', 'C:\\xampp\\htdocs...', 47, Array)
#1 C:\xampp\htdocs\korlantas\vendor\codeigniter4\framework\system\View\View.php(246): include('C:\\xampp\\htdocs...')
#2 C:\xampp\htdocs\korlantas\vendor\codeigniter4\framework\system\Common.php(1119): CodeIgniter\View\View->render('admin/dt pst/ch...', Array, true)
#3 C:\xampp\htdocs\korlantas\app\Views\admin\_partials\content.php(5): view('admin/dt pst/ch...')
#4 C:\xampp\htdocs\korlantas\app\Views\admin\_partials\wrapper.php(10): require_once('C:\\xampp\\htdocs...')
#5 C:\xampp\htdocs\korlantas\vendor\codeigniter4\framework\system\View\View.php(246): include('C:\\xampp\\htdocs...')
#6 C:\xampp\htdocs\korlantas\vendor\codeigniter4\framework\system\Common.php(1119): CodeIgniter\View\View->render('admin/_partials...', Array, true)
#7 C:\xampp\htdocs\korlantas\app\Controllers\Master_data_peserta_motor.php(20): view('admin/_partials...', Array)
#8 C:\xampp\htdocs\korlantas\vendor\codeigniter4\framework\system\CodeIgniter.php(918): App\Controllers\Master_data_peserta_motor->index()
#9 C:\xampp\htdocs\korlantas\vendor\codeigniter4\framework\system\CodeIgniter.php(404): CodeIgniter\CodeIgniter->runController(Object(App\Controllers\Master_data_peserta_motor))
#10 C:\xampp\htdocs\korlantas\vendor\codeigniter4\framework\system\CodeIgniter.php(312): CodeIgniter\CodeIgniter->handleRequest(NULL, Object(Config\Cache), false)
#11 C:\xampp\htdocs\korlantas\public\index.php(45): CodeIgniter\CodeIgniter->run()
#12 C:\xampp\htdocs\korlantas\vendor\codeigniter4\framework\system\Commands\Server\rewrite.php(34): require_once('C:\\xampp\\htdocs...')
#13 {main}
CRITICAL - 2021-03-07 04:02:59 --> Undefined index: nama_penguji
#0 C:\xampp\htdocs\korlantas\app\Views\admin\dt pst\choice_motor.php(47): CodeIgniter\Debug\Exceptions->errorHandler(8, 'Undefined index...', 'C:\\xampp\\htdocs...', 47, Array)
#1 C:\xampp\htdocs\korlantas\vendor\codeigniter4\framework\system\View\View.php(246): include('C:\\xampp\\htdocs...')
#2 C:\xampp\htdocs\korlantas\vendor\codeigniter4\framework\system\Common.php(1119): CodeIgniter\View\View->render('admin/dt pst/ch...', Array, true)
#3 C:\xampp\htdocs\korlantas\app\Views\admin\_partials\content.php(5): view('admin/dt pst/ch...')
#4 C:\xampp\htdocs\korlantas\app\Views\admin\_partials\wrapper.php(10): require_once('C:\\xampp\\htdocs...')
#5 C:\xampp\htdocs\korlantas\vendor\codeigniter4\framework\system\View\View.php(246): include('C:\\xampp\\htdocs...')
#6 C:\xampp\htdocs\korlantas\vendor\codeigniter4\framework\system\Common.php(1119): CodeIgniter\View\View->render('admin/_partials...', Array, true)
#7 C:\xampp\htdocs\korlantas\app\Controllers\Master_data_peserta_motor.php(20): view('admin/_partials...', Array)
#8 C:\xampp\htdocs\korlantas\vendor\codeigniter4\framework\system\CodeIgniter.php(918): App\Controllers\Master_data_peserta_motor->index()
#9 C:\xampp\htdocs\korlantas\vendor\codeigniter4\framework\system\CodeIgniter.php(404): CodeIgniter\CodeIgniter->runController(Object(App\Controllers\Master_data_peserta_motor))
#10 C:\xampp\htdocs\korlantas\vendor\codeigniter4\framework\system\CodeIgniter.php(312): CodeIgniter\CodeIgniter->handleRequest(NULL, Object(Config\Cache), false)
#11 C:\xampp\htdocs\korlantas\public\index.php(45): CodeIgniter\CodeIgniter->run()
#12 C:\xampp\htdocs\korlantas\vendor\codeigniter4\framework\system\Commands\Server\rewrite.php(34): require_once('C:\\xampp\\htdocs...')
#13 {main}
CRITICAL - 2021-03-07 04:03:15 --> Undefined index: checked_by
#0 C:\xampp\htdocs\korlantas\app\Views\admin\dt pst\choice_motor.php(47): CodeIgniter\Debug\Exceptions->errorHandler(8, 'Undefined index...', 'C:\\xampp\\htdocs...', 47, Array)
#1 C:\xampp\htdocs\korlantas\vendor\codeigniter4\framework\system\View\View.php(246): include('C:\\xampp\\htdocs...')
#2 C:\xampp\htdocs\korlantas\vendor\codeigniter4\framework\system\Common.php(1119): CodeIgniter\View\View->render('admin/dt pst/ch...', Array, true)
#3 C:\xampp\htdocs\korlantas\app\Views\admin\_partials\content.php(5): view('admin/dt pst/ch...')
#4 C:\xampp\htdocs\korlantas\app\Views\admin\_partials\wrapper.php(10): require_once('C:\\xampp\\htdocs...')
#5 C:\xampp\htdocs\korlantas\vendor\codeigniter4\framework\system\View\View.php(246): include('C:\\xampp\\htdocs...')
#6 C:\xampp\htdocs\korlantas\vendor\codeigniter4\framework\system\Common.php(1119): CodeIgniter\View\View->render('admin/_partials...', Array, true)
#7 C:\xampp\htdocs\korlantas\app\Controllers\Master_data_peserta_motor.php(20): view('admin/_partials...', Array)
#8 C:\xampp\htdocs\korlantas\vendor\codeigniter4\framework\system\CodeIgniter.php(918): App\Controllers\Master_data_peserta_motor->index()
#9 C:\xampp\htdocs\korlantas\vendor\codeigniter4\framework\system\CodeIgniter.php(404): CodeIgniter\CodeIgniter->runController(Object(App\Controllers\Master_data_peserta_motor))
#10 C:\xampp\htdocs\korlantas\vendor\codeigniter4\framework\system\CodeIgniter.php(312): CodeIgniter\CodeIgniter->handleRequest(NULL, Object(Config\Cache), false)
#11 C:\xampp\htdocs\korlantas\public\index.php(45): CodeIgniter\CodeIgniter->run()
#12 C:\xampp\htdocs\korlantas\vendor\codeigniter4\framework\system\Commands\Server\rewrite.php(34): require_once('C:\\xampp\\htdocs...')
#13 {main}
CRITICAL - 2021-03-07 07:02:11 --> Undefined index: guidelines_id
#0 C:\xampp\htdocs\korlantas\app\Views\admin\dt pst\choice.php(51): CodeIgniter\Debug\Exceptions->errorHandler(8, 'Undefined index...', 'C:\\xampp\\htdocs...', 51, Array)
#1 C:\xampp\htdocs\korlantas\vendor\codeigniter4\framework\system\View\View.php(246): include('C:\\xampp\\htdocs...')
#2 C:\xampp\htdocs\korlantas\vendor\codeigniter4\framework\system\Common.php(1119): CodeIgniter\View\View->render('admin/dt pst/ch...', Array, true)
#3 C:\xampp\htdocs\korlantas\app\Views\admin\_partials\content.php(5): view('admin/dt pst/ch...')
#4 C:\xampp\htdocs\korlantas\app\Views\admin\_partials\wrapper.php(10): require_once('C:\\xampp\\htdocs...')
#5 C:\xampp\htdocs\korlantas\vendor\codeigniter4\framework\system\View\View.php(246): include('C:\\xampp\\htdocs...')
#6 C:\xampp\htdocs\korlantas\vendor\codeigniter4\framework\system\Common.php(1119): CodeIgniter\View\View->render('admin/_partials...', Array, true)
#7 C:\xampp\htdocs\korlantas\app\Controllers\Master_data_peserta.php(20): view('admin/_partials...', Array)
#8 C:\xampp\htdocs\korlantas\vendor\codeigniter4\framework\system\CodeIgniter.php(918): App\Controllers\Master_data_peserta->index()
#9 C:\xampp\htdocs\korlantas\vendor\codeigniter4\framework\system\CodeIgniter.php(404): CodeIgniter\CodeIgniter->runController(Object(App\Controllers\Master_data_peserta))
#10 C:\xampp\htdocs\korlantas\vendor\codeigniter4\framework\system\CodeIgniter.php(312): CodeIgniter\CodeIgniter->handleRequest(NULL, Object(Config\Cache), false)
#11 C:\xampp\htdocs\korlantas\public\index.php(45): CodeIgniter\CodeIgniter->run()
#12 C:\xampp\htdocs\korlantas\vendor\codeigniter4\framework\system\Commands\Server\rewrite.php(34): require_once('C:\\xampp\\htdocs...')
#13 {main}
CRITICAL - 2021-03-07 07:28:47 --> Too few arguments to function App\Controllers\Master_data_peserta::delete(), 0 passed in C:\xampp\htdocs\korlantas\vendor\codeigniter4\framework\system\CodeIgniter.php on line 918 and exactly 1 expected
#0 C:\xampp\htdocs\korlantas\vendor\codeigniter4\framework\system\CodeIgniter.php(918): App\Controllers\Master_data_peserta->delete()
#1 C:\xampp\htdocs\korlantas\vendor\codeigniter4\framework\system\CodeIgniter.php(404): CodeIgniter\CodeIgniter->runController(Object(App\Controllers\Master_data_peserta))
#2 C:\xampp\htdocs\korlantas\vendor\codeigniter4\framework\system\CodeIgniter.php(312): CodeIgniter\CodeIgniter->handleRequest(NULL, Object(Config\Cache), false)
#3 C:\xampp\htdocs\korlantas\public\index.php(45): CodeIgniter\CodeIgniter->run()
#4 C:\xampp\htdocs\korlantas\vendor\codeigniter4\framework\system\Commands\Server\rewrite.php(34): require_once('C:\\xampp\\htdocs...')
#5 {main}
CRITICAL - 2021-03-07 07:29:13 --> Too few arguments to function App\Controllers\Master_data_peserta::delete(), 0 passed in C:\xampp\htdocs\korlantas\vendor\codeigniter4\framework\system\CodeIgniter.php on line 918 and exactly 1 expected
#0 C:\xampp\htdocs\korlantas\vendor\codeigniter4\framework\system\CodeIgniter.php(918): App\Controllers\Master_data_peserta->delete()
#1 C:\xampp\htdocs\korlantas\vendor\codeigniter4\framework\system\CodeIgniter.php(404): CodeIgniter\CodeIgniter->runController(Object(App\Controllers\Master_data_peserta))
#2 C:\xampp\htdocs\korlantas\vendor\codeigniter4\framework\system\CodeIgniter.php(312): CodeIgniter\CodeIgniter->handleRequest(NULL, Object(Config\Cache), false)
#3 C:\xampp\htdocs\korlantas\public\index.php(45): CodeIgniter\CodeIgniter->run()
#4 C:\xampp\htdocs\korlantas\vendor\codeigniter4\framework\system\Commands\Server\rewrite.php(34): require_once('C:\\xampp\\htdocs...')
#5 {main}
CRITICAL - 2021-03-07 07:29:23 --> Undefined index: nama_category_test
#0 C:\xampp\htdocs\korlantas\app\Views\admin\dt pst\choice.php(39): CodeIgniter\Debug\Exceptions->errorHandler(8, 'Undefined index...', 'C:\\xampp\\htdocs...', 39, Array)
#1 C:\xampp\htdocs\korlantas\vendor\codeigniter4\framework\system\View\View.php(246): include('C:\\xampp\\htdocs...')
#2 C:\xampp\htdocs\korlantas\vendor\codeigniter4\framework\system\Common.php(1119): CodeIgniter\View\View->render('admin/dt pst/ch...', Array, true)
#3 C:\xampp\htdocs\korlantas\app\Views\admin\_partials\content.php(5): view('admin/dt pst/ch...')
#4 C:\xampp\htdocs\korlantas\app\Views\admin\_partials\wrapper.php(10): require_once('C:\\xampp\\htdocs...')
#5 C:\xampp\htdocs\korlantas\vendor\codeigniter4\framework\system\View\View.php(246): include('C:\\xampp\\htdocs...')
#6 C:\xampp\htdocs\korlantas\vendor\codeigniter4\framework\system\Common.php(1119): CodeIgniter\View\View->render('admin/_partials...', Array, true)
#7 C:\xampp\htdocs\korlantas\app\Controllers\Master_data_peserta.php(20): view('admin/_partials...', Array)
#8 C:\xampp\htdocs\korlantas\vendor\codeigniter4\framework\system\CodeIgniter.php(918): App\Controllers\Master_data_peserta->index()
#9 C:\xampp\htdocs\korlantas\vendor\codeigniter4\framework\system\CodeIgniter.php(404): CodeIgniter\CodeIgniter->runController(Object(App\Controllers\Master_data_peserta))
#10 C:\xampp\htdocs\korlantas\vendor\codeigniter4\framework\system\CodeIgniter.php(312): CodeIgniter\CodeIgniter->handleRequest(NULL, Object(Config\Cache), false)
#11 C:\xampp\htdocs\korlantas\public\index.php(45): CodeIgniter\CodeIgniter->run()
#12 C:\xampp\htdocs\korlantas\vendor\codeigniter4\framework\system\Commands\Server\rewrite.php(34): require_once('C:\\xampp\\htdocs...')
#13 {main}
CRITICAL - 2021-03-07 22:17:30 --> Unable to connect to the database.
#0 C:\xampp\htdocs\korlantas\vendor\codeigniter4\framework\system\Database\BaseConnection.php(646): CodeIgniter\Database\BaseConnection->initialize()
#1 C:\xampp\htdocs\korlantas\vendor\codeigniter4\framework\system\Database\BaseBuilder.php(1860): CodeIgniter\Database\BaseConnection->query('SELECT *\nFROM `...', Array, false)
#2 C:\xampp\htdocs\korlantas\vendor\codeigniter4\framework\system\Model.php(506): CodeIgniter\Database\BaseBuilder->get()
#3 C:\xampp\htdocs\korlantas\app\ThirdParty\myth-auth\src\Authentication\LocalAuthenticator.php(156): CodeIgniter\Model->first()
#4 C:\xampp\htdocs\korlantas\app\ThirdParty\myth-auth\src\Authentication\LocalAuthenticator.php(20): Myth\Auth\Authentication\LocalAuthenticator->validate(Array, true)
#5 C:\xampp\htdocs\korlantas\app\ThirdParty\myth-auth\src\Controllers\AuthController.php(90): Myth\Auth\Authentication\LocalAuthenticator->attempt(Array, false)
#6 C:\xampp\htdocs\korlantas\vendor\codeigniter4\framework\system\CodeIgniter.php(918): Myth\Auth\Controllers\AuthController->attemptLogin()
#7 C:\xampp\htdocs\korlantas\vendor\codeigniter4\framework\system\CodeIgniter.php(404): CodeIgniter\CodeIgniter->runController(Object(Myth\Auth\Controllers\AuthController))
#8 C:\xampp\htdocs\korlantas\vendor\codeigniter4\framework\system\CodeIgniter.php(312): CodeIgniter\CodeIgniter->handleRequest(NULL, Object(Config\Cache), false)
#9 C:\xampp\htdocs\korlantas\public\index.php(45): CodeIgniter\CodeIgniter->run()
#10 C:\xampp\htdocs\korlantas\vendor\codeigniter4\framework\system\Commands\Server\rewrite.php(34): require_once('C:\\xampp\\htdocs...')
#11 {main}
CRITICAL - 2021-03-07 22:17:31 --> Uncaught ErrorException: print_r(): Property access is not allowed yet in C:\xampp\htdocs\korlantas\app\Views\errors\html\error_exception.php:100
Stack trace:
#0 [internal function]: CodeIgniter\Debug\Exceptions->errorHandler(2, 'print_r(): Prop...', 'C:\\xampp\\htdocs...', 100, Array)
#1 C:\xampp\htdocs\korlantas\app\Views\errors\html\error_exception.php(100): print_r(Object(Myth\Auth\Controllers\AuthController), true)
#2 C:\xampp\htdocs\korlantas\vendor\codeigniter4\framework\system\Debug\Exceptions.php(308): include('C:\\xampp\\htdocs...')
#3 C:\xampp\htdocs\korlantas\vendor\codeigniter4\framework\system\Debug\Exceptions.php(174): CodeIgniter\Debug\Exceptions->render(Object(CodeIgniter\Database\Exceptions\DatabaseException), 500)
#4 [internal function]: CodeIgniter\Debug\Exceptions->exceptionHandler(Object(CodeIgniter\Database\Exceptions\DatabaseException))
#5 {main}
  thrown
#0 [internal function]: CodeIgniter\Debug\Exceptions->shutdownHandler()
#1 {main}
CRITICAL - 2021-03-07 22:41:56 --> syntax error, unexpected '`'
#0 C:\xampp\htdocs\korlantas\vendor\codeigniter4\framework\system\Common.php(1119): CodeIgniter\View\View->render('admin/user/edit...', Array, true)
#1 C:\xampp\htdocs\korlantas\app\Views\admin\_partials\content.php(5): view('admin/user/edit...')
#2 C:\xampp\htdocs\korlantas\app\Views\admin\_partials\wrapper.php(10): require_once('C:\\xampp\\htdocs...')
#3 C:\xampp\htdocs\korlantas\vendor\codeigniter4\framework\system\View\View.php(246): include('C:\\xampp\\htdocs...')
#4 C:\xampp\htdocs\korlantas\vendor\codeigniter4\framework\system\Common.php(1119): CodeIgniter\View\View->render('admin/_partials...', Array, true)
#5 C:\xampp\htdocs\korlantas\app\Controllers\Role.php(27): view('admin/_partials...', Array)
#6 C:\xampp\htdocs\korlantas\vendor\codeigniter4\framework\system\CodeIgniter.php(918): App\Controllers\Role->edit('5')
#7 C:\xampp\htdocs\korlantas\vendor\codeigniter4\framework\system\CodeIgniter.php(404): CodeIgniter\CodeIgniter->runController(Object(App\Controllers\Role))
#8 C:\xampp\htdocs\korlantas\vendor\codeigniter4\framework\system\CodeIgniter.php(312): CodeIgniter\CodeIgniter->handleRequest(NULL, Object(Config\Cache), false)
#9 C:\xampp\htdocs\korlantas\public\index.php(45): CodeIgniter\CodeIgniter->run()
#10 C:\xampp\htdocs\korlantas\vendor\codeigniter4\framework\system\Commands\Server\rewrite.php(34): require_once('C:\\xampp\\htdocs...')
#11 {main}
CRITICAL - 2021-03-07 22:41:57 --> syntax error, unexpected '`'
#0 C:\xampp\htdocs\korlantas\vendor\codeigniter4\framework\system\Common.php(1119): CodeIgniter\View\View->render('admin/user/edit...', Array, true)
#1 C:\xampp\htdocs\korlantas\app\Views\admin\_partials\content.php(5): view('admin/user/edit...')
#2 C:\xampp\htdocs\korlantas\app\Views\admin\_partials\wrapper.php(10): require_once('C:\\xampp\\htdocs...')
#3 C:\xampp\htdocs\korlantas\vendor\codeigniter4\framework\system\View\View.php(246): include('C:\\xampp\\htdocs...')
#4 C:\xampp\htdocs\korlantas\vendor\codeigniter4\framework\system\Common.php(1119): CodeIgniter\View\View->render('admin/_partials...', Array, true)
#5 C:\xampp\htdocs\korlantas\app\Controllers\Role.php(27): view('admin/_partials...', Array)
#6 C:\xampp\htdocs\korlantas\vendor\codeigniter4\framework\system\CodeIgniter.php(918): App\Controllers\Role->edit('img', 'korlantas.png')
#7 C:\xampp\htdocs\korlantas\vendor\codeigniter4\framework\system\CodeIgniter.php(404): CodeIgniter\CodeIgniter->runController(Object(App\Controllers\Role))
#8 C:\xampp\htdocs\korlantas\vendor\codeigniter4\framework\system\CodeIgniter.php(312): CodeIgniter\CodeIgniter->handleRequest(NULL, Object(Config\Cache), false)
#9 C:\xampp\htdocs\korlantas\public\index.php(45): CodeIgniter\CodeIgniter->run()
#10 C:\xampp\htdocs\korlantas\vendor\codeigniter4\framework\system\Commands\Server\rewrite.php(34): require_once('C:\\xampp\\htdocs...')
#11 {main}
CRITICAL - 2021-03-07 22:41:57 --> syntax error, unexpected '`'
#0 C:\xampp\htdocs\korlantas\vendor\codeigniter4\framework\system\Common.php(1119): CodeIgniter\View\View->render('admin/user/edit...', Array, true)
#1 C:\xampp\htdocs\korlantas\app\Views\admin\_partials\content.php(5): view('admin/user/edit...')
#2 C:\xampp\htdocs\korlantas\app\Views\admin\_partials\wrapper.php(10): require_once('C:\\xampp\\htdocs...')
#3 C:\xampp\htdocs\korlantas\vendor\codeigniter4\framework\system\View\View.php(246): include('C:\\xampp\\htdocs...')
#4 C:\xampp\htdocs\korlantas\vendor\codeigniter4\framework\system\Common.php(1119): CodeIgniter\View\View->render('admin/_partials...', Array, true)
#5 C:\xampp\htdocs\korlantas\app\Controllers\Role.php(27): view('admin/_partials...', Array)
#6 C:\xampp\htdocs\korlantas\vendor\codeigniter4\framework\system\CodeIgniter.php(918): App\Controllers\Role->edit('img', 'undraw_profile....')
#7 C:\xampp\htdocs\korlantas\vendor\codeigniter4\framework\system\CodeIgniter.php(404): CodeIgniter\CodeIgniter->runController(Object(App\Controllers\Role))
#8 C:\xampp\htdocs\korlantas\vendor\codeigniter4\framework\system\CodeIgniter.php(312): CodeIgniter\CodeIgniter->handleRequest(NULL, Object(Config\Cache), false)
#9 C:\xampp\htdocs\korlantas\public\index.php(45): CodeIgniter\CodeIgniter->run()
#10 C:\xampp\htdocs\korlantas\vendor\codeigniter4\framework\system\Commands\Server\rewrite.php(34): require_once('C:\\xampp\\htdocs...')
#11 {main}
CRITICAL - 2021-03-07 23:29:58 --> syntax error, unexpected '165' (T_LNUMBER), expecting ')'
#0 C:\xampp\htdocs\korlantas\vendor\codeigniter4\framework\system\Autoloader\Autoloader.php(296): CodeIgniter\Autoloader\Autoloader->requireFile('C:\\xampp\\htdocs...')
#1 C:\xampp\htdocs\korlantas\vendor\codeigniter4\framework\system\Autoloader\Autoloader.php(258): CodeIgniter\Autoloader\Autoloader->loadInNamespace('App\\Models\\Hasi...')
#2 [internal function]: CodeIgniter\Autoloader\Autoloader->loadClass('App\\Models\\Hasi...')
#3 C:\xampp\htdocs\korlantas\app\Controllers\Master_data_peserta_motor.php(14): spl_autoload_call('App\\Models\\Hasi...')
#4 C:\xampp\htdocs\korlantas\vendor\codeigniter4\framework\system\CodeIgniter.php(918): App\Controllers\Master_data_peserta_motor->index()
#5 C:\xampp\htdocs\korlantas\vendor\codeigniter4\framework\system\CodeIgniter.php(404): CodeIgniter\CodeIgniter->runController(Object(App\Controllers\Master_data_peserta_motor))
#6 C:\xampp\htdocs\korlantas\vendor\codeigniter4\framework\system\CodeIgniter.php(312): CodeIgniter\CodeIgniter->handleRequest(NULL, Object(Config\Cache), false)
#7 C:\xampp\htdocs\korlantas\public\index.php(45): CodeIgniter\CodeIgniter->run()
#8 C:\xampp\htdocs\korlantas\vendor\codeigniter4\framework\system\Commands\Server\rewrite.php(34): require_once('C:\\xampp\\htdocs...')
#9 {main}
