CRITICAL - 2021-03-10 01:54:04 --> Class 'Myth\Auth\Controllers\CategoryTestModel' not found
#0 C:\xampp\htdocs\korlantas\vendor\codeigniter4\framework\system\CodeIgniter.php(918): Myth\Auth\Controllers\AuthController->register()
#1 C:\xampp\htdocs\korlantas\vendor\codeigniter4\framework\system\CodeIgniter.php(404): CodeIgniter\CodeIgniter->runController(Object(Myth\Auth\Controllers\AuthController))
#2 C:\xampp\htdocs\korlantas\vendor\codeigniter4\framework\system\CodeIgniter.php(312): CodeIgniter\CodeIgniter->handleRequest(NULL, Object(Config\Cache), false)
#3 C:\xampp\htdocs\korlantas\public\index.php(45): CodeIgniter\CodeIgniter->run()
#4 C:\xampp\htdocs\korlantas\vendor\codeigniter4\framework\system\Commands\Server\rewrite.php(34): require_once('C:\\xampp\\htdocs...')
#5 {main}
CRITICAL - 2021-03-10 02:31:47 --> Undefined variable: penguji
#0 C:\xampp\htdocs\korlantas\app\Views\welcome_message.php(27): CodeIgniter\Debug\Exceptions->errorHandler(8, 'Undefined varia...', 'C:\\xampp\\htdocs...', 27, Array)
#1 C:\xampp\htdocs\korlantas\vendor\codeigniter4\framework\system\View\View.php(246): include('C:\\xampp\\htdocs...')
#2 C:\xampp\htdocs\korlantas\vendor\codeigniter4\framework\system\Common.php(1119): CodeIgniter\View\View->render('welcome_message', Array, true)
#3 C:\xampp\htdocs\korlantas\app\Views\admin\_partials\content.php(5): view('welcome_message')
#4 C:\xampp\htdocs\korlantas\app\Views\admin\_partials\wrapper.php(10): require_once('C:\\xampp\\htdocs...')
#5 C:\xampp\htdocs\korlantas\vendor\codeigniter4\framework\system\View\View.php(246): include('C:\\xampp\\htdocs...')
#6 C:\xampp\htdocs\korlantas\vendor\codeigniter4\framework\system\Common.php(1119): CodeIgniter\View\View->render('admin/_partials...', Array, true)
#7 C:\xampp\htdocs\korlantas\app\Controllers\Home.php(16): view('admin/_partials...', Array)
#8 C:\xampp\htdocs\korlantas\vendor\codeigniter4\framework\system\CodeIgniter.php(918): App\Controllers\Home->index()
#9 C:\xampp\htdocs\korlantas\vendor\codeigniter4\framework\system\CodeIgniter.php(404): CodeIgniter\CodeIgniter->runController(Object(App\Controllers\Home))
#10 C:\xampp\htdocs\korlantas\vendor\codeigniter4\framework\system\CodeIgniter.php(312): CodeIgniter\CodeIgniter->handleRequest(NULL, Object(Config\Cache), false)
#11 C:\xampp\htdocs\korlantas\public\index.php(45): CodeIgniter\CodeIgniter->run()
#12 C:\xampp\htdocs\korlantas\vendor\codeigniter4\framework\system\Commands\Server\rewrite.php(34): require_once('C:\\xampp\\htdocs...')
#13 {main}
CRITICAL - 2021-03-10 02:32:16 --> Undefined variable: penguji
#0 C:\xampp\htdocs\korlantas\app\Views\welcome_message.php(27): CodeIgniter\Debug\Exceptions->errorHandler(8, 'Undefined varia...', 'C:\\xampp\\htdocs...', 27, Array)
#1 C:\xampp\htdocs\korlantas\vendor\codeigniter4\framework\system\View\View.php(246): include('C:\\xampp\\htdocs...')
#2 C:\xampp\htdocs\korlantas\vendor\codeigniter4\framework\system\Common.php(1119): CodeIgniter\View\View->render('welcome_message', Array, true)
#3 C:\xampp\htdocs\korlantas\app\Views\admin\_partials\content.php(5): view('welcome_message')
#4 C:\xampp\htdocs\korlantas\app\Views\admin\_partials\wrapper.php(10): require_once('C:\\xampp\\htdocs...')
#5 C:\xampp\htdocs\korlantas\vendor\codeigniter4\framework\system\View\View.php(246): include('C:\\xampp\\htdocs...')
#6 C:\xampp\htdocs\korlantas\vendor\codeigniter4\framework\system\Common.php(1119): CodeIgniter\View\View->render('admin/_partials...', Array, true)
#7 C:\xampp\htdocs\korlantas\app\Controllers\Home.php(16): view('admin/_partials...', Array)
#8 C:\xampp\htdocs\korlantas\vendor\codeigniter4\framework\system\CodeIgniter.php(918): App\Controllers\Home->index()
#9 C:\xampp\htdocs\korlantas\vendor\codeigniter4\framework\system\CodeIgniter.php(404): CodeIgniter\CodeIgniter->runController(Object(App\Controllers\Home))
#10 C:\xampp\htdocs\korlantas\vendor\codeigniter4\framework\system\CodeIgniter.php(312): CodeIgniter\CodeIgniter->handleRequest(NULL, Object(Config\Cache), false)
#11 C:\xampp\htdocs\korlantas\public\index.php(45): CodeIgniter\CodeIgniter->run()
#12 C:\xampp\htdocs\korlantas\vendor\codeigniter4\framework\system\Commands\Server\rewrite.php(34): require_once('C:\\xampp\\htdocs...')
#13 {main}
CRITICAL - 2021-03-10 02:33:28 --> Undefined variable: dokumen
#0 C:\xampp\htdocs\korlantas\app\Views\welcome_message.php(27): CodeIgniter\Debug\Exceptions->errorHandler(8, 'Undefined varia...', 'C:\\xampp\\htdocs...', 27, Array)
#1 C:\xampp\htdocs\korlantas\vendor\codeigniter4\framework\system\View\View.php(246): include('C:\\xampp\\htdocs...')
#2 C:\xampp\htdocs\korlantas\vendor\codeigniter4\framework\system\Common.php(1119): CodeIgniter\View\View->render('welcome_message', Array, true)
#3 C:\xampp\htdocs\korlantas\app\Views\admin\_partials\content.php(5): view('welcome_message')
#4 C:\xampp\htdocs\korlantas\app\Views\admin\_partials\wrapper.php(10): require_once('C:\\xampp\\htdocs...')
#5 C:\xampp\htdocs\korlantas\vendor\codeigniter4\framework\system\View\View.php(246): include('C:\\xampp\\htdocs...')
#6 C:\xampp\htdocs\korlantas\vendor\codeigniter4\framework\system\Common.php(1119): CodeIgniter\View\View->render('admin/_partials...', Array, true)
#7 C:\xampp\htdocs\korlantas\app\Controllers\Home.php(16): view('admin/_partials...', Array)
#8 C:\xampp\htdocs\korlantas\vendor\codeigniter4\framework\system\CodeIgniter.php(918): App\Controllers\Home->index()
#9 C:\xampp\htdocs\korlantas\vendor\codeigniter4\framework\system\CodeIgniter.php(404): CodeIgniter\CodeIgniter->runController(Object(App\Controllers\Home))
#10 C:\xampp\htdocs\korlantas\vendor\codeigniter4\framework\system\CodeIgniter.php(312): CodeIgniter\CodeIgniter->handleRequest(NULL, Object(Config\Cache), false)
#11 C:\xampp\htdocs\korlantas\public\index.php(45): CodeIgniter\CodeIgniter->run()
#12 C:\xampp\htdocs\korlantas\vendor\codeigniter4\framework\system\Commands\Server\rewrite.php(34): require_once('C:\\xampp\\htdocs...')
#13 {main}
CRITICAL - 2021-03-10 02:33:39 --> Undefined variable: doc
#0 C:\xampp\htdocs\korlantas\app\Controllers\Home.php(15): CodeIgniter\Debug\Exceptions->errorHandler(8, 'Undefined varia...', 'C:\\xampp\\htdocs...', 15, Array)
#1 C:\xampp\htdocs\korlantas\vendor\codeigniter4\framework\system\CodeIgniter.php(918): App\Controllers\Home->index()
#2 C:\xampp\htdocs\korlantas\vendor\codeigniter4\framework\system\CodeIgniter.php(404): CodeIgniter\CodeIgniter->runController(Object(App\Controllers\Home))
#3 C:\xampp\htdocs\korlantas\vendor\codeigniter4\framework\system\CodeIgniter.php(312): CodeIgniter\CodeIgniter->handleRequest(NULL, Object(Config\Cache), false)
#4 C:\xampp\htdocs\korlantas\public\index.php(45): CodeIgniter\CodeIgniter->run()
#5 C:\xampp\htdocs\korlantas\vendor\codeigniter4\framework\system\Commands\Server\rewrite.php(34): require_once('C:\\xampp\\htdocs...')
#6 {main}
CRITICAL - 2021-03-10 02:34:19 --> Class 'App\Controllers\Penguji_model' not found
#0 C:\xampp\htdocs\korlantas\vendor\codeigniter4\framework\system\CodeIgniter.php(918): App\Controllers\Home->index()
#1 C:\xampp\htdocs\korlantas\vendor\codeigniter4\framework\system\CodeIgniter.php(404): CodeIgniter\CodeIgniter->runController(Object(App\Controllers\Home))
#2 C:\xampp\htdocs\korlantas\vendor\codeigniter4\framework\system\CodeIgniter.php(312): CodeIgniter\CodeIgniter->handleRequest(NULL, Object(Config\Cache), false)
#3 C:\xampp\htdocs\korlantas\public\index.php(45): CodeIgniter\CodeIgniter->run()
#4 C:\xampp\htdocs\korlantas\vendor\codeigniter4\framework\system\Commands\Server\rewrite.php(34): require_once('C:\\xampp\\htdocs...')
#5 {main}
CRITICAL - 2021-03-10 02:34:40 --> Call to undefined method App\Models\UploadModel::getPenguji
#0 C:\xampp\htdocs\korlantas\app\Controllers\Home.php(14): CodeIgniter\Model->__call('getPenguji', Array)
#1 C:\xampp\htdocs\korlantas\vendor\codeigniter4\framework\system\CodeIgniter.php(918): App\Controllers\Home->index()
#2 C:\xampp\htdocs\korlantas\vendor\codeigniter4\framework\system\CodeIgniter.php(404): CodeIgniter\CodeIgniter->runController(Object(App\Controllers\Home))
#3 C:\xampp\htdocs\korlantas\vendor\codeigniter4\framework\system\CodeIgniter.php(312): CodeIgniter\CodeIgniter->handleRequest(NULL, Object(Config\Cache), false)
#4 C:\xampp\htdocs\korlantas\public\index.php(45): CodeIgniter\CodeIgniter->run()
#5 C:\xampp\htdocs\korlantas\vendor\codeigniter4\framework\system\Commands\Server\rewrite.php(34): require_once('C:\\xampp\\htdocs...')
#6 {main}
CRITICAL - 2021-03-10 02:35:09 --> Too few arguments to function App\Models\UploadModel::insert_data(), 0 passed in C:\xampp\htdocs\korlantas\app\Controllers\Home.php on line 14 and exactly 1 expected
#0 C:\xampp\htdocs\korlantas\app\Controllers\Home.php(14): App\Models\UploadModel->insert_data()
#1 C:\xampp\htdocs\korlantas\vendor\codeigniter4\framework\system\CodeIgniter.php(918): App\Controllers\Home->index()
#2 C:\xampp\htdocs\korlantas\vendor\codeigniter4\framework\system\CodeIgniter.php(404): CodeIgniter\CodeIgniter->runController(Object(App\Controllers\Home))
#3 C:\xampp\htdocs\korlantas\vendor\codeigniter4\framework\system\CodeIgniter.php(312): CodeIgniter\CodeIgniter->handleRequest(NULL, Object(Config\Cache), false)
#4 C:\xampp\htdocs\korlantas\public\index.php(45): CodeIgniter\CodeIgniter->run()
#5 C:\xampp\htdocs\korlantas\vendor\codeigniter4\framework\system\Commands\Server\rewrite.php(34): require_once('C:\\xampp\\htdocs...')
#6 {main}
CRITICAL - 2021-03-10 02:36:27 --> Undefined variable: doc
#0 C:\xampp\htdocs\korlantas\app\Controllers\Home.php(17): CodeIgniter\Debug\Exceptions->errorHandler(8, 'Undefined varia...', 'C:\\xampp\\htdocs...', 17, Array)
#1 C:\xampp\htdocs\korlantas\vendor\codeigniter4\framework\system\CodeIgniter.php(918): App\Controllers\Home->index()
#2 C:\xampp\htdocs\korlantas\vendor\codeigniter4\framework\system\CodeIgniter.php(404): CodeIgniter\CodeIgniter->runController(Object(App\Controllers\Home))
#3 C:\xampp\htdocs\korlantas\vendor\codeigniter4\framework\system\CodeIgniter.php(312): CodeIgniter\CodeIgniter->handleRequest(NULL, Object(Config\Cache), false)
#4 C:\xampp\htdocs\korlantas\public\index.php(45): CodeIgniter\CodeIgniter->run()
#5 C:\xampp\htdocs\korlantas\vendor\codeigniter4\framework\system\Commands\Server\rewrite.php(34): require_once('C:\\xampp\\htdocs...')
#6 {main}
CRITICAL - 2021-03-10 02:36:39 --> Undefined property: stdClass::$penguji_name
#0 C:\xampp\htdocs\korlantas\app\Views\welcome_message.php(29): CodeIgniter\Debug\Exceptions->errorHandler(8, 'Undefined prope...', 'C:\\xampp\\htdocs...', 29, Array)
#1 C:\xampp\htdocs\korlantas\vendor\codeigniter4\framework\system\View\View.php(246): include('C:\\xampp\\htdocs...')
#2 C:\xampp\htdocs\korlantas\vendor\codeigniter4\framework\system\Common.php(1119): CodeIgniter\View\View->render('welcome_message', Array, true)
#3 C:\xampp\htdocs\korlantas\app\Views\admin\_partials\content.php(5): view('welcome_message')
#4 C:\xampp\htdocs\korlantas\app\Views\admin\_partials\wrapper.php(10): require_once('C:\\xampp\\htdocs...')
#5 C:\xampp\htdocs\korlantas\vendor\codeigniter4\framework\system\View\View.php(246): include('C:\\xampp\\htdocs...')
#6 C:\xampp\htdocs\korlantas\vendor\codeigniter4\framework\system\Common.php(1119): CodeIgniter\View\View->render('admin/_partials...', Array, true)
#7 C:\xampp\htdocs\korlantas\app\Controllers\Home.php(19): view('admin/_partials...', Array)
#8 C:\xampp\htdocs\korlantas\vendor\codeigniter4\framework\system\CodeIgniter.php(918): App\Controllers\Home->index()
#9 C:\xampp\htdocs\korlantas\vendor\codeigniter4\framework\system\CodeIgniter.php(404): CodeIgniter\CodeIgniter->runController(Object(App\Controllers\Home))
#10 C:\xampp\htdocs\korlantas\vendor\codeigniter4\framework\system\CodeIgniter.php(312): CodeIgniter\CodeIgniter->handleRequest(NULL, Object(Config\Cache), false)
#11 C:\xampp\htdocs\korlantas\public\index.php(45): CodeIgniter\CodeIgniter->run()
#12 C:\xampp\htdocs\korlantas\vendor\codeigniter4\framework\system\Commands\Server\rewrite.php(34): require_once('C:\\xampp\\htdocs...')
#13 {main}
CRITICAL - 2021-03-10 02:38:13 --> Undefined property: stdClass::$penguji_name
#0 C:\xampp\htdocs\korlantas\app\Views\welcome_message.php(29): CodeIgniter\Debug\Exceptions->errorHandler(8, 'Undefined prope...', 'C:\\xampp\\htdocs...', 29, Array)
#1 C:\xampp\htdocs\korlantas\vendor\codeigniter4\framework\system\View\View.php(246): include('C:\\xampp\\htdocs...')
#2 C:\xampp\htdocs\korlantas\vendor\codeigniter4\framework\system\Common.php(1119): CodeIgniter\View\View->render('welcome_message', Array, true)
#3 C:\xampp\htdocs\korlantas\app\Views\admin\_partials\content.php(5): view('welcome_message')
#4 C:\xampp\htdocs\korlantas\app\Views\admin\_partials\wrapper.php(10): require_once('C:\\xampp\\htdocs...')
#5 C:\xampp\htdocs\korlantas\vendor\codeigniter4\framework\system\View\View.php(246): include('C:\\xampp\\htdocs...')
#6 C:\xampp\htdocs\korlantas\vendor\codeigniter4\framework\system\Common.php(1119): CodeIgniter\View\View->render('admin/_partials...', Array, true)
#7 C:\xampp\htdocs\korlantas\app\Controllers\Home.php(19): view('admin/_partials...', Array)
#8 C:\xampp\htdocs\korlantas\vendor\codeigniter4\framework\system\CodeIgniter.php(918): App\Controllers\Home->index()
#9 C:\xampp\htdocs\korlantas\vendor\codeigniter4\framework\system\CodeIgniter.php(404): CodeIgniter\CodeIgniter->runController(Object(App\Controllers\Home))
#10 C:\xampp\htdocs\korlantas\vendor\codeigniter4\framework\system\CodeIgniter.php(312): CodeIgniter\CodeIgniter->handleRequest(NULL, Object(Config\Cache), false)
#11 C:\xampp\htdocs\korlantas\public\index.php(45): CodeIgniter\CodeIgniter->run()
#12 C:\xampp\htdocs\korlantas\vendor\codeigniter4\framework\system\Commands\Server\rewrite.php(34): require_once('C:\\xampp\\htdocs...')
#13 {main}
CRITICAL - 2021-03-10 02:38:21 --> Undefined property: stdClass::$penguji_id
#0 C:\xampp\htdocs\korlantas\app\Views\welcome_message.php(32): CodeIgniter\Debug\Exceptions->errorHandler(8, 'Undefined prope...', 'C:\\xampp\\htdocs...', 32, Array)
#1 C:\xampp\htdocs\korlantas\vendor\codeigniter4\framework\system\View\View.php(246): include('C:\\xampp\\htdocs...')
#2 C:\xampp\htdocs\korlantas\vendor\codeigniter4\framework\system\Common.php(1119): CodeIgniter\View\View->render('welcome_message', Array, true)
#3 C:\xampp\htdocs\korlantas\app\Views\admin\_partials\content.php(5): view('welcome_message')
#4 C:\xampp\htdocs\korlantas\app\Views\admin\_partials\wrapper.php(10): require_once('C:\\xampp\\htdocs...')
#5 C:\xampp\htdocs\korlantas\vendor\codeigniter4\framework\system\View\View.php(246): include('C:\\xampp\\htdocs...')
#6 C:\xampp\htdocs\korlantas\vendor\codeigniter4\framework\system\Common.php(1119): CodeIgniter\View\View->render('admin/_partials...', Array, true)
#7 C:\xampp\htdocs\korlantas\app\Controllers\Home.php(19): view('admin/_partials...', Array)
#8 C:\xampp\htdocs\korlantas\vendor\codeigniter4\framework\system\CodeIgniter.php(918): App\Controllers\Home->index()
#9 C:\xampp\htdocs\korlantas\vendor\codeigniter4\framework\system\CodeIgniter.php(404): CodeIgniter\CodeIgniter->runController(Object(App\Controllers\Home))
#10 C:\xampp\htdocs\korlantas\vendor\codeigniter4\framework\system\CodeIgniter.php(312): CodeIgniter\CodeIgniter->handleRequest(NULL, Object(Config\Cache), false)
#11 C:\xampp\htdocs\korlantas\public\index.php(45): CodeIgniter\CodeIgniter->run()
#12 C:\xampp\htdocs\korlantas\vendor\codeigniter4\framework\system\Commands\Server\rewrite.php(34): require_once('C:\\xampp\\htdocs...')
#13 {main}
CRITICAL - 2021-03-10 02:38:43 --> Undefined property: stdClass::$penguji_name
#0 C:\xampp\htdocs\korlantas\app\Views\welcome_message.php(32): CodeIgniter\Debug\Exceptions->errorHandler(8, 'Undefined prope...', 'C:\\xampp\\htdocs...', 32, Array)
#1 C:\xampp\htdocs\korlantas\vendor\codeigniter4\framework\system\View\View.php(246): include('C:\\xampp\\htdocs...')
#2 C:\xampp\htdocs\korlantas\vendor\codeigniter4\framework\system\Common.php(1119): CodeIgniter\View\View->render('welcome_message', Array, true)
#3 C:\xampp\htdocs\korlantas\app\Views\admin\_partials\content.php(5): view('welcome_message')
#4 C:\xampp\htdocs\korlantas\app\Views\admin\_partials\wrapper.php(10): require_once('C:\\xampp\\htdocs...')
#5 C:\xampp\htdocs\korlantas\vendor\codeigniter4\framework\system\View\View.php(246): include('C:\\xampp\\htdocs...')
#6 C:\xampp\htdocs\korlantas\vendor\codeigniter4\framework\system\Common.php(1119): CodeIgniter\View\View->render('admin/_partials...', Array, true)
#7 C:\xampp\htdocs\korlantas\app\Controllers\Home.php(19): view('admin/_partials...', Array)
#8 C:\xampp\htdocs\korlantas\vendor\codeigniter4\framework\system\CodeIgniter.php(918): App\Controllers\Home->index()
#9 C:\xampp\htdocs\korlantas\vendor\codeigniter4\framework\system\CodeIgniter.php(404): CodeIgniter\CodeIgniter->runController(Object(App\Controllers\Home))
#10 C:\xampp\htdocs\korlantas\vendor\codeigniter4\framework\system\CodeIgniter.php(312): CodeIgniter\CodeIgniter->handleRequest(NULL, Object(Config\Cache), false)
#11 C:\xampp\htdocs\korlantas\public\index.php(45): CodeIgniter\CodeIgniter->run()
#12 C:\xampp\htdocs\korlantas\vendor\codeigniter4\framework\system\Commands\Server\rewrite.php(34): require_once('C:\\xampp\\htdocs...')
#13 {main}
CRITICAL - 2021-03-10 02:38:59 --> Undefined variable: pangkat
#0 C:\xampp\htdocs\korlantas\app\Views\welcome_message.php(90): CodeIgniter\Debug\Exceptions->errorHandler(8, 'Undefined varia...', 'C:\\xampp\\htdocs...', 90, Array)
#1 C:\xampp\htdocs\korlantas\vendor\codeigniter4\framework\system\View\View.php(246): include('C:\\xampp\\htdocs...')
#2 C:\xampp\htdocs\korlantas\vendor\codeigniter4\framework\system\Common.php(1119): CodeIgniter\View\View->render('welcome_message', Array, true)
#3 C:\xampp\htdocs\korlantas\app\Views\admin\_partials\content.php(5): view('welcome_message')
#4 C:\xampp\htdocs\korlantas\app\Views\admin\_partials\wrapper.php(10): require_once('C:\\xampp\\htdocs...')
#5 C:\xampp\htdocs\korlantas\vendor\codeigniter4\framework\system\View\View.php(246): include('C:\\xampp\\htdocs...')
#6 C:\xampp\htdocs\korlantas\vendor\codeigniter4\framework\system\Common.php(1119): CodeIgniter\View\View->render('admin/_partials...', Array, true)
#7 C:\xampp\htdocs\korlantas\app\Controllers\Home.php(19): view('admin/_partials...', Array)
#8 C:\xampp\htdocs\korlantas\vendor\codeigniter4\framework\system\CodeIgniter.php(918): App\Controllers\Home->index()
#9 C:\xampp\htdocs\korlantas\vendor\codeigniter4\framework\system\CodeIgniter.php(404): CodeIgniter\CodeIgniter->runController(Object(App\Controllers\Home))
#10 C:\xampp\htdocs\korlantas\vendor\codeigniter4\framework\system\CodeIgniter.php(312): CodeIgniter\CodeIgniter->handleRequest(NULL, Object(Config\Cache), false)
#11 C:\xampp\htdocs\korlantas\public\index.php(45): CodeIgniter\CodeIgniter->run()
#12 C:\xampp\htdocs\korlantas\vendor\codeigniter4\framework\system\Commands\Server\rewrite.php(34): require_once('C:\\xampp\\htdocs...')
#13 {main}
CRITICAL - 2021-03-10 02:39:39 --> Cannot use object of type stdClass as array
#0 C:\xampp\htdocs\korlantas\vendor\codeigniter4\framework\system\View\View.php(246): include()
#1 C:\xampp\htdocs\korlantas\vendor\codeigniter4\framework\system\Common.php(1119): CodeIgniter\View\View->render('welcome_message', Array, true)
#2 C:\xampp\htdocs\korlantas\app\Views\admin\_partials\content.php(5): view('welcome_message')
#3 C:\xampp\htdocs\korlantas\app\Views\admin\_partials\wrapper.php(10): require_once('C:\\xampp\\htdocs...')
#4 C:\xampp\htdocs\korlantas\vendor\codeigniter4\framework\system\View\View.php(246): include('C:\\xampp\\htdocs...')
#5 C:\xampp\htdocs\korlantas\vendor\codeigniter4\framework\system\Common.php(1119): CodeIgniter\View\View->render('admin/_partials...', Array, true)
#6 C:\xampp\htdocs\korlantas\app\Controllers\Home.php(19): view('admin/_partials...', Array)
#7 C:\xampp\htdocs\korlantas\vendor\codeigniter4\framework\system\CodeIgniter.php(918): App\Controllers\Home->index()
#8 C:\xampp\htdocs\korlantas\vendor\codeigniter4\framework\system\CodeIgniter.php(404): CodeIgniter\CodeIgniter->runController(Object(App\Controllers\Home))
#9 C:\xampp\htdocs\korlantas\vendor\codeigniter4\framework\system\CodeIgniter.php(312): CodeIgniter\CodeIgniter->handleRequest(NULL, Object(Config\Cache), false)
#10 C:\xampp\htdocs\korlantas\public\index.php(45): CodeIgniter\CodeIgniter->run()
#11 C:\xampp\htdocs\korlantas\vendor\codeigniter4\framework\system\Commands\Server\rewrite.php(34): require_once('C:\\xampp\\htdocs...')
#12 {main}
CRITICAL - 2021-03-10 03:17:44 --> Trying to get property 'id' of non-object
#0 C:\xampp\htdocs\korlantas\app\Views\dokumen.php(38): CodeIgniter\Debug\Exceptions->errorHandler(8, 'Trying to get p...', 'C:\\xampp\\htdocs...', 38, Array)
#1 C:\xampp\htdocs\korlantas\vendor\codeigniter4\framework\system\View\View.php(246): include('C:\\xampp\\htdocs...')
#2 C:\xampp\htdocs\korlantas\vendor\codeigniter4\framework\system\Common.php(1119): CodeIgniter\View\View->render('dokumen', Array, true)
#3 C:\xampp\htdocs\korlantas\app\Views\admin\_partials\content.php(5): view('dokumen')
#4 C:\xampp\htdocs\korlantas\app\Views\admin\_partials\wrapper.php(10): require_once('C:\\xampp\\htdocs...')
#5 C:\xampp\htdocs\korlantas\vendor\codeigniter4\framework\system\View\View.php(246): include('C:\\xampp\\htdocs...')
#6 C:\xampp\htdocs\korlantas\vendor\codeigniter4\framework\system\Common.php(1119): CodeIgniter\View\View->render('admin/_partials...', Array, true)
#7 C:\xampp\htdocs\korlantas\app\Controllers\Dokumen.php(21): view('admin/_partials...', Array)
#8 C:\xampp\htdocs\korlantas\vendor\codeigniter4\framework\system\CodeIgniter.php(918): App\Controllers\Dokumen->index()
#9 C:\xampp\htdocs\korlantas\vendor\codeigniter4\framework\system\CodeIgniter.php(404): CodeIgniter\CodeIgniter->runController(Object(App\Controllers\Dokumen))
#10 C:\xampp\htdocs\korlantas\vendor\codeigniter4\framework\system\CodeIgniter.php(312): CodeIgniter\CodeIgniter->handleRequest(NULL, Object(Config\Cache), false)
#11 C:\xampp\htdocs\korlantas\public\index.php(45): CodeIgniter\CodeIgniter->run()
#12 C:\xampp\htdocs\korlantas\vendor\codeigniter4\framework\system\Commands\Server\rewrite.php(34): require_once('C:\\xampp\\htdocs...')
#13 {main}
CRITICAL - 2021-03-10 03:19:44 --> Trying to get property 'penguji_name' of non-object
#0 C:\xampp\htdocs\korlantas\app\Views\dokumen.php(35): CodeIgniter\Debug\Exceptions->errorHandler(8, 'Trying to get p...', 'C:\\xampp\\htdocs...', 35, Array)
#1 C:\xampp\htdocs\korlantas\vendor\codeigniter4\framework\system\View\View.php(246): include('C:\\xampp\\htdocs...')
#2 C:\xampp\htdocs\korlantas\vendor\codeigniter4\framework\system\Common.php(1119): CodeIgniter\View\View->render('dokumen', Array, true)
#3 C:\xampp\htdocs\korlantas\app\Views\admin\_partials\content.php(5): view('dokumen')
#4 C:\xampp\htdocs\korlantas\app\Views\admin\_partials\wrapper.php(10): require_once('C:\\xampp\\htdocs...')
#5 C:\xampp\htdocs\korlantas\vendor\codeigniter4\framework\system\View\View.php(246): include('C:\\xampp\\htdocs...')
#6 C:\xampp\htdocs\korlantas\vendor\codeigniter4\framework\system\Common.php(1119): CodeIgniter\View\View->render('admin/_partials...', Array, true)
#7 C:\xampp\htdocs\korlantas\app\Controllers\Dokumen.php(21): view('admin/_partials...', Array)
#8 C:\xampp\htdocs\korlantas\vendor\codeigniter4\framework\system\CodeIgniter.php(918): App\Controllers\Dokumen->index()
#9 C:\xampp\htdocs\korlantas\vendor\codeigniter4\framework\system\CodeIgniter.php(404): CodeIgniter\CodeIgniter->runController(Object(App\Controllers\Dokumen))
#10 C:\xampp\htdocs\korlantas\vendor\codeigniter4\framework\system\CodeIgniter.php(312): CodeIgniter\CodeIgniter->handleRequest(NULL, Object(Config\Cache), false)
#11 C:\xampp\htdocs\korlantas\public\index.php(45): CodeIgniter\CodeIgniter->run()
#12 C:\xampp\htdocs\korlantas\vendor\codeigniter4\framework\system\Commands\Server\rewrite.php(34): require_once('C:\\xampp\\htdocs...')
#13 {main}
CRITICAL - 2021-03-10 03:20:08 --> Undefined index: penguji_name
#0 C:\xampp\htdocs\korlantas\app\Views\dokumen.php(35): CodeIgniter\Debug\Exceptions->errorHandler(8, 'Undefined index...', 'C:\\xampp\\htdocs...', 35, Array)
#1 C:\xampp\htdocs\korlantas\vendor\codeigniter4\framework\system\View\View.php(246): include('C:\\xampp\\htdocs...')
#2 C:\xampp\htdocs\korlantas\vendor\codeigniter4\framework\system\Common.php(1119): CodeIgniter\View\View->render('dokumen', Array, true)
#3 C:\xampp\htdocs\korlantas\app\Views\admin\_partials\content.php(5): view('dokumen')
#4 C:\xampp\htdocs\korlantas\app\Views\admin\_partials\wrapper.php(10): require_once('C:\\xampp\\htdocs...')
#5 C:\xampp\htdocs\korlantas\vendor\codeigniter4\framework\system\View\View.php(246): include('C:\\xampp\\htdocs...')
#6 C:\xampp\htdocs\korlantas\vendor\codeigniter4\framework\system\Common.php(1119): CodeIgniter\View\View->render('admin/_partials...', Array, true)
#7 C:\xampp\htdocs\korlantas\app\Controllers\Dokumen.php(21): view('admin/_partials...', Array)
#8 C:\xampp\htdocs\korlantas\vendor\codeigniter4\framework\system\CodeIgniter.php(918): App\Controllers\Dokumen->index()
#9 C:\xampp\htdocs\korlantas\vendor\codeigniter4\framework\system\CodeIgniter.php(404): CodeIgniter\CodeIgniter->runController(Object(App\Controllers\Dokumen))
#10 C:\xampp\htdocs\korlantas\vendor\codeigniter4\framework\system\CodeIgniter.php(312): CodeIgniter\CodeIgniter->handleRequest(NULL, Object(Config\Cache), false)
#11 C:\xampp\htdocs\korlantas\public\index.php(45): CodeIgniter\CodeIgniter->run()
#12 C:\xampp\htdocs\korlantas\vendor\codeigniter4\framework\system\Commands\Server\rewrite.php(34): require_once('C:\\xampp\\htdocs...')
#13 {main}
CRITICAL - 2021-03-10 03:24:00 --> Trying to get property 'id' of non-object
#0 C:\xampp\htdocs\korlantas\app\Views\dokumen.php(43): CodeIgniter\Debug\Exceptions->errorHandler(8, 'Trying to get p...', 'C:\\xampp\\htdocs...', 43, Array)
#1 C:\xampp\htdocs\korlantas\vendor\codeigniter4\framework\system\View\View.php(246): include('C:\\xampp\\htdocs...')
#2 C:\xampp\htdocs\korlantas\vendor\codeigniter4\framework\system\Common.php(1119): CodeIgniter\View\View->render('dokumen', Array, true)
#3 C:\xampp\htdocs\korlantas\app\Views\admin\_partials\content.php(5): view('dokumen')
#4 C:\xampp\htdocs\korlantas\app\Views\admin\_partials\wrapper.php(10): require_once('C:\\xampp\\htdocs...')
#5 C:\xampp\htdocs\korlantas\vendor\codeigniter4\framework\system\View\View.php(246): include('C:\\xampp\\htdocs...')
#6 C:\xampp\htdocs\korlantas\vendor\codeigniter4\framework\system\Common.php(1119): CodeIgniter\View\View->render('admin/_partials...', Array, true)
#7 C:\xampp\htdocs\korlantas\app\Controllers\Dokumen.php(21): view('admin/_partials...', Array)
#8 C:\xampp\htdocs\korlantas\vendor\codeigniter4\framework\system\CodeIgniter.php(918): App\Controllers\Dokumen->index()
#9 C:\xampp\htdocs\korlantas\vendor\codeigniter4\framework\system\CodeIgniter.php(404): CodeIgniter\CodeIgniter->runController(Object(App\Controllers\Dokumen))
#10 C:\xampp\htdocs\korlantas\vendor\codeigniter4\framework\system\CodeIgniter.php(312): CodeIgniter\CodeIgniter->handleRequest(NULL, Object(Config\Cache), false)
#11 C:\xampp\htdocs\korlantas\public\index.php(45): CodeIgniter\CodeIgniter->run()
#12 C:\xampp\htdocs\korlantas\vendor\codeigniter4\framework\system\Commands\Server\rewrite.php(34): require_once('C:\\xampp\\htdocs...')
#13 {main}
CRITICAL - 2021-03-10 03:24:32 --> Trying to get property 'id' of non-object
#0 C:\xampp\htdocs\korlantas\app\Views\dokumen.php(44): CodeIgniter\Debug\Exceptions->errorHandler(8, 'Trying to get p...', 'C:\\xampp\\htdocs...', 44, Array)
#1 C:\xampp\htdocs\korlantas\vendor\codeigniter4\framework\system\View\View.php(246): include('C:\\xampp\\htdocs...')
#2 C:\xampp\htdocs\korlantas\vendor\codeigniter4\framework\system\Common.php(1119): CodeIgniter\View\View->render('dokumen', Array, true)
#3 C:\xampp\htdocs\korlantas\app\Views\admin\_partials\content.php(5): view('dokumen')
#4 C:\xampp\htdocs\korlantas\app\Views\admin\_partials\wrapper.php(10): require_once('C:\\xampp\\htdocs...')
#5 C:\xampp\htdocs\korlantas\vendor\codeigniter4\framework\system\View\View.php(246): include('C:\\xampp\\htdocs...')
#6 C:\xampp\htdocs\korlantas\vendor\codeigniter4\framework\system\Common.php(1119): CodeIgniter\View\View->render('admin/_partials...', Array, true)
#7 C:\xampp\htdocs\korlantas\app\Controllers\Dokumen.php(21): view('admin/_partials...', Array)
#8 C:\xampp\htdocs\korlantas\vendor\codeigniter4\framework\system\CodeIgniter.php(918): App\Controllers\Dokumen->index()
#9 C:\xampp\htdocs\korlantas\vendor\codeigniter4\framework\system\CodeIgniter.php(404): CodeIgniter\CodeIgniter->runController(Object(App\Controllers\Dokumen))
#10 C:\xampp\htdocs\korlantas\vendor\codeigniter4\framework\system\CodeIgniter.php(312): CodeIgniter\CodeIgniter->handleRequest(NULL, Object(Config\Cache), false)
#11 C:\xampp\htdocs\korlantas\public\index.php(45): CodeIgniter\CodeIgniter->run()
#12 C:\xampp\htdocs\korlantas\vendor\codeigniter4\framework\system\Commands\Server\rewrite.php(34): require_once('C:\\xampp\\htdocs...')
#13 {main}
CRITICAL - 2021-03-10 03:36:12 --> Undefined variable: row
#0 C:\xampp\htdocs\korlantas\app\Views\dokumen.php(28): CodeIgniter\Debug\Exceptions->errorHandler(8, 'Undefined varia...', 'C:\\xampp\\htdocs...', 28, Array)
#1 C:\xampp\htdocs\korlantas\vendor\codeigniter4\framework\system\View\View.php(246): include('C:\\xampp\\htdocs...')
#2 C:\xampp\htdocs\korlantas\vendor\codeigniter4\framework\system\Common.php(1119): CodeIgniter\View\View->render('dokumen', Array, true)
#3 C:\xampp\htdocs\korlantas\app\Views\admin\_partials\content.php(5): view('dokumen')
#4 C:\xampp\htdocs\korlantas\app\Views\admin\_partials\wrapper.php(10): require_once('C:\\xampp\\htdocs...')
#5 C:\xampp\htdocs\korlantas\vendor\codeigniter4\framework\system\View\View.php(246): include('C:\\xampp\\htdocs...')
#6 C:\xampp\htdocs\korlantas\vendor\codeigniter4\framework\system\Common.php(1119): CodeIgniter\View\View->render('admin/_partials...', Array, true)
#7 C:\xampp\htdocs\korlantas\app\Controllers\Dokumen.php(21): view('admin/_partials...', Array)
#8 C:\xampp\htdocs\korlantas\vendor\codeigniter4\framework\system\CodeIgniter.php(918): App\Controllers\Dokumen->index()
#9 C:\xampp\htdocs\korlantas\vendor\codeigniter4\framework\system\CodeIgniter.php(404): CodeIgniter\CodeIgniter->runController(Object(App\Controllers\Dokumen))
#10 C:\xampp\htdocs\korlantas\vendor\codeigniter4\framework\system\CodeIgniter.php(312): CodeIgniter\CodeIgniter->handleRequest(NULL, Object(Config\Cache), false)
#11 C:\xampp\htdocs\korlantas\public\index.php(45): CodeIgniter\CodeIgniter->run()
#12 C:\xampp\htdocs\korlantas\vendor\codeigniter4\framework\system\Commands\Server\rewrite.php(34): require_once('C:\\xampp\\htdocs...')
#13 {main}
CRITICAL - 2021-03-10 05:26:08 --> Unable to connect to the database.
#0 C:\xampp\htdocs\korlantas\vendor\codeigniter4\framework\system\Database\BaseConnection.php(646): CodeIgniter\Database\BaseConnection->initialize()
#1 C:\xampp\htdocs\korlantas\vendor\codeigniter4\framework\system\Database\BaseBuilder.php(1860): CodeIgniter\Database\BaseConnection->query('SELECT *\nFROM `...', Array, false)
#2 C:\xampp\htdocs\korlantas\vendor\codeigniter4\framework\system\Model.php(398): CodeIgniter\Database\BaseBuilder->get()
#3 C:\xampp\htdocs\korlantas\app\ThirdParty\myth-auth\src\Authentication\AuthenticationBase.php(138): CodeIgniter\Model->find('1')
#4 C:\xampp\htdocs\korlantas\app\ThirdParty\myth-auth\src\Authentication\LocalAuthenticator.php(70): Myth\Auth\Authentication\AuthenticationBase->isLoggedIn()
#5 C:\xampp\htdocs\korlantas\app\ThirdParty\myth-auth\src\Filters\LoginFilter.php(45): Myth\Auth\Authentication\LocalAuthenticator->check()
#6 C:\xampp\htdocs\korlantas\vendor\codeigniter4\framework\system\Filters\Filters.php(173): Myth\Auth\Filters\LoginFilter->before(Object(CodeIgniter\HTTP\IncomingRequest), NULL)
#7 C:\xampp\htdocs\korlantas\vendor\codeigniter4\framework\system\CodeIgniter.php(382): CodeIgniter\Filters\Filters->run('dokumen', 'before')
#8 C:\xampp\htdocs\korlantas\vendor\codeigniter4\framework\system\CodeIgniter.php(312): CodeIgniter\CodeIgniter->handleRequest(NULL, Object(Config\Cache), false)
#9 C:\xampp\htdocs\korlantas\public\index.php(45): CodeIgniter\CodeIgniter->run()
#10 C:\xampp\htdocs\korlantas\vendor\codeigniter4\framework\system\Commands\Server\rewrite.php(34): require_once('C:\\xampp\\htdocs...')
#11 {main}
CRITICAL - 2021-03-10 05:27:02 --> Unable to connect to the database.
#0 C:\xampp\htdocs\korlantas\vendor\codeigniter4\framework\system\Database\BaseConnection.php(646): CodeIgniter\Database\BaseConnection->initialize()
#1 C:\xampp\htdocs\korlantas\vendor\codeigniter4\framework\system\Database\BaseBuilder.php(1860): CodeIgniter\Database\BaseConnection->query('SELECT *\nFROM `...', Array, false)
#2 C:\xampp\htdocs\korlantas\vendor\codeigniter4\framework\system\Model.php(398): CodeIgniter\Database\BaseBuilder->get()
#3 C:\xampp\htdocs\korlantas\app\ThirdParty\myth-auth\src\Authentication\AuthenticationBase.php(138): CodeIgniter\Model->find('1')
#4 C:\xampp\htdocs\korlantas\app\ThirdParty\myth-auth\src\Authentication\LocalAuthenticator.php(70): Myth\Auth\Authentication\AuthenticationBase->isLoggedIn()
#5 C:\xampp\htdocs\korlantas\app\ThirdParty\myth-auth\src\Filters\LoginFilter.php(45): Myth\Auth\Authentication\LocalAuthenticator->check()
#6 C:\xampp\htdocs\korlantas\vendor\codeigniter4\framework\system\Filters\Filters.php(173): Myth\Auth\Filters\LoginFilter->before(Object(CodeIgniter\HTTP\IncomingRequest), NULL)
#7 C:\xampp\htdocs\korlantas\vendor\codeigniter4\framework\system\CodeIgniter.php(382): CodeIgniter\Filters\Filters->run('dokumen', 'before')
#8 C:\xampp\htdocs\korlantas\vendor\codeigniter4\framework\system\CodeIgniter.php(312): CodeIgniter\CodeIgniter->handleRequest(NULL, Object(Config\Cache), false)
#9 C:\xampp\htdocs\korlantas\public\index.php(45): CodeIgniter\CodeIgniter->run()
#10 C:\xampp\htdocs\korlantas\vendor\codeigniter4\framework\system\Commands\Server\rewrite.php(34): require_once('C:\\xampp\\htdocs...')
#11 {main}
CRITICAL - 2021-03-10 05:29:47 --> Undefined index: pangkat
#0 C:\xampp\htdocs\korlantas\app\Views\admin\profile\index.php(70): CodeIgniter\Debug\Exceptions->errorHandler(8, 'Undefined index...', 'C:\\xampp\\htdocs...', 70, Array)
#1 C:\xampp\htdocs\korlantas\vendor\codeigniter4\framework\system\View\View.php(246): include('C:\\xampp\\htdocs...')
#2 C:\xampp\htdocs\korlantas\vendor\codeigniter4\framework\system\Common.php(1119): CodeIgniter\View\View->render('admin/profile/i...', Array, true)
#3 C:\xampp\htdocs\korlantas\app\Views\admin\_partials\content.php(5): view('admin/profile/i...')
#4 C:\xampp\htdocs\korlantas\app\Views\admin\_partials\wrapper.php(10): require_once('C:\\xampp\\htdocs...')
#5 C:\xampp\htdocs\korlantas\vendor\codeigniter4\framework\system\View\View.php(246): include('C:\\xampp\\htdocs...')
#6 C:\xampp\htdocs\korlantas\vendor\codeigniter4\framework\system\Common.php(1119): CodeIgniter\View\View->render('admin/_partials...', Array, true)
#7 C:\xampp\htdocs\korlantas\app\Controllers\Profile.php(30): view('admin/_partials...', Array)
#8 C:\xampp\htdocs\korlantas\vendor\codeigniter4\framework\system\CodeIgniter.php(918): App\Controllers\Profile->index()
#9 C:\xampp\htdocs\korlantas\vendor\codeigniter4\framework\system\CodeIgniter.php(404): CodeIgniter\CodeIgniter->runController(Object(App\Controllers\Profile))
#10 C:\xampp\htdocs\korlantas\vendor\codeigniter4\framework\system\CodeIgniter.php(312): CodeIgniter\CodeIgniter->handleRequest(NULL, Object(Config\Cache), false)
#11 C:\xampp\htdocs\korlantas\public\index.php(45): CodeIgniter\CodeIgniter->run()
#12 C:\xampp\htdocs\korlantas\vendor\codeigniter4\framework\system\Commands\Server\rewrite.php(34): require_once('C:\\xampp\\htdocs...')
#13 {main}
CRITICAL - 2021-03-10 05:34:59 --> Undefined index: pangkat
#0 C:\xampp\htdocs\korlantas\app\Views\admin\profile\index.php(70): CodeIgniter\Debug\Exceptions->errorHandler(8, 'Undefined index...', 'C:\\xampp\\htdocs...', 70, Array)
#1 C:\xampp\htdocs\korlantas\vendor\codeigniter4\framework\system\View\View.php(246): include('C:\\xampp\\htdocs...')
#2 C:\xampp\htdocs\korlantas\vendor\codeigniter4\framework\system\Common.php(1119): CodeIgniter\View\View->render('admin/profile/i...', Array, true)
#3 C:\xampp\htdocs\korlantas\app\Views\admin\_partials\content.php(5): view('admin/profile/i...')
#4 C:\xampp\htdocs\korlantas\app\Views\admin\_partials\wrapper.php(10): require_once('C:\\xampp\\htdocs...')
#5 C:\xampp\htdocs\korlantas\vendor\codeigniter4\framework\system\View\View.php(246): include('C:\\xampp\\htdocs...')
#6 C:\xampp\htdocs\korlantas\vendor\codeigniter4\framework\system\Common.php(1119): CodeIgniter\View\View->render('admin/_partials...', Array, true)
#7 C:\xampp\htdocs\korlantas\app\Controllers\Profile.php(30): view('admin/_partials...', Array)
#8 C:\xampp\htdocs\korlantas\vendor\codeigniter4\framework\system\CodeIgniter.php(918): App\Controllers\Profile->index()
#9 C:\xampp\htdocs\korlantas\vendor\codeigniter4\framework\system\CodeIgniter.php(404): CodeIgniter\CodeIgniter->runController(Object(App\Controllers\Profile))
#10 C:\xampp\htdocs\korlantas\vendor\codeigniter4\framework\system\CodeIgniter.php(312): CodeIgniter\CodeIgniter->handleRequest(NULL, Object(Config\Cache), false)
#11 C:\xampp\htdocs\korlantas\public\index.php(45): CodeIgniter\CodeIgniter->run()
#12 C:\xampp\htdocs\korlantas\vendor\codeigniter4\framework\system\Commands\Server\rewrite.php(34): require_once('C:\\xampp\\htdocs...')
#13 {main}
CRITICAL - 2021-03-10 06:05:05 --> Undefined index: pangkat
#0 C:\xampp\htdocs\korlantas\app\Views\admin\profile\index.php(70): CodeIgniter\Debug\Exceptions->errorHandler(8, 'Undefined index...', 'C:\\xampp\\htdocs...', 70, Array)
#1 C:\xampp\htdocs\korlantas\vendor\codeigniter4\framework\system\View\View.php(246): include('C:\\xampp\\htdocs...')
#2 C:\xampp\htdocs\korlantas\vendor\codeigniter4\framework\system\Common.php(1119): CodeIgniter\View\View->render('admin/profile/i...', Array, true)
#3 C:\xampp\htdocs\korlantas\app\Views\admin\_partials\content.php(5): view('admin/profile/i...')
#4 C:\xampp\htdocs\korlantas\app\Views\admin\_partials\wrapper.php(10): require_once('C:\\xampp\\htdocs...')
#5 C:\xampp\htdocs\korlantas\vendor\codeigniter4\framework\system\View\View.php(246): include('C:\\xampp\\htdocs...')
#6 C:\xampp\htdocs\korlantas\vendor\codeigniter4\framework\system\Common.php(1119): CodeIgniter\View\View->render('admin/_partials...', Array, true)
#7 C:\xampp\htdocs\korlantas\app\Controllers\Profile.php(30): view('admin/_partials...', Array)
#8 C:\xampp\htdocs\korlantas\vendor\codeigniter4\framework\system\CodeIgniter.php(918): App\Controllers\Profile->index()
#9 C:\xampp\htdocs\korlantas\vendor\codeigniter4\framework\system\CodeIgniter.php(404): CodeIgniter\CodeIgniter->runController(Object(App\Controllers\Profile))
#10 C:\xampp\htdocs\korlantas\vendor\codeigniter4\framework\system\CodeIgniter.php(312): CodeIgniter\CodeIgniter->handleRequest(NULL, Object(Config\Cache), false)
#11 C:\xampp\htdocs\korlantas\public\index.php(45): CodeIgniter\CodeIgniter->run()
#12 C:\xampp\htdocs\korlantas\vendor\codeigniter4\framework\system\Commands\Server\rewrite.php(34): require_once('C:\\xampp\\htdocs...')
#13 {main}
CRITICAL - 2021-03-10 06:06:50 --> Undefined index: pangkat
#0 C:\xampp\htdocs\korlantas\app\Views\admin\profile\index.php(70): CodeIgniter\Debug\Exceptions->errorHandler(8, 'Undefined index...', 'C:\\xampp\\htdocs...', 70, Array)
#1 C:\xampp\htdocs\korlantas\vendor\codeigniter4\framework\system\View\View.php(246): include('C:\\xampp\\htdocs...')
#2 C:\xampp\htdocs\korlantas\vendor\codeigniter4\framework\system\Common.php(1119): CodeIgniter\View\View->render('admin/profile/i...', Array, true)
#3 C:\xampp\htdocs\korlantas\app\Views\admin\_partials\content.php(5): view('admin/profile/i...')
#4 C:\xampp\htdocs\korlantas\app\Views\admin\_partials\wrapper.php(10): require_once('C:\\xampp\\htdocs...')
#5 C:\xampp\htdocs\korlantas\vendor\codeigniter4\framework\system\View\View.php(246): include('C:\\xampp\\htdocs...')
#6 C:\xampp\htdocs\korlantas\vendor\codeigniter4\framework\system\Common.php(1119): CodeIgniter\View\View->render('admin/_partials...', Array, true)
#7 C:\xampp\htdocs\korlantas\app\Controllers\Profile.php(30): view('admin/_partials...', Array)
#8 C:\xampp\htdocs\korlantas\vendor\codeigniter4\framework\system\CodeIgniter.php(918): App\Controllers\Profile->index()
#9 C:\xampp\htdocs\korlantas\vendor\codeigniter4\framework\system\CodeIgniter.php(404): CodeIgniter\CodeIgniter->runController(Object(App\Controllers\Profile))
#10 C:\xampp\htdocs\korlantas\vendor\codeigniter4\framework\system\CodeIgniter.php(312): CodeIgniter\CodeIgniter->handleRequest(NULL, Object(Config\Cache), false)
#11 C:\xampp\htdocs\korlantas\public\index.php(45): CodeIgniter\CodeIgniter->run()
#12 C:\xampp\htdocs\korlantas\vendor\codeigniter4\framework\system\Commands\Server\rewrite.php(34): require_once('C:\\xampp\\htdocs...')
#13 {main}
CRITICAL - 2021-03-10 06:19:09 --> Undefined index: pangkat
#0 C:\xampp\htdocs\korlantas\app\Views\admin\profile\index.php(70): CodeIgniter\Debug\Exceptions->errorHandler(8, 'Undefined index...', 'C:\\xampp\\htdocs...', 70, Array)
#1 C:\xampp\htdocs\korlantas\vendor\codeigniter4\framework\system\View\View.php(246): include('C:\\xampp\\htdocs...')
#2 C:\xampp\htdocs\korlantas\vendor\codeigniter4\framework\system\Common.php(1119): CodeIgniter\View\View->render('admin/profile/i...', Array, true)
#3 C:\xampp\htdocs\korlantas\app\Views\admin\_partials\content.php(5): view('admin/profile/i...')
#4 C:\xampp\htdocs\korlantas\app\Views\admin\_partials\wrapper.php(10): require_once('C:\\xampp\\htdocs...')
#5 C:\xampp\htdocs\korlantas\vendor\codeigniter4\framework\system\View\View.php(246): include('C:\\xampp\\htdocs...')
#6 C:\xampp\htdocs\korlantas\vendor\codeigniter4\framework\system\Common.php(1119): CodeIgniter\View\View->render('admin/_partials...', Array, true)
#7 C:\xampp\htdocs\korlantas\app\Controllers\Profile.php(30): view('admin/_partials...', Array)
#8 C:\xampp\htdocs\korlantas\vendor\codeigniter4\framework\system\CodeIgniter.php(918): App\Controllers\Profile->index()
#9 C:\xampp\htdocs\korlantas\vendor\codeigniter4\framework\system\CodeIgniter.php(404): CodeIgniter\CodeIgniter->runController(Object(App\Controllers\Profile))
#10 C:\xampp\htdocs\korlantas\vendor\codeigniter4\framework\system\CodeIgniter.php(312): CodeIgniter\CodeIgniter->handleRequest(NULL, Object(Config\Cache), false)
#11 C:\xampp\htdocs\korlantas\public\index.php(45): CodeIgniter\CodeIgniter->run()
#12 C:\xampp\htdocs\korlantas\vendor\codeigniter4\framework\system\Commands\Server\rewrite.php(34): require_once('C:\\xampp\\htdocs...')
#13 {main}
