CRITICAL - 2021-02-16 22:22:20 --> Undefined property: CodeIgniter\View\View::$security
#0 C:\xampp\htdocs\sadhelx-admin\app\Views\admin\_partials\js.php(33): CodeIgniter\Debug\Exceptions->errorHandler(8, 'Undefined prope...', 'C:\\xampp\\htdocs...', 33, Array)
#1 C:\xampp\htdocs\sadhelx-admin\app\Views\admin\_partials\wrapper.php(13): require_once('C:\\xampp\\htdocs...')
#2 C:\xampp\htdocs\sadhelx-admin\vendor\codeigniter4\framework\system\View\View.php(246): include('C:\\xampp\\htdocs...')
#3 C:\xampp\htdocs\sadhelx-admin\vendor\codeigniter4\framework\system\Common.php(1119): CodeIgniter\View\View->render('admin/_partials...', Array, true)
#4 C:\xampp\htdocs\sadhelx-admin\app\Controllers\Guidelines.php(21): view('admin/_partials...', Array)
#5 C:\xampp\htdocs\sadhelx-admin\vendor\codeigniter4\framework\system\CodeIgniter.php(918): App\Controllers\Guidelines->index()
#6 C:\xampp\htdocs\sadhelx-admin\vendor\codeigniter4\framework\system\CodeIgniter.php(404): CodeIgniter\CodeIgniter->runController(Object(App\Controllers\Guidelines))
#7 C:\xampp\htdocs\sadhelx-admin\vendor\codeigniter4\framework\system\CodeIgniter.php(312): CodeIgniter\CodeIgniter->handleRequest(NULL, Object(Config\Cache), false)
#8 C:\xampp\htdocs\sadhelx-admin\public\index.php(45): CodeIgniter\CodeIgniter->run()
#9 C:\xampp\htdocs\sadhelx-admin\vendor\codeigniter4\framework\system\Commands\Server\rewrite.php(34): require_once('C:\\xampp\\htdocs...')
#10 {main}
CRITICAL - 2021-02-16 23:00:45 --> Undefined index: file
#0 C:\xampp\htdocs\sadhelx-admin\app\Views\admin\guide\index.php(49): CodeIgniter\Debug\Exceptions->errorHandler(8, 'Undefined index...', 'C:\\xampp\\htdocs...', 49, Array)
#1 C:\xampp\htdocs\sadhelx-admin\vendor\codeigniter4\framework\system\View\View.php(246): include('C:\\xampp\\htdocs...')
#2 C:\xampp\htdocs\sadhelx-admin\vendor\codeigniter4\framework\system\Common.php(1119): CodeIgniter\View\View->render('admin/guide/ind...', Array, true)
#3 C:\xampp\htdocs\sadhelx-admin\app\Views\admin\_partials\content.php(5): view('admin/guide/ind...')
#4 C:\xampp\htdocs\sadhelx-admin\app\Views\admin\_partials\wrapper.php(10): require_once('C:\\xampp\\htdocs...')
#5 C:\xampp\htdocs\sadhelx-admin\vendor\codeigniter4\framework\system\View\View.php(246): include('C:\\xampp\\htdocs...')
#6 C:\xampp\htdocs\sadhelx-admin\vendor\codeigniter4\framework\system\Common.php(1119): CodeIgniter\View\View->render('admin/_partials...', Array, true)
#7 C:\xampp\htdocs\sadhelx-admin\app\Controllers\Guidelines.php(21): view('admin/_partials...', Array)
#8 C:\xampp\htdocs\sadhelx-admin\vendor\codeigniter4\framework\system\CodeIgniter.php(918): App\Controllers\Guidelines->index()
#9 C:\xampp\htdocs\sadhelx-admin\vendor\codeigniter4\framework\system\CodeIgniter.php(404): CodeIgniter\CodeIgniter->runController(Object(App\Controllers\Guidelines))
#10 C:\xampp\htdocs\sadhelx-admin\vendor\codeigniter4\framework\system\CodeIgniter.php(312): CodeIgniter\CodeIgniter->handleRequest(NULL, Object(Config\Cache), false)
#11 C:\xampp\htdocs\sadhelx-admin\public\index.php(45): CodeIgniter\CodeIgniter->run()
#12 C:\xampp\htdocs\sadhelx-admin\vendor\codeigniter4\framework\system\Commands\Server\rewrite.php(34): require_once('C:\\xampp\\htdocs...')
#13 {main}
CRITICAL - 2021-02-16 23:08:15 --> Undefined index: file
#0 C:\xampp\htdocs\sadhelx-admin\app\Views\admin\guide\index.php(49): CodeIgniter\Debug\Exceptions->errorHandler(8, 'Undefined index...', 'C:\\xampp\\htdocs...', 49, Array)
#1 C:\xampp\htdocs\sadhelx-admin\vendor\codeigniter4\framework\system\View\View.php(246): include('C:\\xampp\\htdocs...')
#2 C:\xampp\htdocs\sadhelx-admin\vendor\codeigniter4\framework\system\Common.php(1119): CodeIgniter\View\View->render('admin/guide/ind...', Array, true)
#3 C:\xampp\htdocs\sadhelx-admin\app\Views\admin\_partials\content.php(5): view('admin/guide/ind...')
#4 C:\xampp\htdocs\sadhelx-admin\app\Views\admin\_partials\wrapper.php(10): require_once('C:\\xampp\\htdocs...')
#5 C:\xampp\htdocs\sadhelx-admin\vendor\codeigniter4\framework\system\View\View.php(246): include('C:\\xampp\\htdocs...')
#6 C:\xampp\htdocs\sadhelx-admin\vendor\codeigniter4\framework\system\Common.php(1119): CodeIgniter\View\View->render('admin/_partials...', Array, true)
#7 C:\xampp\htdocs\sadhelx-admin\app\Controllers\Guidelines.php(21): view('admin/_partials...', Array)
#8 C:\xampp\htdocs\sadhelx-admin\vendor\codeigniter4\framework\system\CodeIgniter.php(918): App\Controllers\Guidelines->index()
#9 C:\xampp\htdocs\sadhelx-admin\vendor\codeigniter4\framework\system\CodeIgniter.php(404): CodeIgniter\CodeIgniter->runController(Object(App\Controllers\Guidelines))
#10 C:\xampp\htdocs\sadhelx-admin\vendor\codeigniter4\framework\system\CodeIgniter.php(312): CodeIgniter\CodeIgniter->handleRequest(NULL, Object(Config\Cache), false)
#11 C:\xampp\htdocs\sadhelx-admin\public\index.php(45): CodeIgniter\CodeIgniter->run()
#12 C:\xampp\htdocs\sadhelx-admin\vendor\codeigniter4\framework\system\Commands\Server\rewrite.php(34): require_once('C:\\xampp\\htdocs...')
#13 {main}
CRITICAL - 2021-02-16 23:08:30 --> Undefined index: file
#0 C:\xampp\htdocs\sadhelx-admin\app\Views\admin\guide\index.php(49): CodeIgniter\Debug\Exceptions->errorHandler(8, 'Undefined index...', 'C:\\xampp\\htdocs...', 49, Array)
#1 C:\xampp\htdocs\sadhelx-admin\vendor\codeigniter4\framework\system\View\View.php(246): include('C:\\xampp\\htdocs...')
#2 C:\xampp\htdocs\sadhelx-admin\vendor\codeigniter4\framework\system\Common.php(1119): CodeIgniter\View\View->render('admin/guide/ind...', Array, true)
#3 C:\xampp\htdocs\sadhelx-admin\app\Views\admin\_partials\content.php(5): view('admin/guide/ind...')
#4 C:\xampp\htdocs\sadhelx-admin\app\Views\admin\_partials\wrapper.php(10): require_once('C:\\xampp\\htdocs...')
#5 C:\xampp\htdocs\sadhelx-admin\vendor\codeigniter4\framework\system\View\View.php(246): include('C:\\xampp\\htdocs...')
#6 C:\xampp\htdocs\sadhelx-admin\vendor\codeigniter4\framework\system\Common.php(1119): CodeIgniter\View\View->render('admin/_partials...', Array, true)
#7 C:\xampp\htdocs\sadhelx-admin\app\Controllers\Guidelines.php(21): view('admin/_partials...', Array)
#8 C:\xampp\htdocs\sadhelx-admin\vendor\codeigniter4\framework\system\CodeIgniter.php(918): App\Controllers\Guidelines->index()
#9 C:\xampp\htdocs\sadhelx-admin\vendor\codeigniter4\framework\system\CodeIgniter.php(404): CodeIgniter\CodeIgniter->runController(Object(App\Controllers\Guidelines))
#10 C:\xampp\htdocs\sadhelx-admin\vendor\codeigniter4\framework\system\CodeIgniter.php(312): CodeIgniter\CodeIgniter->handleRequest(NULL, Object(Config\Cache), false)
#11 C:\xampp\htdocs\sadhelx-admin\public\index.php(45): CodeIgniter\CodeIgniter->run()
#12 C:\xampp\htdocs\sadhelx-admin\vendor\codeigniter4\framework\system\Commands\Server\rewrite.php(34): require_once('C:\\xampp\\htdocs...')
#13 {main}
CRITICAL - 2021-02-16 23:27:22 --> syntax error, unexpected ''created_by'' (T_CONSTANT_ENCAPSED_STRING), expecting ')'
#0 C:\xampp\htdocs\sadhelx-admin\vendor\codeigniter4\framework\system\Router\Router.php(195): CodeIgniter\Router\Router->autoRoute('guidelines/stor...')
#1 C:\xampp\htdocs\sadhelx-admin\vendor\codeigniter4\framework\system\CodeIgniter.php(793): CodeIgniter\Router\Router->handle('guidelines/stor...')
#2 C:\xampp\htdocs\sadhelx-admin\vendor\codeigniter4\framework\system\CodeIgniter.php(364): CodeIgniter\CodeIgniter->tryToRouteIt(Object(CodeIgniter\Router\RouteCollection))
#3 C:\xampp\htdocs\sadhelx-admin\vendor\codeigniter4\framework\system\CodeIgniter.php(312): CodeIgniter\CodeIgniter->handleRequest(NULL, Object(Config\Cache), false)
#4 C:\xampp\htdocs\sadhelx-admin\public\index.php(45): CodeIgniter\CodeIgniter->run()
#5 C:\xampp\htdocs\sadhelx-admin\vendor\codeigniter4\framework\system\Commands\Server\rewrite.php(34): require_once('C:\\xampp\\htdocs...')
#6 {main}
