CRITICAL - 2021-02-21 05:34:30 --> Unable to connect to the database.
#0 C:\xampp\htdocs\korlantas\vendor\codeigniter4\framework\system\Database\BaseConnection.php(646): CodeIgniter\Database\BaseConnection->initialize()
#1 C:\xampp\htdocs\korlantas\vendor\codeigniter4\framework\system\Database\BaseBuilder.php(1860): CodeIgniter\Database\BaseConnection->query('SELECT *\nFROM `...', Array, false)
#2 C:\xampp\htdocs\korlantas\app\ThirdParty\myth-auth\src\Models\LoginModel.php(61): CodeIgniter\Database\BaseBuilder->get()
#3 C:\xampp\htdocs\korlantas\app\ThirdParty\myth-auth\src\Authentication\LocalAuthenticator.php(93): Myth\Auth\Models\LoginModel->getRememberToken('7111cc115c62b8f...')
#4 C:\xampp\htdocs\korlantas\app\ThirdParty\myth-auth\src\Filters\LoginFilter.php(45): Myth\Auth\Authentication\LocalAuthenticator->check()
#5 C:\xampp\htdocs\korlantas\vendor\codeigniter4\framework\system\Filters\Filters.php(173): Myth\Auth\Filters\LoginFilter->before(Object(CodeIgniter\HTTP\IncomingRequest), NULL)
#6 C:\xampp\htdocs\korlantas\vendor\codeigniter4\framework\system\CodeIgniter.php(382): CodeIgniter\Filters\Filters->run('/', 'before')
#7 C:\xampp\htdocs\korlantas\vendor\codeigniter4\framework\system\CodeIgniter.php(312): CodeIgniter\CodeIgniter->handleRequest(NULL, Object(Config\Cache), false)
#8 C:\xampp\htdocs\korlantas\public\index.php(45): CodeIgniter\CodeIgniter->run()
#9 C:\xampp\htdocs\korlantas\vendor\codeigniter4\framework\system\Commands\Server\rewrite.php(34): require_once('C:\\xampp\\htdocs...')
#10 {main}
CRITICAL - 2021-02-21 20:55:53 --> Unable to connect to the database.
#0 C:\xampp\htdocs\korlantas\vendor\codeigniter4\framework\system\Database\BaseConnection.php(646): CodeIgniter\Database\BaseConnection->initialize()
#1 C:\xampp\htdocs\korlantas\vendor\codeigniter4\framework\system\Database\BaseBuilder.php(1860): CodeIgniter\Database\BaseConnection->query('SELECT *\nFROM `...', Array, false)
#2 C:\xampp\htdocs\korlantas\app\ThirdParty\myth-auth\src\Models\LoginModel.php(61): CodeIgniter\Database\BaseBuilder->get()
#3 C:\xampp\htdocs\korlantas\app\ThirdParty\myth-auth\src\Authentication\LocalAuthenticator.php(93): Myth\Auth\Models\LoginModel->getRememberToken('7111cc115c62b8f...')
#4 C:\xampp\htdocs\korlantas\app\ThirdParty\myth-auth\src\Filters\LoginFilter.php(45): Myth\Auth\Authentication\LocalAuthenticator->check()
#5 C:\xampp\htdocs\korlantas\vendor\codeigniter4\framework\system\Filters\Filters.php(173): Myth\Auth\Filters\LoginFilter->before(Object(CodeIgniter\HTTP\IncomingRequest), NULL)
#6 C:\xampp\htdocs\korlantas\vendor\codeigniter4\framework\system\CodeIgniter.php(382): CodeIgniter\Filters\Filters->run('/', 'before')
#7 C:\xampp\htdocs\korlantas\vendor\codeigniter4\framework\system\CodeIgniter.php(312): CodeIgniter\CodeIgniter->handleRequest(NULL, Object(Config\Cache), false)
#8 C:\xampp\htdocs\korlantas\public\index.php(45): CodeIgniter\CodeIgniter->run()
#9 C:\xampp\htdocs\korlantas\vendor\codeigniter4\framework\system\Commands\Server\rewrite.php(34): require_once('C:\\xampp\\htdocs...')
#10 {main}
CRITICAL - 2021-02-21 21:10:34 --> Class 'App\Controllers\GuidelinesModel' not found
#0 C:\xampp\htdocs\korlantas\vendor\codeigniter4\framework\system\CodeIgniter.php(918): App\Controllers\BankSoal->index()
#1 C:\xampp\htdocs\korlantas\vendor\codeigniter4\framework\system\CodeIgniter.php(404): CodeIgniter\CodeIgniter->runController(Object(App\Controllers\BankSoal))
#2 C:\xampp\htdocs\korlantas\vendor\codeigniter4\framework\system\CodeIgniter.php(312): CodeIgniter\CodeIgniter->handleRequest(NULL, Object(Config\Cache), false)
#3 C:\xampp\htdocs\korlantas\public\index.php(45): CodeIgniter\CodeIgniter->run()
#4 C:\xampp\htdocs\korlantas\vendor\codeigniter4\framework\system\Commands\Server\rewrite.php(34): require_once('C:\\xampp\\htdocs...')
#5 {main}
CRITICAL - 2021-02-21 21:11:48 --> You must set the database table to be used with your query.
#0 C:\xampp\htdocs\korlantas\vendor\codeigniter4\framework\system\Model.php(1237): CodeIgniter\Database\BaseConnection->table(NULL)
#1 C:\xampp\htdocs\korlantas\vendor\codeigniter4\framework\system\Model.php(1816): CodeIgniter\Model->builder()
#2 C:\xampp\htdocs\korlantas\app\Controllers\BankSoal.php(12): CodeIgniter\Model->__call('getGuidelines', Array)
#3 C:\xampp\htdocs\korlantas\vendor\codeigniter4\framework\system\CodeIgniter.php(918): App\Controllers\BankSoal->index()
#4 C:\xampp\htdocs\korlantas\vendor\codeigniter4\framework\system\CodeIgniter.php(404): CodeIgniter\CodeIgniter->runController(Object(App\Controllers\BankSoal))
#5 C:\xampp\htdocs\korlantas\vendor\codeigniter4\framework\system\CodeIgniter.php(312): CodeIgniter\CodeIgniter->handleRequest(NULL, Object(Config\Cache), false)
#6 C:\xampp\htdocs\korlantas\public\index.php(45): CodeIgniter\CodeIgniter->run()
#7 C:\xampp\htdocs\korlantas\vendor\codeigniter4\framework\system\Commands\Server\rewrite.php(34): require_once('C:\\xampp\\htdocs...')
#8 {main}
CRITICAL - 2021-02-21 21:12:19 --> You must set the database table to be used with your query.
#0 C:\xampp\htdocs\korlantas\vendor\codeigniter4\framework\system\Model.php(1237): CodeIgniter\Database\BaseConnection->table(NULL)
#1 C:\xampp\htdocs\korlantas\vendor\codeigniter4\framework\system\Model.php(1816): CodeIgniter\Model->builder()
#2 C:\xampp\htdocs\korlantas\app\Controllers\BankSoal.php(12): CodeIgniter\Model->__call('getGuidelines', Array)
#3 C:\xampp\htdocs\korlantas\vendor\codeigniter4\framework\system\CodeIgniter.php(918): App\Controllers\BankSoal->index()
#4 C:\xampp\htdocs\korlantas\vendor\codeigniter4\framework\system\CodeIgniter.php(404): CodeIgniter\CodeIgniter->runController(Object(App\Controllers\BankSoal))
#5 C:\xampp\htdocs\korlantas\vendor\codeigniter4\framework\system\CodeIgniter.php(312): CodeIgniter\CodeIgniter->handleRequest(NULL, Object(Config\Cache), false)
#6 C:\xampp\htdocs\korlantas\public\index.php(45): CodeIgniter\CodeIgniter->run()
#7 C:\xampp\htdocs\korlantas\vendor\codeigniter4\framework\system\Commands\Server\rewrite.php(34): require_once('C:\\xampp\\htdocs...')
#8 {main}
CRITICAL - 2021-02-21 21:13:47 --> Call to undefined method App\Models\BankModel::getGuidelines
#0 C:\xampp\htdocs\korlantas\app\Controllers\BankSoal.php(12): CodeIgniter\Model->__call('getGuidelines', Array)
#1 C:\xampp\htdocs\korlantas\vendor\codeigniter4\framework\system\CodeIgniter.php(918): App\Controllers\BankSoal->index()
#2 C:\xampp\htdocs\korlantas\vendor\codeigniter4\framework\system\CodeIgniter.php(404): CodeIgniter\CodeIgniter->runController(Object(App\Controllers\BankSoal))
#3 C:\xampp\htdocs\korlantas\vendor\codeigniter4\framework\system\CodeIgniter.php(312): CodeIgniter\CodeIgniter->handleRequest(NULL, Object(Config\Cache), false)
#4 C:\xampp\htdocs\korlantas\public\index.php(45): CodeIgniter\CodeIgniter->run()
#5 C:\xampp\htdocs\korlantas\vendor\codeigniter4\framework\system\Commands\Server\rewrite.php(34): require_once('C:\\xampp\\htdocs...')
#6 {main}
CRITICAL - 2021-02-21 21:16:18 --> Call to undefined method App\Models\BankModel::getGuidelines
#0 C:\xampp\htdocs\korlantas\app\Controllers\BankSoal.php(12): CodeIgniter\Model->__call('getGuidelines', Array)
#1 C:\xampp\htdocs\korlantas\vendor\codeigniter4\framework\system\CodeIgniter.php(918): App\Controllers\BankSoal->index()
#2 C:\xampp\htdocs\korlantas\vendor\codeigniter4\framework\system\CodeIgniter.php(404): CodeIgniter\CodeIgniter->runController(Object(App\Controllers\BankSoal))
#3 C:\xampp\htdocs\korlantas\vendor\codeigniter4\framework\system\CodeIgniter.php(312): CodeIgniter\CodeIgniter->handleRequest(NULL, Object(Config\Cache), false)
#4 C:\xampp\htdocs\korlantas\public\index.php(45): CodeIgniter\CodeIgniter->run()
#5 C:\xampp\htdocs\korlantas\vendor\codeigniter4\framework\system\Commands\Server\rewrite.php(34): require_once('C:\\xampp\\htdocs...')
#6 {main}
CRITICAL - 2021-02-21 21:18:29 --> Call to undefined method App\Models\BankModel::getGuidelines
#0 C:\xampp\htdocs\korlantas\app\Controllers\BankSoal.php(12): CodeIgniter\Model->__call('getGuidelines', Array)
#1 C:\xampp\htdocs\korlantas\vendor\codeigniter4\framework\system\CodeIgniter.php(918): App\Controllers\BankSoal->index()
#2 C:\xampp\htdocs\korlantas\vendor\codeigniter4\framework\system\CodeIgniter.php(404): CodeIgniter\CodeIgniter->runController(Object(App\Controllers\BankSoal))
#3 C:\xampp\htdocs\korlantas\vendor\codeigniter4\framework\system\CodeIgniter.php(312): CodeIgniter\CodeIgniter->handleRequest(NULL, Object(Config\Cache), false)
#4 C:\xampp\htdocs\korlantas\public\index.php(45): CodeIgniter\CodeIgniter->run()
#5 C:\xampp\htdocs\korlantas\vendor\codeigniter4\framework\system\Commands\Server\rewrite.php(34): require_once('C:\\xampp\\htdocs...')
#6 {main}
CRITICAL - 2021-02-21 21:18:44 --> Call to undefined method App\Models\BankModel::getGuidelines
#0 C:\xampp\htdocs\korlantas\app\Controllers\BankSoal.php(12): CodeIgniter\Model->__call('getGuidelines', Array)
#1 C:\xampp\htdocs\korlantas\vendor\codeigniter4\framework\system\CodeIgniter.php(918): App\Controllers\BankSoal->index()
#2 C:\xampp\htdocs\korlantas\vendor\codeigniter4\framework\system\CodeIgniter.php(404): CodeIgniter\CodeIgniter->runController(Object(App\Controllers\BankSoal))
#3 C:\xampp\htdocs\korlantas\vendor\codeigniter4\framework\system\CodeIgniter.php(312): CodeIgniter\CodeIgniter->handleRequest(NULL, Object(Config\Cache), false)
#4 C:\xampp\htdocs\korlantas\public\index.php(45): CodeIgniter\CodeIgniter->run()
#5 C:\xampp\htdocs\korlantas\vendor\codeigniter4\framework\system\Commands\Server\rewrite.php(34): require_once('C:\\xampp\\htdocs...')
#6 {main}
CRITICAL - 2021-02-21 21:18:47 --> Call to undefined method App\Models\BankModel::getGuidelines
#0 C:\xampp\htdocs\korlantas\app\Controllers\BankSoal.php(12): CodeIgniter\Model->__call('getGuidelines', Array)
#1 C:\xampp\htdocs\korlantas\vendor\codeigniter4\framework\system\CodeIgniter.php(918): App\Controllers\BankSoal->index()
#2 C:\xampp\htdocs\korlantas\vendor\codeigniter4\framework\system\CodeIgniter.php(404): CodeIgniter\CodeIgniter->runController(Object(App\Controllers\BankSoal))
#3 C:\xampp\htdocs\korlantas\vendor\codeigniter4\framework\system\CodeIgniter.php(312): CodeIgniter\CodeIgniter->handleRequest(NULL, Object(Config\Cache), false)
#4 C:\xampp\htdocs\korlantas\public\index.php(45): CodeIgniter\CodeIgniter->run()
#5 C:\xampp\htdocs\korlantas\vendor\codeigniter4\framework\system\Commands\Server\rewrite.php(34): require_once('C:\\xampp\\htdocs...')
#6 {main}
CRITICAL - 2021-02-21 21:20:19 --> Call to undefined method App\Models\BankModel::getBank
#0 C:\xampp\htdocs\korlantas\app\Controllers\BankSoal.php(10): CodeIgniter\Model->__call('getBank', Array)
#1 C:\xampp\htdocs\korlantas\vendor\codeigniter4\framework\system\CodeIgniter.php(918): App\Controllers\BankSoal->index()
#2 C:\xampp\htdocs\korlantas\vendor\codeigniter4\framework\system\CodeIgniter.php(404): CodeIgniter\CodeIgniter->runController(Object(App\Controllers\BankSoal))
#3 C:\xampp\htdocs\korlantas\vendor\codeigniter4\framework\system\CodeIgniter.php(312): CodeIgniter\CodeIgniter->handleRequest(NULL, Object(Config\Cache), false)
#4 C:\xampp\htdocs\korlantas\public\index.php(45): CodeIgniter\CodeIgniter->run()
#5 C:\xampp\htdocs\korlantas\vendor\codeigniter4\framework\system\Commands\Server\rewrite.php(34): require_once('C:\\xampp\\htdocs...')
#6 {main}
CRITICAL - 2021-02-21 21:21:10 --> Call to undefined method App\Models\BankModel::getBank
#0 C:\xampp\htdocs\korlantas\app\Controllers\BankSoal.php(10): CodeIgniter\Model->__call('getBank', Array)
#1 C:\xampp\htdocs\korlantas\vendor\codeigniter4\framework\system\CodeIgniter.php(918): App\Controllers\BankSoal->index()
#2 C:\xampp\htdocs\korlantas\vendor\codeigniter4\framework\system\CodeIgniter.php(404): CodeIgniter\CodeIgniter->runController(Object(App\Controllers\BankSoal))
#3 C:\xampp\htdocs\korlantas\vendor\codeigniter4\framework\system\CodeIgniter.php(312): CodeIgniter\CodeIgniter->handleRequest(NULL, Object(Config\Cache), false)
#4 C:\xampp\htdocs\korlantas\public\index.php(45): CodeIgniter\CodeIgniter->run()
#5 C:\xampp\htdocs\korlantas\vendor\codeigniter4\framework\system\Commands\Server\rewrite.php(34): require_once('C:\\xampp\\htdocs...')
#6 {main}
CRITICAL - 2021-02-21 21:21:17 --> Call to undefined method App\Models\BankModel::getBank
#0 C:\xampp\htdocs\korlantas\app\Controllers\BankSoal.php(10): CodeIgniter\Model->__call('getBank', Array)
#1 C:\xampp\htdocs\korlantas\vendor\codeigniter4\framework\system\CodeIgniter.php(918): App\Controllers\BankSoal->index()
#2 C:\xampp\htdocs\korlantas\vendor\codeigniter4\framework\system\CodeIgniter.php(404): CodeIgniter\CodeIgniter->runController(Object(App\Controllers\BankSoal))
#3 C:\xampp\htdocs\korlantas\vendor\codeigniter4\framework\system\CodeIgniter.php(312): CodeIgniter\CodeIgniter->handleRequest(NULL, Object(Config\Cache), false)
#4 C:\xampp\htdocs\korlantas\public\index.php(45): CodeIgniter\CodeIgniter->run()
#5 C:\xampp\htdocs\korlantas\vendor\codeigniter4\framework\system\Commands\Server\rewrite.php(34): require_once('C:\\xampp\\htdocs...')
#6 {main}
CRITICAL - 2021-02-21 21:31:44 --> Undefined variable: guideline
#0 C:\xampp\htdocs\korlantas\app\Views\admin\banksoal\index.php(38): CodeIgniter\Debug\Exceptions->errorHandler(8, 'Undefined varia...', 'C:\\xampp\\htdocs...', 38, Array)
#1 C:\xampp\htdocs\korlantas\vendor\codeigniter4\framework\system\View\View.php(246): include('C:\\xampp\\htdocs...')
#2 C:\xampp\htdocs\korlantas\vendor\codeigniter4\framework\system\Common.php(1119): CodeIgniter\View\View->render('admin/banksoal/...', Array, true)
#3 C:\xampp\htdocs\korlantas\app\Views\admin\_partials\content.php(5): view('admin/banksoal/...')
#4 C:\xampp\htdocs\korlantas\app\Views\admin\_partials\wrapper.php(10): require_once('C:\\xampp\\htdocs...')
#5 C:\xampp\htdocs\korlantas\vendor\codeigniter4\framework\system\View\View.php(246): include('C:\\xampp\\htdocs...')
#6 C:\xampp\htdocs\korlantas\vendor\codeigniter4\framework\system\Common.php(1119): CodeIgniter\View\View->render('admin/_partials...', Array, true)
#7 C:\xampp\htdocs\korlantas\app\Controllers\BankSoal.php(14): view('admin/_partials...', Array)
#8 C:\xampp\htdocs\korlantas\vendor\codeigniter4\framework\system\CodeIgniter.php(918): App\Controllers\BankSoal->index()
#9 C:\xampp\htdocs\korlantas\vendor\codeigniter4\framework\system\CodeIgniter.php(404): CodeIgniter\CodeIgniter->runController(Object(App\Controllers\BankSoal))
#10 C:\xampp\htdocs\korlantas\vendor\codeigniter4\framework\system\CodeIgniter.php(312): CodeIgniter\CodeIgniter->handleRequest(NULL, Object(Config\Cache), false)
#11 C:\xampp\htdocs\korlantas\public\index.php(45): CodeIgniter\CodeIgniter->run()
#12 C:\xampp\htdocs\korlantas\vendor\codeigniter4\framework\system\Commands\Server\rewrite.php(34): require_once('C:\\xampp\\htdocs...')
#13 {main}
CRITICAL - 2021-02-21 21:32:13 --> Undefined index: guidelines_name
#0 C:\xampp\htdocs\korlantas\app\Views\admin\banksoal\index.php(41): CodeIgniter\Debug\Exceptions->errorHandler(8, 'Undefined index...', 'C:\\xampp\\htdocs...', 41, Array)
#1 C:\xampp\htdocs\korlantas\vendor\codeigniter4\framework\system\View\View.php(246): include('C:\\xampp\\htdocs...')
#2 C:\xampp\htdocs\korlantas\vendor\codeigniter4\framework\system\Common.php(1119): CodeIgniter\View\View->render('admin/banksoal/...', Array, true)
#3 C:\xampp\htdocs\korlantas\app\Views\admin\_partials\content.php(5): view('admin/banksoal/...')
#4 C:\xampp\htdocs\korlantas\app\Views\admin\_partials\wrapper.php(10): require_once('C:\\xampp\\htdocs...')
#5 C:\xampp\htdocs\korlantas\vendor\codeigniter4\framework\system\View\View.php(246): include('C:\\xampp\\htdocs...')
#6 C:\xampp\htdocs\korlantas\vendor\codeigniter4\framework\system\Common.php(1119): CodeIgniter\View\View->render('admin/_partials...', Array, true)
#7 C:\xampp\htdocs\korlantas\app\Controllers\BankSoal.php(14): view('admin/_partials...', Array)
#8 C:\xampp\htdocs\korlantas\vendor\codeigniter4\framework\system\CodeIgniter.php(918): App\Controllers\BankSoal->index()
#9 C:\xampp\htdocs\korlantas\vendor\codeigniter4\framework\system\CodeIgniter.php(404): CodeIgniter\CodeIgniter->runController(Object(App\Controllers\BankSoal))
#10 C:\xampp\htdocs\korlantas\vendor\codeigniter4\framework\system\CodeIgniter.php(312): CodeIgniter\CodeIgniter->handleRequest(NULL, Object(Config\Cache), false)
#11 C:\xampp\htdocs\korlantas\public\index.php(45): CodeIgniter\CodeIgniter->run()
#12 C:\xampp\htdocs\korlantas\vendor\codeigniter4\framework\system\Commands\Server\rewrite.php(34): require_once('C:\\xampp\\htdocs...')
#13 {main}
CRITICAL - 2021-02-21 21:32:47 --> Undefined index: guidelines_id
#0 C:\xampp\htdocs\korlantas\app\Views\admin\banksoal\index.php(40): CodeIgniter\Debug\Exceptions->errorHandler(8, 'Undefined index...', 'C:\\xampp\\htdocs...', 40, Array)
#1 C:\xampp\htdocs\korlantas\vendor\codeigniter4\framework\system\View\View.php(246): include('C:\\xampp\\htdocs...')
#2 C:\xampp\htdocs\korlantas\vendor\codeigniter4\framework\system\Common.php(1119): CodeIgniter\View\View->render('admin/banksoal/...', Array, true)
#3 C:\xampp\htdocs\korlantas\app\Views\admin\_partials\content.php(5): view('admin/banksoal/...')
#4 C:\xampp\htdocs\korlantas\app\Views\admin\_partials\wrapper.php(10): require_once('C:\\xampp\\htdocs...')
#5 C:\xampp\htdocs\korlantas\vendor\codeigniter4\framework\system\View\View.php(246): include('C:\\xampp\\htdocs...')
#6 C:\xampp\htdocs\korlantas\vendor\codeigniter4\framework\system\Common.php(1119): CodeIgniter\View\View->render('admin/_partials...', Array, true)
#7 C:\xampp\htdocs\korlantas\app\Controllers\BankSoal.php(14): view('admin/_partials...', Array)
#8 C:\xampp\htdocs\korlantas\vendor\codeigniter4\framework\system\CodeIgniter.php(918): App\Controllers\BankSoal->index()
#9 C:\xampp\htdocs\korlantas\vendor\codeigniter4\framework\system\CodeIgniter.php(404): CodeIgniter\CodeIgniter->runController(Object(App\Controllers\BankSoal))
#10 C:\xampp\htdocs\korlantas\vendor\codeigniter4\framework\system\CodeIgniter.php(312): CodeIgniter\CodeIgniter->handleRequest(NULL, Object(Config\Cache), false)
#11 C:\xampp\htdocs\korlantas\public\index.php(45): CodeIgniter\CodeIgniter->run()
#12 C:\xampp\htdocs\korlantas\vendor\codeigniter4\framework\system\Commands\Server\rewrite.php(34): require_once('C:\\xampp\\htdocs...')
#13 {main}
CRITICAL - 2021-02-21 21:33:01 --> Undefined index: guidelines_name
#0 C:\xampp\htdocs\korlantas\app\Views\admin\banksoal\index.php(41): CodeIgniter\Debug\Exceptions->errorHandler(8, 'Undefined index...', 'C:\\xampp\\htdocs...', 41, Array)
#1 C:\xampp\htdocs\korlantas\vendor\codeigniter4\framework\system\View\View.php(246): include('C:\\xampp\\htdocs...')
#2 C:\xampp\htdocs\korlantas\vendor\codeigniter4\framework\system\Common.php(1119): CodeIgniter\View\View->render('admin/banksoal/...', Array, true)
#3 C:\xampp\htdocs\korlantas\app\Views\admin\_partials\content.php(5): view('admin/banksoal/...')
#4 C:\xampp\htdocs\korlantas\app\Views\admin\_partials\wrapper.php(10): require_once('C:\\xampp\\htdocs...')
#5 C:\xampp\htdocs\korlantas\vendor\codeigniter4\framework\system\View\View.php(246): include('C:\\xampp\\htdocs...')
#6 C:\xampp\htdocs\korlantas\vendor\codeigniter4\framework\system\Common.php(1119): CodeIgniter\View\View->render('admin/_partials...', Array, true)
#7 C:\xampp\htdocs\korlantas\app\Controllers\BankSoal.php(14): view('admin/_partials...', Array)
#8 C:\xampp\htdocs\korlantas\vendor\codeigniter4\framework\system\CodeIgniter.php(918): App\Controllers\BankSoal->index()
#9 C:\xampp\htdocs\korlantas\vendor\codeigniter4\framework\system\CodeIgniter.php(404): CodeIgniter\CodeIgniter->runController(Object(App\Controllers\BankSoal))
#10 C:\xampp\htdocs\korlantas\vendor\codeigniter4\framework\system\CodeIgniter.php(312): CodeIgniter\CodeIgniter->handleRequest(NULL, Object(Config\Cache), false)
#11 C:\xampp\htdocs\korlantas\public\index.php(45): CodeIgniter\CodeIgniter->run()
#12 C:\xampp\htdocs\korlantas\vendor\codeigniter4\framework\system\Commands\Server\rewrite.php(34): require_once('C:\\xampp\\htdocs...')
#13 {main}
CRITICAL - 2021-02-21 21:35:23 --> syntax error, unexpected end of file, expecting elseif (T_ELSEIF) or else (T_ELSE) or endif (T_ENDIF)
#0 C:\xampp\htdocs\korlantas\vendor\codeigniter4\framework\system\View\View.php(246): include()
#1 C:\xampp\htdocs\korlantas\vendor\codeigniter4\framework\system\Common.php(1119): CodeIgniter\View\View->render('admin/_partials...', Array, true)
#2 C:\xampp\htdocs\korlantas\app\Controllers\BankSoal.php(14): view('admin/_partials...', Array)
#3 C:\xampp\htdocs\korlantas\vendor\codeigniter4\framework\system\CodeIgniter.php(918): App\Controllers\BankSoal->index()
#4 C:\xampp\htdocs\korlantas\vendor\codeigniter4\framework\system\CodeIgniter.php(404): CodeIgniter\CodeIgniter->runController(Object(App\Controllers\BankSoal))
#5 C:\xampp\htdocs\korlantas\vendor\codeigniter4\framework\system\CodeIgniter.php(312): CodeIgniter\CodeIgniter->handleRequest(NULL, Object(Config\Cache), false)
#6 C:\xampp\htdocs\korlantas\public\index.php(45): CodeIgniter\CodeIgniter->run()
#7 C:\xampp\htdocs\korlantas\vendor\codeigniter4\framework\system\Commands\Server\rewrite.php(34): require_once('C:\\xampp\\htdocs...')
#8 {main}
CRITICAL - 2021-02-21 21:40:54 --> Class 'App\Models\CategoryTestModel' not found
#0 C:\xampp\htdocs\korlantas\vendor\codeigniter4\framework\system\CodeIgniter.php(918): App\Controllers\CategoryTest->index()
#1 C:\xampp\htdocs\korlantas\vendor\codeigniter4\framework\system\CodeIgniter.php(404): CodeIgniter\CodeIgniter->runController(Object(App\Controllers\CategoryTest))
#2 C:\xampp\htdocs\korlantas\vendor\codeigniter4\framework\system\CodeIgniter.php(312): CodeIgniter\CodeIgniter->handleRequest(NULL, Object(Config\Cache), false)
#3 C:\xampp\htdocs\korlantas\public\index.php(45): CodeIgniter\CodeIgniter->run()
#4 C:\xampp\htdocs\korlantas\vendor\codeigniter4\framework\system\Commands\Server\rewrite.php(34): require_once('C:\\xampp\\htdocs...')
#5 {main}
CRITICAL - 2021-02-21 21:41:41 --> Class 'App\Models\CategoryTestModel' not found
#0 C:\xampp\htdocs\korlantas\vendor\codeigniter4\framework\system\CodeIgniter.php(918): App\Controllers\CategoryTest->index()
#1 C:\xampp\htdocs\korlantas\vendor\codeigniter4\framework\system\CodeIgniter.php(404): CodeIgniter\CodeIgniter->runController(Object(App\Controllers\CategoryTest))
#2 C:\xampp\htdocs\korlantas\vendor\codeigniter4\framework\system\CodeIgniter.php(312): CodeIgniter\CodeIgniter->handleRequest(NULL, Object(Config\Cache), false)
#3 C:\xampp\htdocs\korlantas\public\index.php(45): CodeIgniter\CodeIgniter->run()
#4 C:\xampp\htdocs\korlantas\vendor\codeigniter4\framework\system\Commands\Server\rewrite.php(34): require_once('C:\\xampp\\htdocs...')
#5 {main}
CRITICAL - 2021-02-21 21:42:00 --> Invalid file: admin/category test/index.php
#0 C:\xampp\htdocs\korlantas\vendor\codeigniter4\framework\system\View\View.php(228): CodeIgniter\Exceptions\FrameworkException::forInvalidFile('admin/category ...')
#1 C:\xampp\htdocs\korlantas\vendor\codeigniter4\framework\system\Common.php(1119): CodeIgniter\View\View->render('admin/category ...', Array, true)
#2 C:\xampp\htdocs\korlantas\app\Views\admin\_partials\content.php(5): view('admin/category ...')
#3 C:\xampp\htdocs\korlantas\app\Views\admin\_partials\wrapper.php(10): require_once('C:\\xampp\\htdocs...')
#4 C:\xampp\htdocs\korlantas\vendor\codeigniter4\framework\system\View\View.php(246): include('C:\\xampp\\htdocs...')
#5 C:\xampp\htdocs\korlantas\vendor\codeigniter4\framework\system\Common.php(1119): CodeIgniter\View\View->render('admin/_partials...', Array, true)
#6 C:\xampp\htdocs\korlantas\app\Controllers\CategoryTest.php(14): view('admin/_partials...', Array)
#7 C:\xampp\htdocs\korlantas\vendor\codeigniter4\framework\system\CodeIgniter.php(918): App\Controllers\CategoryTest->index()
#8 C:\xampp\htdocs\korlantas\vendor\codeigniter4\framework\system\CodeIgniter.php(404): CodeIgniter\CodeIgniter->runController(Object(App\Controllers\CategoryTest))
#9 C:\xampp\htdocs\korlantas\vendor\codeigniter4\framework\system\CodeIgniter.php(312): CodeIgniter\CodeIgniter->handleRequest(NULL, Object(Config\Cache), false)
#10 C:\xampp\htdocs\korlantas\public\index.php(45): CodeIgniter\CodeIgniter->run()
#11 C:\xampp\htdocs\korlantas\vendor\codeigniter4\framework\system\Commands\Server\rewrite.php(34): require_once('C:\\xampp\\htdocs...')
#12 {main}
CRITICAL - 2021-02-21 21:42:17 --> Invalid file: admin/categorytest/index.php
#0 C:\xampp\htdocs\korlantas\vendor\codeigniter4\framework\system\View\View.php(228): CodeIgniter\Exceptions\FrameworkException::forInvalidFile('admin/categoryt...')
#1 C:\xampp\htdocs\korlantas\vendor\codeigniter4\framework\system\Common.php(1119): CodeIgniter\View\View->render('admin/categoryt...', Array, true)
#2 C:\xampp\htdocs\korlantas\app\Views\admin\_partials\content.php(5): view('admin/categoryt...')
#3 C:\xampp\htdocs\korlantas\app\Views\admin\_partials\wrapper.php(10): require_once('C:\\xampp\\htdocs...')
#4 C:\xampp\htdocs\korlantas\vendor\codeigniter4\framework\system\View\View.php(246): include('C:\\xampp\\htdocs...')
#5 C:\xampp\htdocs\korlantas\vendor\codeigniter4\framework\system\Common.php(1119): CodeIgniter\View\View->render('admin/_partials...', Array, true)
#6 C:\xampp\htdocs\korlantas\app\Controllers\CategoryTest.php(14): view('admin/_partials...', Array)
#7 C:\xampp\htdocs\korlantas\vendor\codeigniter4\framework\system\CodeIgniter.php(918): App\Controllers\CategoryTest->index()
#8 C:\xampp\htdocs\korlantas\vendor\codeigniter4\framework\system\CodeIgniter.php(404): CodeIgniter\CodeIgniter->runController(Object(App\Controllers\CategoryTest))
#9 C:\xampp\htdocs\korlantas\vendor\codeigniter4\framework\system\CodeIgniter.php(312): CodeIgniter\CodeIgniter->handleRequest(NULL, Object(Config\Cache), false)
#10 C:\xampp\htdocs\korlantas\public\index.php(45): CodeIgniter\CodeIgniter->run()
#11 C:\xampp\htdocs\korlantas\vendor\codeigniter4\framework\system\Commands\Server\rewrite.php(34): require_once('C:\\xampp\\htdocs...')
#12 {main}
CRITICAL - 2021-02-21 21:42:59 --> Undefined variable: guideline
#0 C:\xampp\htdocs\korlantas\app\Views\admin\categorytest\index.php(38): CodeIgniter\Debug\Exceptions->errorHandler(8, 'Undefined varia...', 'C:\\xampp\\htdocs...', 38, Array)
#1 C:\xampp\htdocs\korlantas\vendor\codeigniter4\framework\system\View\View.php(246): include('C:\\xampp\\htdocs...')
#2 C:\xampp\htdocs\korlantas\vendor\codeigniter4\framework\system\Common.php(1119): CodeIgniter\View\View->render('admin/categoryt...', Array, true)
#3 C:\xampp\htdocs\korlantas\app\Views\admin\_partials\content.php(5): view('admin/categoryt...')
#4 C:\xampp\htdocs\korlantas\app\Views\admin\_partials\wrapper.php(10): require_once('C:\\xampp\\htdocs...')
#5 C:\xampp\htdocs\korlantas\vendor\codeigniter4\framework\system\View\View.php(246): include('C:\\xampp\\htdocs...')
#6 C:\xampp\htdocs\korlantas\vendor\codeigniter4\framework\system\Common.php(1119): CodeIgniter\View\View->render('admin/_partials...', Array, true)
#7 C:\xampp\htdocs\korlantas\app\Controllers\CategoryTest.php(14): view('admin/_partials...', Array)
#8 C:\xampp\htdocs\korlantas\vendor\codeigniter4\framework\system\CodeIgniter.php(918): App\Controllers\CategoryTest->index()
#9 C:\xampp\htdocs\korlantas\vendor\codeigniter4\framework\system\CodeIgniter.php(404): CodeIgniter\CodeIgniter->runController(Object(App\Controllers\CategoryTest))
#10 C:\xampp\htdocs\korlantas\vendor\codeigniter4\framework\system\CodeIgniter.php(312): CodeIgniter\CodeIgniter->handleRequest(NULL, Object(Config\Cache), false)
#11 C:\xampp\htdocs\korlantas\public\index.php(45): CodeIgniter\CodeIgniter->run()
#12 C:\xampp\htdocs\korlantas\vendor\codeigniter4\framework\system\Commands\Server\rewrite.php(34): require_once('C:\\xampp\\htdocs...')
#13 {main}
CRITICAL - 2021-02-21 21:43:07 --> Undefined index: guidelines_name
#0 C:\xampp\htdocs\korlantas\app\Views\admin\categorytest\index.php(41): CodeIgniter\Debug\Exceptions->errorHandler(8, 'Undefined index...', 'C:\\xampp\\htdocs...', 41, Array)
#1 C:\xampp\htdocs\korlantas\vendor\codeigniter4\framework\system\View\View.php(246): include('C:\\xampp\\htdocs...')
#2 C:\xampp\htdocs\korlantas\vendor\codeigniter4\framework\system\Common.php(1119): CodeIgniter\View\View->render('admin/categoryt...', Array, true)
#3 C:\xampp\htdocs\korlantas\app\Views\admin\_partials\content.php(5): view('admin/categoryt...')
#4 C:\xampp\htdocs\korlantas\app\Views\admin\_partials\wrapper.php(10): require_once('C:\\xampp\\htdocs...')
#5 C:\xampp\htdocs\korlantas\vendor\codeigniter4\framework\system\View\View.php(246): include('C:\\xampp\\htdocs...')
#6 C:\xampp\htdocs\korlantas\vendor\codeigniter4\framework\system\Common.php(1119): CodeIgniter\View\View->render('admin/_partials...', Array, true)
#7 C:\xampp\htdocs\korlantas\app\Controllers\CategoryTest.php(14): view('admin/_partials...', Array)
#8 C:\xampp\htdocs\korlantas\vendor\codeigniter4\framework\system\CodeIgniter.php(918): App\Controllers\CategoryTest->index()
#9 C:\xampp\htdocs\korlantas\vendor\codeigniter4\framework\system\CodeIgniter.php(404): CodeIgniter\CodeIgniter->runController(Object(App\Controllers\CategoryTest))
#10 C:\xampp\htdocs\korlantas\vendor\codeigniter4\framework\system\CodeIgniter.php(312): CodeIgniter\CodeIgniter->handleRequest(NULL, Object(Config\Cache), false)
#11 C:\xampp\htdocs\korlantas\public\index.php(45): CodeIgniter\CodeIgniter->run()
#12 C:\xampp\htdocs\korlantas\vendor\codeigniter4\framework\system\Commands\Server\rewrite.php(34): require_once('C:\\xampp\\htdocs...')
#13 {main}
CRITICAL - 2021-02-21 21:43:53 --> Undefined index: guidelines_id
#0 C:\xampp\htdocs\korlantas\app\Views\admin\categorytest\index.php(40): CodeIgniter\Debug\Exceptions->errorHandler(8, 'Undefined index...', 'C:\\xampp\\htdocs...', 40, Array)
#1 C:\xampp\htdocs\korlantas\vendor\codeigniter4\framework\system\View\View.php(246): include('C:\\xampp\\htdocs...')
#2 C:\xampp\htdocs\korlantas\vendor\codeigniter4\framework\system\Common.php(1119): CodeIgniter\View\View->render('admin/categoryt...', Array, true)
#3 C:\xampp\htdocs\korlantas\app\Views\admin\_partials\content.php(5): view('admin/categoryt...')
#4 C:\xampp\htdocs\korlantas\app\Views\admin\_partials\wrapper.php(10): require_once('C:\\xampp\\htdocs...')
#5 C:\xampp\htdocs\korlantas\vendor\codeigniter4\framework\system\View\View.php(246): include('C:\\xampp\\htdocs...')
#6 C:\xampp\htdocs\korlantas\vendor\codeigniter4\framework\system\Common.php(1119): CodeIgniter\View\View->render('admin/_partials...', Array, true)
#7 C:\xampp\htdocs\korlantas\app\Controllers\CategoryTest.php(14): view('admin/_partials...', Array)
#8 C:\xampp\htdocs\korlantas\vendor\codeigniter4\framework\system\CodeIgniter.php(918): App\Controllers\CategoryTest->index()
#9 C:\xampp\htdocs\korlantas\vendor\codeigniter4\framework\system\CodeIgniter.php(404): CodeIgniter\CodeIgniter->runController(Object(App\Controllers\CategoryTest))
#10 C:\xampp\htdocs\korlantas\vendor\codeigniter4\framework\system\CodeIgniter.php(312): CodeIgniter\CodeIgniter->handleRequest(NULL, Object(Config\Cache), false)
#11 C:\xampp\htdocs\korlantas\public\index.php(45): CodeIgniter\CodeIgniter->run()
#12 C:\xampp\htdocs\korlantas\vendor\codeigniter4\framework\system\Commands\Server\rewrite.php(34): require_once('C:\\xampp\\htdocs...')
#13 {main}
CRITICAL - 2021-02-21 21:54:54 --> Undefined variable: bank
#0 C:\xampp\htdocs\korlantas\app\Controllers\BankSoal.php(20): CodeIgniter\Debug\Exceptions->errorHandler(8, 'Undefined varia...', 'C:\\xampp\\htdocs...', 20, Array)
#1 C:\xampp\htdocs\korlantas\vendor\codeigniter4\framework\system\CodeIgniter.php(918): App\Controllers\BankSoal->create()
#2 C:\xampp\htdocs\korlantas\vendor\codeigniter4\framework\system\CodeIgniter.php(404): CodeIgniter\CodeIgniter->runController(Object(App\Controllers\BankSoal))
#3 C:\xampp\htdocs\korlantas\vendor\codeigniter4\framework\system\CodeIgniter.php(312): CodeIgniter\CodeIgniter->handleRequest(NULL, Object(Config\Cache), false)
#4 C:\xampp\htdocs\korlantas\public\index.php(45): CodeIgniter\CodeIgniter->run()
#5 C:\xampp\htdocs\korlantas\vendor\codeigniter4\framework\system\Commands\Server\rewrite.php(34): require_once('C:\\xampp\\htdocs...')
#6 {main}
CRITICAL - 2021-02-21 22:13:37 --> Invalid file: admin/banksoal/index.php
#0 C:\xampp\htdocs\korlantas\vendor\codeigniter4\framework\system\View\View.php(228): CodeIgniter\Exceptions\FrameworkException::forInvalidFile('admin/banksoal/...')
#1 C:\xampp\htdocs\korlantas\vendor\codeigniter4\framework\system\Common.php(1119): CodeIgniter\View\View->render('admin/banksoal/...', Array, true)
#2 C:\xampp\htdocs\korlantas\app\Views\admin\_partials\content.php(5): view('admin/banksoal/...')
#3 C:\xampp\htdocs\korlantas\app\Views\admin\_partials\wrapper.php(10): require_once('C:\\xampp\\htdocs...')
#4 C:\xampp\htdocs\korlantas\vendor\codeigniter4\framework\system\View\View.php(246): include('C:\\xampp\\htdocs...')
#5 C:\xampp\htdocs\korlantas\vendor\codeigniter4\framework\system\Common.php(1119): CodeIgniter\View\View->render('admin/_partials...', Array, true)
#6 C:\xampp\htdocs\korlantas\app\Controllers\BankSoal.php(14): view('admin/_partials...', Array)
#7 C:\xampp\htdocs\korlantas\vendor\codeigniter4\framework\system\CodeIgniter.php(918): App\Controllers\BankSoal->index()
#8 C:\xampp\htdocs\korlantas\vendor\codeigniter4\framework\system\CodeIgniter.php(404): CodeIgniter\CodeIgniter->runController(Object(App\Controllers\BankSoal))
#9 C:\xampp\htdocs\korlantas\vendor\codeigniter4\framework\system\CodeIgniter.php(312): CodeIgniter\CodeIgniter->handleRequest(NULL, Object(Config\Cache), false)
#10 C:\xampp\htdocs\korlantas\public\index.php(45): CodeIgniter\CodeIgniter->run()
#11 C:\xampp\htdocs\korlantas\vendor\codeigniter4\framework\system\Commands\Server\rewrite.php(34): require_once('C:\\xampp\\htdocs...')
#12 {main}
CRITICAL - 2021-02-21 22:16:15 --> Undefined variable: subjudul
#0 C:\xampp\htdocs\korlantas\app\Views\admin\banksoal\motor\create.php(3): CodeIgniter\Debug\Exceptions->errorHandler(8, 'Undefined varia...', 'C:\\xampp\\htdocs...', 3, Array)
#1 C:\xampp\htdocs\korlantas\vendor\codeigniter4\framework\system\View\View.php(246): include('C:\\xampp\\htdocs...')
#2 C:\xampp\htdocs\korlantas\vendor\codeigniter4\framework\system\Common.php(1119): CodeIgniter\View\View->render('admin/banksoal/...', Array, true)
#3 C:\xampp\htdocs\korlantas\app\Views\admin\_partials\content.php(5): view('admin/banksoal/...')
#4 C:\xampp\htdocs\korlantas\app\Views\admin\_partials\wrapper.php(10): require_once('C:\\xampp\\htdocs...')
#5 C:\xampp\htdocs\korlantas\vendor\codeigniter4\framework\system\View\View.php(246): include('C:\\xampp\\htdocs...')
#6 C:\xampp\htdocs\korlantas\vendor\codeigniter4\framework\system\Common.php(1119): CodeIgniter\View\View->render('admin/_partials...', Array, true)
#7 C:\xampp\htdocs\korlantas\app\Controllers\BankSoal.php(25): view('admin/_partials...', Array)
#8 C:\xampp\htdocs\korlantas\vendor\codeigniter4\framework\system\CodeIgniter.php(918): App\Controllers\BankSoal->create()
#9 C:\xampp\htdocs\korlantas\vendor\codeigniter4\framework\system\CodeIgniter.php(404): CodeIgniter\CodeIgniter->runController(Object(App\Controllers\BankSoal))
#10 C:\xampp\htdocs\korlantas\vendor\codeigniter4\framework\system\CodeIgniter.php(312): CodeIgniter\CodeIgniter->handleRequest(NULL, Object(Config\Cache), false)
#11 C:\xampp\htdocs\korlantas\public\index.php(45): CodeIgniter\CodeIgniter->run()
#12 C:\xampp\htdocs\korlantas\vendor\codeigniter4\framework\system\Commands\Server\rewrite.php(34): require_once('C:\\xampp\\htdocs...')
#13 {main}
CRITICAL - 2021-02-21 22:16:21 --> Undefined property: CodeIgniter\View\View::$ion_auth
#0 C:\xampp\htdocs\korlantas\app\Views\admin\banksoal\motor\create.php(14): CodeIgniter\Debug\Exceptions->errorHandler(8, 'Undefined prope...', 'C:\\xampp\\htdocs...', 14, Array)
#1 C:\xampp\htdocs\korlantas\vendor\codeigniter4\framework\system\View\View.php(246): include('C:\\xampp\\htdocs...')
#2 C:\xampp\htdocs\korlantas\vendor\codeigniter4\framework\system\Common.php(1119): CodeIgniter\View\View->render('admin/banksoal/...', Array, true)
#3 C:\xampp\htdocs\korlantas\app\Views\admin\_partials\content.php(5): view('admin/banksoal/...')
#4 C:\xampp\htdocs\korlantas\app\Views\admin\_partials\wrapper.php(10): require_once('C:\\xampp\\htdocs...')
#5 C:\xampp\htdocs\korlantas\vendor\codeigniter4\framework\system\View\View.php(246): include('C:\\xampp\\htdocs...')
#6 C:\xampp\htdocs\korlantas\vendor\codeigniter4\framework\system\Common.php(1119): CodeIgniter\View\View->render('admin/_partials...', Array, true)
#7 C:\xampp\htdocs\korlantas\app\Controllers\BankSoal.php(25): view('admin/_partials...', Array)
#8 C:\xampp\htdocs\korlantas\vendor\codeigniter4\framework\system\CodeIgniter.php(918): App\Controllers\BankSoal->create()
#9 C:\xampp\htdocs\korlantas\vendor\codeigniter4\framework\system\CodeIgniter.php(404): CodeIgniter\CodeIgniter->runController(Object(App\Controllers\BankSoal))
#10 C:\xampp\htdocs\korlantas\vendor\codeigniter4\framework\system\CodeIgniter.php(312): CodeIgniter\CodeIgniter->handleRequest(NULL, Object(Config\Cache), false)
#11 C:\xampp\htdocs\korlantas\public\index.php(45): CodeIgniter\CodeIgniter->run()
#12 C:\xampp\htdocs\korlantas\vendor\codeigniter4\framework\system\Commands\Server\rewrite.php(34): require_once('C:\\xampp\\htdocs...')
#13 {main}
CRITICAL - 2021-02-21 23:09:55 --> Call to undefined function form_error()
#0 C:\xampp\htdocs\korlantas\vendor\codeigniter4\framework\system\View\View.php(246): include()
#1 C:\xampp\htdocs\korlantas\vendor\codeigniter4\framework\system\Common.php(1119): CodeIgniter\View\View->render('admin/banksoal/...', Array, true)
#2 C:\xampp\htdocs\korlantas\app\Views\admin\_partials\content.php(5): view('admin/banksoal/...')
#3 C:\xampp\htdocs\korlantas\app\Views\admin\_partials\wrapper.php(10): require_once('C:\\xampp\\htdocs...')
#4 C:\xampp\htdocs\korlantas\vendor\codeigniter4\framework\system\View\View.php(246): include('C:\\xampp\\htdocs...')
#5 C:\xampp\htdocs\korlantas\vendor\codeigniter4\framework\system\Common.php(1119): CodeIgniter\View\View->render('admin/_partials...', Array, true)
#6 C:\xampp\htdocs\korlantas\app\Controllers\BankSoal.php(25): view('admin/_partials...', Array)
#7 C:\xampp\htdocs\korlantas\vendor\codeigniter4\framework\system\CodeIgniter.php(918): App\Controllers\BankSoal->create()
#8 C:\xampp\htdocs\korlantas\vendor\codeigniter4\framework\system\CodeIgniter.php(404): CodeIgniter\CodeIgniter->runController(Object(App\Controllers\BankSoal))
#9 C:\xampp\htdocs\korlantas\vendor\codeigniter4\framework\system\CodeIgniter.php(312): CodeIgniter\CodeIgniter->handleRequest(NULL, Object(Config\Cache), false)
#10 C:\xampp\htdocs\korlantas\public\index.php(45): CodeIgniter\CodeIgniter->run()
#11 C:\xampp\htdocs\korlantas\vendor\codeigniter4\framework\system\Commands\Server\rewrite.php(34): require_once('C:\\xampp\\htdocs...')
#12 {main}
CRITICAL - 2021-02-21 23:10:14 --> Call to undefined function set_value()
#0 C:\xampp\htdocs\korlantas\vendor\codeigniter4\framework\system\View\View.php(246): include()
#1 C:\xampp\htdocs\korlantas\vendor\codeigniter4\framework\system\Common.php(1119): CodeIgniter\View\View->render('admin/banksoal/...', Array, true)
#2 C:\xampp\htdocs\korlantas\app\Views\admin\_partials\content.php(5): view('admin/banksoal/...')
#3 C:\xampp\htdocs\korlantas\app\Views\admin\_partials\wrapper.php(10): require_once('C:\\xampp\\htdocs...')
#4 C:\xampp\htdocs\korlantas\vendor\codeigniter4\framework\system\View\View.php(246): include('C:\\xampp\\htdocs...')
#5 C:\xampp\htdocs\korlantas\vendor\codeigniter4\framework\system\Common.php(1119): CodeIgniter\View\View->render('admin/_partials...', Array, true)
#6 C:\xampp\htdocs\korlantas\app\Controllers\BankSoal.php(25): view('admin/_partials...', Array)
#7 C:\xampp\htdocs\korlantas\vendor\codeigniter4\framework\system\CodeIgniter.php(918): App\Controllers\BankSoal->create()
#8 C:\xampp\htdocs\korlantas\vendor\codeigniter4\framework\system\CodeIgniter.php(404): CodeIgniter\CodeIgniter->runController(Object(App\Controllers\BankSoal))
#9 C:\xampp\htdocs\korlantas\vendor\codeigniter4\framework\system\CodeIgniter.php(312): CodeIgniter\CodeIgniter->handleRequest(NULL, Object(Config\Cache), false)
#10 C:\xampp\htdocs\korlantas\public\index.php(45): CodeIgniter\CodeIgniter->run()
#11 C:\xampp\htdocs\korlantas\vendor\codeigniter4\framework\system\Commands\Server\rewrite.php(34): require_once('C:\\xampp\\htdocs...')
#12 {main}
CRITICAL - 2021-02-21 23:10:44 --> Call to undefined function form_error()
#0 C:\xampp\htdocs\korlantas\vendor\codeigniter4\framework\system\View\View.php(246): include()
#1 C:\xampp\htdocs\korlantas\vendor\codeigniter4\framework\system\Common.php(1119): CodeIgniter\View\View->render('admin/banksoal/...', Array, true)
#2 C:\xampp\htdocs\korlantas\app\Views\admin\_partials\content.php(5): view('admin/banksoal/...')
#3 C:\xampp\htdocs\korlantas\app\Views\admin\_partials\wrapper.php(10): require_once('C:\\xampp\\htdocs...')
#4 C:\xampp\htdocs\korlantas\vendor\codeigniter4\framework\system\View\View.php(246): include('C:\\xampp\\htdocs...')
#5 C:\xampp\htdocs\korlantas\vendor\codeigniter4\framework\system\Common.php(1119): CodeIgniter\View\View->render('admin/_partials...', Array, true)
#6 C:\xampp\htdocs\korlantas\app\Controllers\BankSoal.php(25): view('admin/_partials...', Array)
#7 C:\xampp\htdocs\korlantas\vendor\codeigniter4\framework\system\CodeIgniter.php(918): App\Controllers\BankSoal->create()
#8 C:\xampp\htdocs\korlantas\vendor\codeigniter4\framework\system\CodeIgniter.php(404): CodeIgniter\CodeIgniter->runController(Object(App\Controllers\BankSoal))
#9 C:\xampp\htdocs\korlantas\vendor\codeigniter4\framework\system\CodeIgniter.php(312): CodeIgniter\CodeIgniter->handleRequest(NULL, Object(Config\Cache), false)
#10 C:\xampp\htdocs\korlantas\public\index.php(45): CodeIgniter\CodeIgniter->run()
#11 C:\xampp\htdocs\korlantas\vendor\codeigniter4\framework\system\Commands\Server\rewrite.php(34): require_once('C:\\xampp\\htdocs...')
#12 {main}
