CRITICAL - 2021-02-15 00:00:10 --> Undefined variable: user
#0 C:\xampp\htdocs\sadhelx-admin\app\Views\admin\guide\edit.php(59): CodeIgniter\Debug\Exceptions->errorHandler(8, 'Undefined varia...', 'C:\\xampp\\htdocs...', 59, Array)
#1 C:\xampp\htdocs\sadhelx-admin\vendor\codeigniter4\framework\system\View\View.php(246): include('C:\\xampp\\htdocs...')
#2 C:\xampp\htdocs\sadhelx-admin\vendor\codeigniter4\framework\system\Common.php(1119): CodeIgniter\View\View->render('admin/guide/edi...', Array, true)
#3 C:\xampp\htdocs\sadhelx-admin\app\Views\admin\_partials\content.php(5): view('admin/guide/edi...')
#4 C:\xampp\htdocs\sadhelx-admin\app\Views\admin\_partials\wrapper.php(10): require_once('C:\\xampp\\htdocs...')
#5 C:\xampp\htdocs\sadhelx-admin\vendor\codeigniter4\framework\system\View\View.php(246): include('C:\\xampp\\htdocs...')
#6 C:\xampp\htdocs\sadhelx-admin\vendor\codeigniter4\framework\system\Common.php(1119): CodeIgniter\View\View->render('admin/_partials...', Array, true)
#7 C:\xampp\htdocs\sadhelx-admin\app\Controllers\Guidelines.php(143): view('admin/_partials...', Array)
#8 C:\xampp\htdocs\sadhelx-admin\vendor\codeigniter4\framework\system\CodeIgniter.php(918): App\Controllers\Guidelines->edit('19')
#9 C:\xampp\htdocs\sadhelx-admin\vendor\codeigniter4\framework\system\CodeIgniter.php(404): CodeIgniter\CodeIgniter->runController(Object(App\Controllers\Guidelines))
#10 C:\xampp\htdocs\sadhelx-admin\vendor\codeigniter4\framework\system\CodeIgniter.php(312): CodeIgniter\CodeIgniter->handleRequest(NULL, Object(Config\Cache), false)
#11 C:\xampp\htdocs\sadhelx-admin\public\index.php(45): CodeIgniter\CodeIgniter->run()
#12 C:\xampp\htdocs\sadhelx-admin\vendor\codeigniter4\framework\system\Commands\Server\rewrite.php(34): require_once('C:\\xampp\\htdocs...')
#13 {main}
CRITICAL - 2021-02-15 00:00:10 --> Undefined variable: user
#0 C:\xampp\htdocs\sadhelx-admin\app\Views\admin\guide\edit.php(59): CodeIgniter\Debug\Exceptions->errorHandler(8, 'Undefined varia...', 'C:\\xampp\\htdocs...', 59, Array)
#1 C:\xampp\htdocs\sadhelx-admin\vendor\codeigniter4\framework\system\View\View.php(246): include('C:\\xampp\\htdocs...')
#2 C:\xampp\htdocs\sadhelx-admin\vendor\codeigniter4\framework\system\Common.php(1119): CodeIgniter\View\View->render('admin/guide/edi...', Array, true)
#3 C:\xampp\htdocs\sadhelx-admin\app\Views\admin\_partials\content.php(5): view('admin/guide/edi...')
#4 C:\xampp\htdocs\sadhelx-admin\app\Views\admin\_partials\wrapper.php(10): require_once('C:\\xampp\\htdocs...')
#5 C:\xampp\htdocs\sadhelx-admin\vendor\codeigniter4\framework\system\View\View.php(246): include('C:\\xampp\\htdocs...')
#6 C:\xampp\htdocs\sadhelx-admin\vendor\codeigniter4\framework\system\Common.php(1119): CodeIgniter\View\View->render('admin/_partials...', Array, true)
#7 C:\xampp\htdocs\sadhelx-admin\app\Controllers\Guidelines.php(143): view('admin/_partials...', Array)
#8 C:\xampp\htdocs\sadhelx-admin\vendor\codeigniter4\framework\system\CodeIgniter.php(918): App\Controllers\Guidelines->edit('img', 'undraw_profile_...')
#9 C:\xampp\htdocs\sadhelx-admin\vendor\codeigniter4\framework\system\CodeIgniter.php(404): CodeIgniter\CodeIgniter->runController(Object(App\Controllers\Guidelines))
#10 C:\xampp\htdocs\sadhelx-admin\vendor\codeigniter4\framework\system\CodeIgniter.php(312): CodeIgniter\CodeIgniter->handleRequest(NULL, Object(Config\Cache), false)
#11 C:\xampp\htdocs\sadhelx-admin\public\index.php(45): CodeIgniter\CodeIgniter->run()
#12 C:\xampp\htdocs\sadhelx-admin\vendor\codeigniter4\framework\system\Commands\Server\rewrite.php(34): require_once('C:\\xampp\\htdocs...')
#13 {main}
CRITICAL - 2021-02-15 00:00:10 --> Undefined variable: user
#0 C:\xampp\htdocs\sadhelx-admin\app\Views\admin\guide\edit.php(59): CodeIgniter\Debug\Exceptions->errorHandler(8, 'Undefined varia...', 'C:\\xampp\\htdocs...', 59, Array)
#1 C:\xampp\htdocs\sadhelx-admin\vendor\codeigniter4\framework\system\View\View.php(246): include('C:\\xampp\\htdocs...')
#2 C:\xampp\htdocs\sadhelx-admin\vendor\codeigniter4\framework\system\Common.php(1119): CodeIgniter\View\View->render('admin/guide/edi...', Array, true)
#3 C:\xampp\htdocs\sadhelx-admin\app\Views\admin\_partials\content.php(5): view('admin/guide/edi...')
#4 C:\xampp\htdocs\sadhelx-admin\app\Views\admin\_partials\wrapper.php(10): require_once('C:\\xampp\\htdocs...')
#5 C:\xampp\htdocs\sadhelx-admin\vendor\codeigniter4\framework\system\View\View.php(246): include('C:\\xampp\\htdocs...')
#6 C:\xampp\htdocs\sadhelx-admin\vendor\codeigniter4\framework\system\Common.php(1119): CodeIgniter\View\View->render('admin/_partials...', Array, true)
#7 C:\xampp\htdocs\sadhelx-admin\app\Controllers\Guidelines.php(143): view('admin/_partials...', Array)
#8 C:\xampp\htdocs\sadhelx-admin\vendor\codeigniter4\framework\system\CodeIgniter.php(918): App\Controllers\Guidelines->edit('img', 'undraw_profile_...')
#9 C:\xampp\htdocs\sadhelx-admin\vendor\codeigniter4\framework\system\CodeIgniter.php(404): CodeIgniter\CodeIgniter->runController(Object(App\Controllers\Guidelines))
#10 C:\xampp\htdocs\sadhelx-admin\vendor\codeigniter4\framework\system\CodeIgniter.php(312): CodeIgniter\CodeIgniter->handleRequest(NULL, Object(Config\Cache), false)
#11 C:\xampp\htdocs\sadhelx-admin\public\index.php(45): CodeIgniter\CodeIgniter->run()
#12 C:\xampp\htdocs\sadhelx-admin\vendor\codeigniter4\framework\system\Commands\Server\rewrite.php(34): require_once('C:\\xampp\\htdocs...')
#13 {main}
CRITICAL - 2021-02-15 00:00:10 --> Undefined variable: user
#0 C:\xampp\htdocs\sadhelx-admin\app\Views\admin\guide\edit.php(59): CodeIgniter\Debug\Exceptions->errorHandler(8, 'Undefined varia...', 'C:\\xampp\\htdocs...', 59, Array)
#1 C:\xampp\htdocs\sadhelx-admin\vendor\codeigniter4\framework\system\View\View.php(246): include('C:\\xampp\\htdocs...')
#2 C:\xampp\htdocs\sadhelx-admin\vendor\codeigniter4\framework\system\Common.php(1119): CodeIgniter\View\View->render('admin/guide/edi...', Array, true)
#3 C:\xampp\htdocs\sadhelx-admin\app\Views\admin\_partials\content.php(5): view('admin/guide/edi...')
#4 C:\xampp\htdocs\sadhelx-admin\app\Views\admin\_partials\wrapper.php(10): require_once('C:\\xampp\\htdocs...')
#5 C:\xampp\htdocs\sadhelx-admin\vendor\codeigniter4\framework\system\View\View.php(246): include('C:\\xampp\\htdocs...')
#6 C:\xampp\htdocs\sadhelx-admin\vendor\codeigniter4\framework\system\Common.php(1119): CodeIgniter\View\View->render('admin/_partials...', Array, true)
#7 C:\xampp\htdocs\sadhelx-admin\app\Controllers\Guidelines.php(143): view('admin/_partials...', Array)
#8 C:\xampp\htdocs\sadhelx-admin\vendor\codeigniter4\framework\system\CodeIgniter.php(918): App\Controllers\Guidelines->edit('img', 'undraw_profile_...')
#9 C:\xampp\htdocs\sadhelx-admin\vendor\codeigniter4\framework\system\CodeIgniter.php(404): CodeIgniter\CodeIgniter->runController(Object(App\Controllers\Guidelines))
#10 C:\xampp\htdocs\sadhelx-admin\vendor\codeigniter4\framework\system\CodeIgniter.php(312): CodeIgniter\CodeIgniter->handleRequest(NULL, Object(Config\Cache), false)
#11 C:\xampp\htdocs\sadhelx-admin\public\index.php(45): CodeIgniter\CodeIgniter->run()
#12 C:\xampp\htdocs\sadhelx-admin\vendor\codeigniter4\framework\system\Commands\Server\rewrite.php(34): require_once('C:\\xampp\\htdocs...')
#13 {main}
CRITICAL - 2021-02-15 00:00:11 --> Undefined variable: user
#0 C:\xampp\htdocs\sadhelx-admin\app\Views\admin\guide\edit.php(59): CodeIgniter\Debug\Exceptions->errorHandler(8, 'Undefined varia...', 'C:\\xampp\\htdocs...', 59, Array)
#1 C:\xampp\htdocs\sadhelx-admin\vendor\codeigniter4\framework\system\View\View.php(246): include('C:\\xampp\\htdocs...')
#2 C:\xampp\htdocs\sadhelx-admin\vendor\codeigniter4\framework\system\Common.php(1119): CodeIgniter\View\View->render('admin/guide/edi...', Array, true)
#3 C:\xampp\htdocs\sadhelx-admin\app\Views\admin\_partials\content.php(5): view('admin/guide/edi...')
#4 C:\xampp\htdocs\sadhelx-admin\app\Views\admin\_partials\wrapper.php(10): require_once('C:\\xampp\\htdocs...')
#5 C:\xampp\htdocs\sadhelx-admin\vendor\codeigniter4\framework\system\View\View.php(246): include('C:\\xampp\\htdocs...')
#6 C:\xampp\htdocs\sadhelx-admin\vendor\codeigniter4\framework\system\Common.php(1119): CodeIgniter\View\View->render('admin/_partials...', Array, true)
#7 C:\xampp\htdocs\sadhelx-admin\app\Controllers\Guidelines.php(143): view('admin/_partials...', Array)
#8 C:\xampp\htdocs\sadhelx-admin\vendor\codeigniter4\framework\system\CodeIgniter.php(918): App\Controllers\Guidelines->edit('img', 'undraw_profile....')
#9 C:\xampp\htdocs\sadhelx-admin\vendor\codeigniter4\framework\system\CodeIgniter.php(404): CodeIgniter\CodeIgniter->runController(Object(App\Controllers\Guidelines))
#10 C:\xampp\htdocs\sadhelx-admin\vendor\codeigniter4\framework\system\CodeIgniter.php(312): CodeIgniter\CodeIgniter->handleRequest(NULL, Object(Config\Cache), false)
#11 C:\xampp\htdocs\sadhelx-admin\public\index.php(45): CodeIgniter\CodeIgniter->run()
#12 C:\xampp\htdocs\sadhelx-admin\vendor\codeigniter4\framework\system\Commands\Server\rewrite.php(34): require_once('C:\\xampp\\htdocs...')
#13 {main}
CRITICAL - 2021-02-15 00:08:16 --> Object of class CodeIgniter\Session\Session could not be converted to string
#0 [internal function]: CodeIgniter\Debug\Exceptions->errorHandler(4096, 'Object of class...', 'C:\\xampp\\htdocs...', 443, Array)
#1 C:\xampp\htdocs\sadhelx-admin\vendor\codeigniter4\framework\system\Database\Query.php(443): strtr('INSERT INTO "tb...', Array)
#2 C:\xampp\htdocs\sadhelx-admin\vendor\codeigniter4\framework\system\Database\Query.php(404): CodeIgniter\Database\Query->matchNamedBinds('INSERT INTO "tb...', Array)
#3 C:\xampp\htdocs\sadhelx-admin\vendor\codeigniter4\framework\system\Database\Query.php(197): CodeIgniter\Database\Query->compileBinds()
#4 C:\xampp\htdocs\sadhelx-admin\vendor\codeigniter4\framework\system\Database\BaseConnection.php(669): CodeIgniter\Database\Query->getQuery()
#5 C:\xampp\htdocs\sadhelx-admin\vendor\codeigniter4\framework\system\Database\BaseBuilder.php(2249): CodeIgniter\Database\BaseConnection->query('INSERT INTO "tb...', Array, false)
#6 C:\xampp\htdocs\sadhelx-admin\app\Models\GuidelinesShowModel.php(37): CodeIgniter\Database\BaseBuilder->insert(Array)
#7 C:\xampp\htdocs\sadhelx-admin\app\Controllers\Guidelines.php(45): App\Models\GuidelinesShowModel->insert_active_guidelines(Array)
#8 C:\xampp\htdocs\sadhelx-admin\vendor\codeigniter4\framework\system\CodeIgniter.php(918): App\Controllers\Guidelines->create_active('22')
#9 C:\xampp\htdocs\sadhelx-admin\vendor\codeigniter4\framework\system\CodeIgniter.php(404): CodeIgniter\CodeIgniter->runController(Object(App\Controllers\Guidelines))
#10 C:\xampp\htdocs\sadhelx-admin\vendor\codeigniter4\framework\system\CodeIgniter.php(312): CodeIgniter\CodeIgniter->handleRequest(NULL, Object(Config\Cache), false)
#11 C:\xampp\htdocs\sadhelx-admin\public\index.php(45): CodeIgniter\CodeIgniter->run()
#12 C:\xampp\htdocs\sadhelx-admin\vendor\codeigniter4\framework\system\Commands\Server\rewrite.php(34): require_once('C:\\xampp\\htdocs...')
#13 {main}
CRITICAL - 2021-02-15 01:30:35 --> Undefined index: file_upload
#0 C:\xampp\htdocs\sadhelx-admin\app\Views\admin\guide\index.php(53): CodeIgniter\Debug\Exceptions->errorHandler(8, 'Undefined index...', 'C:\\xampp\\htdocs...', 53, Array)
#1 C:\xampp\htdocs\sadhelx-admin\vendor\codeigniter4\framework\system\View\View.php(246): include('C:\\xampp\\htdocs...')
#2 C:\xampp\htdocs\sadhelx-admin\vendor\codeigniter4\framework\system\Common.php(1119): CodeIgniter\View\View->render('admin/guide/ind...', Array, true)
#3 C:\xampp\htdocs\sadhelx-admin\app\Views\admin\_partials\content.php(5): view('admin/guide/ind...')
#4 C:\xampp\htdocs\sadhelx-admin\app\Views\admin\_partials\wrapper.php(10): require_once('C:\\xampp\\htdocs...')
#5 C:\xampp\htdocs\sadhelx-admin\vendor\codeigniter4\framework\system\View\View.php(246): include('C:\\xampp\\htdocs...')
#6 C:\xampp\htdocs\sadhelx-admin\vendor\codeigniter4\framework\system\Common.php(1119): CodeIgniter\View\View->render('admin/_partials...', Array, true)
#7 C:\xampp\htdocs\sadhelx-admin\app\Controllers\Guidelines.php(22): view('admin/_partials...', Array)
#8 C:\xampp\htdocs\sadhelx-admin\vendor\codeigniter4\framework\system\CodeIgniter.php(918): App\Controllers\Guidelines->index()
#9 C:\xampp\htdocs\sadhelx-admin\vendor\codeigniter4\framework\system\CodeIgniter.php(404): CodeIgniter\CodeIgniter->runController(Object(App\Controllers\Guidelines))
#10 C:\xampp\htdocs\sadhelx-admin\vendor\codeigniter4\framework\system\CodeIgniter.php(312): CodeIgniter\CodeIgniter->handleRequest(NULL, Object(Config\Cache), false)
#11 C:\xampp\htdocs\sadhelx-admin\public\index.php(45): CodeIgniter\CodeIgniter->run()
#12 C:\xampp\htdocs\sadhelx-admin\vendor\codeigniter4\framework\system\Commands\Server\rewrite.php(34): require_once('C:\\xampp\\htdocs...')
#13 {main}
CRITICAL - 2021-02-15 03:45:11 --> Undefined variable: user
#0 C:\xampp\htdocs\sadhelx-admin\app\Views\admin\_partials\navbar.php(177): CodeIgniter\Debug\Exceptions->errorHandler(8, 'Undefined varia...', 'C:\\xampp\\htdocs...', 177, Array)
#1 C:\xampp\htdocs\sadhelx-admin\app\Views\admin\_partials\wrapper.php(9): require_once('C:\\xampp\\htdocs...')
#2 C:\xampp\htdocs\sadhelx-admin\vendor\codeigniter4\framework\system\View\View.php(246): include('C:\\xampp\\htdocs...')
#3 C:\xampp\htdocs\sadhelx-admin\vendor\codeigniter4\framework\system\Common.php(1119): CodeIgniter\View\View->render('admin/_partials...', Array, true)
#4 C:\xampp\htdocs\sadhelx-admin\app\Controllers\Guidelines.php(22): view('admin/_partials...', Array)
#5 C:\xampp\htdocs\sadhelx-admin\vendor\codeigniter4\framework\system\CodeIgniter.php(918): App\Controllers\Guidelines->index()
#6 C:\xampp\htdocs\sadhelx-admin\vendor\codeigniter4\framework\system\CodeIgniter.php(404): CodeIgniter\CodeIgniter->runController(Object(App\Controllers\Guidelines))
#7 C:\xampp\htdocs\sadhelx-admin\vendor\codeigniter4\framework\system\CodeIgniter.php(312): CodeIgniter\CodeIgniter->handleRequest(NULL, Object(Config\Cache), false)
#8 C:\xampp\htdocs\sadhelx-admin\public\index.php(45): CodeIgniter\CodeIgniter->run()
#9 C:\xampp\htdocs\sadhelx-admin\vendor\codeigniter4\framework\system\Commands\Server\rewrite.php(34): require_once('C:\\xampp\\htdocs...')
#10 {main}
CRITICAL - 2021-02-15 03:45:28 --> Undefined variable: user
#0 C:\xampp\htdocs\sadhelx-admin\app\Views\admin\_partials\navbar.php(177): CodeIgniter\Debug\Exceptions->errorHandler(8, 'Undefined varia...', 'C:\\xampp\\htdocs...', 177, Array)
#1 C:\xampp\htdocs\sadhelx-admin\vendor\codeigniter4\framework\system\View\View.php(246): include('C:\\xampp\\htdocs...')
#2 C:\xampp\htdocs\sadhelx-admin\vendor\codeigniter4\framework\system\Common.php(1119): CodeIgniter\View\View->render('admin/_partials...', Array, true)
#3 C:\xampp\htdocs\sadhelx-admin\app\Controllers\Admin.php(42): view('admin/_partials...', Array)
#4 C:\xampp\htdocs\sadhelx-admin\vendor\codeigniter4\framework\system\CodeIgniter.php(918): App\Controllers\Admin->index()
#5 C:\xampp\htdocs\sadhelx-admin\vendor\codeigniter4\framework\system\CodeIgniter.php(404): CodeIgniter\CodeIgniter->runController(Object(App\Controllers\Admin))
#6 C:\xampp\htdocs\sadhelx-admin\vendor\codeigniter4\framework\system\CodeIgniter.php(312): CodeIgniter\CodeIgniter->handleRequest(NULL, Object(Config\Cache), false)
#7 C:\xampp\htdocs\sadhelx-admin\public\index.php(45): CodeIgniter\CodeIgniter->run()
#8 C:\xampp\htdocs\sadhelx-admin\vendor\codeigniter4\framework\system\Commands\Server\rewrite.php(34): require_once('C:\\xampp\\htdocs...')
#9 {main}
CRITICAL - 2021-02-15 03:45:58 --> Undefined variable: user
#0 C:\xampp\htdocs\sadhelx-admin\app\Views\admin\_partials\navbar.php(177): CodeIgniter\Debug\Exceptions->errorHandler(8, 'Undefined varia...', 'C:\\xampp\\htdocs...', 177, Array)
#1 C:\xampp\htdocs\sadhelx-admin\vendor\codeigniter4\framework\system\View\View.php(246): include('C:\\xampp\\htdocs...')
#2 C:\xampp\htdocs\sadhelx-admin\vendor\codeigniter4\framework\system\Common.php(1119): CodeIgniter\View\View->render('admin/_partials...', Array, true)
#3 C:\xampp\htdocs\sadhelx-admin\app\Controllers\Admin.php(42): view('admin/_partials...', Array)
#4 C:\xampp\htdocs\sadhelx-admin\vendor\codeigniter4\framework\system\CodeIgniter.php(918): App\Controllers\Admin->index()
#5 C:\xampp\htdocs\sadhelx-admin\vendor\codeigniter4\framework\system\CodeIgniter.php(404): CodeIgniter\CodeIgniter->runController(Object(App\Controllers\Admin))
#6 C:\xampp\htdocs\sadhelx-admin\vendor\codeigniter4\framework\system\CodeIgniter.php(312): CodeIgniter\CodeIgniter->handleRequest(NULL, Object(Config\Cache), false)
#7 C:\xampp\htdocs\sadhelx-admin\public\index.php(45): CodeIgniter\CodeIgniter->run()
#8 C:\xampp\htdocs\sadhelx-admin\vendor\codeigniter4\framework\system\Commands\Server\rewrite.php(34): require_once('C:\\xampp\\htdocs...')
#9 {main}
CRITICAL - 2021-02-15 03:47:37 --> Undefined variable: user
#0 C:\xampp\htdocs\sadhelx-admin\app\Views\admin\_partials\navbar.php(177): CodeIgniter\Debug\Exceptions->errorHandler(8, 'Undefined varia...', 'C:\\xampp\\htdocs...', 177, Array)
#1 C:\xampp\htdocs\sadhelx-admin\vendor\codeigniter4\framework\system\View\View.php(246): include('C:\\xampp\\htdocs...')
#2 C:\xampp\htdocs\sadhelx-admin\vendor\codeigniter4\framework\system\Common.php(1119): CodeIgniter\View\View->render('admin/_partials...', Array, true)
#3 C:\xampp\htdocs\sadhelx-admin\app\Controllers\Admin.php(42): view('admin/_partials...', Array)
#4 C:\xampp\htdocs\sadhelx-admin\vendor\codeigniter4\framework\system\CodeIgniter.php(918): App\Controllers\Admin->index()
#5 C:\xampp\htdocs\sadhelx-admin\vendor\codeigniter4\framework\system\CodeIgniter.php(404): CodeIgniter\CodeIgniter->runController(Object(App\Controllers\Admin))
#6 C:\xampp\htdocs\sadhelx-admin\vendor\codeigniter4\framework\system\CodeIgniter.php(312): CodeIgniter\CodeIgniter->handleRequest(NULL, Object(Config\Cache), false)
#7 C:\xampp\htdocs\sadhelx-admin\public\index.php(45): CodeIgniter\CodeIgniter->run()
#8 C:\xampp\htdocs\sadhelx-admin\vendor\codeigniter4\framework\system\Commands\Server\rewrite.php(34): require_once('C:\\xampp\\htdocs...')
#9 {main}
CRITICAL - 2021-02-15 03:51:49 --> Invalid file: admin/guide/statusshow/.php
#0 C:\xampp\htdocs\sadhelx-admin\vendor\codeigniter4\framework\system\View\View.php(228): CodeIgniter\Exceptions\FrameworkException::forInvalidFile('admin/guide/sta...')
#1 C:\xampp\htdocs\sadhelx-admin\vendor\codeigniter4\framework\system\Common.php(1119): CodeIgniter\View\View->render('admin/guide/sta...', Array, true)
#2 C:\xampp\htdocs\sadhelx-admin\app\Views\admin\_partials\content.php(5): view('admin/guide/sta...')
#3 C:\xampp\htdocs\sadhelx-admin\app\Views\admin\_partials\wrapper.php(10): require_once('C:\\xampp\\htdocs...')
#4 C:\xampp\htdocs\sadhelx-admin\vendor\codeigniter4\framework\system\View\View.php(246): include('C:\\xampp\\htdocs...')
#5 C:\xampp\htdocs\sadhelx-admin\vendor\codeigniter4\framework\system\Common.php(1119): CodeIgniter\View\View->render('admin/_partials...', Array, true)
#6 C:\xampp\htdocs\sadhelx-admin\app\Controllers\Guidelines.php(32): view('admin/_partials...', Array)
#7 C:\xampp\htdocs\sadhelx-admin\vendor\codeigniter4\framework\system\CodeIgniter.php(918): App\Controllers\Guidelines->statusshow()
#8 C:\xampp\htdocs\sadhelx-admin\vendor\codeigniter4\framework\system\CodeIgniter.php(404): CodeIgniter\CodeIgniter->runController(Object(App\Controllers\Guidelines))
#9 C:\xampp\htdocs\sadhelx-admin\vendor\codeigniter4\framework\system\CodeIgniter.php(312): CodeIgniter\CodeIgniter->handleRequest(NULL, Object(Config\Cache), false)
#10 C:\xampp\htdocs\sadhelx-admin\public\index.php(45): CodeIgniter\CodeIgniter->run()
#11 C:\xampp\htdocs\sadhelx-admin\vendor\codeigniter4\framework\system\Commands\Server\rewrite.php(34): require_once('C:\\xampp\\htdocs...')
#12 {main}
CRITICAL - 2021-02-15 20:37:14 --> Too few arguments to function App\Controllers\Guidelines::create_active(), 0 passed in C:\xampp\htdocs\sadhelx-admin\vendor\codeigniter4\framework\system\CodeIgniter.php on line 918 and exactly 1 expected
#0 C:\xampp\htdocs\sadhelx-admin\vendor\codeigniter4\framework\system\CodeIgniter.php(918): App\Controllers\Guidelines->create_active()
#1 C:\xampp\htdocs\sadhelx-admin\vendor\codeigniter4\framework\system\CodeIgniter.php(404): CodeIgniter\CodeIgniter->runController(Object(App\Controllers\Guidelines))
#2 C:\xampp\htdocs\sadhelx-admin\vendor\codeigniter4\framework\system\CodeIgniter.php(312): CodeIgniter\CodeIgniter->handleRequest(NULL, Object(Config\Cache), false)
#3 C:\xampp\htdocs\sadhelx-admin\public\index.php(45): CodeIgniter\CodeIgniter->run()
#4 C:\xampp\htdocs\sadhelx-admin\vendor\codeigniter4\framework\system\Commands\Server\rewrite.php(34): require_once('C:\\xampp\\htdocs...')
#5 {main}
CRITICAL - 2021-02-15 20:37:29 --> Too few arguments to function App\Controllers\Guidelines::create_active(), 0 passed in C:\xampp\htdocs\sadhelx-admin\vendor\codeigniter4\framework\system\CodeIgniter.php on line 918 and exactly 1 expected
#0 C:\xampp\htdocs\sadhelx-admin\vendor\codeigniter4\framework\system\CodeIgniter.php(918): App\Controllers\Guidelines->create_active()
#1 C:\xampp\htdocs\sadhelx-admin\vendor\codeigniter4\framework\system\CodeIgniter.php(404): CodeIgniter\CodeIgniter->runController(Object(App\Controllers\Guidelines))
#2 C:\xampp\htdocs\sadhelx-admin\vendor\codeigniter4\framework\system\CodeIgniter.php(312): CodeIgniter\CodeIgniter->handleRequest(NULL, Object(Config\Cache), false)
#3 C:\xampp\htdocs\sadhelx-admin\public\index.php(45): CodeIgniter\CodeIgniter->run()
#4 C:\xampp\htdocs\sadhelx-admin\vendor\codeigniter4\framework\system\Commands\Server\rewrite.php(34): require_once('C:\\xampp\\htdocs...')
#5 {main}
CRITICAL - 2021-02-15 20:37:49 --> Too few arguments to function App\Controllers\Guidelines::create_active(), 0 passed in C:\xampp\htdocs\sadhelx-admin\vendor\codeigniter4\framework\system\CodeIgniter.php on line 918 and exactly 1 expected
#0 C:\xampp\htdocs\sadhelx-admin\vendor\codeigniter4\framework\system\CodeIgniter.php(918): App\Controllers\Guidelines->create_active()
#1 C:\xampp\htdocs\sadhelx-admin\vendor\codeigniter4\framework\system\CodeIgniter.php(404): CodeIgniter\CodeIgniter->runController(Object(App\Controllers\Guidelines))
#2 C:\xampp\htdocs\sadhelx-admin\vendor\codeigniter4\framework\system\CodeIgniter.php(312): CodeIgniter\CodeIgniter->handleRequest(NULL, Object(Config\Cache), false)
#3 C:\xampp\htdocs\sadhelx-admin\public\index.php(45): CodeIgniter\CodeIgniter->run()
#4 C:\xampp\htdocs\sadhelx-admin\vendor\codeigniter4\framework\system\Commands\Server\rewrite.php(34): require_once('C:\\xampp\\htdocs...')
#5 {main}
CRITICAL - 2021-02-15 20:38:52 --> Too few arguments to function App\Controllers\Guidelines::create_active(), 0 passed in C:\xampp\htdocs\sadhelx-admin\vendor\codeigniter4\framework\system\CodeIgniter.php on line 918 and exactly 1 expected
#0 C:\xampp\htdocs\sadhelx-admin\vendor\codeigniter4\framework\system\CodeIgniter.php(918): App\Controllers\Guidelines->create_active()
#1 C:\xampp\htdocs\sadhelx-admin\vendor\codeigniter4\framework\system\CodeIgniter.php(404): CodeIgniter\CodeIgniter->runController(Object(App\Controllers\Guidelines))
#2 C:\xampp\htdocs\sadhelx-admin\vendor\codeigniter4\framework\system\CodeIgniter.php(312): CodeIgniter\CodeIgniter->handleRequest(NULL, Object(Config\Cache), false)
#3 C:\xampp\htdocs\sadhelx-admin\public\index.php(45): CodeIgniter\CodeIgniter->run()
#4 C:\xampp\htdocs\sadhelx-admin\vendor\codeigniter4\framework\system\Commands\Server\rewrite.php(34): require_once('C:\\xampp\\htdocs...')
#5 {main}
CRITICAL - 2021-02-15 20:40:35 --> Object of class CodeIgniter\Session\Session could not be converted to string
#0 [internal function]: CodeIgniter\Debug\Exceptions->errorHandler(4096, 'Object of class...', 'C:\\xampp\\htdocs...', 443, Array)
#1 C:\xampp\htdocs\sadhelx-admin\vendor\codeigniter4\framework\system\Database\Query.php(443): strtr('INSERT INTO "tb...', Array)
#2 C:\xampp\htdocs\sadhelx-admin\vendor\codeigniter4\framework\system\Database\Query.php(404): CodeIgniter\Database\Query->matchNamedBinds('INSERT INTO "tb...', Array)
#3 C:\xampp\htdocs\sadhelx-admin\vendor\codeigniter4\framework\system\Database\Query.php(197): CodeIgniter\Database\Query->compileBinds()
#4 C:\xampp\htdocs\sadhelx-admin\vendor\codeigniter4\framework\system\Database\BaseConnection.php(669): CodeIgniter\Database\Query->getQuery()
#5 C:\xampp\htdocs\sadhelx-admin\vendor\codeigniter4\framework\system\Database\BaseBuilder.php(2249): CodeIgniter\Database\BaseConnection->query('INSERT INTO "tb...', Array, false)
#6 C:\xampp\htdocs\sadhelx-admin\app\Models\GuidelinesShowModel.php(37): CodeIgniter\Database\BaseBuilder->insert(Array)
#7 C:\xampp\htdocs\sadhelx-admin\app\Controllers\Guidelines.php(46): App\Models\GuidelinesShowModel->insert_active_guidelines(Array)
#8 C:\xampp\htdocs\sadhelx-admin\vendor\codeigniter4\framework\system\CodeIgniter.php(918): App\Controllers\Guidelines->create_active('47')
#9 C:\xampp\htdocs\sadhelx-admin\vendor\codeigniter4\framework\system\CodeIgniter.php(404): CodeIgniter\CodeIgniter->runController(Object(App\Controllers\Guidelines))
#10 C:\xampp\htdocs\sadhelx-admin\vendor\codeigniter4\framework\system\CodeIgniter.php(312): CodeIgniter\CodeIgniter->handleRequest(NULL, Object(Config\Cache), false)
#11 C:\xampp\htdocs\sadhelx-admin\public\index.php(45): CodeIgniter\CodeIgniter->run()
#12 C:\xampp\htdocs\sadhelx-admin\vendor\codeigniter4\framework\system\Commands\Server\rewrite.php(34): require_once('C:\\xampp\\htdocs...')
#13 {main}
CRITICAL - 2021-02-15 20:47:54 --> Undefined variable: user_id
#0 C:\xampp\htdocs\sadhelx-admin\app\Controllers\Guidelines.php(41): CodeIgniter\Debug\Exceptions->errorHandler(8, 'Undefined varia...', 'C:\\xampp\\htdocs...', 41, Array)
#1 C:\xampp\htdocs\sadhelx-admin\vendor\codeigniter4\framework\system\CodeIgniter.php(918): App\Controllers\Guidelines->create_active('46')
#2 C:\xampp\htdocs\sadhelx-admin\vendor\codeigniter4\framework\system\CodeIgniter.php(404): CodeIgniter\CodeIgniter->runController(Object(App\Controllers\Guidelines))
#3 C:\xampp\htdocs\sadhelx-admin\vendor\codeigniter4\framework\system\CodeIgniter.php(312): CodeIgniter\CodeIgniter->handleRequest(NULL, Object(Config\Cache), false)
#4 C:\xampp\htdocs\sadhelx-admin\public\index.php(45): CodeIgniter\CodeIgniter->run()
#5 C:\xampp\htdocs\sadhelx-admin\vendor\codeigniter4\framework\system\Commands\Server\rewrite.php(34): require_once('C:\\xampp\\htdocs...')
#6 {main}
CRITICAL - 2021-02-15 20:48:25 --> Object of class CodeIgniter\Session\Session could not be converted to string
#0 [internal function]: CodeIgniter\Debug\Exceptions->errorHandler(4096, 'Object of class...', 'C:\\xampp\\htdocs...', 443, Array)
#1 C:\xampp\htdocs\sadhelx-admin\vendor\codeigniter4\framework\system\Database\Query.php(443): strtr('INSERT INTO "tb...', Array)
#2 C:\xampp\htdocs\sadhelx-admin\vendor\codeigniter4\framework\system\Database\Query.php(404): CodeIgniter\Database\Query->matchNamedBinds('INSERT INTO "tb...', Array)
#3 C:\xampp\htdocs\sadhelx-admin\vendor\codeigniter4\framework\system\Database\Query.php(197): CodeIgniter\Database\Query->compileBinds()
#4 C:\xampp\htdocs\sadhelx-admin\vendor\codeigniter4\framework\system\Database\BaseConnection.php(669): CodeIgniter\Database\Query->getQuery()
#5 C:\xampp\htdocs\sadhelx-admin\vendor\codeigniter4\framework\system\Database\BaseBuilder.php(2249): CodeIgniter\Database\BaseConnection->query('INSERT INTO "tb...', Array, false)
#6 C:\xampp\htdocs\sadhelx-admin\app\Models\GuidelinesShowModel.php(37): CodeIgniter\Database\BaseBuilder->insert(Array)
#7 C:\xampp\htdocs\sadhelx-admin\app\Controllers\Guidelines.php(46): App\Models\GuidelinesShowModel->insert_active_guidelines(Array)
#8 C:\xampp\htdocs\sadhelx-admin\vendor\codeigniter4\framework\system\CodeIgniter.php(918): App\Controllers\Guidelines->create_active('46')
#9 C:\xampp\htdocs\sadhelx-admin\vendor\codeigniter4\framework\system\CodeIgniter.php(404): CodeIgniter\CodeIgniter->runController(Object(App\Controllers\Guidelines))
#10 C:\xampp\htdocs\sadhelx-admin\vendor\codeigniter4\framework\system\CodeIgniter.php(312): CodeIgniter\CodeIgniter->handleRequest(NULL, Object(Config\Cache), false)
#11 C:\xampp\htdocs\sadhelx-admin\public\index.php(45): CodeIgniter\CodeIgniter->run()
#12 C:\xampp\htdocs\sadhelx-admin\vendor\codeigniter4\framework\system\Commands\Server\rewrite.php(34): require_once('C:\\xampp\\htdocs...')
#13 {main}
CRITICAL - 2021-02-15 20:49:00 --> Undefined variable: data
#0 C:\xampp\htdocs\sadhelx-admin\app\Controllers\Guidelines.php(37): CodeIgniter\Debug\Exceptions->errorHandler(8, 'Undefined varia...', 'C:\\xampp\\htdocs...', 37, Array)
#1 C:\xampp\htdocs\sadhelx-admin\vendor\codeigniter4\framework\system\CodeIgniter.php(918): App\Controllers\Guidelines->create_active('46')
#2 C:\xampp\htdocs\sadhelx-admin\vendor\codeigniter4\framework\system\CodeIgniter.php(404): CodeIgniter\CodeIgniter->runController(Object(App\Controllers\Guidelines))
#3 C:\xampp\htdocs\sadhelx-admin\vendor\codeigniter4\framework\system\CodeIgniter.php(312): CodeIgniter\CodeIgniter->handleRequest(NULL, Object(Config\Cache), false)
#4 C:\xampp\htdocs\sadhelx-admin\public\index.php(45): CodeIgniter\CodeIgniter->run()
#5 C:\xampp\htdocs\sadhelx-admin\vendor\codeigniter4\framework\system\Commands\Server\rewrite.php(34): require_once('C:\\xampp\\htdocs...')
#6 {main}
CRITICAL - 2021-02-15 20:49:15 --> Undefined variable: data
#0 C:\xampp\htdocs\sadhelx-admin\app\Controllers\Guidelines.php(37): CodeIgniter\Debug\Exceptions->errorHandler(8, 'Undefined varia...', 'C:\\xampp\\htdocs...', 37, Array)
#1 C:\xampp\htdocs\sadhelx-admin\vendor\codeigniter4\framework\system\CodeIgniter.php(918): App\Controllers\Guidelines->create_active('46')
#2 C:\xampp\htdocs\sadhelx-admin\vendor\codeigniter4\framework\system\CodeIgniter.php(404): CodeIgniter\CodeIgniter->runController(Object(App\Controllers\Guidelines))
#3 C:\xampp\htdocs\sadhelx-admin\vendor\codeigniter4\framework\system\CodeIgniter.php(312): CodeIgniter\CodeIgniter->handleRequest(NULL, Object(Config\Cache), false)
#4 C:\xampp\htdocs\sadhelx-admin\public\index.php(45): CodeIgniter\CodeIgniter->run()
#5 C:\xampp\htdocs\sadhelx-admin\vendor\codeigniter4\framework\system\Commands\Server\rewrite.php(34): require_once('C:\\xampp\\htdocs...')
#6 {main}
CRITICAL - 2021-02-15 20:51:10 --> Undefined variable: data
#0 C:\xampp\htdocs\sadhelx-admin\app\Controllers\Guidelines.php(37): CodeIgniter\Debug\Exceptions->errorHandler(8, 'Undefined varia...', 'C:\\xampp\\htdocs...', 37, Array)
#1 C:\xampp\htdocs\sadhelx-admin\vendor\codeigniter4\framework\system\CodeIgniter.php(918): App\Controllers\Guidelines->create_active('46')
#2 C:\xampp\htdocs\sadhelx-admin\vendor\codeigniter4\framework\system\CodeIgniter.php(404): CodeIgniter\CodeIgniter->runController(Object(App\Controllers\Guidelines))
#3 C:\xampp\htdocs\sadhelx-admin\vendor\codeigniter4\framework\system\CodeIgniter.php(312): CodeIgniter\CodeIgniter->handleRequest(NULL, Object(Config\Cache), false)
#4 C:\xampp\htdocs\sadhelx-admin\public\index.php(45): CodeIgniter\CodeIgniter->run()
#5 C:\xampp\htdocs\sadhelx-admin\vendor\codeigniter4\framework\system\Commands\Server\rewrite.php(34): require_once('C:\\xampp\\htdocs...')
#6 {main}
CRITICAL - 2021-02-15 20:51:20 --> Call to undefined function App\Controllers\insert_active_guidelines()
#0 C:\xampp\htdocs\sadhelx-admin\vendor\codeigniter4\framework\system\CodeIgniter.php(918): App\Controllers\Guidelines->create_active('46')
#1 C:\xampp\htdocs\sadhelx-admin\vendor\codeigniter4\framework\system\CodeIgniter.php(404): CodeIgniter\CodeIgniter->runController(Object(App\Controllers\Guidelines))
#2 C:\xampp\htdocs\sadhelx-admin\vendor\codeigniter4\framework\system\CodeIgniter.php(312): CodeIgniter\CodeIgniter->handleRequest(NULL, Object(Config\Cache), false)
#3 C:\xampp\htdocs\sadhelx-admin\public\index.php(45): CodeIgniter\CodeIgniter->run()
#4 C:\xampp\htdocs\sadhelx-admin\vendor\codeigniter4\framework\system\Commands\Server\rewrite.php(34): require_once('C:\\xampp\\htdocs...')
#5 {main}
CRITICAL - 2021-02-15 20:51:36 --> Too few arguments to function App\Models\GuidelinesShowModel::insert_active_guidelines(), 0 passed in C:\xampp\htdocs\sadhelx-admin\app\Controllers\Guidelines.php on line 39 and exactly 1 expected
#0 C:\xampp\htdocs\sadhelx-admin\app\Controllers\Guidelines.php(39): App\Models\GuidelinesShowModel->insert_active_guidelines()
#1 C:\xampp\htdocs\sadhelx-admin\vendor\codeigniter4\framework\system\CodeIgniter.php(918): App\Controllers\Guidelines->create_active('46')
#2 C:\xampp\htdocs\sadhelx-admin\vendor\codeigniter4\framework\system\CodeIgniter.php(404): CodeIgniter\CodeIgniter->runController(Object(App\Controllers\Guidelines))
#3 C:\xampp\htdocs\sadhelx-admin\vendor\codeigniter4\framework\system\CodeIgniter.php(312): CodeIgniter\CodeIgniter->handleRequest(NULL, Object(Config\Cache), false)
#4 C:\xampp\htdocs\sadhelx-admin\public\index.php(45): CodeIgniter\CodeIgniter->run()
#5 C:\xampp\htdocs\sadhelx-admin\vendor\codeigniter4\framework\system\Commands\Server\rewrite.php(34): require_once('C:\\xampp\\htdocs...')
#6 {main}
CRITICAL - 2021-02-15 20:51:47 --> Undefined variable: data
#0 C:\xampp\htdocs\sadhelx-admin\app\Controllers\Guidelines.php(39): CodeIgniter\Debug\Exceptions->errorHandler(8, 'Undefined varia...', 'C:\\xampp\\htdocs...', 39, Array)
#1 C:\xampp\htdocs\sadhelx-admin\vendor\codeigniter4\framework\system\CodeIgniter.php(918): App\Controllers\Guidelines->create_active('46')
#2 C:\xampp\htdocs\sadhelx-admin\vendor\codeigniter4\framework\system\CodeIgniter.php(404): CodeIgniter\CodeIgniter->runController(Object(App\Controllers\Guidelines))
#3 C:\xampp\htdocs\sadhelx-admin\vendor\codeigniter4\framework\system\CodeIgniter.php(312): CodeIgniter\CodeIgniter->handleRequest(NULL, Object(Config\Cache), false)
#4 C:\xampp\htdocs\sadhelx-admin\public\index.php(45): CodeIgniter\CodeIgniter->run()
#5 C:\xampp\htdocs\sadhelx-admin\vendor\codeigniter4\framework\system\Commands\Server\rewrite.php(34): require_once('C:\\xampp\\htdocs...')
#6 {main}
CRITICAL - 2021-02-15 20:51:57 --> Too few arguments to function App\Models\GuidelinesShowModel::insert_active_guidelines(), 0 passed in C:\xampp\htdocs\sadhelx-admin\app\Controllers\Guidelines.php on line 39 and exactly 1 expected
#0 C:\xampp\htdocs\sadhelx-admin\app\Controllers\Guidelines.php(39): App\Models\GuidelinesShowModel->insert_active_guidelines()
#1 C:\xampp\htdocs\sadhelx-admin\vendor\codeigniter4\framework\system\CodeIgniter.php(918): App\Controllers\Guidelines->create_active('46')
#2 C:\xampp\htdocs\sadhelx-admin\vendor\codeigniter4\framework\system\CodeIgniter.php(404): CodeIgniter\CodeIgniter->runController(Object(App\Controllers\Guidelines))
#3 C:\xampp\htdocs\sadhelx-admin\vendor\codeigniter4\framework\system\CodeIgniter.php(312): CodeIgniter\CodeIgniter->handleRequest(NULL, Object(Config\Cache), false)
#4 C:\xampp\htdocs\sadhelx-admin\public\index.php(45): CodeIgniter\CodeIgniter->run()
#5 C:\xampp\htdocs\sadhelx-admin\vendor\codeigniter4\framework\system\Commands\Server\rewrite.php(34): require_once('C:\\xampp\\htdocs...')
#6 {main}
CRITICAL - 2021-02-15 20:52:48 --> Too few arguments to function App\Models\GuidelinesShowModel::insert_active_guidelines(), 0 passed in C:\xampp\htdocs\sadhelx-admin\app\Controllers\Guidelines.php on line 39 and exactly 1 expected
#0 C:\xampp\htdocs\sadhelx-admin\app\Controllers\Guidelines.php(39): App\Models\GuidelinesShowModel->insert_active_guidelines()
#1 C:\xampp\htdocs\sadhelx-admin\vendor\codeigniter4\framework\system\CodeIgniter.php(918): App\Controllers\Guidelines->create_active('46')
#2 C:\xampp\htdocs\sadhelx-admin\vendor\codeigniter4\framework\system\CodeIgniter.php(404): CodeIgniter\CodeIgniter->runController(Object(App\Controllers\Guidelines))
#3 C:\xampp\htdocs\sadhelx-admin\vendor\codeigniter4\framework\system\CodeIgniter.php(312): CodeIgniter\CodeIgniter->handleRequest(NULL, Object(Config\Cache), false)
#4 C:\xampp\htdocs\sadhelx-admin\public\index.php(45): CodeIgniter\CodeIgniter->run()
#5 C:\xampp\htdocs\sadhelx-admin\vendor\codeigniter4\framework\system\Commands\Server\rewrite.php(34): require_once('C:\\xampp\\htdocs...')
#6 {main}
CRITICAL - 2021-02-15 20:53:21 --> Too few arguments to function App\Models\GuidelinesShowModel::insert_active_guidelines(), 0 passed in C:\xampp\htdocs\sadhelx-admin\app\Controllers\Guidelines.php on line 39 and exactly 1 expected
#0 C:\xampp\htdocs\sadhelx-admin\app\Controllers\Guidelines.php(39): App\Models\GuidelinesShowModel->insert_active_guidelines()
#1 C:\xampp\htdocs\sadhelx-admin\vendor\codeigniter4\framework\system\CodeIgniter.php(918): App\Controllers\Guidelines->create_active('46')
#2 C:\xampp\htdocs\sadhelx-admin\vendor\codeigniter4\framework\system\CodeIgniter.php(404): CodeIgniter\CodeIgniter->runController(Object(App\Controllers\Guidelines))
#3 C:\xampp\htdocs\sadhelx-admin\vendor\codeigniter4\framework\system\CodeIgniter.php(312): CodeIgniter\CodeIgniter->handleRequest(NULL, Object(Config\Cache), false)
#4 C:\xampp\htdocs\sadhelx-admin\public\index.php(45): CodeIgniter\CodeIgniter->run()
#5 C:\xampp\htdocs\sadhelx-admin\vendor\codeigniter4\framework\system\Commands\Server\rewrite.php(34): require_once('C:\\xampp\\htdocs...')
#6 {main}
CRITICAL - 2021-02-15 20:54:05 --> Too few arguments to function App\Models\GuidelinesShowModel::insert_active_guidelines(), 0 passed in C:\xampp\htdocs\sadhelx-admin\app\Controllers\Guidelines.php on line 39 and exactly 1 expected
#0 C:\xampp\htdocs\sadhelx-admin\app\Controllers\Guidelines.php(39): App\Models\GuidelinesShowModel->insert_active_guidelines()
#1 C:\xampp\htdocs\sadhelx-admin\vendor\codeigniter4\framework\system\CodeIgniter.php(918): App\Controllers\Guidelines->create_active('46')
#2 C:\xampp\htdocs\sadhelx-admin\vendor\codeigniter4\framework\system\CodeIgniter.php(404): CodeIgniter\CodeIgniter->runController(Object(App\Controllers\Guidelines))
#3 C:\xampp\htdocs\sadhelx-admin\vendor\codeigniter4\framework\system\CodeIgniter.php(312): CodeIgniter\CodeIgniter->handleRequest(NULL, Object(Config\Cache), false)
#4 C:\xampp\htdocs\sadhelx-admin\public\index.php(45): CodeIgniter\CodeIgniter->run()
#5 C:\xampp\htdocs\sadhelx-admin\vendor\codeigniter4\framework\system\Commands\Server\rewrite.php(34): require_once('C:\\xampp\\htdocs...')
#6 {main}
CRITICAL - 2021-02-15 20:54:37 --> Undefined variable: user_id
#0 C:\xampp\htdocs\sadhelx-admin\app\Controllers\Guidelines.php(37): CodeIgniter\Debug\Exceptions->errorHandler(8, 'Undefined varia...', 'C:\\xampp\\htdocs...', 37, Array)
#1 C:\xampp\htdocs\sadhelx-admin\vendor\codeigniter4\framework\system\CodeIgniter.php(918): App\Controllers\Guidelines->create_active('46')
#2 C:\xampp\htdocs\sadhelx-admin\vendor\codeigniter4\framework\system\CodeIgniter.php(404): CodeIgniter\CodeIgniter->runController(Object(App\Controllers\Guidelines))
#3 C:\xampp\htdocs\sadhelx-admin\vendor\codeigniter4\framework\system\CodeIgniter.php(312): CodeIgniter\CodeIgniter->handleRequest(NULL, Object(Config\Cache), false)
#4 C:\xampp\htdocs\sadhelx-admin\public\index.php(45): CodeIgniter\CodeIgniter->run()
#5 C:\xampp\htdocs\sadhelx-admin\vendor\codeigniter4\framework\system\Commands\Server\rewrite.php(34): require_once('C:\\xampp\\htdocs...')
#6 {main}
CRITICAL - 2021-02-15 20:54:51 --> Undefined variable: id
#0 C:\xampp\htdocs\sadhelx-admin\app\Controllers\Guidelines.php(40): CodeIgniter\Debug\Exceptions->errorHandler(8, 'Undefined varia...', 'C:\\xampp\\htdocs...', 40, Array)
#1 C:\xampp\htdocs\sadhelx-admin\vendor\codeigniter4\framework\system\CodeIgniter.php(918): App\Controllers\Guidelines->create_active('46')
#2 C:\xampp\htdocs\sadhelx-admin\vendor\codeigniter4\framework\system\CodeIgniter.php(404): CodeIgniter\CodeIgniter->runController(Object(App\Controllers\Guidelines))
#3 C:\xampp\htdocs\sadhelx-admin\vendor\codeigniter4\framework\system\CodeIgniter.php(312): CodeIgniter\CodeIgniter->handleRequest(NULL, Object(Config\Cache), false)
#4 C:\xampp\htdocs\sadhelx-admin\public\index.php(45): CodeIgniter\CodeIgniter->run()
#5 C:\xampp\htdocs\sadhelx-admin\vendor\codeigniter4\framework\system\Commands\Server\rewrite.php(34): require_once('C:\\xampp\\htdocs...')
#6 {main}
CRITICAL - 2021-02-15 22:02:57 --> Call to a member function get() on null
#0 C:\xampp\htdocs\sadhelx-admin\vendor\codeigniter4\framework\system\CodeIgniter.php(918): App\Controllers\Guidelines->create_active('46')
#1 C:\xampp\htdocs\sadhelx-admin\vendor\codeigniter4\framework\system\CodeIgniter.php(404): CodeIgniter\CodeIgniter->runController(Object(App\Controllers\Guidelines))
#2 C:\xampp\htdocs\sadhelx-admin\vendor\codeigniter4\framework\system\CodeIgniter.php(312): CodeIgniter\CodeIgniter->handleRequest(NULL, Object(Config\Cache), false)
#3 C:\xampp\htdocs\sadhelx-admin\public\index.php(45): CodeIgniter\CodeIgniter->run()
#4 C:\xampp\htdocs\sadhelx-admin\vendor\codeigniter4\framework\system\Commands\Server\rewrite.php(34): require_once('C:\\xampp\\htdocs...')
#5 {main}
CRITICAL - 2021-02-15 22:11:06 --> Invalid file: admin/guide/statusshow/.php
#0 C:\xampp\htdocs\sadhelx-admin\vendor\codeigniter4\framework\system\View\View.php(228): CodeIgniter\Exceptions\FrameworkException::forInvalidFile('admin/guide/sta...')
#1 C:\xampp\htdocs\sadhelx-admin\vendor\codeigniter4\framework\system\Common.php(1119): CodeIgniter\View\View->render('admin/guide/sta...', Array, true)
#2 C:\xampp\htdocs\sadhelx-admin\app\Views\admin\_partials\content.php(5): view('admin/guide/sta...')
#3 C:\xampp\htdocs\sadhelx-admin\app\Views\admin\_partials\wrapper.php(10): require_once('C:\\xampp\\htdocs...')
#4 C:\xampp\htdocs\sadhelx-admin\vendor\codeigniter4\framework\system\View\View.php(246): include('C:\\xampp\\htdocs...')
#5 C:\xampp\htdocs\sadhelx-admin\vendor\codeigniter4\framework\system\Common.php(1119): CodeIgniter\View\View->render('admin/_partials...', Array, true)
#6 C:\xampp\htdocs\sadhelx-admin\app\Controllers\Guidelines.php(32): view('admin/_partials...', Array)
#7 C:\xampp\htdocs\sadhelx-admin\vendor\codeigniter4\framework\system\CodeIgniter.php(918): App\Controllers\Guidelines->statusshow()
#8 C:\xampp\htdocs\sadhelx-admin\vendor\codeigniter4\framework\system\CodeIgniter.php(404): CodeIgniter\CodeIgniter->runController(Object(App\Controllers\Guidelines))
#9 C:\xampp\htdocs\sadhelx-admin\vendor\codeigniter4\framework\system\CodeIgniter.php(312): CodeIgniter\CodeIgniter->handleRequest(NULL, Object(Config\Cache), false)
#10 C:\xampp\htdocs\sadhelx-admin\public\index.php(45): CodeIgniter\CodeIgniter->run()
#11 C:\xampp\htdocs\sadhelx-admin\vendor\codeigniter4\framework\system\Commands\Server\rewrite.php(34): require_once('C:\\xampp\\htdocs...')
#12 {main}
