CRITICAL - 2021-02-20 04:24:03 --> Invalid file: Myth/Auth/app/auth.php
#0 C:\xampp\htdocs\korlantas\vendor\codeigniter4\framework\system\View\View.php(228): CodeIgniter\Exceptions\FrameworkException::forInvalidFile('Myth/Auth/app/a...')
#1 C:\xampp\htdocs\korlantas\vendor\codeigniter4\framework\system\Common.php(1119): CodeIgniter\View\View->render('Myth/Auth/app/a...', Array, true)
#2 C:\xampp\htdocs\korlantas\app\Controllers\Home.php(10): view('Myth/Auth/app/a...')
#3 C:\xampp\htdocs\korlantas\vendor\codeigniter4\framework\system\CodeIgniter.php(918): App\Controllers\Home->index()
#4 C:\xampp\htdocs\korlantas\vendor\codeigniter4\framework\system\CodeIgniter.php(404): CodeIgniter\CodeIgniter->runController(Object(App\Controllers\Home))
#5 C:\xampp\htdocs\korlantas\vendor\codeigniter4\framework\system\CodeIgniter.php(312): CodeIgniter\CodeIgniter->handleRequest(NULL, Object(Config\Cache), false)
#6 C:\xampp\htdocs\korlantas\public\index.php(45): CodeIgniter\CodeIgniter->run()
#7 C:\xampp\htdocs\korlantas\vendor\codeigniter4\framework\system\Commands\Server\rewrite.php(34): require_once('C:\\xampp\\htdocs...')
#8 {main}
CRITICAL - 2021-02-20 04:24:59 --> Invalid file: ThirdParty/myth-auth/src/controller/authcontroller.php
#0 C:\xampp\htdocs\korlantas\vendor\codeigniter4\framework\system\View\View.php(228): CodeIgniter\Exceptions\FrameworkException::forInvalidFile('ThirdParty/myth...')
#1 C:\xampp\htdocs\korlantas\vendor\codeigniter4\framework\system\Common.php(1119): CodeIgniter\View\View->render('ThirdParty/myth...', Array, true)
#2 C:\xampp\htdocs\korlantas\app\Controllers\Home.php(10): view('ThirdParty/myth...')
#3 C:\xampp\htdocs\korlantas\vendor\codeigniter4\framework\system\CodeIgniter.php(918): App\Controllers\Home->index()
#4 C:\xampp\htdocs\korlantas\vendor\codeigniter4\framework\system\CodeIgniter.php(404): CodeIgniter\CodeIgniter->runController(Object(App\Controllers\Home))
#5 C:\xampp\htdocs\korlantas\vendor\codeigniter4\framework\system\CodeIgniter.php(312): CodeIgniter\CodeIgniter->handleRequest(NULL, Object(Config\Cache), false)
#6 C:\xampp\htdocs\korlantas\public\index.php(45): CodeIgniter\CodeIgniter->run()
#7 C:\xampp\htdocs\korlantas\vendor\codeigniter4\framework\system\Commands\Server\rewrite.php(34): require_once('C:\\xampp\\htdocs...')
#8 {main}
CRITICAL - 2021-02-20 04:32:07 --> Class 'App\Controllers\Controller' not found
#0 C:\xampp\htdocs\korlantas\vendor\codeigniter4\framework\system\Autoloader\Autoloader.php(365): require_once()
#1 C:\xampp\htdocs\korlantas\vendor\codeigniter4\framework\system\Autoloader\Autoloader.php(296): CodeIgniter\Autoloader\Autoloader->requireFile('C:\\xampp\\htdocs...')
#2 C:\xampp\htdocs\korlantas\vendor\codeigniter4\framework\system\Autoloader\Autoloader.php(258): CodeIgniter\Autoloader\Autoloader->loadInNamespace('App\\Controllers...')
#3 [internal function]: CodeIgniter\Autoloader\Autoloader->loadClass('App\\Controllers...')
#4 [internal function]: spl_autoload_call('App\\Controllers...')
#5 C:\xampp\htdocs\korlantas\vendor\codeigniter4\framework\system\CodeIgniter.php(869): class_exists('\\App\\Controller...', true)
#6 C:\xampp\htdocs\korlantas\vendor\codeigniter4\framework\system\CodeIgniter.php(394): CodeIgniter\CodeIgniter->startController()
#7 C:\xampp\htdocs\korlantas\vendor\codeigniter4\framework\system\CodeIgniter.php(312): CodeIgniter\CodeIgniter->handleRequest(NULL, Object(Config\Cache), false)
#8 C:\xampp\htdocs\korlantas\public\index.php(45): CodeIgniter\CodeIgniter->run()
#9 C:\xampp\htdocs\korlantas\vendor\codeigniter4\framework\system\Commands\Server\rewrite.php(34): require_once('C:\\xampp\\htdocs...')
#10 {main}
CRITICAL - 2021-02-20 05:57:32 --> Call to undefined function in_group()
#0 C:\xampp\htdocs\korlantas\app\Views\admin\_partials\wrapper.php(8): require_once()
#1 C:\xampp\htdocs\korlantas\vendor\codeigniter4\framework\system\View\View.php(246): include('C:\\xampp\\htdocs...')
#2 C:\xampp\htdocs\korlantas\vendor\codeigniter4\framework\system\Common.php(1119): CodeIgniter\View\View->render('admin/_partials...', Array, true)
#3 C:\xampp\htdocs\korlantas\app\Controllers\Dashboard.php(14): view('admin/_partials...', Array)
#4 C:\xampp\htdocs\korlantas\vendor\codeigniter4\framework\system\CodeIgniter.php(918): App\Controllers\Dashboard->index()
#5 C:\xampp\htdocs\korlantas\vendor\codeigniter4\framework\system\CodeIgniter.php(404): CodeIgniter\CodeIgniter->runController(Object(App\Controllers\Dashboard))
#6 C:\xampp\htdocs\korlantas\vendor\codeigniter4\framework\system\CodeIgniter.php(312): CodeIgniter\CodeIgniter->handleRequest(NULL, Object(Config\Cache), false)
#7 C:\xampp\htdocs\korlantas\public\index.php(45): CodeIgniter\CodeIgniter->run()
#8 C:\xampp\htdocs\korlantas\vendor\codeigniter4\framework\system\Commands\Server\rewrite.php(34): require_once('C:\\xampp\\htdocs...')
#9 {main}
CRITICAL - 2021-02-20 09:16:18 --> Undefined variable: pangkat
#0 C:\xampp\htdocs\korlantas\app\Views\admin\profile\index.php(125): CodeIgniter\Debug\Exceptions->errorHandler(8, 'Undefined varia...', 'C:\\xampp\\htdocs...', 125, Array)
#1 C:\xampp\htdocs\korlantas\vendor\codeigniter4\framework\system\View\View.php(246): include('C:\\xampp\\htdocs...')
#2 C:\xampp\htdocs\korlantas\vendor\codeigniter4\framework\system\Common.php(1119): CodeIgniter\View\View->render('admin/profile/i...', Array, true)
#3 C:\xampp\htdocs\korlantas\app\Views\admin\_partials\content.php(5): view('admin/profile/i...')
#4 C:\xampp\htdocs\korlantas\app\Views\admin\_partials\wrapper.php(10): require_once('C:\\xampp\\htdocs...')
#5 C:\xampp\htdocs\korlantas\vendor\codeigniter4\framework\system\View\View.php(246): include('C:\\xampp\\htdocs...')
#6 C:\xampp\htdocs\korlantas\vendor\codeigniter4\framework\system\Common.php(1119): CodeIgniter\View\View->render('admin/_partials...', Array, true)
#7 C:\xampp\htdocs\korlantas\app\Controllers\Profile.php(26): view('admin/_partials...', Array)
#8 C:\xampp\htdocs\korlantas\vendor\codeigniter4\framework\system\CodeIgniter.php(918): App\Controllers\Profile->index()
#9 C:\xampp\htdocs\korlantas\vendor\codeigniter4\framework\system\CodeIgniter.php(404): CodeIgniter\CodeIgniter->runController(Object(App\Controllers\Profile))
#10 C:\xampp\htdocs\korlantas\vendor\codeigniter4\framework\system\CodeIgniter.php(312): CodeIgniter\CodeIgniter->handleRequest(NULL, Object(Config\Cache), false)
#11 C:\xampp\htdocs\korlantas\public\index.php(45): CodeIgniter\CodeIgniter->run()
#12 C:\xampp\htdocs\korlantas\vendor\codeigniter4\framework\system\Commands\Server\rewrite.php(34): require_once('C:\\xampp\\htdocs...')
#13 {main}
CRITICAL - 2021-02-20 09:16:36 --> Undefined variable: asal_polda
#0 C:\xampp\htdocs\korlantas\app\Views\admin\profile\index.php(137): CodeIgniter\Debug\Exceptions->errorHandler(8, 'Undefined varia...', 'C:\\xampp\\htdocs...', 137, Array)
#1 C:\xampp\htdocs\korlantas\vendor\codeigniter4\framework\system\View\View.php(246): include('C:\\xampp\\htdocs...')
#2 C:\xampp\htdocs\korlantas\vendor\codeigniter4\framework\system\Common.php(1119): CodeIgniter\View\View->render('admin/profile/i...', Array, true)
#3 C:\xampp\htdocs\korlantas\app\Views\admin\_partials\content.php(5): view('admin/profile/i...')
#4 C:\xampp\htdocs\korlantas\app\Views\admin\_partials\wrapper.php(10): require_once('C:\\xampp\\htdocs...')
#5 C:\xampp\htdocs\korlantas\vendor\codeigniter4\framework\system\View\View.php(246): include('C:\\xampp\\htdocs...')
#6 C:\xampp\htdocs\korlantas\vendor\codeigniter4\framework\system\Common.php(1119): CodeIgniter\View\View->render('admin/_partials...', Array, true)
#7 C:\xampp\htdocs\korlantas\app\Controllers\Profile.php(26): view('admin/_partials...', Array)
#8 C:\xampp\htdocs\korlantas\vendor\codeigniter4\framework\system\CodeIgniter.php(918): App\Controllers\Profile->index()
#9 C:\xampp\htdocs\korlantas\vendor\codeigniter4\framework\system\CodeIgniter.php(404): CodeIgniter\CodeIgniter->runController(Object(App\Controllers\Profile))
#10 C:\xampp\htdocs\korlantas\vendor\codeigniter4\framework\system\CodeIgniter.php(312): CodeIgniter\CodeIgniter->handleRequest(NULL, Object(Config\Cache), false)
#11 C:\xampp\htdocs\korlantas\public\index.php(45): CodeIgniter\CodeIgniter->run()
#12 C:\xampp\htdocs\korlantas\vendor\codeigniter4\framework\system\Commands\Server\rewrite.php(34): require_once('C:\\xampp\\htdocs...')
#13 {main}
CRITICAL - 2021-02-20 09:43:46 --> Cannot use object of type CodeIgniter\Session\Session as array
#0 C:\xampp\htdocs\korlantas\vendor\codeigniter4\framework\system\View\View.php(246): include()
#1 C:\xampp\htdocs\korlantas\vendor\codeigniter4\framework\system\Common.php(1119): CodeIgniter\View\View->render('admin/profile/i...', Array, true)
#2 C:\xampp\htdocs\korlantas\app\Views\admin\_partials\content.php(5): view('admin/profile/i...')
#3 C:\xampp\htdocs\korlantas\app\Views\admin\_partials\wrapper.php(10): require_once('C:\\xampp\\htdocs...')
#4 C:\xampp\htdocs\korlantas\vendor\codeigniter4\framework\system\View\View.php(246): include('C:\\xampp\\htdocs...')
#5 C:\xampp\htdocs\korlantas\vendor\codeigniter4\framework\system\Common.php(1119): CodeIgniter\View\View->render('admin/_partials...', Array, true)
#6 C:\xampp\htdocs\korlantas\app\Controllers\Profile.php(26): view('admin/_partials...', Array)
#7 C:\xampp\htdocs\korlantas\vendor\codeigniter4\framework\system\CodeIgniter.php(918): App\Controllers\Profile->index()
#8 C:\xampp\htdocs\korlantas\vendor\codeigniter4\framework\system\CodeIgniter.php(404): CodeIgniter\CodeIgniter->runController(Object(App\Controllers\Profile))
#9 C:\xampp\htdocs\korlantas\vendor\codeigniter4\framework\system\CodeIgniter.php(312): CodeIgniter\CodeIgniter->handleRequest(NULL, Object(Config\Cache), false)
#10 C:\xampp\htdocs\korlantas\public\index.php(45): CodeIgniter\CodeIgniter->run()
#11 C:\xampp\htdocs\korlantas\vendor\codeigniter4\framework\system\Commands\Server\rewrite.php(34): require_once('C:\\xampp\\htdocs...')
#12 {main}
CRITICAL - 2021-02-20 10:02:26 --> syntax error, unexpected '}', expecting end of file
#0 C:\xampp\htdocs\korlantas\vendor\codeigniter4\framework\system\Autoloader\Autoloader.php(296): CodeIgniter\Autoloader\Autoloader->requireFile('C:\\xampp\\htdocs...')
#1 C:\xampp\htdocs\korlantas\vendor\codeigniter4\framework\system\Autoloader\Autoloader.php(258): CodeIgniter\Autoloader\Autoloader->loadInNamespace('App\\Controllers...')
#2 [internal function]: CodeIgniter\Autoloader\Autoloader->loadClass('App\\Controllers...')
#3 [internal function]: spl_autoload_call('App\\Controllers...')
#4 C:\xampp\htdocs\korlantas\vendor\codeigniter4\framework\system\CodeIgniter.php(869): class_exists('\\App\\Controller...', true)
#5 C:\xampp\htdocs\korlantas\vendor\codeigniter4\framework\system\CodeIgniter.php(394): CodeIgniter\CodeIgniter->startController()
#6 C:\xampp\htdocs\korlantas\vendor\codeigniter4\framework\system\CodeIgniter.php(312): CodeIgniter\CodeIgniter->handleRequest(NULL, Object(Config\Cache), false)
#7 C:\xampp\htdocs\korlantas\public\index.php(45): CodeIgniter\CodeIgniter->run()
#8 C:\xampp\htdocs\korlantas\vendor\codeigniter4\framework\system\Commands\Server\rewrite.php(34): require_once('C:\\xampp\\htdocs...')
#9 {main}
CRITICAL - 2021-02-20 10:07:21 --> Class 'App\Controllers\GuidelinesModel' not found
#0 C:\xampp\htdocs\korlantas\vendor\codeigniter4\framework\system\CodeIgniter.php(918): App\Controllers\Master_data_user->index()
#1 C:\xampp\htdocs\korlantas\vendor\codeigniter4\framework\system\CodeIgniter.php(404): CodeIgniter\CodeIgniter->runController(Object(App\Controllers\Master_data_user))
#2 C:\xampp\htdocs\korlantas\vendor\codeigniter4\framework\system\CodeIgniter.php(312): CodeIgniter\CodeIgniter->handleRequest(NULL, Object(Config\Cache), false)
#3 C:\xampp\htdocs\korlantas\public\index.php(45): CodeIgniter\CodeIgniter->run()
#4 C:\xampp\htdocs\korlantas\vendor\codeigniter4\framework\system\Commands\Server\rewrite.php(34): require_once('C:\\xampp\\htdocs...')
#5 {main}
CRITICAL - 2021-02-20 10:09:50 --> Call to undefined method Myth\Auth\Models\UserModel::getGuidelines
#0 C:\xampp\htdocs\korlantas\app\Controllers\Master_data_user.php(10): CodeIgniter\Model->__call('getGuidelines', Array)
#1 C:\xampp\htdocs\korlantas\vendor\codeigniter4\framework\system\CodeIgniter.php(918): App\Controllers\Master_data_user->index()
#2 C:\xampp\htdocs\korlantas\vendor\codeigniter4\framework\system\CodeIgniter.php(404): CodeIgniter\CodeIgniter->runController(Object(App\Controllers\Master_data_user))
#3 C:\xampp\htdocs\korlantas\vendor\codeigniter4\framework\system\CodeIgniter.php(312): CodeIgniter\CodeIgniter->handleRequest(NULL, Object(Config\Cache), false)
#4 C:\xampp\htdocs\korlantas\public\index.php(45): CodeIgniter\CodeIgniter->run()
#5 C:\xampp\htdocs\korlantas\vendor\codeigniter4\framework\system\Commands\Server\rewrite.php(34): require_once('C:\\xampp\\htdocs...')
#6 {main}
CRITICAL - 2021-02-20 10:10:54 --> Undefined variable: guideline
#0 C:\xampp\htdocs\korlantas\app\Views\admin\guide\index.php(38): CodeIgniter\Debug\Exceptions->errorHandler(8, 'Undefined varia...', 'C:\\xampp\\htdocs...', 38, Array)
#1 C:\xampp\htdocs\korlantas\vendor\codeigniter4\framework\system\View\View.php(246): include('C:\\xampp\\htdocs...')
#2 C:\xampp\htdocs\korlantas\vendor\codeigniter4\framework\system\Common.php(1119): CodeIgniter\View\View->render('admin/guide/ind...', Array, true)
#3 C:\xampp\htdocs\korlantas\app\Views\admin\_partials\content.php(5): view('admin/guide/ind...')
#4 C:\xampp\htdocs\korlantas\app\Views\admin\_partials\wrapper.php(10): require_once('C:\\xampp\\htdocs...')
#5 C:\xampp\htdocs\korlantas\vendor\codeigniter4\framework\system\View\View.php(246): include('C:\\xampp\\htdocs...')
#6 C:\xampp\htdocs\korlantas\vendor\codeigniter4\framework\system\Common.php(1119): CodeIgniter\View\View->render('admin/_partials...', Array, true)
#7 C:\xampp\htdocs\korlantas\app\Controllers\Master_data_user.php(14): view('admin/_partials...', Array)
#8 C:\xampp\htdocs\korlantas\vendor\codeigniter4\framework\system\CodeIgniter.php(918): App\Controllers\Master_data_user->index()
#9 C:\xampp\htdocs\korlantas\vendor\codeigniter4\framework\system\CodeIgniter.php(404): CodeIgniter\CodeIgniter->runController(Object(App\Controllers\Master_data_user))
#10 C:\xampp\htdocs\korlantas\vendor\codeigniter4\framework\system\CodeIgniter.php(312): CodeIgniter\CodeIgniter->handleRequest(NULL, Object(Config\Cache), false)
#11 C:\xampp\htdocs\korlantas\public\index.php(45): CodeIgniter\CodeIgniter->run()
#12 C:\xampp\htdocs\korlantas\vendor\codeigniter4\framework\system\Commands\Server\rewrite.php(34): require_once('C:\\xampp\\htdocs...')
#13 {main}
CRITICAL - 2021-02-20 10:12:04 --> Undefined variable: guideline
#0 C:\xampp\htdocs\korlantas\app\Views\admin\master data\index.php(38): CodeIgniter\Debug\Exceptions->errorHandler(8, 'Undefined varia...', 'C:\\xampp\\htdocs...', 38, Array)
#1 C:\xampp\htdocs\korlantas\vendor\codeigniter4\framework\system\View\View.php(246): include('C:\\xampp\\htdocs...')
#2 C:\xampp\htdocs\korlantas\vendor\codeigniter4\framework\system\Common.php(1119): CodeIgniter\View\View->render('admin/master da...', Array, true)
#3 C:\xampp\htdocs\korlantas\app\Views\admin\_partials\content.php(5): view('admin/master da...')
#4 C:\xampp\htdocs\korlantas\app\Views\admin\_partials\wrapper.php(10): require_once('C:\\xampp\\htdocs...')
#5 C:\xampp\htdocs\korlantas\vendor\codeigniter4\framework\system\View\View.php(246): include('C:\\xampp\\htdocs...')
#6 C:\xampp\htdocs\korlantas\vendor\codeigniter4\framework\system\Common.php(1119): CodeIgniter\View\View->render('admin/_partials...', Array, true)
#7 C:\xampp\htdocs\korlantas\app\Controllers\Master_data_user.php(14): view('admin/_partials...', Array)
#8 C:\xampp\htdocs\korlantas\vendor\codeigniter4\framework\system\CodeIgniter.php(918): App\Controllers\Master_data_user->index()
#9 C:\xampp\htdocs\korlantas\vendor\codeigniter4\framework\system\CodeIgniter.php(404): CodeIgniter\CodeIgniter->runController(Object(App\Controllers\Master_data_user))
#10 C:\xampp\htdocs\korlantas\vendor\codeigniter4\framework\system\CodeIgniter.php(312): CodeIgniter\CodeIgniter->handleRequest(NULL, Object(Config\Cache), false)
#11 C:\xampp\htdocs\korlantas\public\index.php(45): CodeIgniter\CodeIgniter->run()
#12 C:\xampp\htdocs\korlantas\vendor\codeigniter4\framework\system\Commands\Server\rewrite.php(34): require_once('C:\\xampp\\htdocs...')
#13 {main}
CRITICAL - 2021-02-20 10:12:29 --> Undefined index: guidelines_name
#0 C:\xampp\htdocs\korlantas\app\Views\admin\master data\index.php(41): CodeIgniter\Debug\Exceptions->errorHandler(8, 'Undefined index...', 'C:\\xampp\\htdocs...', 41, Array)
#1 C:\xampp\htdocs\korlantas\vendor\codeigniter4\framework\system\View\View.php(246): include('C:\\xampp\\htdocs...')
#2 C:\xampp\htdocs\korlantas\vendor\codeigniter4\framework\system\Common.php(1119): CodeIgniter\View\View->render('admin/master da...', Array, true)
#3 C:\xampp\htdocs\korlantas\app\Views\admin\_partials\content.php(5): view('admin/master da...')
#4 C:\xampp\htdocs\korlantas\app\Views\admin\_partials\wrapper.php(10): require_once('C:\\xampp\\htdocs...')
#5 C:\xampp\htdocs\korlantas\vendor\codeigniter4\framework\system\View\View.php(246): include('C:\\xampp\\htdocs...')
#6 C:\xampp\htdocs\korlantas\vendor\codeigniter4\framework\system\Common.php(1119): CodeIgniter\View\View->render('admin/_partials...', Array, true)
#7 C:\xampp\htdocs\korlantas\app\Controllers\Master_data_user.php(14): view('admin/_partials...', Array)
#8 C:\xampp\htdocs\korlantas\vendor\codeigniter4\framework\system\CodeIgniter.php(918): App\Controllers\Master_data_user->index()
#9 C:\xampp\htdocs\korlantas\vendor\codeigniter4\framework\system\CodeIgniter.php(404): CodeIgniter\CodeIgniter->runController(Object(App\Controllers\Master_data_user))
#10 C:\xampp\htdocs\korlantas\vendor\codeigniter4\framework\system\CodeIgniter.php(312): CodeIgniter\CodeIgniter->handleRequest(NULL, Object(Config\Cache), false)
#11 C:\xampp\htdocs\korlantas\public\index.php(45): CodeIgniter\CodeIgniter->run()
#12 C:\xampp\htdocs\korlantas\vendor\codeigniter4\framework\system\Commands\Server\rewrite.php(34): require_once('C:\\xampp\\htdocs...')
#13 {main}
CRITICAL - 2021-02-20 10:12:41 --> Undefined index: guidelines_id
#0 C:\xampp\htdocs\korlantas\app\Views\admin\master data\index.php(46): CodeIgniter\Debug\Exceptions->errorHandler(8, 'Undefined index...', 'C:\\xampp\\htdocs...', 46, Array)
#1 C:\xampp\htdocs\korlantas\vendor\codeigniter4\framework\system\View\View.php(246): include('C:\\xampp\\htdocs...')
#2 C:\xampp\htdocs\korlantas\vendor\codeigniter4\framework\system\Common.php(1119): CodeIgniter\View\View->render('admin/master da...', Array, true)
#3 C:\xampp\htdocs\korlantas\app\Views\admin\_partials\content.php(5): view('admin/master da...')
#4 C:\xampp\htdocs\korlantas\app\Views\admin\_partials\wrapper.php(10): require_once('C:\\xampp\\htdocs...')
#5 C:\xampp\htdocs\korlantas\vendor\codeigniter4\framework\system\View\View.php(246): include('C:\\xampp\\htdocs...')
#6 C:\xampp\htdocs\korlantas\vendor\codeigniter4\framework\system\Common.php(1119): CodeIgniter\View\View->render('admin/_partials...', Array, true)
#7 C:\xampp\htdocs\korlantas\app\Controllers\Master_data_user.php(14): view('admin/_partials...', Array)
#8 C:\xampp\htdocs\korlantas\vendor\codeigniter4\framework\system\CodeIgniter.php(918): App\Controllers\Master_data_user->index()
#9 C:\xampp\htdocs\korlantas\vendor\codeigniter4\framework\system\CodeIgniter.php(404): CodeIgniter\CodeIgniter->runController(Object(App\Controllers\Master_data_user))
#10 C:\xampp\htdocs\korlantas\vendor\codeigniter4\framework\system\CodeIgniter.php(312): CodeIgniter\CodeIgniter->handleRequest(NULL, Object(Config\Cache), false)
#11 C:\xampp\htdocs\korlantas\public\index.php(45): CodeIgniter\CodeIgniter->run()
#12 C:\xampp\htdocs\korlantas\vendor\codeigniter4\framework\system\Commands\Server\rewrite.php(34): require_once('C:\\xampp\\htdocs...')
#13 {main}
CRITICAL - 2021-02-20 10:12:52 --> Undefined index: guidelines_name
#0 C:\xampp\htdocs\korlantas\app\Views\admin\master data\index.php(47): CodeIgniter\Debug\Exceptions->errorHandler(8, 'Undefined index...', 'C:\\xampp\\htdocs...', 47, Array)
#1 C:\xampp\htdocs\korlantas\vendor\codeigniter4\framework\system\View\View.php(246): include('C:\\xampp\\htdocs...')
#2 C:\xampp\htdocs\korlantas\vendor\codeigniter4\framework\system\Common.php(1119): CodeIgniter\View\View->render('admin/master da...', Array, true)
#3 C:\xampp\htdocs\korlantas\app\Views\admin\_partials\content.php(5): view('admin/master da...')
#4 C:\xampp\htdocs\korlantas\app\Views\admin\_partials\wrapper.php(10): require_once('C:\\xampp\\htdocs...')
#5 C:\xampp\htdocs\korlantas\vendor\codeigniter4\framework\system\View\View.php(246): include('C:\\xampp\\htdocs...')
#6 C:\xampp\htdocs\korlantas\vendor\codeigniter4\framework\system\Common.php(1119): CodeIgniter\View\View->render('admin/_partials...', Array, true)
#7 C:\xampp\htdocs\korlantas\app\Controllers\Master_data_user.php(14): view('admin/_partials...', Array)
#8 C:\xampp\htdocs\korlantas\vendor\codeigniter4\framework\system\CodeIgniter.php(918): App\Controllers\Master_data_user->index()
#9 C:\xampp\htdocs\korlantas\vendor\codeigniter4\framework\system\CodeIgniter.php(404): CodeIgniter\CodeIgniter->runController(Object(App\Controllers\Master_data_user))
#10 C:\xampp\htdocs\korlantas\vendor\codeigniter4\framework\system\CodeIgniter.php(312): CodeIgniter\CodeIgniter->handleRequest(NULL, Object(Config\Cache), false)
#11 C:\xampp\htdocs\korlantas\public\index.php(45): CodeIgniter\CodeIgniter->run()
#12 C:\xampp\htdocs\korlantas\vendor\codeigniter4\framework\system\Commands\Server\rewrite.php(34): require_once('C:\\xampp\\htdocs...')
#13 {main}
CRITICAL - 2021-02-20 10:15:28 --> Undefined index: updated/-at
#0 C:\xampp\htdocs\korlantas\app\Views\admin\master data\index.php(43): CodeIgniter\Debug\Exceptions->errorHandler(8, 'Undefined index...', 'C:\\xampp\\htdocs...', 43, Array)
#1 C:\xampp\htdocs\korlantas\vendor\codeigniter4\framework\system\View\View.php(246): include('C:\\xampp\\htdocs...')
#2 C:\xampp\htdocs\korlantas\vendor\codeigniter4\framework\system\Common.php(1119): CodeIgniter\View\View->render('admin/master da...', Array, true)
#3 C:\xampp\htdocs\korlantas\app\Views\admin\_partials\content.php(5): view('admin/master da...')
#4 C:\xampp\htdocs\korlantas\app\Views\admin\_partials\wrapper.php(10): require_once('C:\\xampp\\htdocs...')
#5 C:\xampp\htdocs\korlantas\vendor\codeigniter4\framework\system\View\View.php(246): include('C:\\xampp\\htdocs...')
#6 C:\xampp\htdocs\korlantas\vendor\codeigniter4\framework\system\Common.php(1119): CodeIgniter\View\View->render('admin/_partials...', Array, true)
#7 C:\xampp\htdocs\korlantas\app\Controllers\Master_data_user.php(14): view('admin/_partials...', Array)
#8 C:\xampp\htdocs\korlantas\vendor\codeigniter4\framework\system\CodeIgniter.php(918): App\Controllers\Master_data_user->index()
#9 C:\xampp\htdocs\korlantas\vendor\codeigniter4\framework\system\CodeIgniter.php(404): CodeIgniter\CodeIgniter->runController(Object(App\Controllers\Master_data_user))
#10 C:\xampp\htdocs\korlantas\vendor\codeigniter4\framework\system\CodeIgniter.php(312): CodeIgniter\CodeIgniter->handleRequest(NULL, Object(Config\Cache), false)
#11 C:\xampp\htdocs\korlantas\public\index.php(45): CodeIgniter\CodeIgniter->run()
#12 C:\xampp\htdocs\korlantas\vendor\codeigniter4\framework\system\Commands\Server\rewrite.php(34): require_once('C:\\xampp\\htdocs...')
#13 {main}
