CRITICAL - 2021-04-18 22:23:25 --> You do not have sufficient permissions to access that page.
#0 C:\xampp\htdocs\ejb\vendor\codeigniter4\framework\system\Filters\Filters.php(173): Myth\Auth\Filters\RoleFilter->before(Object(CodeIgniter\HTTP\IncomingRequest), Array)
#1 C:\xampp\htdocs\ejb\vendor\codeigniter4\framework\system\CodeIgniter.php(382): CodeIgniter\Filters\Filters->run('master_data_use...', 'before')
#2 C:\xampp\htdocs\ejb\vendor\codeigniter4\framework\system\CodeIgniter.php(312): CodeIgniter\CodeIgniter->handleRequest(NULL, Object(Config\Cache), false)
#3 C:\xampp\htdocs\ejb\public\index.php(45): CodeIgniter\CodeIgniter->run()
#4 C:\xampp\htdocs\ejb\vendor\codeigniter4\framework\system\Commands\Server\rewrite.php(34): require_once('C:\\xampp\\htdocs...')
#5 {main}
CRITICAL - 2021-04-18 22:23:43 --> You do not have sufficient permissions to access that page.
#0 C:\xampp\htdocs\ejb\vendor\codeigniter4\framework\system\Filters\Filters.php(173): Myth\Auth\Filters\RoleFilter->before(Object(CodeIgniter\HTTP\IncomingRequest), Array)
#1 C:\xampp\htdocs\ejb\vendor\codeigniter4\framework\system\CodeIgniter.php(382): CodeIgniter\Filters\Filters->run('master_data_use...', 'before')
#2 C:\xampp\htdocs\ejb\vendor\codeigniter4\framework\system\CodeIgniter.php(312): CodeIgniter\CodeIgniter->handleRequest(NULL, Object(Config\Cache), false)
#3 C:\xampp\htdocs\ejb\public\index.php(45): CodeIgniter\CodeIgniter->run()
#4 C:\xampp\htdocs\ejb\vendor\codeigniter4\framework\system\Commands\Server\rewrite.php(34): require_once('C:\\xampp\\htdocs...')
#5 {main}
CRITICAL - 2021-04-18 22:23:58 --> You do not have sufficient permissions to access that page.
#0 C:\xampp\htdocs\ejb\vendor\codeigniter4\framework\system\Filters\Filters.php(173): Myth\Auth\Filters\RoleFilter->before(Object(CodeIgniter\HTTP\IncomingRequest), Array)
#1 C:\xampp\htdocs\ejb\vendor\codeigniter4\framework\system\CodeIgniter.php(382): CodeIgniter\Filters\Filters->run('master_data_use...', 'before')
#2 C:\xampp\htdocs\ejb\vendor\codeigniter4\framework\system\CodeIgniter.php(312): CodeIgniter\CodeIgniter->handleRequest(NULL, Object(Config\Cache), false)
#3 C:\xampp\htdocs\ejb\public\index.php(45): CodeIgniter\CodeIgniter->run()
#4 C:\xampp\htdocs\ejb\vendor\codeigniter4\framework\system\Commands\Server\rewrite.php(34): require_once('C:\\xampp\\htdocs...')
#5 {main}
CRITICAL - 2021-04-18 22:25:04 --> You do not have sufficient permissions to access that page.
#0 C:\xampp\htdocs\ejb\vendor\codeigniter4\framework\system\Filters\Filters.php(173): Myth\Auth\Filters\RoleFilter->before(Object(CodeIgniter\HTTP\IncomingRequest), Array)
#1 C:\xampp\htdocs\ejb\vendor\codeigniter4\framework\system\CodeIgniter.php(382): CodeIgniter\Filters\Filters->run('dashboard', 'before')
#2 C:\xampp\htdocs\ejb\vendor\codeigniter4\framework\system\CodeIgniter.php(312): CodeIgniter\CodeIgniter->handleRequest(NULL, Object(Config\Cache), false)
#3 C:\xampp\htdocs\ejb\public\index.php(45): CodeIgniter\CodeIgniter->run()
#4 C:\xampp\htdocs\ejb\vendor\codeigniter4\framework\system\Commands\Server\rewrite.php(34): require_once('C:\\xampp\\htdocs...')
#5 {main}
