CRITICAL - 2021-02-12 02:04:17 --> Cannot redeclare App\Models\GuidelinesModel::$table
#0 [internal function]: CodeIgniter\Debug\Exceptions->shutdownHandler()
#1 {main}
CRITICAL - 2021-02-12 02:05:04 --> You must set the database table to be used with your query.
#0 C:\xampp\htdocs\sadhelx-admin\vendor\codeigniter4\framework\system\Model.php(1237): CodeIgniter\Database\BaseConnection->table(NULL)
#1 C:\xampp\htdocs\sadhelx-admin\vendor\codeigniter4\framework\system\Model.php(1816): CodeIgniter\Model->builder()
#2 C:\xampp\htdocs\sadhelx-admin\app\Models\GuidelinesModel.php(16): CodeIgniter\Model->__call('get', Array)
#3 C:\xampp\htdocs\sadhelx-admin\app\Controllers\Guidelines.php(16): App\Models\GuidelinesModel->getGuidelines()
#4 C:\xampp\htdocs\sadhelx-admin\vendor\codeigniter4\framework\system\CodeIgniter.php(918): App\Controllers\Guidelines->index()
#5 C:\xampp\htdocs\sadhelx-admin\vendor\codeigniter4\framework\system\CodeIgniter.php(404): CodeIgniter\CodeIgniter->runController(Object(App\Controllers\Guidelines))
#6 C:\xampp\htdocs\sadhelx-admin\vendor\codeigniter4\framework\system\CodeIgniter.php(312): CodeIgniter\CodeIgniter->handleRequest(NULL, Object(Config\Cache), false)
#7 C:\xampp\htdocs\sadhelx-admin\public\index.php(45): CodeIgniter\CodeIgniter->run()
#8 C:\xampp\htdocs\sadhelx-admin\vendor\codeigniter4\framework\system\Commands\Server\rewrite.php(34): require_once('C:\\xampp\\htdocs...')
#9 {main}
CRITICAL - 2021-02-12 02:06:42 --> Class 'App\Models\GuidelinesModel' not found
#0 C:\xampp\htdocs\sadhelx-admin\vendor\codeigniter4\framework\system\CodeIgniter.php(918): App\Controllers\Guidelines->index()
#1 C:\xampp\htdocs\sadhelx-admin\vendor\codeigniter4\framework\system\CodeIgniter.php(404): CodeIgniter\CodeIgniter->runController(Object(App\Controllers\Guidelines))
#2 C:\xampp\htdocs\sadhelx-admin\vendor\codeigniter4\framework\system\CodeIgniter.php(312): CodeIgniter\CodeIgniter->handleRequest(NULL, Object(Config\Cache), false)
#3 C:\xampp\htdocs\sadhelx-admin\public\index.php(45): CodeIgniter\CodeIgniter->run()
#4 C:\xampp\htdocs\sadhelx-admin\vendor\codeigniter4\framework\system\Commands\Server\rewrite.php(34): require_once('C:\\xampp\\htdocs...')
#5 {main}
CRITICAL - 2021-02-12 02:07:36 --> Class 'App\Controllers\GuidelinesShowModel' not found
#0 C:\xampp\htdocs\sadhelx-admin\vendor\codeigniter4\framework\system\CodeIgniter.php(918): App\Controllers\Guidelines->statusshow()
#1 C:\xampp\htdocs\sadhelx-admin\vendor\codeigniter4\framework\system\CodeIgniter.php(404): CodeIgniter\CodeIgniter->runController(Object(App\Controllers\Guidelines))
#2 C:\xampp\htdocs\sadhelx-admin\vendor\codeigniter4\framework\system\CodeIgniter.php(312): CodeIgniter\CodeIgniter->handleRequest(NULL, Object(Config\Cache), false)
#3 C:\xampp\htdocs\sadhelx-admin\public\index.php(45): CodeIgniter\CodeIgniter->run()
#4 C:\xampp\htdocs\sadhelx-admin\vendor\codeigniter4\framework\system\Commands\Server\rewrite.php(34): require_once('C:\\xampp\\htdocs...')
#5 {main}
CRITICAL - 2021-02-12 02:12:38 --> Undefined variable: guidelinestatusshow
#0 C:\xampp\htdocs\sadhelx-admin\app\Views\admin\guide\statusshow.php(36): CodeIgniter\Debug\Exceptions->errorHandler(8, 'Undefined varia...', 'C:\\xampp\\htdocs...', 36, Array)
#1 C:\xampp\htdocs\sadhelx-admin\vendor\codeigniter4\framework\system\View\View.php(246): include('C:\\xampp\\htdocs...')
#2 C:\xampp\htdocs\sadhelx-admin\vendor\codeigniter4\framework\system\Common.php(1119): CodeIgniter\View\View->render('admin/guide/sta...', Array, true)
#3 C:\xampp\htdocs\sadhelx-admin\app\Views\admin\_partials\content.php(5): view('admin/guide/sta...')
#4 C:\xampp\htdocs\sadhelx-admin\app\Views\admin\_partials\wrapper.php(10): require_once('C:\\xampp\\htdocs...')
#5 C:\xampp\htdocs\sadhelx-admin\vendor\codeigniter4\framework\system\View\View.php(246): include('C:\\xampp\\htdocs...')
#6 C:\xampp\htdocs\sadhelx-admin\vendor\codeigniter4\framework\system\Common.php(1119): CodeIgniter\View\View->render('admin/_partials...', Array, true)
#7 C:\xampp\htdocs\sadhelx-admin\app\Controllers\Guidelines.php(31): view('admin/_partials...', Array)
#8 C:\xampp\htdocs\sadhelx-admin\vendor\codeigniter4\framework\system\CodeIgniter.php(918): App\Controllers\Guidelines->statusshow()
#9 C:\xampp\htdocs\sadhelx-admin\vendor\codeigniter4\framework\system\CodeIgniter.php(404): CodeIgniter\CodeIgniter->runController(Object(App\Controllers\Guidelines))
#10 C:\xampp\htdocs\sadhelx-admin\vendor\codeigniter4\framework\system\CodeIgniter.php(312): CodeIgniter\CodeIgniter->handleRequest(NULL, Object(Config\Cache), false)
#11 C:\xampp\htdocs\sadhelx-admin\public\index.php(45): CodeIgniter\CodeIgniter->run()
#12 C:\xampp\htdocs\sadhelx-admin\vendor\codeigniter4\framework\system\Commands\Server\rewrite.php(34): require_once('C:\\xampp\\htdocs...')
#13 {main}
CRITICAL - 2021-02-12 06:11:09 --> Undefined variable: content
#0 C:\xampp\htdocs\sadhelx-admin\app\Views\admin\_partials\content.php(3): CodeIgniter\Debug\Exceptions->errorHandler(8, 'Undefined varia...', 'C:\\xampp\\htdocs...', 3, Array)
#1 C:\xampp\htdocs\sadhelx-admin\app\Views\admin\_partials\wrapper.php(10): require_once('C:\\xampp\\htdocs...')
#2 C:\xampp\htdocs\sadhelx-admin\vendor\codeigniter4\framework\system\View\View.php(246): include('C:\\xampp\\htdocs...')
#3 C:\xampp\htdocs\sadhelx-admin\vendor\codeigniter4\framework\system\Common.php(1119): CodeIgniter\View\View->render('admin/_partials...', Array, true)
#4 C:\xampp\htdocs\sadhelx-admin\app\Controllers\Home.php(12): view('admin/_partials...', Array)
#5 C:\xampp\htdocs\sadhelx-admin\vendor\codeigniter4\framework\system\CodeIgniter.php(918): App\Controllers\Home->index()
#6 C:\xampp\htdocs\sadhelx-admin\vendor\codeigniter4\framework\system\CodeIgniter.php(404): CodeIgniter\CodeIgniter->runController(Object(App\Controllers\Home))
#7 C:\xampp\htdocs\sadhelx-admin\vendor\codeigniter4\framework\system\CodeIgniter.php(312): CodeIgniter\CodeIgniter->handleRequest(NULL, Object(Config\Cache), false)
#8 C:\xampp\htdocs\sadhelx-admin\public\index.php(45): CodeIgniter\CodeIgniter->run()
#9 C:\xampp\htdocs\sadhelx-admin\vendor\codeigniter4\framework\system\Commands\Server\rewrite.php(34): require_once('C:\\xampp\\htdocs...')
#10 {main}
CRITICAL - 2021-02-12 06:11:16 --> Undefined variable: content
#0 C:\xampp\htdocs\sadhelx-admin\app\Views\admin\_partials\content.php(3): CodeIgniter\Debug\Exceptions->errorHandler(8, 'Undefined varia...', 'C:\\xampp\\htdocs...', 3, Array)
#1 C:\xampp\htdocs\sadhelx-admin\app\Views\admin\_partials\wrapper.php(10): require_once('C:\\xampp\\htdocs...')
#2 C:\xampp\htdocs\sadhelx-admin\vendor\codeigniter4\framework\system\View\View.php(246): include('C:\\xampp\\htdocs...')
#3 C:\xampp\htdocs\sadhelx-admin\vendor\codeigniter4\framework\system\Common.php(1119): CodeIgniter\View\View->render('admin/_partials...', Array, true)
#4 C:\xampp\htdocs\sadhelx-admin\app\Controllers\Home.php(11): view('admin/_partials...', Array)
#5 C:\xampp\htdocs\sadhelx-admin\vendor\codeigniter4\framework\system\CodeIgniter.php(918): App\Controllers\Home->index()
#6 C:\xampp\htdocs\sadhelx-admin\vendor\codeigniter4\framework\system\CodeIgniter.php(404): CodeIgniter\CodeIgniter->runController(Object(App\Controllers\Home))
#7 C:\xampp\htdocs\sadhelx-admin\vendor\codeigniter4\framework\system\CodeIgniter.php(312): CodeIgniter\CodeIgniter->handleRequest(NULL, Object(Config\Cache), false)
#8 C:\xampp\htdocs\sadhelx-admin\public\index.php(45): CodeIgniter\CodeIgniter->run()
#9 C:\xampp\htdocs\sadhelx-admin\vendor\codeigniter4\framework\system\Commands\Server\rewrite.php(34): require_once('C:\\xampp\\htdocs...')
#10 {main}
CRITICAL - 2021-02-12 06:11:20 --> Undefined variable: content
#0 C:\xampp\htdocs\sadhelx-admin\app\Views\admin\_partials\content.php(3): CodeIgniter\Debug\Exceptions->errorHandler(8, 'Undefined varia...', 'C:\\xampp\\htdocs...', 3, Array)
#1 C:\xampp\htdocs\sadhelx-admin\app\Views\admin\_partials\wrapper.php(10): require_once('C:\\xampp\\htdocs...')
#2 C:\xampp\htdocs\sadhelx-admin\vendor\codeigniter4\framework\system\View\View.php(246): include('C:\\xampp\\htdocs...')
#3 C:\xampp\htdocs\sadhelx-admin\vendor\codeigniter4\framework\system\Common.php(1119): CodeIgniter\View\View->render('admin/_partials...', Array, true)
#4 C:\xampp\htdocs\sadhelx-admin\app\Controllers\Home.php(11): view('admin/_partials...', Array)
#5 C:\xampp\htdocs\sadhelx-admin\vendor\codeigniter4\framework\system\CodeIgniter.php(918): App\Controllers\Home->index()
#6 C:\xampp\htdocs\sadhelx-admin\vendor\codeigniter4\framework\system\CodeIgniter.php(404): CodeIgniter\CodeIgniter->runController(Object(App\Controllers\Home))
#7 C:\xampp\htdocs\sadhelx-admin\vendor\codeigniter4\framework\system\CodeIgniter.php(312): CodeIgniter\CodeIgniter->handleRequest(NULL, Object(Config\Cache), false)
#8 C:\xampp\htdocs\sadhelx-admin\public\index.php(45): CodeIgniter\CodeIgniter->run()
#9 C:\xampp\htdocs\sadhelx-admin\vendor\codeigniter4\framework\system\Commands\Server\rewrite.php(34): require_once('C:\\xampp\\htdocs...')
#10 {main}
CRITICAL - 2021-02-12 06:11:30 --> Undefined variable: content
#0 C:\xampp\htdocs\sadhelx-admin\app\Views\admin\_partials\content.php(3): CodeIgniter\Debug\Exceptions->errorHandler(8, 'Undefined varia...', 'C:\\xampp\\htdocs...', 3, Array)
#1 C:\xampp\htdocs\sadhelx-admin\app\Views\admin\_partials\wrapper.php(10): require_once('C:\\xampp\\htdocs...')
#2 C:\xampp\htdocs\sadhelx-admin\vendor\codeigniter4\framework\system\View\View.php(246): include('C:\\xampp\\htdocs...')
#3 C:\xampp\htdocs\sadhelx-admin\vendor\codeigniter4\framework\system\Common.php(1119): CodeIgniter\View\View->render('admin/_partials...', Array, true)
#4 C:\xampp\htdocs\sadhelx-admin\app\Controllers\Home.php(10): view('admin/_partials...')
#5 C:\xampp\htdocs\sadhelx-admin\vendor\codeigniter4\framework\system\CodeIgniter.php(918): App\Controllers\Home->index()
#6 C:\xampp\htdocs\sadhelx-admin\vendor\codeigniter4\framework\system\CodeIgniter.php(404): CodeIgniter\CodeIgniter->runController(Object(App\Controllers\Home))
#7 C:\xampp\htdocs\sadhelx-admin\vendor\codeigniter4\framework\system\CodeIgniter.php(312): CodeIgniter\CodeIgniter->handleRequest(NULL, Object(Config\Cache), false)
#8 C:\xampp\htdocs\sadhelx-admin\public\index.php(45): CodeIgniter\CodeIgniter->run()
#9 C:\xampp\htdocs\sadhelx-admin\vendor\codeigniter4\framework\system\Commands\Server\rewrite.php(34): require_once('C:\\xampp\\htdocs...')
#10 {main}
CRITICAL - 2021-02-12 06:12:42 --> Class 'App\Controllers\Controller' not found
#0 C:\xampp\htdocs\sadhelx-admin\vendor\codeigniter4\framework\system\Router\Router.php(583): include_once()
#1 C:\xampp\htdocs\sadhelx-admin\vendor\codeigniter4\framework\system\Router\Router.php(195): CodeIgniter\Router\Router->autoRoute('home')
#2 C:\xampp\htdocs\sadhelx-admin\vendor\codeigniter4\framework\system\CodeIgniter.php(793): CodeIgniter\Router\Router->handle('home')
#3 C:\xampp\htdocs\sadhelx-admin\vendor\codeigniter4\framework\system\CodeIgniter.php(364): CodeIgniter\CodeIgniter->tryToRouteIt(Object(CodeIgniter\Router\RouteCollection))
#4 C:\xampp\htdocs\sadhelx-admin\vendor\codeigniter4\framework\system\CodeIgniter.php(312): CodeIgniter\CodeIgniter->handleRequest(NULL, Object(Config\Cache), false)
#5 C:\xampp\htdocs\sadhelx-admin\public\index.php(45): CodeIgniter\CodeIgniter->run()
#6 C:\xampp\htdocs\sadhelx-admin\vendor\codeigniter4\framework\system\Commands\Server\rewrite.php(34): require_once('C:\\xampp\\htdocs...')
#7 {main}
CRITICAL - 2021-02-12 06:39:36 --> Undefined variable: user
#0 C:\xampp\htdocs\sadhelx-admin\app\Views\admin\profile\index.php(27): CodeIgniter\Debug\Exceptions->errorHandler(8, 'Undefined varia...', 'C:\\xampp\\htdocs...', 27, Array)
#1 C:\xampp\htdocs\sadhelx-admin\vendor\codeigniter4\framework\system\View\View.php(246): include('C:\\xampp\\htdocs...')
#2 C:\xampp\htdocs\sadhelx-admin\vendor\codeigniter4\framework\system\Common.php(1119): CodeIgniter\View\View->render('admin/profile/i...', Array, true)
#3 C:\xampp\htdocs\sadhelx-admin\app\Views\admin\_partials\content.php(5): view('admin/profile/i...')
#4 C:\xampp\htdocs\sadhelx-admin\app\Views\admin\_partials\wrapper.php(10): require_once('C:\\xampp\\htdocs...')
#5 C:\xampp\htdocs\sadhelx-admin\vendor\codeigniter4\framework\system\View\View.php(246): include('C:\\xampp\\htdocs...')
#6 C:\xampp\htdocs\sadhelx-admin\vendor\codeigniter4\framework\system\Common.php(1119): CodeIgniter\View\View->render('admin/_partials...', Array, true)
#7 C:\xampp\htdocs\sadhelx-admin\app\Controllers\Profile.php(11): view('admin/_partials...', Array)
#8 C:\xampp\htdocs\sadhelx-admin\vendor\codeigniter4\framework\system\CodeIgniter.php(918): App\Controllers\Profile->index()
#9 C:\xampp\htdocs\sadhelx-admin\vendor\codeigniter4\framework\system\CodeIgniter.php(404): CodeIgniter\CodeIgniter->runController(Object(App\Controllers\Profile))
#10 C:\xampp\htdocs\sadhelx-admin\vendor\codeigniter4\framework\system\CodeIgniter.php(312): CodeIgniter\CodeIgniter->handleRequest(NULL, Object(Config\Cache), false)
#11 C:\xampp\htdocs\sadhelx-admin\public\index.php(45): CodeIgniter\CodeIgniter->run()
#12 C:\xampp\htdocs\sadhelx-admin\vendor\codeigniter4\framework\system\Commands\Server\rewrite.php(34): require_once('C:\\xampp\\htdocs...')
#13 {main}
CRITICAL - 2021-02-12 06:43:13 --> Undefined variable: session
#0 C:\xampp\htdocs\sadhelx-admin\app\Controllers\Profile.php(9): CodeIgniter\Debug\Exceptions->errorHandler(8, 'Undefined varia...', 'C:\\xampp\\htdocs...', 9, Array)
#1 C:\xampp\htdocs\sadhelx-admin\vendor\codeigniter4\framework\system\CodeIgniter.php(918): App\Controllers\Profile->index()
#2 C:\xampp\htdocs\sadhelx-admin\vendor\codeigniter4\framework\system\CodeIgniter.php(404): CodeIgniter\CodeIgniter->runController(Object(App\Controllers\Profile))
#3 C:\xampp\htdocs\sadhelx-admin\vendor\codeigniter4\framework\system\CodeIgniter.php(312): CodeIgniter\CodeIgniter->handleRequest(NULL, Object(Config\Cache), false)
#4 C:\xampp\htdocs\sadhelx-admin\public\index.php(45): CodeIgniter\CodeIgniter->run()
#5 C:\xampp\htdocs\sadhelx-admin\vendor\codeigniter4\framework\system\Commands\Server\rewrite.php(34): require_once('C:\\xampp\\htdocs...')
#6 {main}
CRITICAL - 2021-02-12 06:43:39 --> Undefined variable: config
#0 C:\xampp\htdocs\sadhelx-admin\app\Controllers\Profile.php(10): CodeIgniter\Debug\Exceptions->errorHandler(8, 'Undefined varia...', 'C:\\xampp\\htdocs...', 10, Array)
#1 C:\xampp\htdocs\sadhelx-admin\vendor\codeigniter4\framework\system\CodeIgniter.php(918): App\Controllers\Profile->index()
#2 C:\xampp\htdocs\sadhelx-admin\vendor\codeigniter4\framework\system\CodeIgniter.php(404): CodeIgniter\CodeIgniter->runController(Object(App\Controllers\Profile))
#3 C:\xampp\htdocs\sadhelx-admin\vendor\codeigniter4\framework\system\CodeIgniter.php(312): CodeIgniter\CodeIgniter->handleRequest(NULL, Object(Config\Cache), false)
#4 C:\xampp\htdocs\sadhelx-admin\public\index.php(45): CodeIgniter\CodeIgniter->run()
#5 C:\xampp\htdocs\sadhelx-admin\vendor\codeigniter4\framework\system\Commands\Server\rewrite.php(34): require_once('C:\\xampp\\htdocs...')
#6 {main}
CRITICAL - 2021-02-12 06:44:30 --> Undefined variable: config
#0 C:\xampp\htdocs\sadhelx-admin\app\Controllers\Profile.php(10): CodeIgniter\Debug\Exceptions->errorHandler(8, 'Undefined varia...', 'C:\\xampp\\htdocs...', 10, Array)
#1 C:\xampp\htdocs\sadhelx-admin\vendor\codeigniter4\framework\system\CodeIgniter.php(918): App\Controllers\Profile->index()
#2 C:\xampp\htdocs\sadhelx-admin\vendor\codeigniter4\framework\system\CodeIgniter.php(404): CodeIgniter\CodeIgniter->runController(Object(App\Controllers\Profile))
#3 C:\xampp\htdocs\sadhelx-admin\vendor\codeigniter4\framework\system\CodeIgniter.php(312): CodeIgniter\CodeIgniter->handleRequest(NULL, Object(Config\Cache), false)
#4 C:\xampp\htdocs\sadhelx-admin\public\index.php(45): CodeIgniter\CodeIgniter->run()
#5 C:\xampp\htdocs\sadhelx-admin\vendor\codeigniter4\framework\system\Commands\Server\rewrite.php(34): require_once('C:\\xampp\\htdocs...')
#6 {main}
CRITICAL - 2021-02-12 06:48:11 --> Undefined variable: config
#0 C:\xampp\htdocs\sadhelx-admin\app\Controllers\Profile.php(10): CodeIgniter\Debug\Exceptions->errorHandler(8, 'Undefined varia...', 'C:\\xampp\\htdocs...', 10, Array)
#1 C:\xampp\htdocs\sadhelx-admin\vendor\codeigniter4\framework\system\CodeIgniter.php(918): App\Controllers\Profile->index()
#2 C:\xampp\htdocs\sadhelx-admin\vendor\codeigniter4\framework\system\CodeIgniter.php(404): CodeIgniter\CodeIgniter->runController(Object(App\Controllers\Profile))
#3 C:\xampp\htdocs\sadhelx-admin\vendor\codeigniter4\framework\system\CodeIgniter.php(312): CodeIgniter\CodeIgniter->handleRequest(NULL, Object(Config\Cache), false)
#4 C:\xampp\htdocs\sadhelx-admin\public\index.php(45): CodeIgniter\CodeIgniter->run()
#5 C:\xampp\htdocs\sadhelx-admin\vendor\codeigniter4\framework\system\Commands\Server\rewrite.php(34): require_once('C:\\xampp\\htdocs...')
#6 {main}
CRITICAL - 2021-02-12 06:56:00 --> Undefined variable: config
#0 C:\xampp\htdocs\sadhelx-admin\app\Controllers\Profile.php(10): CodeIgniter\Debug\Exceptions->errorHandler(8, 'Undefined varia...', 'C:\\xampp\\htdocs...', 10, Array)
#1 C:\xampp\htdocs\sadhelx-admin\vendor\codeigniter4\framework\system\CodeIgniter.php(918): App\Controllers\Profile->index()
#2 C:\xampp\htdocs\sadhelx-admin\vendor\codeigniter4\framework\system\CodeIgniter.php(404): CodeIgniter\CodeIgniter->runController(Object(App\Controllers\Profile))
#3 C:\xampp\htdocs\sadhelx-admin\vendor\codeigniter4\framework\system\CodeIgniter.php(312): CodeIgniter\CodeIgniter->handleRequest(NULL, Object(Config\Cache), false)
#4 C:\xampp\htdocs\sadhelx-admin\public\index.php(45): CodeIgniter\CodeIgniter->run()
#5 C:\xampp\htdocs\sadhelx-admin\vendor\codeigniter4\framework\system\Commands\Server\rewrite.php(34): require_once('C:\\xampp\\htdocs...')
#6 {main}
CRITICAL - 2021-02-12 06:56:32 --> Undefined variable: config
#0 C:\xampp\htdocs\sadhelx-admin\app\Controllers\Profile.php(10): CodeIgniter\Debug\Exceptions->errorHandler(8, 'Undefined varia...', 'C:\\xampp\\htdocs...', 10, Array)
#1 C:\xampp\htdocs\sadhelx-admin\vendor\codeigniter4\framework\system\CodeIgniter.php(918): App\Controllers\Profile->index()
#2 C:\xampp\htdocs\sadhelx-admin\vendor\codeigniter4\framework\system\CodeIgniter.php(404): CodeIgniter\CodeIgniter->runController(Object(App\Controllers\Profile))
#3 C:\xampp\htdocs\sadhelx-admin\vendor\codeigniter4\framework\system\CodeIgniter.php(312): CodeIgniter\CodeIgniter->handleRequest(NULL, Object(Config\Cache), false)
#4 C:\xampp\htdocs\sadhelx-admin\public\index.php(45): CodeIgniter\CodeIgniter->run()
#5 C:\xampp\htdocs\sadhelx-admin\vendor\codeigniter4\framework\system\Commands\Server\rewrite.php(34): require_once('C:\\xampp\\htdocs...')
#6 {main}
CRITICAL - 2021-02-12 07:01:30 --> Undefined variable: config
#0 C:\xampp\htdocs\sadhelx-admin\app\Controllers\Profile.php(10): CodeIgniter\Debug\Exceptions->errorHandler(8, 'Undefined varia...', 'C:\\xampp\\htdocs...', 10, Array)
#1 C:\xampp\htdocs\sadhelx-admin\vendor\codeigniter4\framework\system\CodeIgniter.php(918): App\Controllers\Profile->index()
#2 C:\xampp\htdocs\sadhelx-admin\vendor\codeigniter4\framework\system\CodeIgniter.php(404): CodeIgniter\CodeIgniter->runController(Object(App\Controllers\Profile))
#3 C:\xampp\htdocs\sadhelx-admin\vendor\codeigniter4\framework\system\CodeIgniter.php(312): CodeIgniter\CodeIgniter->handleRequest(NULL, Object(Config\Cache), false)
#4 C:\xampp\htdocs\sadhelx-admin\public\index.php(45): CodeIgniter\CodeIgniter->run()
#5 C:\xampp\htdocs\sadhelx-admin\vendor\codeigniter4\framework\system\Commands\Server\rewrite.php(34): require_once('C:\\xampp\\htdocs...')
#6 {main}
CRITICAL - 2021-02-12 07:02:46 --> Undefined variable: config
#0 C:\xampp\htdocs\sadhelx-admin\app\Controllers\Profile.php(10): CodeIgniter\Debug\Exceptions->errorHandler(8, 'Undefined varia...', 'C:\\xampp\\htdocs...', 10, Array)
#1 C:\xampp\htdocs\sadhelx-admin\vendor\codeigniter4\framework\system\CodeIgniter.php(918): App\Controllers\Profile->index()
#2 C:\xampp\htdocs\sadhelx-admin\vendor\codeigniter4\framework\system\CodeIgniter.php(404): CodeIgniter\CodeIgniter->runController(Object(App\Controllers\Profile))
#3 C:\xampp\htdocs\sadhelx-admin\vendor\codeigniter4\framework\system\CodeIgniter.php(312): CodeIgniter\CodeIgniter->handleRequest(NULL, Object(Config\Cache), false)
#4 C:\xampp\htdocs\sadhelx-admin\public\index.php(45): CodeIgniter\CodeIgniter->run()
#5 C:\xampp\htdocs\sadhelx-admin\vendor\codeigniter4\framework\system\Commands\Server\rewrite.php(34): require_once('C:\\xampp\\htdocs...')
#6 {main}
CRITICAL - 2021-02-12 07:06:59 --> Undefined variable: config
#0 C:\xampp\htdocs\sadhelx-admin\app\Controllers\Profile.php(10): CodeIgniter\Debug\Exceptions->errorHandler(8, 'Undefined varia...', 'C:\\xampp\\htdocs...', 10, Array)
#1 C:\xampp\htdocs\sadhelx-admin\vendor\codeigniter4\framework\system\CodeIgniter.php(918): App\Controllers\Profile->index()
#2 C:\xampp\htdocs\sadhelx-admin\vendor\codeigniter4\framework\system\CodeIgniter.php(404): CodeIgniter\CodeIgniter->runController(Object(App\Controllers\Profile))
#3 C:\xampp\htdocs\sadhelx-admin\vendor\codeigniter4\framework\system\CodeIgniter.php(312): CodeIgniter\CodeIgniter->handleRequest(NULL, Object(Config\Cache), false)
#4 C:\xampp\htdocs\sadhelx-admin\public\index.php(45): CodeIgniter\CodeIgniter->run()
#5 C:\xampp\htdocs\sadhelx-admin\vendor\codeigniter4\framework\system\Commands\Server\rewrite.php(34): require_once('C:\\xampp\\htdocs...')
#6 {main}
CRITICAL - 2021-02-12 07:07:04 --> Undefined variable: config
#0 C:\xampp\htdocs\sadhelx-admin\app\Controllers\Profile.php(10): CodeIgniter\Debug\Exceptions->errorHandler(8, 'Undefined varia...', 'C:\\xampp\\htdocs...', 10, Array)
#1 C:\xampp\htdocs\sadhelx-admin\vendor\codeigniter4\framework\system\CodeIgniter.php(918): App\Controllers\Profile->index()
#2 C:\xampp\htdocs\sadhelx-admin\vendor\codeigniter4\framework\system\CodeIgniter.php(404): CodeIgniter\CodeIgniter->runController(Object(App\Controllers\Profile))
#3 C:\xampp\htdocs\sadhelx-admin\vendor\codeigniter4\framework\system\CodeIgniter.php(312): CodeIgniter\CodeIgniter->handleRequest(NULL, Object(Config\Cache), false)
#4 C:\xampp\htdocs\sadhelx-admin\public\index.php(45): CodeIgniter\CodeIgniter->run()
#5 C:\xampp\htdocs\sadhelx-admin\vendor\codeigniter4\framework\system\Commands\Server\rewrite.php(34): require_once('C:\\xampp\\htdocs...')
#6 {main}
CRITICAL - 2021-02-12 07:16:05 --> Undefined variable: config
#0 C:\xampp\htdocs\sadhelx-admin\app\Controllers\Profile.php(10): CodeIgniter\Debug\Exceptions->errorHandler(8, 'Undefined varia...', 'C:\\xampp\\htdocs...', 10, Array)
#1 C:\xampp\htdocs\sadhelx-admin\vendor\codeigniter4\framework\system\CodeIgniter.php(918): App\Controllers\Profile->index()
#2 C:\xampp\htdocs\sadhelx-admin\vendor\codeigniter4\framework\system\CodeIgniter.php(404): CodeIgniter\CodeIgniter->runController(Object(App\Controllers\Profile))
#3 C:\xampp\htdocs\sadhelx-admin\vendor\codeigniter4\framework\system\CodeIgniter.php(312): CodeIgniter\CodeIgniter->handleRequest(NULL, Object(Config\Cache), false)
#4 C:\xampp\htdocs\sadhelx-admin\public\index.php(45): CodeIgniter\CodeIgniter->run()
#5 C:\xampp\htdocs\sadhelx-admin\vendor\codeigniter4\framework\system\Commands\Server\rewrite.php(34): require_once('C:\\xampp\\htdocs...')
#6 {main}
CRITICAL - 2021-02-12 07:16:10 --> Undefined variable: config
#0 C:\xampp\htdocs\sadhelx-admin\app\Controllers\Admin.php(51): CodeIgniter\Debug\Exceptions->errorHandler(8, 'Undefined varia...', 'C:\\xampp\\htdocs...', 51, Array)
#1 C:\xampp\htdocs\sadhelx-admin\vendor\codeigniter4\framework\system\CodeIgniter.php(918): App\Controllers\Admin->profile()
#2 C:\xampp\htdocs\sadhelx-admin\vendor\codeigniter4\framework\system\CodeIgniter.php(404): CodeIgniter\CodeIgniter->runController(Object(App\Controllers\Admin))
#3 C:\xampp\htdocs\sadhelx-admin\vendor\codeigniter4\framework\system\CodeIgniter.php(312): CodeIgniter\CodeIgniter->handleRequest(NULL, Object(Config\Cache), false)
#4 C:\xampp\htdocs\sadhelx-admin\public\index.php(45): CodeIgniter\CodeIgniter->run()
#5 C:\xampp\htdocs\sadhelx-admin\vendor\codeigniter4\framework\system\Commands\Server\rewrite.php(34): require_once('C:\\xampp\\htdocs...')
#6 {main}
CRITICAL - 2021-02-12 07:16:49 --> Undefined variable: session
#0 C:\xampp\htdocs\sadhelx-admin\app\Controllers\Admin.php(52): CodeIgniter\Debug\Exceptions->errorHandler(8, 'Undefined varia...', 'C:\\xampp\\htdocs...', 52, Array)
#1 C:\xampp\htdocs\sadhelx-admin\vendor\codeigniter4\framework\system\CodeIgniter.php(918): App\Controllers\Admin->profile()
#2 C:\xampp\htdocs\sadhelx-admin\vendor\codeigniter4\framework\system\CodeIgniter.php(404): CodeIgniter\CodeIgniter->runController(Object(App\Controllers\Admin))
#3 C:\xampp\htdocs\sadhelx-admin\vendor\codeigniter4\framework\system\CodeIgniter.php(312): CodeIgniter\CodeIgniter->handleRequest(NULL, Object(Config\Cache), false)
#4 C:\xampp\htdocs\sadhelx-admin\public\index.php(45): CodeIgniter\CodeIgniter->run()
#5 C:\xampp\htdocs\sadhelx-admin\vendor\codeigniter4\framework\system\Commands\Server\rewrite.php(34): require_once('C:\\xampp\\htdocs...')
#6 {main}
CRITICAL - 2021-02-12 07:16:59 --> Undefined variable: session
#0 C:\xampp\htdocs\sadhelx-admin\app\Controllers\Admin.php(53): CodeIgniter\Debug\Exceptions->errorHandler(8, 'Undefined varia...', 'C:\\xampp\\htdocs...', 53, Array)
#1 C:\xampp\htdocs\sadhelx-admin\vendor\codeigniter4\framework\system\CodeIgniter.php(918): App\Controllers\Admin->profile()
#2 C:\xampp\htdocs\sadhelx-admin\vendor\codeigniter4\framework\system\CodeIgniter.php(404): CodeIgniter\CodeIgniter->runController(Object(App\Controllers\Admin))
#3 C:\xampp\htdocs\sadhelx-admin\vendor\codeigniter4\framework\system\CodeIgniter.php(312): CodeIgniter\CodeIgniter->handleRequest(NULL, Object(Config\Cache), false)
#4 C:\xampp\htdocs\sadhelx-admin\public\index.php(45): CodeIgniter\CodeIgniter->run()
#5 C:\xampp\htdocs\sadhelx-admin\vendor\codeigniter4\framework\system\Commands\Server\rewrite.php(34): require_once('C:\\xampp\\htdocs...')
#6 {main}
CRITICAL - 2021-02-12 07:17:52 --> Class 'App\Controllers\ModUsers' not found
#0 C:\xampp\htdocs\sadhelx-admin\vendor\codeigniter4\framework\system\CodeIgniter.php(918): App\Controllers\Admin->profile()
#1 C:\xampp\htdocs\sadhelx-admin\vendor\codeigniter4\framework\system\CodeIgniter.php(404): CodeIgniter\CodeIgniter->runController(Object(App\Controllers\Admin))
#2 C:\xampp\htdocs\sadhelx-admin\vendor\codeigniter4\framework\system\CodeIgniter.php(312): CodeIgniter\CodeIgniter->handleRequest(NULL, Object(Config\Cache), false)
#3 C:\xampp\htdocs\sadhelx-admin\public\index.php(45): CodeIgniter\CodeIgniter->run()
#4 C:\xampp\htdocs\sadhelx-admin\vendor\codeigniter4\framework\system\Commands\Server\rewrite.php(34): require_once('C:\\xampp\\htdocs...')
#5 {main}
CRITICAL - 2021-02-12 07:18:50 --> Undefined variable: user
#0 C:\xampp\htdocs\sadhelx-admin\app\Views\admin\profile\index.php(27): CodeIgniter\Debug\Exceptions->errorHandler(8, 'Undefined varia...', 'C:\\xampp\\htdocs...', 27, Array)
#1 C:\xampp\htdocs\sadhelx-admin\vendor\codeigniter4\framework\system\View\View.php(246): include('C:\\xampp\\htdocs...')
#2 C:\xampp\htdocs\sadhelx-admin\vendor\codeigniter4\framework\system\Common.php(1119): CodeIgniter\View\View->render('admin/profile/i...', Array, true)
#3 C:\xampp\htdocs\sadhelx-admin\app\Views\admin\_partials\content.php(5): view('admin/profile/i...')
#4 C:\xampp\htdocs\sadhelx-admin\app\Views\admin\_partials\wrapper.php(10): require_once('C:\\xampp\\htdocs...')
#5 C:\xampp\htdocs\sadhelx-admin\vendor\codeigniter4\framework\system\View\View.php(246): include('C:\\xampp\\htdocs...')
#6 C:\xampp\htdocs\sadhelx-admin\vendor\codeigniter4\framework\system\Common.php(1119): CodeIgniter\View\View->render('admin/_partials...', Array, true)
#7 C:\xampp\htdocs\sadhelx-admin\app\Controllers\Admin.php(55): view('admin/_partials...', Array)
#8 C:\xampp\htdocs\sadhelx-admin\vendor\codeigniter4\framework\system\CodeIgniter.php(918): App\Controllers\Admin->profile()
#9 C:\xampp\htdocs\sadhelx-admin\vendor\codeigniter4\framework\system\CodeIgniter.php(404): CodeIgniter\CodeIgniter->runController(Object(App\Controllers\Admin))
#10 C:\xampp\htdocs\sadhelx-admin\vendor\codeigniter4\framework\system\CodeIgniter.php(312): CodeIgniter\CodeIgniter->handleRequest(NULL, Object(Config\Cache), false)
#11 C:\xampp\htdocs\sadhelx-admin\public\index.php(45): CodeIgniter\CodeIgniter->run()
#12 C:\xampp\htdocs\sadhelx-admin\vendor\codeigniter4\framework\system\Commands\Server\rewrite.php(34): require_once('C:\\xampp\\htdocs...')
#13 {main}
CRITICAL - 2021-02-12 07:20:06 --> Undefined variable: config
#0 C:\xampp\htdocs\sadhelx-admin\app\Controllers\Profile.php(10): CodeIgniter\Debug\Exceptions->errorHandler(8, 'Undefined varia...', 'C:\\xampp\\htdocs...', 10, Array)
#1 C:\xampp\htdocs\sadhelx-admin\vendor\codeigniter4\framework\system\CodeIgniter.php(918): App\Controllers\Profile->index()
#2 C:\xampp\htdocs\sadhelx-admin\vendor\codeigniter4\framework\system\CodeIgniter.php(404): CodeIgniter\CodeIgniter->runController(Object(App\Controllers\Profile))
#3 C:\xampp\htdocs\sadhelx-admin\vendor\codeigniter4\framework\system\CodeIgniter.php(312): CodeIgniter\CodeIgniter->handleRequest(NULL, Object(Config\Cache), false)
#4 C:\xampp\htdocs\sadhelx-admin\public\index.php(45): CodeIgniter\CodeIgniter->run()
#5 C:\xampp\htdocs\sadhelx-admin\vendor\codeigniter4\framework\system\Commands\Server\rewrite.php(34): require_once('C:\\xampp\\htdocs...')
#6 {main}
CRITICAL - 2021-02-12 07:20:49 --> syntax error, unexpected '{', expecting function (T_FUNCTION) or const (T_CONST)
#0 C:\xampp\htdocs\sadhelx-admin\vendor\codeigniter4\framework\system\Router\Router.php(195): CodeIgniter\Router\Router->autoRoute('profile')
#1 C:\xampp\htdocs\sadhelx-admin\vendor\codeigniter4\framework\system\CodeIgniter.php(793): CodeIgniter\Router\Router->handle('profile')
#2 C:\xampp\htdocs\sadhelx-admin\vendor\codeigniter4\framework\system\CodeIgniter.php(364): CodeIgniter\CodeIgniter->tryToRouteIt(Object(CodeIgniter\Router\RouteCollection))
#3 C:\xampp\htdocs\sadhelx-admin\vendor\codeigniter4\framework\system\CodeIgniter.php(312): CodeIgniter\CodeIgniter->handleRequest(NULL, Object(Config\Cache), false)
#4 C:\xampp\htdocs\sadhelx-admin\public\index.php(45): CodeIgniter\CodeIgniter->run()
#5 C:\xampp\htdocs\sadhelx-admin\vendor\codeigniter4\framework\system\Commands\Server\rewrite.php(34): require_once('C:\\xampp\\htdocs...')
#6 {main}
CRITICAL - 2021-02-12 07:20:53 --> Class 'App\Controllers\Notification' not found
#0 C:\xampp\htdocs\sadhelx-admin\vendor\codeigniter4\framework\system\CodeIgniter.php(890): App\Controllers\Profile->__construct()
#1 C:\xampp\htdocs\sadhelx-admin\vendor\codeigniter4\framework\system\CodeIgniter.php(399): CodeIgniter\CodeIgniter->createController()
#2 C:\xampp\htdocs\sadhelx-admin\vendor\codeigniter4\framework\system\CodeIgniter.php(312): CodeIgniter\CodeIgniter->handleRequest(NULL, Object(Config\Cache), false)
#3 C:\xampp\htdocs\sadhelx-admin\public\index.php(45): CodeIgniter\CodeIgniter->run()
#4 C:\xampp\htdocs\sadhelx-admin\vendor\codeigniter4\framework\system\Commands\Server\rewrite.php(34): require_once('C:\\xampp\\htdocs...')
#5 {main}
CRITICAL - 2021-02-12 07:21:07 --> Undefined variable: config
#0 C:\xampp\htdocs\sadhelx-admin\app\Controllers\Profile.php(22): CodeIgniter\Debug\Exceptions->errorHandler(8, 'Undefined varia...', 'C:\\xampp\\htdocs...', 22, Array)
#1 C:\xampp\htdocs\sadhelx-admin\vendor\codeigniter4\framework\system\CodeIgniter.php(918): App\Controllers\Profile->index()
#2 C:\xampp\htdocs\sadhelx-admin\vendor\codeigniter4\framework\system\CodeIgniter.php(404): CodeIgniter\CodeIgniter->runController(Object(App\Controllers\Profile))
#3 C:\xampp\htdocs\sadhelx-admin\vendor\codeigniter4\framework\system\CodeIgniter.php(312): CodeIgniter\CodeIgniter->handleRequest(NULL, Object(Config\Cache), false)
#4 C:\xampp\htdocs\sadhelx-admin\public\index.php(45): CodeIgniter\CodeIgniter->run()
#5 C:\xampp\htdocs\sadhelx-admin\vendor\codeigniter4\framework\system\Commands\Server\rewrite.php(34): require_once('C:\\xampp\\htdocs...')
#6 {main}
CRITICAL - 2021-02-12 07:21:17 --> Undefined variable: session
#0 C:\xampp\htdocs\sadhelx-admin\app\Controllers\Profile.php(23): CodeIgniter\Debug\Exceptions->errorHandler(8, 'Undefined varia...', 'C:\\xampp\\htdocs...', 23, Array)
#1 C:\xampp\htdocs\sadhelx-admin\vendor\codeigniter4\framework\system\CodeIgniter.php(918): App\Controllers\Profile->index()
#2 C:\xampp\htdocs\sadhelx-admin\vendor\codeigniter4\framework\system\CodeIgniter.php(404): CodeIgniter\CodeIgniter->runController(Object(App\Controllers\Profile))
#3 C:\xampp\htdocs\sadhelx-admin\vendor\codeigniter4\framework\system\CodeIgniter.php(312): CodeIgniter\CodeIgniter->handleRequest(NULL, Object(Config\Cache), false)
#4 C:\xampp\htdocs\sadhelx-admin\public\index.php(45): CodeIgniter\CodeIgniter->run()
#5 C:\xampp\htdocs\sadhelx-admin\vendor\codeigniter4\framework\system\Commands\Server\rewrite.php(34): require_once('C:\\xampp\\htdocs...')
#6 {main}
CRITICAL - 2021-02-12 07:21:23 --> Undefined variable: session
#0 C:\xampp\htdocs\sadhelx-admin\app\Controllers\Profile.php(25): CodeIgniter\Debug\Exceptions->errorHandler(8, 'Undefined varia...', 'C:\\xampp\\htdocs...', 25, Array)
#1 C:\xampp\htdocs\sadhelx-admin\vendor\codeigniter4\framework\system\CodeIgniter.php(918): App\Controllers\Profile->index()
#2 C:\xampp\htdocs\sadhelx-admin\vendor\codeigniter4\framework\system\CodeIgniter.php(404): CodeIgniter\CodeIgniter->runController(Object(App\Controllers\Profile))
#3 C:\xampp\htdocs\sadhelx-admin\vendor\codeigniter4\framework\system\CodeIgniter.php(312): CodeIgniter\CodeIgniter->handleRequest(NULL, Object(Config\Cache), false)
#4 C:\xampp\htdocs\sadhelx-admin\public\index.php(45): CodeIgniter\CodeIgniter->run()
#5 C:\xampp\htdocs\sadhelx-admin\vendor\codeigniter4\framework\system\Commands\Server\rewrite.php(34): require_once('C:\\xampp\\htdocs...')
#6 {main}
CRITICAL - 2021-02-12 07:21:32 --> Class 'App\Controllers\ModUsers' not found
#0 C:\xampp\htdocs\sadhelx-admin\vendor\codeigniter4\framework\system\CodeIgniter.php(918): App\Controllers\Profile->index()
#1 C:\xampp\htdocs\sadhelx-admin\vendor\codeigniter4\framework\system\CodeIgniter.php(404): CodeIgniter\CodeIgniter->runController(Object(App\Controllers\Profile))
#2 C:\xampp\htdocs\sadhelx-admin\vendor\codeigniter4\framework\system\CodeIgniter.php(312): CodeIgniter\CodeIgniter->handleRequest(NULL, Object(Config\Cache), false)
#3 C:\xampp\htdocs\sadhelx-admin\public\index.php(45): CodeIgniter\CodeIgniter->run()
#4 C:\xampp\htdocs\sadhelx-admin\vendor\codeigniter4\framework\system\Commands\Server\rewrite.php(34): require_once('C:\\xampp\\htdocs...')
#5 {main}
CRITICAL - 2021-02-12 07:22:00 --> Undefined variable: id_user
#0 C:\xampp\htdocs\sadhelx-admin\app\Controllers\Profile.php(27): CodeIgniter\Debug\Exceptions->errorHandler(8, 'Undefined varia...', 'C:\\xampp\\htdocs...', 27, Array)
#1 C:\xampp\htdocs\sadhelx-admin\vendor\codeigniter4\framework\system\CodeIgniter.php(918): App\Controllers\Profile->index()
#2 C:\xampp\htdocs\sadhelx-admin\vendor\codeigniter4\framework\system\CodeIgniter.php(404): CodeIgniter\CodeIgniter->runController(Object(App\Controllers\Profile))
#3 C:\xampp\htdocs\sadhelx-admin\vendor\codeigniter4\framework\system\CodeIgniter.php(312): CodeIgniter\CodeIgniter->handleRequest(NULL, Object(Config\Cache), false)
#4 C:\xampp\htdocs\sadhelx-admin\public\index.php(45): CodeIgniter\CodeIgniter->run()
#5 C:\xampp\htdocs\sadhelx-admin\vendor\codeigniter4\framework\system\Commands\Server\rewrite.php(34): require_once('C:\\xampp\\htdocs...')
#6 {main}
CRITICAL - 2021-02-12 07:22:18 --> Undefined variable: user_id
#0 C:\xampp\htdocs\sadhelx-admin\app\Controllers\Profile.php(27): CodeIgniter\Debug\Exceptions->errorHandler(8, 'Undefined varia...', 'C:\\xampp\\htdocs...', 27, Array)
#1 C:\xampp\htdocs\sadhelx-admin\vendor\codeigniter4\framework\system\CodeIgniter.php(918): App\Controllers\Profile->index()
#2 C:\xampp\htdocs\sadhelx-admin\vendor\codeigniter4\framework\system\CodeIgniter.php(404): CodeIgniter\CodeIgniter->runController(Object(App\Controllers\Profile))
#3 C:\xampp\htdocs\sadhelx-admin\vendor\codeigniter4\framework\system\CodeIgniter.php(312): CodeIgniter\CodeIgniter->handleRequest(NULL, Object(Config\Cache), false)
#4 C:\xampp\htdocs\sadhelx-admin\public\index.php(45): CodeIgniter\CodeIgniter->run()
#5 C:\xampp\htdocs\sadhelx-admin\vendor\codeigniter4\framework\system\Commands\Server\rewrite.php(34): require_once('C:\\xampp\\htdocs...')
#6 {main}
CRITICAL - 2021-02-12 07:23:07 --> Undefined variable: session
#0 C:\xampp\htdocs\sadhelx-admin\app\Controllers\Profile.php(22): CodeIgniter\Debug\Exceptions->errorHandler(8, 'Undefined varia...', 'C:\\xampp\\htdocs...', 22, Array)
#1 C:\xampp\htdocs\sadhelx-admin\vendor\codeigniter4\framework\system\CodeIgniter.php(918): App\Controllers\Profile->index()
#2 C:\xampp\htdocs\sadhelx-admin\vendor\codeigniter4\framework\system\CodeIgniter.php(404): CodeIgniter\CodeIgniter->runController(Object(App\Controllers\Profile))
#3 C:\xampp\htdocs\sadhelx-admin\vendor\codeigniter4\framework\system\CodeIgniter.php(312): CodeIgniter\CodeIgniter->handleRequest(NULL, Object(Config\Cache), false)
#4 C:\xampp\htdocs\sadhelx-admin\public\index.php(45): CodeIgniter\CodeIgniter->run()
#5 C:\xampp\htdocs\sadhelx-admin\vendor\codeigniter4\framework\system\Commands\Server\rewrite.php(34): require_once('C:\\xampp\\htdocs...')
#6 {main}
CRITICAL - 2021-02-12 07:25:11 --> Class 'App\Controllers\ModUsers' not found
#0 C:\xampp\htdocs\sadhelx-admin\vendor\codeigniter4\framework\system\CodeIgniter.php(918): App\Controllers\Profile->index()
#1 C:\xampp\htdocs\sadhelx-admin\vendor\codeigniter4\framework\system\CodeIgniter.php(404): CodeIgniter\CodeIgniter->runController(Object(App\Controllers\Profile))
#2 C:\xampp\htdocs\sadhelx-admin\vendor\codeigniter4\framework\system\CodeIgniter.php(312): CodeIgniter\CodeIgniter->handleRequest(NULL, Object(Config\Cache), false)
#3 C:\xampp\htdocs\sadhelx-admin\public\index.php(45): CodeIgniter\CodeIgniter->run()
#4 C:\xampp\htdocs\sadhelx-admin\vendor\codeigniter4\framework\system\Commands\Server\rewrite.php(34): require_once('C:\\xampp\\htdocs...')
#5 {main}
CRITICAL - 2021-02-12 07:25:29 --> Class 'App\Controllers\ModUsers' not found
#0 C:\xampp\htdocs\sadhelx-admin\vendor\codeigniter4\framework\system\CodeIgniter.php(918): App\Controllers\Profile->index()
#1 C:\xampp\htdocs\sadhelx-admin\vendor\codeigniter4\framework\system\CodeIgniter.php(404): CodeIgniter\CodeIgniter->runController(Object(App\Controllers\Profile))
#2 C:\xampp\htdocs\sadhelx-admin\vendor\codeigniter4\framework\system\CodeIgniter.php(312): CodeIgniter\CodeIgniter->handleRequest(NULL, Object(Config\Cache), false)
#3 C:\xampp\htdocs\sadhelx-admin\public\index.php(45): CodeIgniter\CodeIgniter->run()
#4 C:\xampp\htdocs\sadhelx-admin\vendor\codeigniter4\framework\system\Commands\Server\rewrite.php(34): require_once('C:\\xampp\\htdocs...')
#5 {main}
CRITICAL - 2021-02-12 07:25:36 --> Class 'App\Controllers\ModUsers' not found
#0 C:\xampp\htdocs\sadhelx-admin\vendor\codeigniter4\framework\system\CodeIgniter.php(918): App\Controllers\Profile->index()
#1 C:\xampp\htdocs\sadhelx-admin\vendor\codeigniter4\framework\system\CodeIgniter.php(404): CodeIgniter\CodeIgniter->runController(Object(App\Controllers\Profile))
#2 C:\xampp\htdocs\sadhelx-admin\vendor\codeigniter4\framework\system\CodeIgniter.php(312): CodeIgniter\CodeIgniter->handleRequest(NULL, Object(Config\Cache), false)
#3 C:\xampp\htdocs\sadhelx-admin\public\index.php(45): CodeIgniter\CodeIgniter->run()
#4 C:\xampp\htdocs\sadhelx-admin\vendor\codeigniter4\framework\system\Commands\Server\rewrite.php(34): require_once('C:\\xampp\\htdocs...')
#5 {main}
CRITICAL - 2021-02-12 07:26:34 --> Undefined variable: dataIndex
#0 C:\xampp\htdocs\sadhelx-admin\app\Views\admin\profile\index.php(27): CodeIgniter\Debug\Exceptions->errorHandler(8, 'Undefined varia...', 'C:\\xampp\\htdocs...', 27, Array)
#1 C:\xampp\htdocs\sadhelx-admin\vendor\codeigniter4\framework\system\View\View.php(246): include('C:\\xampp\\htdocs...')
#2 C:\xampp\htdocs\sadhelx-admin\vendor\codeigniter4\framework\system\Common.php(1119): CodeIgniter\View\View->render('admin/profile/i...', Array, true)
#3 C:\xampp\htdocs\sadhelx-admin\app\Views\admin\_partials\content.php(5): view('admin/profile/i...')
#4 C:\xampp\htdocs\sadhelx-admin\app\Views\admin\_partials\wrapper.php(10): require_once('C:\\xampp\\htdocs...')
#5 C:\xampp\htdocs\sadhelx-admin\vendor\codeigniter4\framework\system\View\View.php(246): include('C:\\xampp\\htdocs...')
#6 C:\xampp\htdocs\sadhelx-admin\vendor\codeigniter4\framework\system\Common.php(1119): CodeIgniter\View\View->render('admin/_partials...', Array, true)
#7 C:\xampp\htdocs\sadhelx-admin\app\Controllers\Profile.php(34): view('admin/_partials...', Array)
#8 C:\xampp\htdocs\sadhelx-admin\vendor\codeigniter4\framework\system\CodeIgniter.php(918): App\Controllers\Profile->index()
#9 C:\xampp\htdocs\sadhelx-admin\vendor\codeigniter4\framework\system\CodeIgniter.php(404): CodeIgniter\CodeIgniter->runController(Object(App\Controllers\Profile))
#10 C:\xampp\htdocs\sadhelx-admin\vendor\codeigniter4\framework\system\CodeIgniter.php(312): CodeIgniter\CodeIgniter->handleRequest(NULL, Object(Config\Cache), false)
#11 C:\xampp\htdocs\sadhelx-admin\public\index.php(45): CodeIgniter\CodeIgniter->run()
#12 C:\xampp\htdocs\sadhelx-admin\vendor\codeigniter4\framework\system\Commands\Server\rewrite.php(34): require_once('C:\\xampp\\htdocs...')
#13 {main}
CRITICAL - 2021-02-12 07:44:25 --> Undefined variable: config
#0 C:\xampp\htdocs\sadhelx-admin\app\Controllers\Login.php(12): CodeIgniter\Debug\Exceptions->errorHandler(8, 'Undefined varia...', 'C:\\xampp\\htdocs...', 12, Array)
#1 C:\xampp\htdocs\sadhelx-admin\vendor\codeigniter4\framework\system\CodeIgniter.php(918): App\Controllers\Login->index()
#2 C:\xampp\htdocs\sadhelx-admin\vendor\codeigniter4\framework\system\CodeIgniter.php(404): CodeIgniter\CodeIgniter->runController(Object(App\Controllers\Login))
#3 C:\xampp\htdocs\sadhelx-admin\vendor\codeigniter4\framework\system\CodeIgniter.php(312): CodeIgniter\CodeIgniter->handleRequest(NULL, Object(Config\Cache), false)
#4 C:\xampp\htdocs\sadhelx-admin\public\index.php(45): CodeIgniter\CodeIgniter->run()
#5 C:\xampp\htdocs\sadhelx-admin\vendor\codeigniter4\framework\system\Commands\Server\rewrite.php(34): require_once('C:\\xampp\\htdocs...')
#6 {main}
CRITICAL - 2021-02-12 07:49:44 --> Undefined variable: config
#0 C:\xampp\htdocs\sadhelx-admin\app\Controllers\Admin.php(51): CodeIgniter\Debug\Exceptions->errorHandler(8, 'Undefined varia...', 'C:\\xampp\\htdocs...', 51, Array)
#1 C:\xampp\htdocs\sadhelx-admin\vendor\codeigniter4\framework\system\CodeIgniter.php(918): App\Controllers\Admin->profile()
#2 C:\xampp\htdocs\sadhelx-admin\vendor\codeigniter4\framework\system\CodeIgniter.php(404): CodeIgniter\CodeIgniter->runController(Object(App\Controllers\Admin))
#3 C:\xampp\htdocs\sadhelx-admin\vendor\codeigniter4\framework\system\CodeIgniter.php(312): CodeIgniter\CodeIgniter->handleRequest(NULL, Object(Config\Cache), false)
#4 C:\xampp\htdocs\sadhelx-admin\public\index.php(45): CodeIgniter\CodeIgniter->run()
#5 C:\xampp\htdocs\sadhelx-admin\vendor\codeigniter4\framework\system\Commands\Server\rewrite.php(34): require_once('C:\\xampp\\htdocs...')
#6 {main}
CRITICAL - 2021-02-12 07:50:12 --> Undefined variable: session
#0 C:\xampp\htdocs\sadhelx-admin\app\Controllers\Admin.php(52): CodeIgniter\Debug\Exceptions->errorHandler(8, 'Undefined varia...', 'C:\\xampp\\htdocs...', 52, Array)
#1 C:\xampp\htdocs\sadhelx-admin\vendor\codeigniter4\framework\system\CodeIgniter.php(918): App\Controllers\Admin->profile()
#2 C:\xampp\htdocs\sadhelx-admin\vendor\codeigniter4\framework\system\CodeIgniter.php(404): CodeIgniter\CodeIgniter->runController(Object(App\Controllers\Admin))
#3 C:\xampp\htdocs\sadhelx-admin\vendor\codeigniter4\framework\system\CodeIgniter.php(312): CodeIgniter\CodeIgniter->handleRequest(NULL, Object(Config\Cache), false)
#4 C:\xampp\htdocs\sadhelx-admin\public\index.php(45): CodeIgniter\CodeIgniter->run()
#5 C:\xampp\htdocs\sadhelx-admin\vendor\codeigniter4\framework\system\Commands\Server\rewrite.php(34): require_once('C:\\xampp\\htdocs...')
#6 {main}
CRITICAL - 2021-02-12 07:50:23 --> Undefined variable: session
#0 C:\xampp\htdocs\sadhelx-admin\app\Controllers\Admin.php(54): CodeIgniter\Debug\Exceptions->errorHandler(8, 'Undefined varia...', 'C:\\xampp\\htdocs...', 54, Array)
#1 C:\xampp\htdocs\sadhelx-admin\vendor\codeigniter4\framework\system\CodeIgniter.php(918): App\Controllers\Admin->profile()
#2 C:\xampp\htdocs\sadhelx-admin\vendor\codeigniter4\framework\system\CodeIgniter.php(404): CodeIgniter\CodeIgniter->runController(Object(App\Controllers\Admin))
#3 C:\xampp\htdocs\sadhelx-admin\vendor\codeigniter4\framework\system\CodeIgniter.php(312): CodeIgniter\CodeIgniter->handleRequest(NULL, Object(Config\Cache), false)
#4 C:\xampp\htdocs\sadhelx-admin\public\index.php(45): CodeIgniter\CodeIgniter->run()
#5 C:\xampp\htdocs\sadhelx-admin\vendor\codeigniter4\framework\system\Commands\Server\rewrite.php(34): require_once('C:\\xampp\\htdocs...')
#6 {main}
CRITICAL - 2021-02-12 07:50:29 --> Class 'App\Controllers\ModUsers' not found
#0 C:\xampp\htdocs\sadhelx-admin\vendor\codeigniter4\framework\system\CodeIgniter.php(918): App\Controllers\Admin->profile()
#1 C:\xampp\htdocs\sadhelx-admin\vendor\codeigniter4\framework\system\CodeIgniter.php(404): CodeIgniter\CodeIgniter->runController(Object(App\Controllers\Admin))
#2 C:\xampp\htdocs\sadhelx-admin\vendor\codeigniter4\framework\system\CodeIgniter.php(312): CodeIgniter\CodeIgniter->handleRequest(NULL, Object(Config\Cache), false)
#3 C:\xampp\htdocs\sadhelx-admin\public\index.php(45): CodeIgniter\CodeIgniter->run()
#4 C:\xampp\htdocs\sadhelx-admin\vendor\codeigniter4\framework\system\Commands\Server\rewrite.php(34): require_once('C:\\xampp\\htdocs...')
#5 {main}
CRITICAL - 2021-02-12 07:50:34 --> Undefined variable: model
#0 C:\xampp\htdocs\sadhelx-admin\app\Controllers\Admin.php(54): CodeIgniter\Debug\Exceptions->errorHandler(8, 'Undefined varia...', 'C:\\xampp\\htdocs...', 54, Array)
#1 C:\xampp\htdocs\sadhelx-admin\vendor\codeigniter4\framework\system\CodeIgniter.php(918): App\Controllers\Admin->profile()
#2 C:\xampp\htdocs\sadhelx-admin\vendor\codeigniter4\framework\system\CodeIgniter.php(404): CodeIgniter\CodeIgniter->runController(Object(App\Controllers\Admin))
#3 C:\xampp\htdocs\sadhelx-admin\vendor\codeigniter4\framework\system\CodeIgniter.php(312): CodeIgniter\CodeIgniter->handleRequest(NULL, Object(Config\Cache), false)
#4 C:\xampp\htdocs\sadhelx-admin\public\index.php(45): CodeIgniter\CodeIgniter->run()
#5 C:\xampp\htdocs\sadhelx-admin\vendor\codeigniter4\framework\system\Commands\Server\rewrite.php(34): require_once('C:\\xampp\\htdocs...')
#6 {main}
CRITICAL - 2021-02-12 07:50:52 --> Undefined variable: moduser
#0 C:\xampp\htdocs\sadhelx-admin\app\Controllers\Admin.php(54): CodeIgniter\Debug\Exceptions->errorHandler(8, 'Undefined varia...', 'C:\\xampp\\htdocs...', 54, Array)
#1 C:\xampp\htdocs\sadhelx-admin\vendor\codeigniter4\framework\system\CodeIgniter.php(918): App\Controllers\Admin->profile()
#2 C:\xampp\htdocs\sadhelx-admin\vendor\codeigniter4\framework\system\CodeIgniter.php(404): CodeIgniter\CodeIgniter->runController(Object(App\Controllers\Admin))
#3 C:\xampp\htdocs\sadhelx-admin\vendor\codeigniter4\framework\system\CodeIgniter.php(312): CodeIgniter\CodeIgniter->handleRequest(NULL, Object(Config\Cache), false)
#4 C:\xampp\htdocs\sadhelx-admin\public\index.php(45): CodeIgniter\CodeIgniter->run()
#5 C:\xampp\htdocs\sadhelx-admin\vendor\codeigniter4\framework\system\Commands\Server\rewrite.php(34): require_once('C:\\xampp\\htdocs...')
#6 {main}
CRITICAL - 2021-02-12 07:55:53 --> Undefined variable: dataIndex
#0 C:\xampp\htdocs\sadhelx-admin\app\Controllers\Profile.php(26): CodeIgniter\Debug\Exceptions->errorHandler(8, 'Undefined varia...', 'C:\\xampp\\htdocs...', 26, Array)
#1 C:\xampp\htdocs\sadhelx-admin\vendor\codeigniter4\framework\system\CodeIgniter.php(918): App\Controllers\Profile->index()
#2 C:\xampp\htdocs\sadhelx-admin\vendor\codeigniter4\framework\system\CodeIgniter.php(404): CodeIgniter\CodeIgniter->runController(Object(App\Controllers\Profile))
#3 C:\xampp\htdocs\sadhelx-admin\vendor\codeigniter4\framework\system\CodeIgniter.php(312): CodeIgniter\CodeIgniter->handleRequest(NULL, Object(Config\Cache), false)
#4 C:\xampp\htdocs\sadhelx-admin\public\index.php(45): CodeIgniter\CodeIgniter->run()
#5 C:\xampp\htdocs\sadhelx-admin\vendor\codeigniter4\framework\system\Commands\Server\rewrite.php(34): require_once('C:\\xampp\\htdocs...')
#6 {main}
CRITICAL - 2021-02-12 07:56:03 --> Undefined variable: dataIndex
#0 C:\xampp\htdocs\sadhelx-admin\app\Controllers\Profile.php(27): CodeIgniter\Debug\Exceptions->errorHandler(8, 'Undefined varia...', 'C:\\xampp\\htdocs...', 27, Array)
#1 C:\xampp\htdocs\sadhelx-admin\vendor\codeigniter4\framework\system\CodeIgniter.php(918): App\Controllers\Profile->index()
#2 C:\xampp\htdocs\sadhelx-admin\vendor\codeigniter4\framework\system\CodeIgniter.php(404): CodeIgniter\CodeIgniter->runController(Object(App\Controllers\Profile))
#3 C:\xampp\htdocs\sadhelx-admin\vendor\codeigniter4\framework\system\CodeIgniter.php(312): CodeIgniter\CodeIgniter->handleRequest(NULL, Object(Config\Cache), false)
#4 C:\xampp\htdocs\sadhelx-admin\public\index.php(45): CodeIgniter\CodeIgniter->run()
#5 C:\xampp\htdocs\sadhelx-admin\vendor\codeigniter4\framework\system\Commands\Server\rewrite.php(34): require_once('C:\\xampp\\htdocs...')
#6 {main}
